Flow report for ledMatrix
Fri Nov 01 16:38:47 2024
Quartus Prime Version 17.1.0 Build 590 10/25/2017 SJ Lite Edition


---------------------
; Table of Contents ;
---------------------
  1. Legal Notice
  2. Flow Summary
  3. Flow Settings
  4. Flow Non-Default Global Settings
  5. Flow Elapsed Time
  6. Flow OS Summary
  7. Flow Log
  8. Flow Messages
  9. Flow Suppressed Messages



----------------
; Legal Notice ;
----------------
Copyright (C) 2017  Intel Corporation. All rights reserved.
Your use of Intel Corporation's design tools, logic functions 
and other software and tools, and its AMPP partner logic 
functions, and any output files from any of the foregoing 
(including device programming or simulation files), and any 
associated documentation or information are expressly subject 
to the terms and conditions of the Intel Program License 
Subscription Agreement, the Intel Quartus Prime License Agreement,
the Intel FPGA IP License Agreement, or other applicable license
agreement, including, without limitation, that your use is for
the sole purpose of programming logic devices manufactured by
Intel and sold by Intel or its authorized distributors.  Please
refer to the applicable agreement for further details.



+----------------------------------------------------------------------------------+
; Flow Summary                                                                     ;
+------------------------------------+---------------------------------------------+
; Flow Status                        ; Successful - Fri Nov 01 16:38:44 2024       ;
; Quartus Prime Version              ; 17.1.0 Build 590 10/25/2017 SJ Lite Edition ;
; Revision Name                      ; ledMatrix                                   ;
; Top-level Entity Name              ; ledMatrix                                   ;
; Family                             ; Cyclone IV E                                ;
; Device                             ; EP4CE115F29C7                               ;
; Timing Models                      ; Final                                       ;
; Total logic elements               ; 2,396 / 114,480 ( 2 % )                     ;
;     Total combinational functions  ; 2,272 / 114,480 ( 2 % )                     ;
;     Dedicated logic registers      ; 1,161 / 114,480 ( 1 % )                     ;
; Total registers                    ; 1161                                        ;
; Total pins                         ; 10 / 529 ( 2 % )                            ;
; Total virtual pins                 ; 0                                           ;
; Total memory bits                  ; 1,649,664 / 3,981,312 ( 41 % )              ;
; Embedded Multiplier 9-bit elements ; 0 / 532 ( 0 % )                             ;
; Total PLLs                         ; 0 / 4 ( 0 % )                               ;
+------------------------------------+---------------------------------------------+


+-----------------------------------------+
; Flow Settings                           ;
+-------------------+---------------------+
; Option            ; Setting             ;
+-------------------+---------------------+
; Start date & time ; 11/01/2024 16:37:40 ;
; Main task         ; Compilation         ;
; Revision Name     ; ledMatrix           ;
+-------------------+---------------------+


+----------------------------------------------------------------------------------------------------------------------------------------------+
; Flow Non-Default Global Settings                                                                                                             ;
+-------------------------------------+-------------------------------------------------------------+---------------+-------------+------------+
; Assignment Name                     ; Value                                                       ; Default Value ; Entity Name ; Section Id ;
+-------------------------------------+-------------------------------------------------------------+---------------+-------------+------------+
; COMPILER_SIGNATURE_ID               ; 2545931656683.173045386006096                               ; --            ; --          ; --         ;
; MAX_CORE_JUNCTION_TEMP              ; 85                                                          ; --            ; --          ; --         ;
; MIN_CORE_JUNCTION_TEMP              ; 0                                                           ; --            ; --          ; --         ;
; MISC_FILE                           ; ledMatrix/synthesis/../ledMatrix.cmp                        ; --            ; --          ; --         ;
; MISC_FILE                           ; ledMatrix/synthesis/../../ledMatrix.qsys                    ; --            ; --          ; --         ;
; NOMINAL_CORE_SUPPLY_VOLTAGE         ; 1.2V                                                        ; --            ; --          ; --         ;
; PARTITION_COLOR                     ; -- (Not supported for targeted family)                      ; --            ; --          ; Top        ;
; PARTITION_FITTER_PRESERVATION_LEVEL ; -- (Not supported for targeted family)                      ; --            ; --          ; Top        ;
; PARTITION_NETLIST_TYPE              ; -- (Not supported for targeted family)                      ; --            ; --          ; Top        ;
; POWER_BOARD_THERMAL_MODEL           ; None (CONSERVATIVE)                                         ; --            ; --          ; --         ;
; POWER_PRESET_COOLING_SOLUTION       ; 23 MM HEAT SINK WITH 200 LFPM AIRFLOW                       ; --            ; --          ; --         ;
; PROJECT_OUTPUT_DIRECTORY            ; output_files                                                ; --            ; --          ; --         ;
; SLD_FILE                            ; ledMatrix/synthesis/ledMatrix.regmap                        ; --            ; --          ; --         ;
; SLD_FILE                            ; ledMatrix/synthesis/ledMatrix.debuginfo                     ; --            ; --          ; --         ;
; SLD_INFO                            ; QSYS_NAME ledMatrix HAS_SOPCINFO 1 GENERATION_ID 1730451265 ; --            ; --          ; --         ;
; SOPCINFO_FILE                       ; ledMatrix/synthesis/../../ledMatrix.sopcinfo                ; --            ; --          ; --         ;
; SYNTHESIS_ONLY_QIP                  ; On                                                          ; --            ; --          ; --         ;
+-------------------------------------+-------------------------------------------------------------+---------------+-------------+------------+


+-------------------------------------------------------------------------------------------------------------------------------+
; Flow Elapsed Time                                                                                                             ;
+---------------------------+--------------+-------------------------+---------------------+------------------------------------+
; Module Name               ; Elapsed Time ; Average Processors Used ; Peak Virtual Memory ; Total CPU Time (on all processors) ;
+---------------------------+--------------+-------------------------+---------------------+------------------------------------+
; Analysis & Synthesis      ; 00:00:36     ; 1.0                     ; 4942 MB             ; 00:00:23                           ;
; Fitter                    ; 00:00:16     ; 1.1                     ; 5746 MB             ; 00:00:14                           ;
; Assembler                 ; 00:00:04     ; 1.0                     ; 4704 MB             ; 00:00:02                           ;
; TimeQuest Timing Analyzer ; 00:00:02     ; 1.2                     ; 4882 MB             ; 00:00:01                           ;
; Total                     ; 00:00:58     ; --                      ; --                  ; 00:00:40                           ;
+---------------------------+--------------+-------------------------+---------------------+------------------------------------+


+-----------------------------------------------------------------------------------------+
; Flow OS Summary                                                                         ;
+---------------------------+------------------+------------+------------+----------------+
; Module Name               ; Machine Hostname ; OS Name    ; OS Version ; Processor type ;
+---------------------------+------------------+------------+------------+----------------+
; Analysis & Synthesis      ; DESKTOP-GR64V7Q  ; Windows 10 ; 10.0       ; x86_64         ;
; Fitter                    ; DESKTOP-GR64V7Q  ; Windows 10 ; 10.0       ; x86_64         ;
; Assembler                 ; DESKTOP-GR64V7Q  ; Windows 10 ; 10.0       ; x86_64         ;
; TimeQuest Timing Analyzer ; DESKTOP-GR64V7Q  ; Windows 10 ; 10.0       ; x86_64         ;
+---------------------------+------------------+------------+------------+----------------+


------------
; Flow Log ;
------------
quartus_map --read_settings_files=on --write_settings_files=off ledMatrix -c ledMatrix
quartus_fit --read_settings_files=off --write_settings_files=off ledMatrix -c ledMatrix
quartus_asm --read_settings_files=off --write_settings_files=off ledMatrix -c ledMatrix
quartus_sta ledMatrix -c ledMatrix



