Flow report for top_level
Thu Mar 06 15:01:12 2025
Quartus Prime Version 17.1.0 Build 590 10/25/2017 SJ Lite Edition


---------------------
; Table of Contents ;
---------------------
  1. Legal Notice
  2. Flow Summary
  3. Flow Settings
  4. Flow Non-Default Global Settings
  5. Flow Elapsed Time
  6. Flow OS Summary
  7. Flow Log
  8. Flow Messages
  9. Flow Suppressed Messages



----------------
; Legal Notice ;
----------------
Copyright (C) 2017  Intel Corporation. All rights reserved.
Your use of Intel Corporation's design tools, logic functions 
and other software and tools, and its AMPP partner logic 
functions, and any output files from any of the foregoing 
(including device programming or simulation files), and any 
associated documentation or information are expressly subject 
to the terms and conditions of the Intel Program License 
Subscription Agreement, the Intel Quartus Prime License Agreement,
the Intel FPGA IP License Agreement, or other applicable license
agreement, including, without limitation, that your use is for
the sole purpose of programming logic devices manufactured by
Intel and sold by Intel or its authorized distributors.  Please
refer to the applicable agreement for further details.



+----------------------------------------------------------------------------------+
; Flow Summary                                                                     ;
+------------------------------------+---------------------------------------------+
; Flow Status                        ; Successful - Thu Mar 06 15:01:09 2025       ;
; Quartus Prime Version              ; 17.1.0 Build 590 10/25/2017 SJ Lite Edition ;
; Revision Name                      ; top_level                                   ;
; Top-level Entity Name              ; top_level                                   ;
; Family                             ; Cyclone IV E                                ;
; Device                             ; EP4CE115F29C7                               ;
; Timing Models                      ; Final                                       ;
; Total logic elements               ; 1,193 / 114,480 ( 1 % )                     ;
;     Total combinational functions  ; 1,126 / 114,480 ( < 1 % )                   ;
;     Dedicated logic registers      ; 595 / 114,480 ( < 1 % )                     ;
; Total registers                    ; 669                                         ;
; Total pins                         ; 117 / 529 ( 22 % )                          ;
; Total virtual pins                 ; 0                                           ;
; Total memory bits                  ; 0 / 3,981,312 ( 0 % )                       ;
; Embedded Multiplier 9-bit elements ; 0 / 532 ( 0 % )                             ;
; Total PLLs                         ; 1 / 4 ( 25 % )                              ;
+------------------------------------+---------------------------------------------+


+-----------------------------------------+
; Flow Settings                           ;
+-------------------+---------------------+
; Option            ; Setting             ;
+-------------------+---------------------+
; Start date & time ; 03/06/2025 15:00:39 ;
; Main task         ; Compilation         ;
; Revision Name     ; top_level           ;
+-------------------+---------------------+


+----------------------------------------------------------------------------------------------------------------------------------------------+
; Flow Non-Default Global Settings                                                                                                             ;
+-------------------------------------+-------------------------------------------------------------+---------------+-------------+------------+
; Assignment Name                     ; Value                                                       ; Default Value ; Entity Name ; Section Id ;
+-------------------------------------+-------------------------------------------------------------+---------------+-------------+------------+
; COMPILER_SIGNATURE_ID               ; 2545931656683.174124803911720                               ; --            ; --          ; --         ;
; MAX_CORE_JUNCTION_TEMP              ; 85                                                          ; --            ; --          ; --         ;
; MIN_CORE_JUNCTION_TEMP              ; 0                                                           ; --            ; --          ; --         ;
; MISC_FILE                           ; ip_sdram/synthesis/../ip_sdram.cmp                          ; --            ; --          ; --         ;
; MISC_FILE                           ; ip_sdram/synthesis/../../ip_sdram.qsys                      ; --            ; --          ; --         ;
; MISC_FILE                           ; ip_cordic/synthesis/../ip_cordic.cmp                        ; --            ; --          ; --         ;
; MISC_FILE                           ; ip_cordic/synthesis/../../ip_cordic.qsys                    ; --            ; --          ; --         ;
; MISC_FILE                           ; ip_pll_bb.v                                                 ; --            ; --          ; --         ;
; MISC_FILE                           ; ip_pll.ppf                                                  ; --            ; --          ; --         ;
; PARTITION_COLOR                     ; -- (Not supported for targeted family)                      ; --            ; --          ; Top        ;
; PARTITION_FITTER_PRESERVATION_LEVEL ; -- (Not supported for targeted family)                      ; --            ; --          ; Top        ;
; PARTITION_NETLIST_TYPE              ; -- (Not supported for targeted family)                      ; --            ; --          ; Top        ;
; POWER_BOARD_THERMAL_MODEL           ; None (CONSERVATIVE)                                         ; --            ; --          ; --         ;
; POWER_PRESET_COOLING_SOLUTION       ; 23 MM HEAT SINK WITH 200 LFPM AIRFLOW                       ; --            ; --          ; --         ;
; PROJECT_OUTPUT_DIRECTORY            ; output_files                                                ; --            ; --          ; --         ;
; SLD_FILE                            ; ip_sdram/synthesis/ip_sdram.debuginfo                       ; --            ; --          ; --         ;
; SLD_FILE                            ; ip_cordic/synthesis/ip_cordic.debuginfo                     ; --            ; --          ; --         ;
; SLD_INFO                            ; QSYS_NAME ip_cordic HAS_SOPCINFO 1 GENERATION_ID 1740444470 ; --            ; ip_cordic   ; --         ;
; SLD_INFO                            ; QSYS_NAME ip_sdram HAS_SOPCINFO 1 GENERATION_ID 1740556308  ; --            ; ip_sdram    ; --         ;
; SOPCINFO_FILE                       ; ip_sdram/synthesis/../../ip_sdram.sopcinfo                  ; --            ; --          ; --         ;
; SOPCINFO_FILE                       ; ip_cordic/synthesis/../../ip_cordic.sopcinfo                ; --            ; --          ; --         ;
; SYNTHESIS_ONLY_QIP                  ; On                                                          ; --            ; --          ; --         ;
; SYNTHESIS_ONLY_QIP                  ; On                                                          ; --            ; --          ; --         ;
+-------------------------------------+-------------------------------------------------------------+---------------+-------------+------------+


+-------------------------------------------------------------------------------------------------------------------------------+
; Flow Elapsed Time                                                                                                             ;
+---------------------------+--------------+-------------------------+---------------------+------------------------------------+
; Module Name               ; Elapsed Time ; Average Processors Used ; Peak Virtual Memory ; Total CPU Time (on all processors) ;
+---------------------------+--------------+-------------------------+---------------------+------------------------------------+
; Analysis & Synthesis      ; 00:00:11     ; 1.0                     ; 4831 MB             ; 00:00:09                           ;
; Fitter                    ; 00:00:13     ; 1.0                     ; 5722 MB             ; 00:00:11                           ;
; Assembler                 ; 00:00:03     ; 1.0                     ; 4685 MB             ; 00:00:02                           ;
; TimeQuest Timing Analyzer ; 00:00:02     ; 1.1                     ; 4858 MB             ; 00:00:02                           ;
; Total                     ; 00:00:29     ; --                      ; --                  ; 00:00:24                           ;
+---------------------------+--------------+-------------------------+---------------------+------------------------------------+


+-----------------------------------------------------------------------------------------+
; Flow OS Summary                                                                         ;
+---------------------------+------------------+------------+------------+----------------+
; Module Name               ; Machine Hostname ; OS Name    ; OS Version ; Processor type ;
+---------------------------+------------------+------------+------------+----------------+
; Analysis & Synthesis      ; DESKTOP-GR64V7Q  ; Windows 10 ; 10.0       ; x86_64         ;
; Fitter                    ; DESKTOP-GR64V7Q  ; Windows 10 ; 10.0       ; x86_64         ;
; Assembler                 ; DESKTOP-GR64V7Q  ; Windows 10 ; 10.0       ; x86_64         ;
; TimeQuest Timing Analyzer ; DESKTOP-GR64V7Q  ; Windows 10 ; 10.0       ; x86_64         ;
+---------------------------+------------------+------------+------------+----------------+


------------
; Flow Log ;
------------
quartus_map --read_settings_files=on --write_settings_files=off top_level -c top_level
quartus_fit --read_settings_files=off --write_settings_files=off top_level -c top_level
quartus_asm --read_settings_files=off --write_settings_files=off top_level -c top_level
quartus_sta top_level -c top_level



