Analysis & Synthesis report for uartLib
Fri Jun 28 13:15:57 2024
Quartus Prime Version 22.1std.0 Build 915 10/25/2022 SC Lite Edition


---------------------
; Table of Contents ;
---------------------
  1. Legal Notice
  2. Analysis & Synthesis Summary
  3. Analysis & Synthesis Settings
  4. Parallel Compilation
  5. Analysis & Synthesis Source Files Read
  6. Analysis & Synthesis Resource Usage Summary
  7. Analysis & Synthesis Resource Utilization by Entity
  8. State Machine - |uartLib|stt_rx
  9. State Machine - |uartLib|stt_tx
 10. User-Specified and Inferred Latches
 11. Registers Removed During Synthesis
 12. General Register Statistics
 13. Inverted Register Statistics
 14. Multiplexer Restructuring Statistics (Restructuring Performed)
 15. Post-Synthesis Netlist Statistics for Top Partition
 16. Elapsed Time Per Partition
 17. Analysis & Synthesis Messages
 18. Analysis & Synthesis Suppressed Messages



----------------
; Legal Notice ;
----------------
Copyright (C) 2022  Intel Corporation. All rights reserved.
Your use of Intel Corporation's design tools, logic functions 
and other software and tools, and any partner logic 
functions, and any output files from any of the foregoing 
(including device programming or simulation files), and any 
associated documentation or information are expressly subject 
to the terms and conditions of the Intel Program License 
Subscription Agreement, the Intel Quartus Prime License Agreement,
the Intel FPGA IP License Agreement, or other applicable license
agreement, including, without limitation, that your use is for
the sole purpose of programming logic devices manufactured by
Intel and sold by Intel or its authorized distributors.  Please
refer to the applicable agreement for further details, at
https://fpgasoftware.intel.com/eula.



+-------------------------------------------------------------------------------------+
; Analysis & Synthesis Summary                                                        ;
+------------------------------------+------------------------------------------------+
; Analysis & Synthesis Status        ; Successful - Fri Jun 28 13:15:57 2024          ;
; Quartus Prime Version              ; 22.1std.0 Build 915 10/25/2022 SC Lite Edition ;
; Revision Name                      ; uartLib                                        ;
; Top-level Entity Name              ; uartLib                                        ;
; Family                             ; Cyclone IV E                                   ;
; Total logic elements               ; 74                                             ;
;     Total combinational functions  ; 63                                             ;
;     Dedicated logic registers      ; 40                                             ;
; Total registers                    ; 40                                             ;
; Total pins                         ; 11                                             ;
; Total virtual pins                 ; 0                                              ;
; Total memory bits                  ; 0                                              ;
; Embedded Multiplier 9-bit elements ; 0                                              ;
; Total PLLs                         ; 0                                              ;
+------------------------------------+------------------------------------------------+


+------------------------------------------------------------------------------------------------------------+
; Analysis & Synthesis Settings                                                                              ;
+------------------------------------------------------------------+--------------------+--------------------+
; Option                                                           ; Setting            ; Default Value      ;
+------------------------------------------------------------------+--------------------+--------------------+
; Device                                                           ; EP4CE115F29C7      ;                    ;
; Top-level entity name                                            ; uartLib            ; uartLib            ;
; Family name                                                      ; Cyclone IV E       ; Cyclone V          ;
; Use smart compilation                                            ; Off                ; Off                ;
; Enable parallel Assembler and Timing Analyzer during compilation ; On                 ; On                 ;
; Enable compact report table                                      ; Off                ; Off                ;
; Restructure Multiplexers                                         ; Auto               ; Auto               ;
; Create Debugging Nodes for IP Cores                              ; Off                ; Off                ;
; Preserve fewer node names                                        ; On                 ; On                 ;
; Intel FPGA IP Evaluation Mode                                    ; Enable             ; Enable             ;
; Verilog Version                                                  ; Verilog_2001       ; Verilog_2001       ;
; VHDL Version                                                     ; VHDL_1993          ; VHDL_1993          ;
; State Machine Processing                                         ; Auto               ; Auto               ;
; Safe State Machine                                               ; Off                ; Off                ;
; Extract Verilog State Machines                                   ; On                 ; On                 ;
; Extract VHDL State Machines                                      ; On                 ; On                 ;
; Ignore Verilog initial constructs                                ; Off                ; Off                ;
; Iteration limit for constant Verilog loops                       ; 5000               ; 5000               ;
; Iteration limit for non-constant Verilog loops                   ; 250                ; 250                ;
; Add Pass-Through Logic to Inferred RAMs                          ; On                 ; On                 ;
; Infer RAMs from Raw Logic                                        ; On                 ; On                 ;
; Parallel Synthesis                                               ; On                 ; On                 ;
; DSP Block Balancing                                              ; Auto               ; Auto               ;
; NOT Gate Push-Back                                               ; On                 ; On                 ;
; Power-Up Don't Care                                              ; On                 ; On                 ;
; Remove Redundant Logic Cells                                     ; Off                ; Off                ;
; Remove Duplicate Registers                                       ; On                 ; On                 ;
; Ignore CARRY Buffers                                             ; Off                ; Off                ;
; Ignore CASCADE Buffers                                           ; Off                ; Off                ;
; Ignore GLOBAL Buffers                                            ; Off                ; Off                ;
; Ignore ROW GLOBAL Buffers                                        ; Off                ; Off                ;
; Ignore LCELL Buffers                                             ; Off                ; Off                ;
; Ignore SOFT Buffers                                              ; On                 ; On                 ;
; Limit AHDL Integers to 32 Bits                                   ; Off                ; Off                ;
; Optimization Technique                                           ; Balanced           ; Balanced           ;
; Carry Chain Length                                               ; 70                 ; 70                 ;
; Auto Carry Chains                                                ; On                 ; On                 ;
; Auto Open-Drain Pins                                             ; On                 ; On                 ;
; Perform WYSIWYG Primitive Resynthesis                            ; Off                ; Off                ;
; Auto ROM Replacement                                             ; On                 ; On                 ;
; Auto RAM Replacement                                             ; On                 ; On                 ;
; Auto DSP Block Replacement                                       ; On                 ; On                 ;
; Auto Shift Register Replacement                                  ; Auto               ; Auto               ;
; Allow Shift Register Merging across Hierarchies                  ; Auto               ; Auto               ;
; Auto Clock Enable Replacement                                    ; On                 ; On                 ;
; Strict RAM Replacement                                           ; Off                ; Off                ;
; Allow Synchronous Control Signals                                ; On                 ; On                 ;
; Force Use of Synchronous Clear Signals                           ; Off                ; Off                ;
; Auto RAM Block Balancing                                         ; On                 ; On                 ;
; Auto RAM to Logic Cell Conversion                                ; Off                ; Off                ;
; Auto Resource Sharing                                            ; Off                ; Off                ;
; Allow Any RAM Size For Recognition                               ; Off                ; Off                ;
; Allow Any ROM Size For Recognition                               ; Off                ; Off                ;
; Allow Any Shift Register Size For Recognition                    ; Off                ; Off                ;
; Use LogicLock Constraints during Resource Balancing              ; On                 ; On                 ;
; Ignore translate_off and synthesis_off directives                ; Off                ; Off                ;
; Timing-Driven Synthesis                                          ; On                 ; On                 ;
; Report Parameter Settings                                        ; On                 ; On                 ;
; Report Source Assignments                                        ; On                 ; On                 ;
; Report Connectivity Checks                                       ; On                 ; On                 ;
; Ignore Maximum Fan-Out Assignments                               ; Off                ; Off                ;
; Synchronization Register Chain Length                            ; 2                  ; 2                  ;
; Power Optimization During Synthesis                              ; Normal compilation ; Normal compilation ;
; HDL message level                                                ; Level2             ; Level2             ;
; Suppress Register Optimization Related Messages                  ; Off                ; Off                ;
; Number of Removed Registers Reported in Synthesis Report         ; 5000               ; 5000               ;
; Number of Swept Nodes Reported in Synthesis Report               ; 5000               ; 5000               ;
; Number of Inverted Registers Reported in Synthesis Report        ; 100                ; 100                ;
; Clock MUX Protection                                             ; On                 ; On                 ;
; Auto Gated Clock Conversion                                      ; Off                ; Off                ;
; Block Design Naming                                              ; Auto               ; Auto               ;
; SDC constraint protection                                        ; Off                ; Off                ;
; Synthesis Effort                                                 ; Auto               ; Auto               ;
; Shift Register Replacement - Allow Asynchronous Clear Signal     ; On                 ; On                 ;
; Pre-Mapping Resynthesis Optimization                             ; Off                ; Off                ;
; Analysis & Synthesis Message Level                               ; Medium             ; Medium             ;
; Disable Register Merging Across Hierarchies                      ; Auto               ; Auto               ;
; Resource Aware Inference For Block RAM                           ; On                 ; On                 ;
+------------------------------------------------------------------+--------------------+--------------------+


+------------------------------------------+
; Parallel Compilation                     ;
+----------------------------+-------------+
; Processors                 ; Number      ;
+----------------------------+-------------+
; Number detected on machine ; 8           ;
; Maximum allowed            ; 4           ;
;                            ;             ;
; Average used               ; 1.00        ;
; Maximum used               ; 4           ;
;                            ;             ;
; Usage by Processor         ; % Time Used ;
;     Processor 1            ; 100.0%      ;
;     Processors 2-4         ;   0.0%      ;
+----------------------------+-------------+


+-----------------------------------------------------------------------------------------------------------------------------------+
; Analysis & Synthesis Source Files Read                                                                                            ;
+----------------------------------+-----------------+------------------------+-------------------------------------------+---------+
; File Name with User-Entered Path ; Used in Netlist ; File Type              ; File Name with Absolute Path              ; Library ;
+----------------------------------+-----------------+------------------------+-------------------------------------------+---------+
; uartLib.v                        ; yes             ; User Verilog HDL File  ; D:/2024/FPGA/codeFPGAL_LIB/UART/uartLib.v ;         ;
+----------------------------------+-----------------+------------------------+-------------------------------------------+---------+


+-----------------------------------------------------+
; Analysis & Synthesis Resource Usage Summary         ;
+---------------------------------------------+-------+
; Resource                                    ; Usage ;
+---------------------------------------------+-------+
; Estimated Total logic elements              ; 74    ;
;                                             ;       ;
; Total combinational functions               ; 63    ;
; Logic element usage by number of LUT inputs ;       ;
;     -- 4 input functions                    ; 22    ;
;     -- 3 input functions                    ; 15    ;
;     -- <=2 input functions                  ; 26    ;
;                                             ;       ;
; Logic elements by mode                      ;       ;
;     -- normal mode                          ; 56    ;
;     -- arithmetic mode                      ; 7     ;
;                                             ;       ;
; Total registers                             ; 40    ;
;     -- Dedicated logic registers            ; 40    ;
;     -- I/O registers                        ; 0     ;
;                                             ;       ;
; I/O pins                                    ; 11    ;
;                                             ;       ;
; Embedded Multiplier 9-bit elements          ; 0     ;
;                                             ;       ;
; Maximum fan-out node                        ; clock ;
; Maximum fan-out                             ; 32    ;
; Total fan-out                               ; 312   ;
; Average fan-out                             ; 2.50  ;
+---------------------------------------------+-------+


+----------------------------------------------------------------------------------------------------------------------------------------------------------------------------------------------------------+
; Analysis & Synthesis Resource Utilization by Entity                                                                                                                                                      ;
+----------------------------+---------------------+---------------------------+-------------+--------------+---------+-----------+------+--------------+---------------------+-------------+--------------+
; Compilation Hierarchy Node ; Combinational ALUTs ; Dedicated Logic Registers ; Memory Bits ; DSP Elements ; DSP 9x9 ; DSP 18x18 ; Pins ; Virtual Pins ; Full Hierarchy Name ; Entity Name ; Library Name ;
+----------------------------+---------------------+---------------------------+-------------+--------------+---------+-----------+------+--------------+---------------------+-------------+--------------+
; |uartLib                   ; 63 (63)             ; 40 (40)                   ; 0           ; 0            ; 0       ; 0         ; 11   ; 0            ; |uartLib            ; uartLib     ; work         ;
+----------------------------+---------------------+---------------------------+-------------+--------------+---------+-----------+------+--------------+---------------------+-------------+--------------+
Note: For table entries with two numbers listed, the numbers in parentheses indicate the number of resources of the given type used by the specific entity alone. The numbers listed outside of parentheses indicate the total resources of the given type used by the specific entity and all of its sub-entities in the hierarchy.


Encoding Type:  One-Hot
+-----------------------------------------------------------------------------------------------------------------------------------------------------------------------------------+
; State Machine - |uartLib|stt_rx                                                                                                                                                   ;
+-----------------+-----------------+-----------------+-----------------+-----------------+-----------------+-----------------+-----------------+-----------------+-----------------+
; Name            ; stt_rx.00000111 ; stt_rx.00000110 ; stt_rx.00000101 ; stt_rx.00000100 ; stt_rx.00000011 ; stt_rx.00000010 ; stt_rx.00000001 ; stt_rx.00000000 ; stt_rx.00001000 ;
+-----------------+-----------------+-----------------+-----------------+-----------------+-----------------+-----------------+-----------------+-----------------+-----------------+
; stt_rx.00000000 ; 0               ; 0               ; 0               ; 0               ; 0               ; 0               ; 0               ; 0               ; 0               ;
; stt_rx.00000001 ; 0               ; 0               ; 0               ; 0               ; 0               ; 0               ; 1               ; 1               ; 0               ;
; stt_rx.00000010 ; 0               ; 0               ; 0               ; 0               ; 0               ; 1               ; 0               ; 1               ; 0               ;
; stt_rx.00000011 ; 0               ; 0               ; 0               ; 0               ; 1               ; 0               ; 0               ; 1               ; 0               ;
; stt_rx.00000100 ; 0               ; 0               ; 0               ; 1               ; 0               ; 0               ; 0               ; 1               ; 0               ;
; stt_rx.00000101 ; 0               ; 0               ; 1               ; 0               ; 0               ; 0               ; 0               ; 1               ; 0               ;
; stt_rx.00000110 ; 0               ; 1               ; 0               ; 0               ; 0               ; 0               ; 0               ; 1               ; 0               ;
; stt_rx.00000111 ; 1               ; 0               ; 0               ; 0               ; 0               ; 0               ; 0               ; 1               ; 0               ;
; stt_rx.00001000 ; 0               ; 0               ; 0               ; 0               ; 0               ; 0               ; 0               ; 1               ; 1               ;
+-----------------+-----------------+-----------------+-----------------+-----------------+-----------------+-----------------+-----------------+-----------------+-----------------+


Encoding Type:  One-Hot
+-----------------------------------------------------------------------------------------------------------------------------------------------------------------------------------------------------------------------------------------+
; State Machine - |uartLib|stt_tx                                                                                                                                                                                                         ;
+-----------------+-----------------+-----------------+-----------------+-----------------+-----------------+-----------------+-----------------+-----------------+-----------------+-----------------+-----------------+-----------------+
; Name            ; stt_tx.00001011 ; stt_tx.00001010 ; stt_tx.00001001 ; stt_tx.00001000 ; stt_tx.00000111 ; stt_tx.00000110 ; stt_tx.00000101 ; stt_tx.00000100 ; stt_tx.00000011 ; stt_tx.00000010 ; stt_tx.00000001 ; stt_tx.00000000 ;
+-----------------+-----------------+-----------------+-----------------+-----------------+-----------------+-----------------+-----------------+-----------------+-----------------+-----------------+-----------------+-----------------+
; stt_tx.00000000 ; 0               ; 0               ; 0               ; 0               ; 0               ; 0               ; 0               ; 0               ; 0               ; 0               ; 0               ; 0               ;
; stt_tx.00000001 ; 0               ; 0               ; 0               ; 0               ; 0               ; 0               ; 0               ; 0               ; 0               ; 0               ; 1               ; 1               ;
; stt_tx.00000010 ; 0               ; 0               ; 0               ; 0               ; 0               ; 0               ; 0               ; 0               ; 0               ; 1               ; 0               ; 1               ;
; stt_tx.00000011 ; 0               ; 0               ; 0               ; 0               ; 0               ; 0               ; 0               ; 0               ; 1               ; 0               ; 0               ; 1               ;
; stt_tx.00000100 ; 0               ; 0               ; 0               ; 0               ; 0               ; 0               ; 0               ; 1               ; 0               ; 0               ; 0               ; 1               ;
; stt_tx.00000101 ; 0               ; 0               ; 0               ; 0               ; 0               ; 0               ; 1               ; 0               ; 0               ; 0               ; 0               ; 1               ;
; stt_tx.00000110 ; 0               ; 0               ; 0               ; 0               ; 0               ; 1               ; 0               ; 0               ; 0               ; 0               ; 0               ; 1               ;
; stt_tx.00000111 ; 0               ; 0               ; 0               ; 0               ; 1               ; 0               ; 0               ; 0               ; 0               ; 0               ; 0               ; 1               ;
; stt_tx.00001000 ; 0               ; 0               ; 0               ; 1               ; 0               ; 0               ; 0               ; 0               ; 0               ; 0               ; 0               ; 1               ;
; stt_tx.00001001 ; 0               ; 0               ; 1               ; 0               ; 0               ; 0               ; 0               ; 0               ; 0               ; 0               ; 0               ; 1               ;
; stt_tx.00001010 ; 0               ; 1               ; 0               ; 0               ; 0               ; 0               ; 0               ; 0               ; 0               ; 0               ; 0               ; 1               ;
; stt_tx.00001011 ; 1               ; 0               ; 0               ; 0               ; 0               ; 0               ; 0               ; 0               ; 0               ; 0               ; 0               ; 1               ;
+-----------------+-----------------+-----------------+-----------------+-----------------+-----------------+-----------------+-----------------+-----------------+-----------------+-----------------+-----------------+-----------------+


+---------------------------------------------------------------------------------------------------+
; User-Specified and Inferred Latches                                                               ;
+----------------------------------------------------+---------------------+------------------------+
; Latch Name                                         ; Latch Enable Signal ; Free of Timing Hazards ;
+----------------------------------------------------+---------------------+------------------------+
; HEX1[0]                                            ; WideOr19            ; yes                    ;
; HEX1[1]                                            ; WideOr19            ; yes                    ;
; HEX1[2]                                            ; WideOr19            ; yes                    ;
; HEX1[3]                                            ; WideOr19            ; yes                    ;
; HEX1[4]                                            ; WideOr19            ; yes                    ;
; HEX1[5]                                            ; WideOr19            ; yes                    ;
; HEX1[6]                                            ; WideOr19            ; yes                    ;
; Number of user-specified and inferred latches = 7  ;                     ;                        ;
+----------------------------------------------------+---------------------+------------------------+
Note: All latches listed above may not be present at the end of synthesis due to various synthesis optimizations.


+-------------------------------------------------------------+
; Registers Removed During Synthesis                          ;
+----------------------------------------+--------------------+
; Register name                          ; Reason for Removal ;
+----------------------------------------+--------------------+
; stt_rx~13                              ; Lost fanout        ;
; stt_rx~14                              ; Lost fanout        ;
; stt_rx~15                              ; Lost fanout        ;
; stt_rx~17                              ; Lost fanout        ;
; stt_rx~18                              ; Lost fanout        ;
; stt_rx~19                              ; Lost fanout        ;
; stt_rx~20                              ; Lost fanout        ;
; stt_tx~4                               ; Lost fanout        ;
; stt_tx~5                               ; Lost fanout        ;
; stt_tx~6                               ; Lost fanout        ;
; stt_tx~7                               ; Lost fanout        ;
; stt_tx~8                               ; Lost fanout        ;
; stt_tx~9                               ; Lost fanout        ;
; stt_tx~10                              ; Lost fanout        ;
; stt_tx~11                              ; Lost fanout        ;
; Total Number of Removed Registers = 15 ;                    ;
+----------------------------------------+--------------------+


+------------------------------------------------------+
; General Register Statistics                          ;
+----------------------------------------------+-------+
; Statistic                                    ; Value ;
+----------------------------------------------+-------+
; Total registers                              ; 40    ;
; Number of registers using Synchronous Clear  ; 0     ;
; Number of registers using Synchronous Load   ; 0     ;
; Number of registers using Asynchronous Clear ; 23    ;
; Number of registers using Asynchronous Load  ; 0     ;
; Number of registers using Clock Enable       ; 8     ;
; Number of registers using Preset             ; 0     ;
+----------------------------------------------+-------+


+--------------------------------------------------+
; Inverted Register Statistics                     ;
+----------------------------------------+---------+
; Inverted Register                      ; Fan out ;
+----------------------------------------+---------+
; tx                                     ; 2       ;
; rx_ready                               ; 12      ;
; Total number of inverted registers = 2 ;         ;
+----------------------------------------+---------+


+------------------------------------------------------------------------------------------------------------------------------------------+
; Multiplexer Restructuring Statistics (Restructuring Performed)                                                                           ;
+--------------------+-----------+---------------+----------------------+------------------------+------------+----------------------------+
; Multiplexer Inputs ; Bus Width ; Baseline Area ; Area if Restructured ; Saving if Restructured ; Registered ; Example Multiplexer Output ;
+--------------------+-----------+---------------+----------------------+------------------------+------------+----------------------------+
; 3:1                ; 8 bits    ; 16 LEs        ; 16 LEs               ; 0 LEs                  ; No         ; |uartLib|stt_rx            ;
+--------------------+-----------+---------------+----------------------+------------------------+------------+----------------------------+


+-----------------------------------------------------+
; Post-Synthesis Netlist Statistics for Top Partition ;
+-----------------------+-----------------------------+
; Type                  ; Count                       ;
+-----------------------+-----------------------------+
; boundary_port         ; 11                          ;
; cycloneiii_ff         ; 40                          ;
;     CLR               ; 15                          ;
;     ENA CLR           ; 8                           ;
;     plain             ; 17                          ;
; cycloneiii_lcell_comb ; 64                          ;
;     arith             ; 7                           ;
;         2 data inputs ; 7                           ;
;     normal            ; 57                          ;
;         1 data inputs ; 3                           ;
;         2 data inputs ; 17                          ;
;         3 data inputs ; 15                          ;
;         4 data inputs ; 22                          ;
;                       ;                             ;
; Max LUT depth         ; 3.00                        ;
; Average LUT depth     ; 1.95                        ;
+-----------------------+-----------------------------+


+-------------------------------+
; Elapsed Time Per Partition    ;
+----------------+--------------+
; Partition Name ; Elapsed Time ;
+----------------+--------------+
; Top            ; 00:00:00     ;
+----------------+--------------+


+-------------------------------+
; Analysis & Synthesis Messages ;
+-------------------------------+
Info: *******************************************************************
Info: Running Quartus Prime Analysis & Synthesis
    Info: Version 22.1std.0 Build 915 10/25/2022 SC Lite Edition
    Info: Processing started: Fri Jun 28 13:15:50 2024
Info: Command: quartus_map --read_settings_files=on --write_settings_files=off uartLib -c uartLib
Warning (18236): Number of processors has not been specified which may cause overloading on shared machines.  Set the global assignment NUM_PARALLEL_PROCESSORS in your QSF to an appropriate value for best performance.
Info (20030): Parallel compilation is enabled and will use 4 of the 4 processors detected
Info (12021): Found 1 design units, including 1 entities, in source file uartlib.v
    Info (12023): Found entity 1: uartLib File: D:/2024/FPGA/codeFPGAL_LIB/UART/uartLib.v Line: 1
Warning (10236): Verilog HDL Implicit Net warning at uartLib.v(119): created implicit net for "input_rx" File: D:/2024/FPGA/codeFPGAL_LIB/UART/uartLib.v Line: 119
Warning (10236): Verilog HDL Implicit Net warning at uartLib.v(121): created implicit net for "tx_test" File: D:/2024/FPGA/codeFPGAL_LIB/UART/uartLib.v Line: 121
Warning (10236): Verilog HDL Implicit Net warning at uartLib.v(122): created implicit net for "clock_out" File: D:/2024/FPGA/codeFPGAL_LIB/UART/uartLib.v Line: 122
Info (12127): Elaborating entity "uartLib" for the top level hierarchy
Warning (10036): Verilog HDL or VHDL warning at uartLib.v(121): object "tx_test" assigned a value but never read File: D:/2024/FPGA/codeFPGAL_LIB/UART/uartLib.v Line: 121
Warning (10036): Verilog HDL or VHDL warning at uartLib.v(122): object "clock_out" assigned a value but never read File: D:/2024/FPGA/codeFPGAL_LIB/UART/uartLib.v Line: 122
Warning (10230): Verilog HDL assignment warning at uartLib.v(42): truncated value with size 32 to match size of target (8) File: D:/2024/FPGA/codeFPGAL_LIB/UART/uartLib.v Line: 42
Info (10264): Verilog HDL Case Statement information at uartLib.v(56): all case item expressions in this case statement are onehot File: D:/2024/FPGA/codeFPGAL_LIB/UART/uartLib.v Line: 56
Warning (10235): Verilog HDL Always Construct warning at uartLib.v(103): variable "data_rx" is read inside the Always Construct but isn't in the Always Construct's Event Control File: D:/2024/FPGA/codeFPGAL_LIB/UART/uartLib.v Line: 103
Warning (10270): Verilog HDL Case Statement warning at uartLib.v(103): incomplete case statement has no default case item File: D:/2024/FPGA/codeFPGAL_LIB/UART/uartLib.v Line: 103
Warning (10240): Verilog HDL Always Construct warning at uartLib.v(101): inferring latch(es) for variable "HEX1", which holds its previous value in one or more paths through the always construct File: D:/2024/FPGA/codeFPGAL_LIB/UART/uartLib.v Line: 101
Warning (10230): Verilog HDL assignment warning at uartLib.v(118): truncated value with size 8 to match size of target (7) File: D:/2024/FPGA/codeFPGAL_LIB/UART/uartLib.v Line: 118
Info (10041): Inferred latch for "HEX1[0]" at uartLib.v(101) File: D:/2024/FPGA/codeFPGAL_LIB/UART/uartLib.v Line: 101
Info (10041): Inferred latch for "HEX1[1]" at uartLib.v(101) File: D:/2024/FPGA/codeFPGAL_LIB/UART/uartLib.v Line: 101
Info (10041): Inferred latch for "HEX1[2]" at uartLib.v(101) File: D:/2024/FPGA/codeFPGAL_LIB/UART/uartLib.v Line: 101
Info (10041): Inferred latch for "HEX1[3]" at uartLib.v(101) File: D:/2024/FPGA/codeFPGAL_LIB/UART/uartLib.v Line: 101
Info (10041): Inferred latch for "HEX1[4]" at uartLib.v(101) File: D:/2024/FPGA/codeFPGAL_LIB/UART/uartLib.v Line: 101
Info (10041): Inferred latch for "HEX1[5]" at uartLib.v(101) File: D:/2024/FPGA/codeFPGAL_LIB/UART/uartLib.v Line: 101
Info (10041): Inferred latch for "HEX1[6]" at uartLib.v(101) File: D:/2024/FPGA/codeFPGAL_LIB/UART/uartLib.v Line: 101
Warning (13012): Latch HEX1[0] has unsafe behavior File: D:/2024/FPGA/codeFPGAL_LIB/UART/uartLib.v Line: 101
    Warning (13013): Ports D and ENA on the latch are fed by the same signal data_rx[7] File: D:/2024/FPGA/codeFPGAL_LIB/UART/uartLib.v Line: 80
Warning (13012): Latch HEX1[1] has unsafe behavior File: D:/2024/FPGA/codeFPGAL_LIB/UART/uartLib.v Line: 101
    Warning (13013): Ports D and ENA on the latch are fed by the same signal data_rx[7] File: D:/2024/FPGA/codeFPGAL_LIB/UART/uartLib.v Line: 80
Warning (13012): Latch HEX1[2] has unsafe behavior File: D:/2024/FPGA/codeFPGAL_LIB/UART/uartLib.v Line: 101
    Warning (13013): Ports D and ENA on the latch are fed by the same signal data_rx[7] File: D:/2024/FPGA/codeFPGAL_LIB/UART/uartLib.v Line: 80
Warning (13012): Latch HEX1[3] has unsafe behavior File: D:/2024/FPGA/codeFPGAL_LIB/UART/uartLib.v Line: 101
    Warning (13013): Ports D and ENA on the latch are fed by the same signal data_rx[7] File: D:/2024/FPGA/codeFPGAL_LIB/UART/uartLib.v Line: 80
Warning (13012): Latch HEX1[4] has unsafe behavior File: D:/2024/FPGA/codeFPGAL_LIB/UART/uartLib.v Line: 101
    Warning (13013): Ports D and ENA on the latch are fed by the same signal data_rx[7] File: D:/2024/FPGA/codeFPGAL_LIB/UART/uartLib.v Line: 80
Warning (13012): Latch HEX1[5] has unsafe behavior File: D:/2024/FPGA/codeFPGAL_LIB/UART/uartLib.v Line: 101
    Warning (13013): Ports D and ENA on the latch are fed by the same signal data_rx[7] File: D:/2024/FPGA/codeFPGAL_LIB/UART/uartLib.v Line: 80
Warning (13012): Latch HEX1[6] has unsafe behavior File: D:/2024/FPGA/codeFPGAL_LIB/UART/uartLib.v Line: 101
    Warning (13013): Ports D and ENA on the latch are fed by the same signal data_rx[7] File: D:/2024/FPGA/codeFPGAL_LIB/UART/uartLib.v Line: 80
Info (13000): Registers with preset signals will power-up high File: D:/2024/FPGA/codeFPGAL_LIB/UART/uartLib.v Line: 56
Info (13003): DEV_CLRn pin will set, and not reset, register with preset signal due to NOT Gate Push-Back
Info (286030): Timing-Driven Synthesis is running
Info (17049): 15 registers lost all their fanouts during netlist optimizations.
Info (144001): Generated suppressed messages file D:/2024/FPGA/codeFPGAL_LIB/UART/output_files/uartLib.map.smsg
Info (16010): Generating hard_block partition "hard_block:auto_generated_inst"
    Info (16011): Adding 0 node(s), including 0 DDIO, 0 PLL, 0 transceiver and 0 LCELL
Info (21057): Implemented 85 device resources after synthesis - the final resource count might be different
    Info (21058): Implemented 3 input pins
    Info (21059): Implemented 8 output pins
    Info (21061): Implemented 74 logic cells
Info: Quartus Prime Analysis & Synthesis was successful. 0 errors, 25 warnings
    Info: Peak virtual memory: 4774 megabytes
    Info: Processing ended: Fri Jun 28 13:15:57 2024
    Info: Elapsed time: 00:00:07
    Info: Total CPU time (on all processors): 00:00:09


+------------------------------------------+
; Analysis & Synthesis Suppressed Messages ;
+------------------------------------------+
The suppressed messages can be found in D:/2024/FPGA/codeFPGAL_LIB/UART/output_files/uartLib.map.smsg.


