10:45:00 **** Incremental Build of configuration Nios II for project esp32 ****
make all 
Info: Building ../esp32_bsp/
D:/FPGA/nios2eds/bin/gnu/H-x86_64-mingw32/bin/make --no-print-directory -C ../esp32_bsp/
[BSP build complete]
[esp32 build complete]
10:45:10 **** Incremental Build of configuration Nios II for project esp32 ****
make all 
Info: Building ../esp32_bsp/
D:/FPGA/nios2eds/bin/gnu/H-x86_64-mingw32/bin/make --no-print-directory -C ../esp32_bsp/
[BSP build complete]
[esp32 build complete]
10:47:11 **** Incremental Build of configuration Nios II for project esp32 ****
make all 
Info: Building ../esp32_bsp/
D:/FPGA/nios2eds/bin/gnu/H-x86_64-mingw32/bin/make --no-print-directory -C ../esp32_bsp/
[BSP build complete]
Info: Compiling hello_world.c to obj/default/hello_world.o
nios2-elf-gcc -xc -MP -MMD -c -I../esp32_bsp//HAL/inc -I../esp32_bsp/ -I../esp32_bsp//drivers/inc  -pipe -D__hal__ -DALT_NO_INSTRUCTION_EMULATION -DALT_SINGLE_THREADED    -O0 -g -Wall   -mno-hw-div -mno-hw-mul -mno-hw-mulx -mgpopt=global  -o obj/default/hello_world.o hello_world.c
hello_world.c: In function 'main':
hello_world.c:41:22: warning: passing argument 1 of 'rs232_read_str' from incompatible pointer type [-Wincompatible-pointer-types]
    if(rs232_read_str(rs232_dev, chuoi, 1)>0)
                      ^
hello_world.c:23:5: note: expected 'alt_fd * {aka struct alt_fd_s *}' but argument is of type 'alt_up_rs232_dev * {aka struct alt_up_rs232_dev *}'
 int rs232_read_str (alt_fd* fd, char* ptr, int len);
     ^
hello_world.c:45:14: warning: array subscript has type 'char' [-Wchar-subscripts]
       reciver[cnt] = chuoi[0];
              ^
hello_world.c:49:15: warning: array subscript has type 'char' [-Wchar-subscripts]
     {  reciver[cnt] = 0;
               ^
hello_world.c:51:23: warning: passing argument 1 of 'rs232_write_str' from incompatible pointer type [-Wincompatible-pointer-types]
       rs232_write_str(rs232_dev,reciver1,cnt+6);
                       ^
hello_world.c:24:6: note: expected 'alt_fd * {aka struct alt_fd_s *}' but argument is of type 'alt_up_rs232_dev * {aka struct alt_up_rs232_dev *}'
 void rs232_write_str(alt_fd* fd, char *ptr, int len);
      ^
hello_world.c:52:14: warning: array subscript has type 'char' [-Wchar-subscripts]
       reciver[cnt] = 0 ;
              ^
hello_world.c:57:7: warning: implicit declaration of function 'strstr' [-Wimplicit-function-declaration]
    if(strstr(reciver,"on1") && !stt1)
       ^
hello_world.c:57:7: warning: incompatible implicit declaration of built-in function 'strstr'
hello_world.c:57:7: note: include '<string.h>' or provide a declaration of 'strstr'
hello_world.c:62:7: warning: incompatible implicit declaration of built-in function 'strstr'
    if(strstr(reciver,"off1") && stt1)
       ^
hello_world.c:62:7: note: include '<string.h>' or provide a declaration of 'strstr'
hello_world.c:67:7: warning: incompatible implicit declaration of built-in function 'strstr'
    if(strstr(reciver,"on2") && !stt1)
       ^
hello_world.c:67:7: note: include '<string.h>' or provide a declaration of 'strstr'
hello_world.c:72:7: warning: incompatible implicit declaration of built-in function 'strstr'
    if(strstr(reciver,"off2") && stt1)
       ^
hello_world.c:72:7: note: include '<string.h>' or provide a declaration of 'strstr'
hello_world.c:77:7: warning: incompatible implicit declaration of built-in function 'strstr'
    if(strstr(reciver,"on3") && !stt1)
       ^
hello_world.c:77:7: note: include '<string.h>' or provide a declaration of 'strstr'
hello_world.c:82:7: warning: incompatible implicit declaration of built-in function 'strstr'
    if(strstr(reciver,"off3") && stt1)
       ^
hello_world.c:82:7: note: include '<string.h>' or provide a declaration of 'strstr'
hello_world.c: In function 'rs232_read_str':
hello_world.c:98:30: warning: passing argument 1 of 'alt_up_rs232_read_data' from incompatible pointer type [-Wincompatible-pointer-types]
   if (alt_up_rs232_read_data(fd, (alt_u8 *)ptr++, &parity_error)==0)
                              ^
In file included from hello_world.c:18:0:
../esp32_bsp//drivers/inc/altera_up_avalon_rs232.h:129:5: note: expected 'alt_up_rs232_dev * {aka struct alt_up_rs232_dev *}' but argument is of type 'alt_fd * {aka struct alt_fd_s *}'
 int alt_up_rs232_read_data(alt_up_rs232_dev *rs232, alt_u8 *data, alt_u8 *parity_error);
     ^
hello_world.c: In function 'rs232_write_str':
hello_world.c:113:31: warning: passing argument 1 of 'alt_up_rs232_write_data' from incompatible pointer type [-Wincompatible-pointer-types]
   if (alt_up_rs232_write_data(fd, *ptr)==0)
                               ^
In file included from hello_world.c:18:0:
../esp32_bsp//drivers/inc/altera_up_avalon_rs232.h:114:5: note: expected 'alt_up_rs232_dev * {aka struct alt_up_rs232_dev *}' but argument is of type 'alt_fd * {aka struct alt_fd_s *}'
 int alt_up_rs232_write_data(alt_up_rs232_dev *rs232, alt_u8 data);
     ^
Info: Linking esp32.elf
nios2-elf-g++  -T'../esp32_bsp//linker.x' -msys-crt0='../esp32_bsp//obj/HAL/src/crt0.o' -msys-lib=hal_bsp -L../esp32_bsp/   -Wl,-Map=esp32.map   -O0 -g -Wall   -mno-hw-div -mno-hw-mul -mno-hw-mulx -mgpopt=global  -o esp32.elf obj/default/hello_world.o -lm -msys-lib=m
nios2-elf-insert esp32.elf --thread_model hal --cpu_name CPU --qsys true --simulation_enabled false --stderr_dev DEBUG --stdin_dev DEBUG --stdout_dev DEBUG --sopc_system_name esp32 --quartus_project_dir "D:/2024/FPGA/codeFPGA_NIOS2/Bai9_UART_ESP32" --jdi ../..//output_files/esp32.jdi --sopcinfo D:/2024/FPGA/codeFPGA_NIOS2/Bai9_UART_ESP32/software/esp32_bsp/../../esp32.sopcinfo
Info: (esp32.elf) 88 KBytes program size (code + initialized data).
Info:             104 KBytes free for stack + heap.
Info: Creating esp32.objdump
nios2-elf-objdump --disassemble --syms --all-header --source esp32.elf >esp32.objdump
[esp32 build complete]
10:47:50 **** Incremental Build of configuration Nios II for project esp32 ****
make all 
Info: Building ../esp32_bsp/
D:/FPGA/nios2eds/bin/gnu/H-x86_64-mingw32/bin/make --no-print-directory -C ../esp32_bsp/
[BSP build complete]
Info: Compiling hello_world.c to obj/default/hello_world.o
nios2-elf-gcc -xc -MP -MMD -c -I../esp32_bsp//HAL/inc -I../esp32_bsp/ -I../esp32_bsp//drivers/inc  -pipe -D__hal__ -DALT_NO_INSTRUCTION_EMULATION -DALT_SINGLE_THREADED    -O0 -g -Wall   -mno-hw-div -mno-hw-mul -mno-hw-mulx -mgpopt=global  -o obj/default/hello_world.o hello_world.c
hello_world.c: In function 'main':
hello_world.c:41:22: warning: passing argument 1 of 'rs232_read_str' from incompatible pointer type [-Wincompatible-pointer-types]
    if(rs232_read_str(rs232_dev, chuoi, 1)>0)
                      ^
hello_world.c:23:5: note: expected 'alt_fd * {aka struct alt_fd_s *}' but argument is of type 'alt_up_rs232_dev * {aka struct alt_up_rs232_dev *}'
 int rs232_read_str (alt_fd* fd, char* ptr, int len);
     ^
hello_world.c:45:14: warning: array subscript has type 'char' [-Wchar-subscripts]
       reciver[cnt] = chuoi[0];
              ^
hello_world.c:49:15: warning: array subscript has type 'char' [-Wchar-subscripts]
     {  reciver[cnt] = 0;
               ^
hello_world.c:51:23: warning: passing argument 1 of 'rs232_write_str' from incompatible pointer type [-Wincompatible-pointer-types]
       rs232_write_str(rs232_dev,reciver1,cnt+6);
                       ^
hello_world.c:24:6: note: expected 'alt_fd * {aka struct alt_fd_s *}' but argument is of type 'alt_up_rs232_dev * {aka struct alt_up_rs232_dev *}'
 void rs232_write_str(alt_fd* fd, char *ptr, int len);
      ^
hello_world.c:52:14: warning: array subscript has type 'char' [-Wchar-subscripts]
       reciver[cnt] = 0 ;
              ^
hello_world.c:57:7: warning: implicit declaration of function 'strstr' [-Wimplicit-function-declaration]
    if(strstr(reciver,"on1") && !stt1)
       ^
hello_world.c:57:7: warning: incompatible implicit declaration of built-in function 'strstr'
hello_world.c:57:7: note: include '<string.h>' or provide a declaration of 'strstr'
hello_world.c:62:7: warning: incompatible implicit declaration of built-in function 'strstr'
    if(strstr(reciver,"off1") && stt1)
       ^
hello_world.c:62:7: note: include '<string.h>' or provide a declaration of 'strstr'
hello_world.c:67:7: warning: incompatible implicit declaration of built-in function 'strstr'
    if(strstr(reciver,"on2") && !stt2)
       ^
hello_world.c:67:7: note: include '<string.h>' or provide a declaration of 'strstr'
hello_world.c:72:7: warning: incompatible implicit declaration of built-in function 'strstr'
    if(strstr(reciver,"off2") && stt2)
       ^
hello_world.c:72:7: note: include '<string.h>' or provide a declaration of 'strstr'
hello_world.c:77:7: warning: incompatible implicit declaration of built-in function 'strstr'
    if(strstr(reciver,"on3") && !stt3)
       ^
hello_world.c:77:7: note: include '<string.h>' or provide a declaration of 'strstr'
hello_world.c:82:7: warning: incompatible implicit declaration of built-in function 'strstr'
    if(strstr(reciver,"off3") && stt3)
       ^
hello_world.c:82:7: note: include '<string.h>' or provide a declaration of 'strstr'
hello_world.c: In function 'rs232_read_str':
hello_world.c:98:30: warning: passing argument 1 of 'alt_up_rs232_read_data' from incompatible pointer type [-Wincompatible-pointer-types]
   if (alt_up_rs232_read_data(fd, (alt_u8 *)ptr++, &parity_error)==0)
                              ^
In file included from hello_world.c:18:0:
../esp32_bsp//drivers/inc/altera_up_avalon_rs232.h:129:5: note: expected 'alt_up_rs232_dev * {aka struct alt_up_rs232_dev *}' but argument is of type 'alt_fd * {aka struct alt_fd_s *}'
 int alt_up_rs232_read_data(alt_up_rs232_dev *rs232, alt_u8 *data, alt_u8 *parity_error);
     ^
hello_world.c: In function 'rs232_write_str':
hello_world.c:113:31: warning: passing argument 1 of 'alt_up_rs232_write_data' from incompatible pointer type [-Wincompatible-pointer-types]
   if (alt_up_rs232_write_data(fd, *ptr)==0)
                               ^
In file included from hello_world.c:18:0:
../esp32_bsp//drivers/inc/altera_up_avalon_rs232.h:114:5: note: expected 'alt_up_rs232_dev * {aka struct alt_up_rs232_dev *}' but argument is of type 'alt_fd * {aka struct alt_fd_s *}'
 int alt_up_rs232_write_data(alt_up_rs232_dev *rs232, alt_u8 data);
     ^
Info: Linking esp32.elf
nios2-elf-g++  -T'../esp32_bsp//linker.x' -msys-crt0='../esp32_bsp//obj/HAL/src/crt0.o' -msys-lib=hal_bsp -L../esp32_bsp/   -Wl,-Map=esp32.map   -O0 -g -Wall   -mno-hw-div -mno-hw-mul -mno-hw-mulx -mgpopt=global  -o esp32.elf obj/default/hello_world.o -lm -msys-lib=m
nios2-elf-insert esp32.elf --thread_model hal --cpu_name CPU --qsys true --simulation_enabled false --stderr_dev DEBUG --stdin_dev DEBUG --stdout_dev DEBUG --sopc_system_name esp32 --quartus_project_dir "D:/2024/FPGA/codeFPGA_NIOS2/Bai9_UART_ESP32" --jdi ../..//output_files/esp32.jdi --sopcinfo D:/2024/FPGA/codeFPGA_NIOS2/Bai9_UART_ESP32/software/esp32_bsp/../../esp32.sopcinfo
Info: (esp32.elf) 88 KBytes program size (code + initialized data).
Info:             104 KBytes free for stack + heap.
Info: Creating esp32.objdump
nios2-elf-objdump --disassemble --syms --all-header --source esp32.elf >esp32.objdump
[esp32 build complete]
11:02:51 **** Incremental Build of configuration Nios II for project esp32 ****
make all 
Info: Building ../esp32_bsp/
D:/FPGA/nios2eds/bin/gnu/H-x86_64-mingw32/bin/make --no-print-directory -C ../esp32_bsp/
[BSP build complete]
Info: Compiling hello_world.c to obj/default/hello_world.o
nios2-elf-gcc -xc -MP -MMD -c -I../esp32_bsp//HAL/inc -I../esp32_bsp/ -I../esp32_bsp//drivers/inc  -pipe -D__hal__ -DALT_NO_INSTRUCTION_EMULATION -DALT_SINGLE_THREADED    -O0 -g -Wall   -mno-hw-div -mno-hw-mul -mno-hw-mulx -mgpopt=global  -o obj/default/hello_world.o hello_world.c
hello_world.c: In function 'main':
hello_world.c:41:22: warning: passing argument 1 of 'rs232_read_str' from incompatible pointer type [-Wincompatible-pointer-types]
    if(rs232_read_str(rs232_dev, chuoi, 1)>0)
                      ^
hello_world.c:23:5: note: expected 'alt_fd * {aka struct alt_fd_s *}' but argument is of type 'alt_up_rs232_dev * {aka struct alt_up_rs232_dev *}'
 int rs232_read_str (alt_fd* fd, char* ptr, int len);
     ^
hello_world.c:45:14: warning: array subscript has type 'char' [-Wchar-subscripts]
       reciver[cnt] = chuoi[0];
              ^
hello_world.c:49:15: warning: array subscript has type 'char' [-Wchar-subscripts]
     {  reciver[cnt] = 0;
               ^
hello_world.c:57:7: warning: implicit declaration of function 'strstr' [-Wimplicit-function-declaration]
    if(strstr(reciver,"on1") && !stt1)
       ^
hello_world.c:57:7: warning: incompatible implicit declaration of built-in function 'strstr'
hello_world.c:57:7: note: include '<string.h>' or provide a declaration of 'strstr'
hello_world.c:59:22: warning: passing argument 1 of 'rs232_write_str' from incompatible pointer type [-Wincompatible-pointer-types]
      rs232_write_str(rs232_dev,"on1\n",4);
                      ^
hello_world.c:24:6: note: expected 'alt_fd * {aka struct alt_fd_s *}' but argument is of type 'alt_up_rs232_dev * {aka struct alt_up_rs232_dev *}'
 void rs232_write_str(alt_fd* fd, char *ptr, int len);
      ^
hello_world.c:63:7: warning: incompatible implicit declaration of built-in function 'strstr'
    if(strstr(reciver,"off1") && stt1)
       ^
hello_world.c:63:7: note: include '<string.h>' or provide a declaration of 'strstr'
hello_world.c:65:22: warning: passing argument 1 of 'rs232_write_str' from incompatible pointer type [-Wincompatible-pointer-types]
      rs232_write_str(rs232_dev,"off1\n",5);
                      ^
hello_world.c:24:6: note: expected 'alt_fd * {aka struct alt_fd_s *}' but argument is of type 'alt_up_rs232_dev * {aka struct alt_up_rs232_dev *}'
 void rs232_write_str(alt_fd* fd, char *ptr, int len);
      ^
hello_world.c:69:7: warning: incompatible implicit declaration of built-in function 'strstr'
    if(strstr(reciver,"on2") && !stt2)
       ^
hello_world.c:69:7: note: include '<string.h>' or provide a declaration of 'strstr'
hello_world.c:71:22: warning: passing argument 1 of 'rs232_write_str' from incompatible pointer type [-Wincompatible-pointer-types]
      rs232_write_str(rs232_dev,"on2\n",4);
                      ^
hello_world.c:24:6: note: expected 'alt_fd * {aka struct alt_fd_s *}' but argument is of type 'alt_up_rs232_dev * {aka struct alt_up_rs232_dev *}'
 void rs232_write_str(alt_fd* fd, char *ptr, int len);
      ^
hello_world.c:75:7: warning: incompatible implicit declaration of built-in function 'strstr'
    if(strstr(reciver,"off2") && stt2)
       ^
hello_world.c:75:7: note: include '<string.h>' or provide a declaration of 'strstr'
hello_world.c:77:22: warning: passing argument 1 of 'rs232_write_str' from incompatible pointer type [-Wincompatible-pointer-types]
      rs232_write_str(rs232_dev,"off2\n",5);
                      ^
hello_world.c:24:6: note: expected 'alt_fd * {aka struct alt_fd_s *}' but argument is of type 'alt_up_rs232_dev * {aka struct alt_up_rs232_dev *}'
 void rs232_write_str(alt_fd* fd, char *ptr, int len);
      ^
hello_world.c:81:7: warning: incompatible implicit declaration of built-in function 'strstr'
    if(strstr(reciver,"on3") && !stt3)
       ^
hello_world.c:81:7: note: include '<string.h>' or provide a declaration of 'strstr'
hello_world.c:83:22: warning: passing argument 1 of 'rs232_write_str' from incompatible pointer type [-Wincompatible-pointer-types]
      rs232_write_str(rs232_dev,"on3\n",4);
                      ^
hello_world.c:24:6: note: expected 'alt_fd * {aka struct alt_fd_s *}' but argument is of type 'alt_up_rs232_dev * {aka struct alt_up_rs232_dev *}'
 void rs232_write_str(alt_fd* fd, char *ptr, int len);
      ^
hello_world.c:87:7: warning: incompatible implicit declaration of built-in function 'strstr'
    if(strstr(reciver,"off3") && stt3)
       ^
hello_world.c:87:7: note: include '<string.h>' or provide a declaration of 'strstr'
hello_world.c:89:22: warning: passing argument 1 of 'rs232_write_str' from incompatible pointer type [-Wincompatible-pointer-types]
      rs232_write_str(rs232_dev,"off3\n",5);
                      ^
hello_world.c:24:6: note: expected 'alt_fd * {aka struct alt_fd_s *}' but argument is of type 'alt_up_rs232_dev * {aka struct alt_up_rs232_dev *}'
 void rs232_write_str(alt_fd* fd, char *ptr, int len);
      ^
hello_world.c: In function 'rs232_read_str':
hello_world.c:104:30: warning: passing argument 1 of 'alt_up_rs232_read_data' from incompatible pointer type [-Wincompatible-pointer-types]
   if (alt_up_rs232_read_data(fd, (alt_u8 *)ptr++, &parity_error)==0)
                              ^
In file included from hello_world.c:18:0:
../esp32_bsp//drivers/inc/altera_up_avalon_rs232.h:129:5: note: expected 'alt_up_rs232_dev * {aka struct alt_up_rs232_dev *}' but argument is of type 'alt_fd * {aka struct alt_fd_s *}'
 int alt_up_rs232_read_data(alt_up_rs232_dev *rs232, alt_u8 *data, alt_u8 *parity_error);
     ^
hello_world.c: In function 'rs232_write_str':
hello_world.c:119:31: warning: passing argument 1 of 'alt_up_rs232_write_data' from incompatible pointer type [-Wincompatible-pointer-types]
   if (alt_up_rs232_write_data(fd, *ptr)==0)
                               ^
In file included from hello_world.c:18:0:
../esp32_bsp//drivers/inc/altera_up_avalon_rs232.h:114:5: note: expected 'alt_up_rs232_dev * {aka struct alt_up_rs232_dev *}' but argument is of type 'alt_fd * {aka struct alt_fd_s *}'
 int alt_up_rs232_write_data(alt_up_rs232_dev *rs232, alt_u8 data);
     ^
Info: Linking esp32.elf
nios2-elf-g++  -T'../esp32_bsp//linker.x' -msys-crt0='../esp32_bsp//obj/HAL/src/crt0.o' -msys-lib=hal_bsp -L../esp32_bsp/   -Wl,-Map=esp32.map   -O0 -g -Wall   -mno-hw-div -mno-hw-mul -mno-hw-mulx -mgpopt=global  -o esp32.elf obj/default/hello_world.o -lm -msys-lib=m
nios2-elf-insert esp32.elf --thread_model hal --cpu_name CPU --qsys true --simulation_enabled false --stderr_dev DEBUG --stdin_dev DEBUG --stdout_dev DEBUG --sopc_system_name esp32 --quartus_project_dir "D:/2024/FPGA/codeFPGA_NIOS2/Bai9_UART_ESP32" --jdi ../..//output_files/esp32.jdi --sopcinfo D:/2024/FPGA/codeFPGA_NIOS2/Bai9_UART_ESP32/software/esp32_bsp/../../esp32.sopcinfo
Info: (esp32.elf) 88 KBytes program size (code + initialized data).
Info:             104 KBytes free for stack + heap.
Info: Creating esp32.objdump
nios2-elf-objdump --disassemble --syms --all-header --source esp32.elf >esp32.objdump
[esp32 build complete]
11:05:42 **** Incremental Build of configuration Nios II for project esp32 ****
make all 
Info: Building ../esp32_bsp/
D:/FPGA/nios2eds/bin/gnu/H-x86_64-mingw32/bin/make --no-print-directory -C ../esp32_bsp/
[BSP build complete]
[esp32 build complete]
11:06:58 **** Incremental Build of configuration Nios II for project esp32 ****
make all 
Info: Building ../esp32_bsp/
D:/FPGA/nios2eds/bin/gnu/H-x86_64-mingw32/bin/make --no-print-directory -C ../esp32_bsp/
[BSP build complete]
Info: Compiling hello_world.c to obj/default/hello_world.o
nios2-elf-gcc -xc -MP -MMD -c -I../esp32_bsp//HAL/inc -I../esp32_bsp/ -I../esp32_bsp//drivers/inc  -pipe -D__hal__ -DALT_NO_INSTRUCTION_EMULATION -DALT_SINGLE_THREADED    -O0 -g -Wall   -mno-hw-div -mno-hw-mul -mno-hw-mulx -mgpopt=global  -o obj/default/hello_world.o hello_world.c
hello_world.c: In function 'main':
hello_world.c:41:22: warning: passing argument 1 of 'rs232_read_str' from incompatible pointer type [-Wincompatible-pointer-types]
    if(rs232_read_str(rs232_dev, chuoi, 1)>0)
                      ^
hello_world.c:23:5: note: expected 'alt_fd * {aka struct alt_fd_s *}' but argument is of type 'alt_up_rs232_dev * {aka struct alt_up_rs232_dev *}'
 int rs232_read_str (alt_fd* fd, char* ptr, int len);
     ^
hello_world.c:45:14: warning: array subscript has type 'char' [-Wchar-subscripts]
       reciver[cnt] = chuoi[0];
              ^
hello_world.c:49:15: warning: array subscript has type 'char' [-Wchar-subscripts]
     {  reciver[cnt] = 0;
               ^
hello_world.c:51:23: warning: passing argument 1 of 'rs232_write_str' from incompatible pointer type [-Wincompatible-pointer-types]
       rs232_write_str(rs232_dev,reciver1,cnt+6);
                       ^
hello_world.c:24:6: note: expected 'alt_fd * {aka struct alt_fd_s *}' but argument is of type 'alt_up_rs232_dev * {aka struct alt_up_rs232_dev *}'
 void rs232_write_str(alt_fd* fd, char *ptr, int len);
      ^
hello_world.c:57:7: warning: implicit declaration of function 'strstr' [-Wimplicit-function-declaration]
    if(strstr(reciver,"on1") && !stt1)
       ^
hello_world.c:57:7: warning: incompatible implicit declaration of built-in function 'strstr'
hello_world.c:57:7: note: include '<string.h>' or provide a declaration of 'strstr'
hello_world.c:59:22: warning: passing argument 1 of 'rs232_write_str' from incompatible pointer type [-Wincompatible-pointer-types]
      rs232_write_str(rs232_dev,"on1\n",4);
                      ^
hello_world.c:24:6: note: expected 'alt_fd * {aka struct alt_fd_s *}' but argument is of type 'alt_up_rs232_dev * {aka struct alt_up_rs232_dev *}'
 void rs232_write_str(alt_fd* fd, char *ptr, int len);
      ^
hello_world.c:63:7: warning: incompatible implicit declaration of built-in function 'strstr'
    if(strstr(reciver,"off1") && stt1)
       ^
hello_world.c:63:7: note: include '<string.h>' or provide a declaration of 'strstr'
hello_world.c:65:22: warning: passing argument 1 of 'rs232_write_str' from incompatible pointer type [-Wincompatible-pointer-types]
      rs232_write_str(rs232_dev,"off1\n",5);
                      ^
hello_world.c:24:6: note: expected 'alt_fd * {aka struct alt_fd_s *}' but argument is of type 'alt_up_rs232_dev * {aka struct alt_up_rs232_dev *}'
 void rs232_write_str(alt_fd* fd, char *ptr, int len);
      ^
hello_world.c:69:7: warning: incompatible implicit declaration of built-in function 'strstr'
    if(strstr(reciver,"on2") && !stt2)
       ^
hello_world.c:69:7: note: include '<string.h>' or provide a declaration of 'strstr'
hello_world.c:71:22: warning: passing argument 1 of 'rs232_write_str' from incompatible pointer type [-Wincompatible-pointer-types]
      rs232_write_str(rs232_dev,"on2\n",4);
                      ^
hello_world.c:24:6: note: expected 'alt_fd * {aka struct alt_fd_s *}' but argument is of type 'alt_up_rs232_dev * {aka struct alt_up_rs232_dev *}'
 void rs232_write_str(alt_fd* fd, char *ptr, int len);
      ^
hello_world.c:75:7: warning: incompatible implicit declaration of built-in function 'strstr'
    if(strstr(reciver,"off2") && stt2)
       ^
hello_world.c:75:7: note: include '<string.h>' or provide a declaration of 'strstr'
hello_world.c:77:22: warning: passing argument 1 of 'rs232_write_str' from incompatible pointer type [-Wincompatible-pointer-types]
      rs232_write_str(rs232_dev,"off2\n",5);
                      ^
hello_world.c:24:6: note: expected 'alt_fd * {aka struct alt_fd_s *}' but argument is of type 'alt_up_rs232_dev * {aka struct alt_up_rs232_dev *}'
 void rs232_write_str(alt_fd* fd, char *ptr, int len);
      ^
hello_world.c:81:7: warning: incompatible implicit declaration of built-in function 'strstr'
    if(strstr(reciver,"on3") && !stt3)
       ^
hello_world.c:81:7: note: include '<string.h>' or provide a declaration of 'strstr'
hello_world.c:83:22: warning: passing argument 1 of 'rs232_write_str' from incompatible pointer type [-Wincompatible-pointer-types]
      rs232_write_str(rs232_dev,"on3\n",4);
                      ^
hello_world.c:24:6: note: expected 'alt_fd * {aka struct alt_fd_s *}' but argument is of type 'alt_up_rs232_dev * {aka struct alt_up_rs232_dev *}'
 void rs232_write_str(alt_fd* fd, char *ptr, int len);
      ^
hello_world.c:87:7: warning: incompatible implicit declaration of built-in function 'strstr'
    if(strstr(reciver,"off3") && stt3)
       ^
hello_world.c:87:7: note: include '<string.h>' or provide a declaration of 'strstr'
hello_world.c:89:22: warning: passing argument 1 of 'rs232_write_str' from incompatible pointer type [-Wincompatible-pointer-types]
      rs232_write_str(rs232_dev,"off3\n",5);
                      ^
hello_world.c:24:6: note: expected 'alt_fd * {aka struct alt_fd_s *}' but argument is of type 'alt_up_rs232_dev * {aka struct alt_up_rs232_dev *}'
 void rs232_write_str(alt_fd* fd, char *ptr, int len);
      ^
hello_world.c: In function 'rs232_read_str':
hello_world.c:104:30: warning: passing argument 1 of 'alt_up_rs232_read_data' from incompatible pointer type [-Wincompatible-pointer-types]
   if (alt_up_rs232_read_data(fd, (alt_u8 *)ptr++, &parity_error)==0)
                              ^
In file included from hello_world.c:18:0:
../esp32_bsp//drivers/inc/altera_up_avalon_rs232.h:129:5: note: expected 'alt_up_rs232_dev * {aka struct alt_up_rs232_dev *}' but argument is of type 'alt_fd * {aka struct alt_fd_s *}'
 int alt_up_rs232_read_data(alt_up_rs232_dev *rs232, alt_u8 *data, alt_u8 *parity_error);
     ^
hello_world.c: In function 'rs232_write_str':
hello_world.c:119:31: warning: passing argument 1 of 'alt_up_rs232_write_data' from incompatible pointer type [-Wincompatible-pointer-types]
   if (alt_up_rs232_write_data(fd, *ptr)==0)
                               ^
In file included from hello_world.c:18:0:
../esp32_bsp//drivers/inc/altera_up_avalon_rs232.h:114:5: note: expected 'alt_up_rs232_dev * {aka struct alt_up_rs232_dev *}' but argument is of type 'alt_fd * {aka struct alt_fd_s *}'
 int alt_up_rs232_write_data(alt_up_rs232_dev *rs232, alt_u8 data);
     ^
Info: Linking esp32.elf
nios2-elf-g++  -T'../esp32_bsp//linker.x' -msys-crt0='../esp32_bsp//obj/HAL/src/crt0.o' -msys-lib=hal_bsp -L../esp32_bsp/   -Wl,-Map=esp32.map   -O0 -g -Wall   -mno-hw-div -mno-hw-mul -mno-hw-mulx -mgpopt=global  -o esp32.elf obj/default/hello_world.o -lm -msys-lib=m
nios2-elf-insert esp32.elf --thread_model hal --cpu_name CPU --qsys true --simulation_enabled false --stderr_dev DEBUG --stdin_dev DEBUG --stdout_dev DEBUG --sopc_system_name esp32 --quartus_project_dir "D:/2024/FPGA/codeFPGA_NIOS2/Bai9_UART_ESP32" --jdi ../..//output_files/esp32.jdi --sopcinfo D:/2024/FPGA/codeFPGA_NIOS2/Bai9_UART_ESP32/software/esp32_bsp/../../esp32.sopcinfo
Info: (esp32.elf) 88 KBytes program size (code + initialized data).
Info:             104 KBytes free for stack + heap.
Info: Creating esp32.objdump
nios2-elf-objdump --disassemble --syms --all-header --source esp32.elf >esp32.objdump
[esp32 build complete]
11:10:10 **** Incremental Build of configuration Nios II for project esp32 ****
make all 
Info: Building ../esp32_bsp/
D:/FPGA/nios2eds/bin/gnu/H-x86_64-mingw32/bin/make --no-print-directory -C ../esp32_bsp/
[BSP build complete]
Info: Compiling hello_world.c to obj/default/hello_world.o
nios2-elf-gcc -xc -MP -MMD -c -I../esp32_bsp//HAL/inc -I../esp32_bsp/ -I../esp32_bsp//drivers/inc  -pipe -D__hal__ -DALT_NO_INSTRUCTION_EMULATION -DALT_SINGLE_THREADED    -O0 -g -Wall   -mno-hw-div -mno-hw-mul -mno-hw-mulx -mgpopt=global  -o obj/default/hello_world.o hello_world.c
hello_world.c: In function 'main':
hello_world.c:41:22: warning: passing argument 1 of 'rs232_read_str' from incompatible pointer type [-Wincompatible-pointer-types]
    if(rs232_read_str(rs232_dev, chuoi, 1)>0)
                      ^
hello_world.c:23:5: note: expected 'alt_fd * {aka struct alt_fd_s *}' but argument is of type 'alt_up_rs232_dev * {aka struct alt_up_rs232_dev *}'
 int rs232_read_str (alt_fd* fd, char* ptr, int len);
     ^
hello_world.c:45:14: warning: array subscript has type 'char' [-Wchar-subscripts]
       reciver[cnt] = chuoi[0];
              ^
hello_world.c:49:15: warning: array subscript has type 'char' [-Wchar-subscripts]
     {  reciver[cnt] = 0;
               ^
hello_world.c:57:7: warning: implicit declaration of function 'strstr' [-Wimplicit-function-declaration]
    if(strstr(reciver,"on1") && !stt1)
       ^
hello_world.c:57:7: warning: incompatible implicit declaration of built-in function 'strstr'
hello_world.c:57:7: note: include '<string.h>' or provide a declaration of 'strstr'
hello_world.c:59:22: warning: passing argument 1 of 'rs232_write_str' from incompatible pointer type [-Wincompatible-pointer-types]
      rs232_write_str(rs232_dev,"FPGA:on1\n",8);
                      ^
hello_world.c:24:6: note: expected 'alt_fd * {aka struct alt_fd_s *}' but argument is of type 'alt_up_rs232_dev * {aka struct alt_up_rs232_dev *}'
 void rs232_write_str(alt_fd* fd, char *ptr, int len);
      ^
hello_world.c:63:7: warning: incompatible implicit declaration of built-in function 'strstr'
    if(strstr(reciver,"off1") && stt1)
       ^
hello_world.c:63:7: note: include '<string.h>' or provide a declaration of 'strstr'
hello_world.c:65:22: warning: passing argument 1 of 'rs232_write_str' from incompatible pointer type [-Wincompatible-pointer-types]
      rs232_write_str(rs232_dev,"FPGA:off1\n",9);
                      ^
hello_world.c:24:6: note: expected 'alt_fd * {aka struct alt_fd_s *}' but argument is of type 'alt_up_rs232_dev * {aka struct alt_up_rs232_dev *}'
 void rs232_write_str(alt_fd* fd, char *ptr, int len);
      ^
hello_world.c:69:7: warning: incompatible implicit declaration of built-in function 'strstr'
    if(strstr(reciver,"on2") && !stt2)
       ^
hello_world.c:69:7: note: include '<string.h>' or provide a declaration of 'strstr'
hello_world.c:71:22: warning: passing argument 1 of 'rs232_write_str' from incompatible pointer type [-Wincompatible-pointer-types]
      rs232_write_str(rs232_dev,"on2\n",4);
                      ^
hello_world.c:24:6: note: expected 'alt_fd * {aka struct alt_fd_s *}' but argument is of type 'alt_up_rs232_dev * {aka struct alt_up_rs232_dev *}'
 void rs232_write_str(alt_fd* fd, char *ptr, int len);
      ^
hello_world.c:75:7: warning: incompatible implicit declaration of built-in function 'strstr'
    if(strstr(reciver,"off2") && stt2)
       ^
hello_world.c:75:7: note: include '<string.h>' or provide a declaration of 'strstr'
hello_world.c:77:22: warning: passing argument 1 of 'rs232_write_str' from incompatible pointer type [-Wincompatible-pointer-types]
      rs232_write_str(rs232_dev,"off2\n",5);
                      ^
hello_world.c:24:6: note: expected 'alt_fd * {aka struct alt_fd_s *}' but argument is of type 'alt_up_rs232_dev * {aka struct alt_up_rs232_dev *}'
 void rs232_write_str(alt_fd* fd, char *ptr, int len);
      ^
hello_world.c:81:7: warning: incompatible implicit declaration of built-in function 'strstr'
    if(strstr(reciver,"on3") && !stt3)
       ^
hello_world.c:81:7: note: include '<string.h>' or provide a declaration of 'strstr'
hello_world.c:83:22: warning: passing argument 1 of 'rs232_write_str' from incompatible pointer type [-Wincompatible-pointer-types]
      rs232_write_str(rs232_dev,"on3\n",4);
                      ^
hello_world.c:24:6: note: expected 'alt_fd * {aka struct alt_fd_s *}' but argument is of type 'alt_up_rs232_dev * {aka struct alt_up_rs232_dev *}'
 void rs232_write_str(alt_fd* fd, char *ptr, int len);
      ^
hello_world.c:87:7: warning: incompatible implicit declaration of built-in function 'strstr'
    if(strstr(reciver,"off3") && stt3)
       ^
hello_world.c:87:7: note: include '<string.h>' or provide a declaration of 'strstr'
hello_world.c:89:22: warning: passing argument 1 of 'rs232_write_str' from incompatible pointer type [-Wincompatible-pointer-types]
      rs232_write_str(rs232_dev,"off3\n",5);
                      ^
hello_world.c:24:6: note: expected 'alt_fd * {aka struct alt_fd_s *}' but argument is of type 'alt_up_rs232_dev * {aka struct alt_up_rs232_dev *}'
 void rs232_write_str(alt_fd* fd, char *ptr, int len);
      ^
hello_world.c: In function 'rs232_read_str':
hello_world.c:104:30: warning: passing argument 1 of 'alt_up_rs232_read_data' from incompatible pointer type [-Wincompatible-pointer-types]
   if (alt_up_rs232_read_data(fd, (alt_u8 *)ptr++, &parity_error)==0)
                              ^
In file included from hello_world.c:18:0:
../esp32_bsp//drivers/inc/altera_up_avalon_rs232.h:129:5: note: expected 'alt_up_rs232_dev * {aka struct alt_up_rs232_dev *}' but argument is of type 'alt_fd * {aka struct alt_fd_s *}'
 int alt_up_rs232_read_data(alt_up_rs232_dev *rs232, alt_u8 *data, alt_u8 *parity_error);
     ^
hello_world.c: In function 'rs232_write_str':
hello_world.c:119:31: warning: passing argument 1 of 'alt_up_rs232_write_data' from incompatible pointer type [-Wincompatible-pointer-types]
   if (alt_up_rs232_write_data(fd, *ptr)==0)
                               ^
In file included from hello_world.c:18:0:
../esp32_bsp//drivers/inc/altera_up_avalon_rs232.h:114:5: note: expected 'alt_up_rs232_dev * {aka struct alt_up_rs232_dev *}' but argument is of type 'alt_fd * {aka struct alt_fd_s *}'
 int alt_up_rs232_write_data(alt_up_rs232_dev *rs232, alt_u8 data);
     ^
Info: Linking esp32.elf
nios2-elf-g++  -T'../esp32_bsp//linker.x' -msys-crt0='../esp32_bsp//obj/HAL/src/crt0.o' -msys-lib=hal_bsp -L../esp32_bsp/   -Wl,-Map=esp32.map   -O0 -g -Wall   -mno-hw-div -mno-hw-mul -mno-hw-mulx -mgpopt=global  -o esp32.elf obj/default/hello_world.o -lm -msys-lib=m
nios2-elf-insert esp32.elf --thread_model hal --cpu_name CPU --qsys true --simulation_enabled false --stderr_dev DEBUG --stdin_dev DEBUG --stdout_dev DEBUG --sopc_system_name esp32 --quartus_project_dir "D:/2024/FPGA/codeFPGA_NIOS2/Bai9_UART_ESP32" --jdi ../..//output_files/esp32.jdi --sopcinfo D:/2024/FPGA/codeFPGA_NIOS2/Bai9_UART_ESP32/software/esp32_bsp/../../esp32.sopcinfo
Info: (esp32.elf) 88 KBytes program size (code + initialized data).
Info:             104 KBytes free for stack + heap.
Info: Creating esp32.objdump
nios2-elf-objdump --disassemble --syms --all-header --source esp32.elf >esp32.objdump
[esp32 build complete]
11:11:50 **** Incremental Build of configuration Nios II for project esp32 ****
make all 
Info: Building ../esp32_bsp/
D:/FPGA/nios2eds/bin/gnu/H-x86_64-mingw32/bin/make --no-print-directory -C ../esp32_bsp/
[BSP build complete]
[esp32 build complete]
11:14:39 **** Incremental Build of configuration Nios II for project esp32 ****
make all 
Info: Building ../esp32_bsp/
D:/FPGA/nios2eds/bin/gnu/H-x86_64-mingw32/bin/make --no-print-directory -C ../esp32_bsp/
[BSP build complete]
Info: Compiling hello_world.c to obj/default/hello_world.o
nios2-elf-gcc -xc -MP -MMD -c -I../esp32_bsp//HAL/inc -I../esp32_bsp/ -I../esp32_bsp//drivers/inc  -pipe -D__hal__ -DALT_NO_INSTRUCTION_EMULATION -DALT_SINGLE_THREADED    -O0 -g -Wall   -mno-hw-div -mno-hw-mul -mno-hw-mulx -mgpopt=global  -o obj/default/hello_world.o hello_world.c
hello_world.c:26:21: error: redefinition of 'stt1'
 int stt1=1, stt2=1, stt1=1;
                     ^
hello_world.c:26:5: note: previous definition of 'stt1' was here
 int stt1=1, stt2=1, stt1=1;
     ^
hello_world.c: In function 'main':
hello_world.c:41:22: warning: passing argument 1 of 'rs232_read_str' from incompatible pointer type [-Wincompatible-pointer-types]
    if(rs232_read_str(rs232_dev, chuoi, 1)>0)
                      ^
hello_world.c:23:5: note: expected 'alt_fd * {aka struct alt_fd_s *}' but argument is of type 'alt_up_rs232_dev * {aka struct alt_up_rs232_dev *}'
 int rs232_read_str (alt_fd* fd, char* ptr, int len);
     ^
hello_world.c:45:14: warning: array subscript has type 'char' [-Wchar-subscripts]
       reciver[cnt] = chuoi[0];
              ^
hello_world.c:49:15: warning: array subscript has type 'char' [-Wchar-subscripts]
     {  reciver[cnt] = 0;
               ^
hello_world.c:57:7: warning: implicit declaration of function 'strstr' [-Wimplicit-function-declaration]
    if(strstr(reciver,"on1") && !stt1)
       ^
hello_world.c:57:7: warning: incompatible implicit declaration of built-in function 'strstr'
hello_world.c:57:7: note: include '<string.h>' or provide a declaration of 'strstr'
hello_world.c:59:22: warning: passing argument 1 of 'rs232_write_str' from incompatible pointer type [-Wincompatible-pointer-types]
      rs232_write_str(rs232_dev,"FPGA:on1\n",8);
                      ^
hello_world.c:24:6: note: expected 'alt_fd * {aka struct alt_fd_s *}' but argument is of type 'alt_up_rs232_dev * {aka struct alt_up_rs232_dev *}'
 void rs232_write_str(alt_fd* fd, char *ptr, int len);
      ^
hello_world.c:63:7: warning: incompatible implicit declaration of built-in function 'strstr'
    if(strstr(reciver,"off1") && stt1)
       ^
hello_world.c:63:7: note: include '<string.h>' or provide a declaration of 'strstr'
hello_world.c:65:22: warning: passing argument 1 of 'rs232_write_str' from incompatible pointer type [-Wincompatible-pointer-types]
      rs232_write_str(rs232_dev,"FPGA:off1\n",9);
                      ^
hello_world.c:24:6: note: expected 'alt_fd * {aka struct alt_fd_s *}' but argument is of type 'alt_up_rs232_dev * {aka struct alt_up_rs232_dev *}'
 void rs232_write_str(alt_fd* fd, char *ptr, int len);
      ^
hello_world.c:69:7: warning: incompatible implicit declaration of built-in function 'strstr'
    if(strstr(reciver,"on2") && !stt2)
       ^
hello_world.c:69:7: note: include '<string.h>' or provide a declaration of 'strstr'
hello_world.c:71:22: warning: passing argument 1 of 'rs232_write_str' from incompatible pointer type [-Wincompatible-pointer-types]
      rs232_write_str(rs232_dev,"on2\n",4);
                      ^
hello_world.c:24:6: note: expected 'alt_fd * {aka struct alt_fd_s *}' but argument is of type 'alt_up_rs232_dev * {aka struct alt_up_rs232_dev *}'
 void rs232_write_str(alt_fd* fd, char *ptr, int len);
      ^
hello_world.c:75:7: warning: incompatible implicit declaration of built-in function 'strstr'
    if(strstr(reciver,"off2") && stt2)
       ^
hello_world.c:75:7: note: include '<string.h>' or provide a declaration of 'strstr'
hello_world.c:77:22: warning: passing argument 1 of 'rs232_write_str' from incompatible pointer type [-Wincompatible-pointer-types]
      rs232_write_str(rs232_dev,"off2\n",5);
                      ^
hello_world.c:24:6: note: expected 'alt_fd * {aka struct alt_fd_s *}' but argument is of type 'alt_up_rs232_dev * {aka struct alt_up_rs232_dev *}'
 void rs232_write_str(alt_fd* fd, char *ptr, int len);
      ^
hello_world.c:81:7: warning: incompatible implicit declaration of built-in function 'strstr'
    if(strstr(reciver,"on3") && !stt3)
       ^
hello_world.c:81:7: note: include '<string.h>' or provide a declaration of 'strstr'
hello_world.c:81:33: error: 'stt3' undeclared (first use in this function)
    if(strstr(reciver,"on3") && !stt3)
                                 ^
hello_world.c:81:33: note: each undeclared identifier is reported only once for each function it appears in
hello_world.c:83:22: warning: passing argument 1 of 'rs232_write_str' from incompatible pointer type [-Wincompatible-pointer-types]
      rs232_write_str(rs232_dev,"on3\n",4);
                      ^
hello_world.c:24:6: note: expected 'alt_fd * {aka struct alt_fd_s *}' but argument is of type 'alt_up_rs232_dev * {aka struct alt_up_rs232_dev *}'
 void rs232_write_str(alt_fd* fd, char *ptr, int len);
      ^
hello_world.c:87:7: warning: incompatible implicit declaration of built-in function 'strstr'
    if(strstr(reciver,"off3") && stt3)
       ^
hello_world.c:87:7: note: include '<string.h>' or provide a declaration of 'strstr'
hello_world.c:89:22: warning: passing argument 1 of 'rs232_write_str' from incompatible pointer type [-Wincompatible-pointer-types]
      rs232_write_str(rs232_dev,"off3\n",5);
                      ^
hello_world.c:24:6: note: expected 'alt_fd * {aka struct alt_fd_s *}' but argument is of type 'alt_up_rs232_dev * {aka struct alt_up_rs232_dev *}'
 void rs232_write_str(alt_fd* fd, char *ptr, int len);
      ^
hello_world.c: In function 'rs232_read_str':
hello_world.c:104:30: warning: passing argument 1 of 'alt_up_rs232_read_data' from incompatible pointer type [-Wincompatible-pointer-types]
   if (alt_up_rs232_read_data(fd, (alt_u8 *)ptr++, &parity_error)==0)
                              ^
In file included from hello_world.c:18:0:
../esp32_bsp//drivers/inc/altera_up_avalon_rs232.h:129:5: note: expected 'alt_up_rs232_dev * {aka struct alt_up_rs232_dev *}' but argument is of type 'alt_fd * {aka struct alt_fd_s *}'
 int alt_up_rs232_read_data(alt_up_rs232_dev *rs232, alt_u8 *data, alt_u8 *parity_error);
     ^
hello_world.c: In function 'rs232_write_str':
hello_world.c:119:31: warning: passing argument 1 of 'alt_up_rs232_write_data' from incompatible pointer type [-Wincompatible-pointer-types]
   if (alt_up_rs232_write_data(fd, *ptr)==0)
                               ^
In file included from hello_world.c:18:0:
../esp32_bsp//drivers/inc/altera_up_avalon_rs232.h:114:5: note: expected 'alt_up_rs232_dev * {aka struct alt_up_rs232_dev *}' but argument is of type 'alt_fd * {aka struct alt_fd_s *}'
 int alt_up_rs232_write_data(alt_up_rs232_dev *rs232, alt_u8 data);
     ^
make: *** [obj/default/hello_world.o] Error 1
11:15:24 **** Incremental Build of configuration Nios II for project esp32 ****
make all 
Info: Building ../esp32_bsp/
D:/FPGA/nios2eds/bin/gnu/H-x86_64-mingw32/bin/make --no-print-directory -C ../esp32_bsp/
[BSP build complete]
Info: Compiling hello_world.c to obj/default/hello_world.o
nios2-elf-gcc -xc -MP -MMD -c -I../esp32_bsp//HAL/inc -I../esp32_bsp/ -I../esp32_bsp//drivers/inc  -pipe -D__hal__ -DALT_NO_INSTRUCTION_EMULATION -DALT_SINGLE_THREADED    -O0 -g -Wall   -mno-hw-div -mno-hw-mul -mno-hw-mulx -mgpopt=global  -o obj/default/hello_world.o hello_world.c
hello_world.c: In function 'main':
hello_world.c:41:22: warning: passing argument 1 of 'rs232_read_str' from incompatible pointer type [-Wincompatible-pointer-types]
    if(rs232_read_str(rs232_dev, chuoi, 1)>0)
                      ^
hello_world.c:23:5: note: expected 'alt_fd * {aka struct alt_fd_s *}' but argument is of type 'alt_up_rs232_dev * {aka struct alt_up_rs232_dev *}'
 int rs232_read_str (alt_fd* fd, char* ptr, int len);
     ^
hello_world.c:45:14: warning: array subscript has type 'char' [-Wchar-subscripts]
       reciver[cnt] = chuoi[0];
              ^
hello_world.c:49:15: warning: array subscript has type 'char' [-Wchar-subscripts]
     {  reciver[cnt] = 0;
               ^
hello_world.c:57:7: warning: implicit declaration of function 'strstr' [-Wimplicit-function-declaration]
    if(strstr(reciver,"on1") && !stt1)
       ^
hello_world.c:57:7: warning: incompatible implicit declaration of built-in function 'strstr'
hello_world.c:57:7: note: include '<string.h>' or provide a declaration of 'strstr'
hello_world.c:59:22: warning: passing argument 1 of 'rs232_write_str' from incompatible pointer type [-Wincompatible-pointer-types]
      rs232_write_str(rs232_dev,"FPGA:on1\n",8);
                      ^
hello_world.c:24:6: note: expected 'alt_fd * {aka struct alt_fd_s *}' but argument is of type 'alt_up_rs232_dev * {aka struct alt_up_rs232_dev *}'
 void rs232_write_str(alt_fd* fd, char *ptr, int len);
      ^
hello_world.c:63:7: warning: incompatible implicit declaration of built-in function 'strstr'
    if(strstr(reciver,"off1") && stt1)
       ^
hello_world.c:63:7: note: include '<string.h>' or provide a declaration of 'strstr'
hello_world.c:65:22: warning: passing argument 1 of 'rs232_write_str' from incompatible pointer type [-Wincompatible-pointer-types]
      rs232_write_str(rs232_dev,"FPGA:off1\n",9);
                      ^
hello_world.c:24:6: note: expected 'alt_fd * {aka struct alt_fd_s *}' but argument is of type 'alt_up_rs232_dev * {aka struct alt_up_rs232_dev *}'
 void rs232_write_str(alt_fd* fd, char *ptr, int len);
      ^
hello_world.c:69:7: warning: incompatible implicit declaration of built-in function 'strstr'
    if(strstr(reciver,"on2") && !stt2)
       ^
hello_world.c:69:7: note: include '<string.h>' or provide a declaration of 'strstr'
hello_world.c:71:22: warning: passing argument 1 of 'rs232_write_str' from incompatible pointer type [-Wincompatible-pointer-types]
      rs232_write_str(rs232_dev,"on2\n",4);
                      ^
hello_world.c:24:6: note: expected 'alt_fd * {aka struct alt_fd_s *}' but argument is of type 'alt_up_rs232_dev * {aka struct alt_up_rs232_dev *}'
 void rs232_write_str(alt_fd* fd, char *ptr, int len);
      ^
hello_world.c:75:7: warning: incompatible implicit declaration of built-in function 'strstr'
    if(strstr(reciver,"off2") && stt2)
       ^
hello_world.c:75:7: note: include '<string.h>' or provide a declaration of 'strstr'
hello_world.c:77:22: warning: passing argument 1 of 'rs232_write_str' from incompatible pointer type [-Wincompatible-pointer-types]
      rs232_write_str(rs232_dev,"off2\n",5);
                      ^
hello_world.c:24:6: note: expected 'alt_fd * {aka struct alt_fd_s *}' but argument is of type 'alt_up_rs232_dev * {aka struct alt_up_rs232_dev *}'
 void rs232_write_str(alt_fd* fd, char *ptr, int len);
      ^
hello_world.c:81:7: warning: incompatible implicit declaration of built-in function 'strstr'
    if(strstr(reciver,"on3") && !stt3)
       ^
hello_world.c:81:7: note: include '<string.h>' or provide a declaration of 'strstr'
hello_world.c:83:22: warning: passing argument 1 of 'rs232_write_str' from incompatible pointer type [-Wincompatible-pointer-types]
      rs232_write_str(rs232_dev,"on3\n",4);
                      ^
hello_world.c:24:6: note: expected 'alt_fd * {aka struct alt_fd_s *}' but argument is of type 'alt_up_rs232_dev * {aka struct alt_up_rs232_dev *}'
 void rs232_write_str(alt_fd* fd, char *ptr, int len);
      ^
hello_world.c:87:7: warning: incompatible implicit declaration of built-in function 'strstr'
    if(strstr(reciver,"off3") && stt3)
       ^
hello_world.c:87:7: note: include '<string.h>' or provide a declaration of 'strstr'
hello_world.c:89:22: warning: passing argument 1 of 'rs232_write_str' from incompatible pointer type [-Wincompatible-pointer-types]
      rs232_write_str(rs232_dev,"off3\n",5);
                      ^
hello_world.c:24:6: note: expected 'alt_fd * {aka struct alt_fd_s *}' but argument is of type 'alt_up_rs232_dev * {aka struct alt_up_rs232_dev *}'
 void rs232_write_str(alt_fd* fd, char *ptr, int len);
      ^
hello_world.c: In function 'rs232_read_str':
hello_world.c:104:30: warning: passing argument 1 of 'alt_up_rs232_read_data' from incompatible pointer type [-Wincompatible-pointer-types]
   if (alt_up_rs232_read_data(fd, (alt_u8 *)ptr++, &parity_error)==0)
                              ^
In file included from hello_world.c:18:0:
../esp32_bsp//drivers/inc/altera_up_avalon_rs232.h:129:5: note: expected 'alt_up_rs232_dev * {aka struct alt_up_rs232_dev *}' but argument is of type 'alt_fd * {aka struct alt_fd_s *}'
 int alt_up_rs232_read_data(alt_up_rs232_dev *rs232, alt_u8 *data, alt_u8 *parity_error);
     ^
hello_world.c: In function 'rs232_write_str':
hello_world.c:119:31: warning: passing argument 1 of 'alt_up_rs232_write_data' from incompatible pointer type [-Wincompatible-pointer-types]
   if (alt_up_rs232_write_data(fd, *ptr)==0)
                               ^
In file included from hello_world.c:18:0:
../esp32_bsp//drivers/inc/altera_up_avalon_rs232.h:114:5: note: expected 'alt_up_rs232_dev * {aka struct alt_up_rs232_dev *}' but argument is of type 'alt_fd * {aka struct alt_fd_s *}'
 int alt_up_rs232_write_data(alt_up_rs232_dev *rs232, alt_u8 data);
     ^
Info: Linking esp32.elf
nios2-elf-g++  -T'../esp32_bsp//linker.x' -msys-crt0='../esp32_bsp//obj/HAL/src/crt0.o' -msys-lib=hal_bsp -L../esp32_bsp/   -Wl,-Map=esp32.map   -O0 -g -Wall   -mno-hw-div -mno-hw-mul -mno-hw-mulx -mgpopt=global  -o esp32.elf obj/default/hello_world.o -lm -msys-lib=m
nios2-elf-insert esp32.elf --thread_model hal --cpu_name CPU --qsys true --simulation_enabled false --stderr_dev DEBUG --stdin_dev DEBUG --stdout_dev DEBUG --sopc_system_name esp32 --quartus_project_dir "D:/2024/FPGA/codeFPGA_NIOS2/Bai9_UART_ESP32" --jdi ../..//output_files/esp32.jdi --sopcinfo D:/2024/FPGA/codeFPGA_NIOS2/Bai9_UART_ESP32/software/esp32_bsp/../../esp32.sopcinfo
Info: (esp32.elf) 88 KBytes program size (code + initialized data).
Info:             104 KBytes free for stack + heap.
Info: Creating esp32.objdump
nios2-elf-objdump --disassemble --syms --all-header --source esp32.elf >esp32.objdump
[esp32 build complete]
11:18:44 **** Incremental Build of configuration Nios II for project esp32 ****
make all 
Info: Building ../esp32_bsp/
D:/FPGA/nios2eds/bin/gnu/H-x86_64-mingw32/bin/make --no-print-directory -C ../esp32_bsp/
[BSP build complete]
Info: Compiling hello_world.c to obj/default/hello_world.o
nios2-elf-gcc -xc -MP -MMD -c -I../esp32_bsp//HAL/inc -I../esp32_bsp/ -I../esp32_bsp//drivers/inc  -pipe -D__hal__ -DALT_NO_INSTRUCTION_EMULATION -DALT_SINGLE_THREADED    -O0 -g -Wall   -mno-hw-div -mno-hw-mul -mno-hw-mulx -mgpopt=global  -o obj/default/hello_world.o hello_world.c
hello_world.c: In function 'main':
hello_world.c:44:22: warning: passing argument 1 of 'rs232_read_str' from incompatible pointer type [-Wincompatible-pointer-types]
    if(rs232_read_str(rs232_dev, chuoi, 1)>0)
                      ^
hello_world.c:23:5: note: expected 'alt_fd * {aka struct alt_fd_s *}' but argument is of type 'alt_up_rs232_dev * {aka struct alt_up_rs232_dev *}'
 int rs232_read_str (alt_fd* fd, char* ptr, int len);
     ^
hello_world.c:48:14: warning: array subscript has type 'char' [-Wchar-subscripts]
       reciver[cnt] = chuoi[0];
              ^
hello_world.c:52:15: warning: array subscript has type 'char' [-Wchar-subscripts]
     {  reciver[cnt] = 0;
               ^
hello_world.c:60:7: warning: implicit declaration of function 'strstr' [-Wimplicit-function-declaration]
    if(strstr(reciver,"on1") && !stt1)
       ^
hello_world.c:60:7: warning: incompatible implicit declaration of built-in function 'strstr'
hello_world.c:60:7: note: include '<string.h>' or provide a declaration of 'strstr'
hello_world.c:62:22: warning: passing argument 1 of 'rs232_write_str' from incompatible pointer type [-Wincompatible-pointer-types]
      rs232_write_str(rs232_dev,"on1\n",8);
                      ^
hello_world.c:24:6: note: expected 'alt_fd * {aka struct alt_fd_s *}' but argument is of type 'alt_up_rs232_dev * {aka struct alt_up_rs232_dev *}'
 void rs232_write_str(alt_fd* fd, char *ptr, int len);
      ^
hello_world.c:66:7: warning: incompatible implicit declaration of built-in function 'strstr'
    if(strstr(reciver,"off1") && stt1)
       ^
hello_world.c:66:7: note: include '<string.h>' or provide a declaration of 'strstr'
hello_world.c:68:22: warning: passing argument 1 of 'rs232_write_str' from incompatible pointer type [-Wincompatible-pointer-types]
      rs232_write_str(rs232_dev,"off1\n",9);
                      ^
hello_world.c:24:6: note: expected 'alt_fd * {aka struct alt_fd_s *}' but argument is of type 'alt_up_rs232_dev * {aka struct alt_up_rs232_dev *}'
 void rs232_write_str(alt_fd* fd, char *ptr, int len);
      ^
hello_world.c:72:7: warning: incompatible implicit declaration of built-in function 'strstr'
    if(strstr(reciver,"on2") && !stt2)
       ^
hello_world.c:72:7: note: include '<string.h>' or provide a declaration of 'strstr'
hello_world.c:74:22: warning: passing argument 1 of 'rs232_write_str' from incompatible pointer type [-Wincompatible-pointer-types]
      rs232_write_str(rs232_dev,"on2\n",4);
                      ^
hello_world.c:24:6: note: expected 'alt_fd * {aka struct alt_fd_s *}' but argument is of type 'alt_up_rs232_dev * {aka struct alt_up_rs232_dev *}'
 void rs232_write_str(alt_fd* fd, char *ptr, int len);
      ^
hello_world.c:78:7: warning: incompatible implicit declaration of built-in function 'strstr'
    if(strstr(reciver,"off2") && stt2)
       ^
hello_world.c:78:7: note: include '<string.h>' or provide a declaration of 'strstr'
hello_world.c:80:22: warning: passing argument 1 of 'rs232_write_str' from incompatible pointer type [-Wincompatible-pointer-types]
      rs232_write_str(rs232_dev,"off2\n",5);
                      ^
hello_world.c:24:6: note: expected 'alt_fd * {aka struct alt_fd_s *}' but argument is of type 'alt_up_rs232_dev * {aka struct alt_up_rs232_dev *}'
 void rs232_write_str(alt_fd* fd, char *ptr, int len);
      ^
hello_world.c:84:7: warning: incompatible implicit declaration of built-in function 'strstr'
    if(strstr(reciver,"on3") && !stt3)
       ^
hello_world.c:84:7: note: include '<string.h>' or provide a declaration of 'strstr'
hello_world.c:86:22: warning: passing argument 1 of 'rs232_write_str' from incompatible pointer type [-Wincompatible-pointer-types]
      rs232_write_str(rs232_dev,"on3\n",4);
                      ^
hello_world.c:24:6: note: expected 'alt_fd * {aka struct alt_fd_s *}' but argument is of type 'alt_up_rs232_dev * {aka struct alt_up_rs232_dev *}'
 void rs232_write_str(alt_fd* fd, char *ptr, int len);
      ^
hello_world.c:90:7: warning: incompatible implicit declaration of built-in function 'strstr'
    if(strstr(reciver,"off3") && stt3)
       ^
hello_world.c:90:7: note: include '<string.h>' or provide a declaration of 'strstr'
hello_world.c:92:22: warning: passing argument 1 of 'rs232_write_str' from incompatible pointer type [-Wincompatible-pointer-types]
      rs232_write_str(rs232_dev,"off3\n",5);
                      ^
hello_world.c:24:6: note: expected 'alt_fd * {aka struct alt_fd_s *}' but argument is of type 'alt_up_rs232_dev * {aka struct alt_up_rs232_dev *}'
 void rs232_write_str(alt_fd* fd, char *ptr, int len);
      ^
hello_world.c: In function 'rs232_read_str':
hello_world.c:107:30: warning: passing argument 1 of 'alt_up_rs232_read_data' from incompatible pointer type [-Wincompatible-pointer-types]
   if (alt_up_rs232_read_data(fd, (alt_u8 *)ptr++, &parity_error)==0)
                              ^
In file included from hello_world.c:18:0:
../esp32_bsp//drivers/inc/altera_up_avalon_rs232.h:129:5: note: expected 'alt_up_rs232_dev * {aka struct alt_up_rs232_dev *}' but argument is of type 'alt_fd * {aka struct alt_fd_s *}'
 int alt_up_rs232_read_data(alt_up_rs232_dev *rs232, alt_u8 *data, alt_u8 *parity_error);
     ^
hello_world.c: In function 'rs232_write_str':
hello_world.c:122:31: warning: passing argument 1 of 'alt_up_rs232_write_data' from incompatible pointer type [-Wincompatible-pointer-types]
   if (alt_up_rs232_write_data(fd, *ptr)==0)
                               ^
In file included from hello_world.c:18:0:
../esp32_bsp//drivers/inc/altera_up_avalon_rs232.h:114:5: note: expected 'alt_up_rs232_dev * {aka struct alt_up_rs232_dev *}' but argument is of type 'alt_fd * {aka struct alt_fd_s *}'
 int alt_up_rs232_write_data(alt_up_rs232_dev *rs232, alt_u8 data);
     ^
Info: Linking esp32.elf
nios2-elf-g++  -T'../esp32_bsp//linker.x' -msys-crt0='../esp32_bsp//obj/HAL/src/crt0.o' -msys-lib=hal_bsp -L../esp32_bsp/   -Wl,-Map=esp32.map   -O0 -g -Wall   -mno-hw-div -mno-hw-mul -mno-hw-mulx -mgpopt=global  -o esp32.elf obj/default/hello_world.o -lm -msys-lib=m
nios2-elf-insert esp32.elf --thread_model hal --cpu_name CPU --qsys true --simulation_enabled false --stderr_dev DEBUG --stdin_dev DEBUG --stdout_dev DEBUG --sopc_system_name esp32 --quartus_project_dir "D:/2024/FPGA/codeFPGA_NIOS2/Bai9_UART_ESP32" --jdi ../..//output_files/esp32.jdi --sopcinfo D:/2024/FPGA/codeFPGA_NIOS2/Bai9_UART_ESP32/software/esp32_bsp/../../esp32.sopcinfo
Info: (esp32.elf) 88 KBytes program size (code + initialized data).
Info:             104 KBytes free for stack + heap.
Info: Creating esp32.objdump
nios2-elf-objdump --disassemble --syms --all-header --source esp32.elf >esp32.objdump
[esp32 build complete]
11:20:15 **** Incremental Build of configuration Nios II for project esp32 ****
make all 
Info: Building ../esp32_bsp/
D:/FPGA/nios2eds/bin/gnu/H-x86_64-mingw32/bin/make --no-print-directory -C ../esp32_bsp/
[BSP build complete]
Info: Compiling hello_world.c to obj/default/hello_world.o
nios2-elf-gcc -xc -MP -MMD -c -I../esp32_bsp//HAL/inc -I../esp32_bsp/ -I../esp32_bsp//drivers/inc  -pipe -D__hal__ -DALT_NO_INSTRUCTION_EMULATION -DALT_SINGLE_THREADED    -O0 -g -Wall   -mno-hw-div -mno-hw-mul -mno-hw-mulx -mgpopt=global  -o obj/default/hello_world.o hello_world.c
hello_world.c: In function 'main':
hello_world.c:44:22: warning: passing argument 1 of 'rs232_read_str' from incompatible pointer type [-Wincompatible-pointer-types]
    if(rs232_read_str(rs232_dev, chuoi, 1)>0)
                      ^
hello_world.c:23:5: note: expected 'alt_fd * {aka struct alt_fd_s *}' but argument is of type 'alt_up_rs232_dev * {aka struct alt_up_rs232_dev *}'
 int rs232_read_str (alt_fd* fd, char* ptr, int len);
     ^
hello_world.c:48:14: warning: array subscript has type 'char' [-Wchar-subscripts]
       reciver[cnt] = chuoi[0];
              ^
hello_world.c:52:15: warning: array subscript has type 'char' [-Wchar-subscripts]
     {  reciver[cnt] = 0;
               ^
hello_world.c:60:7: warning: implicit declaration of function 'strstr' [-Wimplicit-function-declaration]
    if(strstr(reciver,"on1") && !stt1)
       ^
hello_world.c:60:7: warning: incompatible implicit declaration of built-in function 'strstr'
hello_world.c:60:7: note: include '<string.h>' or provide a declaration of 'strstr'
hello_world.c:62:22: warning: passing argument 1 of 'rs232_write_str' from incompatible pointer type [-Wincompatible-pointer-types]
      rs232_write_str(rs232_dev,"on1\n",8);
                      ^
hello_world.c:24:6: note: expected 'alt_fd * {aka struct alt_fd_s *}' but argument is of type 'alt_up_rs232_dev * {aka struct alt_up_rs232_dev *}'
 void rs232_write_str(alt_fd* fd, char *ptr, int len);
      ^
hello_world.c:66:7: warning: incompatible implicit declaration of built-in function 'strstr'
    if(strstr(reciver,"off1") && stt1)
       ^
hello_world.c:66:7: note: include '<string.h>' or provide a declaration of 'strstr'
hello_world.c:68:22: warning: passing argument 1 of 'rs232_write_str' from incompatible pointer type [-Wincompatible-pointer-types]
      rs232_write_str(rs232_dev,"off1\n",9);
                      ^
hello_world.c:24:6: note: expected 'alt_fd * {aka struct alt_fd_s *}' but argument is of type 'alt_up_rs232_dev * {aka struct alt_up_rs232_dev *}'
 void rs232_write_str(alt_fd* fd, char *ptr, int len);
      ^
hello_world.c:72:7: warning: incompatible implicit declaration of built-in function 'strstr'
    if(strstr(reciver,"on2") && !stt2)
       ^
hello_world.c:72:7: note: include '<string.h>' or provide a declaration of 'strstr'
hello_world.c:74:22: warning: passing argument 1 of 'rs232_write_str' from incompatible pointer type [-Wincompatible-pointer-types]
      rs232_write_str(rs232_dev,"on2\n",4);
                      ^
hello_world.c:24:6: note: expected 'alt_fd * {aka struct alt_fd_s *}' but argument is of type 'alt_up_rs232_dev * {aka struct alt_up_rs232_dev *}'
 void rs232_write_str(alt_fd* fd, char *ptr, int len);
      ^
hello_world.c:78:7: warning: incompatible implicit declaration of built-in function 'strstr'
    if(strstr(reciver,"off2") && stt2)
       ^
hello_world.c:78:7: note: include '<string.h>' or provide a declaration of 'strstr'
hello_world.c:80:22: warning: passing argument 1 of 'rs232_write_str' from incompatible pointer type [-Wincompatible-pointer-types]
      rs232_write_str(rs232_dev,"off2\n",5);
                      ^
hello_world.c:24:6: note: expected 'alt_fd * {aka struct alt_fd_s *}' but argument is of type 'alt_up_rs232_dev * {aka struct alt_up_rs232_dev *}'
 void rs232_write_str(alt_fd* fd, char *ptr, int len);
      ^
hello_world.c:84:7: warning: incompatible implicit declaration of built-in function 'strstr'
    if(strstr(reciver,"on3") && !stt3)
       ^
hello_world.c:84:7: note: include '<string.h>' or provide a declaration of 'strstr'
hello_world.c:86:22: warning: passing argument 1 of 'rs232_write_str' from incompatible pointer type [-Wincompatible-pointer-types]
      rs232_write_str(rs232_dev,"on3\n",4);
                      ^
hello_world.c:24:6: note: expected 'alt_fd * {aka struct alt_fd_s *}' but argument is of type 'alt_up_rs232_dev * {aka struct alt_up_rs232_dev *}'
 void rs232_write_str(alt_fd* fd, char *ptr, int len);
      ^
hello_world.c:90:7: warning: incompatible implicit declaration of built-in function 'strstr'
    if(strstr(reciver,"off3") && stt3)
       ^
hello_world.c:90:7: note: include '<string.h>' or provide a declaration of 'strstr'
hello_world.c:92:22: warning: passing argument 1 of 'rs232_write_str' from incompatible pointer type [-Wincompatible-pointer-types]
      rs232_write_str(rs232_dev,"off3\n",5);
                      ^
hello_world.c:24:6: note: expected 'alt_fd * {aka struct alt_fd_s *}' but argument is of type 'alt_up_rs232_dev * {aka struct alt_up_rs232_dev *}'
 void rs232_write_str(alt_fd* fd, char *ptr, int len);
      ^
hello_world.c: In function 'rs232_read_str':
hello_world.c:107:30: warning: passing argument 1 of 'alt_up_rs232_read_data' from incompatible pointer type [-Wincompatible-pointer-types]
   if (alt_up_rs232_read_data(fd, (alt_u8 *)ptr++, &parity_error)==0)
                              ^
In file included from hello_world.c:18:0:
../esp32_bsp//drivers/inc/altera_up_avalon_rs232.h:129:5: note: expected 'alt_up_rs232_dev * {aka struct alt_up_rs232_dev *}' but argument is of type 'alt_fd * {aka struct alt_fd_s *}'
 int alt_up_rs232_read_data(alt_up_rs232_dev *rs232, alt_u8 *data, alt_u8 *parity_error);
     ^
hello_world.c: In function 'rs232_write_str':
hello_world.c:122:31: warning: passing argument 1 of 'alt_up_rs232_write_data' from incompatible pointer type [-Wincompatible-pointer-types]
   if (alt_up_rs232_write_data(fd, *ptr)==0)
                               ^
In file included from hello_world.c:18:0:
../esp32_bsp//drivers/inc/altera_up_avalon_rs232.h:114:5: note: expected 'alt_up_rs232_dev * {aka struct alt_up_rs232_dev *}' but argument is of type 'alt_fd * {aka struct alt_fd_s *}'
 int alt_up_rs232_write_data(alt_up_rs232_dev *rs232, alt_u8 data);
     ^
Info: Linking esp32.elf
nios2-elf-g++  -T'../esp32_bsp//linker.x' -msys-crt0='../esp32_bsp//obj/HAL/src/crt0.o' -msys-lib=hal_bsp -L../esp32_bsp/   -Wl,-Map=esp32.map   -O0 -g -Wall   -mno-hw-div -mno-hw-mul -mno-hw-mulx -mgpopt=global  -o esp32.elf obj/default/hello_world.o -lm -msys-lib=m
nios2-elf-insert esp32.elf --thread_model hal --cpu_name CPU --qsys true --simulation_enabled false --stderr_dev DEBUG --stdin_dev DEBUG --stdout_dev DEBUG --sopc_system_name esp32 --quartus_project_dir "D:/2024/FPGA/codeFPGA_NIOS2/Bai9_UART_ESP32" --jdi ../..//output_files/esp32.jdi --sopcinfo D:/2024/FPGA/codeFPGA_NIOS2/Bai9_UART_ESP32/software/esp32_bsp/../../esp32.sopcinfo
Info: (esp32.elf) 88 KBytes program size (code + initialized data).
Info:             104 KBytes free for stack + heap.
Info: Creating esp32.objdump
nios2-elf-objdump --disassemble --syms --all-header --source esp32.elf >esp32.objdump
[esp32 build complete]
11:21:55 **** Incremental Build of configuration Nios II for project esp32 ****
make all 
Info: Building ../esp32_bsp/
D:/FPGA/nios2eds/bin/gnu/H-x86_64-mingw32/bin/make --no-print-directory -C ../esp32_bsp/
[BSP build complete]
Info: Compiling hello_world.c to obj/default/hello_world.o
nios2-elf-gcc -xc -MP -MMD -c -I../esp32_bsp//HAL/inc -I../esp32_bsp/ -I../esp32_bsp//drivers/inc  -pipe -D__hal__ -DALT_NO_INSTRUCTION_EMULATION -DALT_SINGLE_THREADED    -O0 -g -Wall   -mno-hw-div -mno-hw-mul -mno-hw-mulx -mgpopt=global  -o obj/default/hello_world.o hello_world.c
hello_world.c: In function 'main':
hello_world.c:41:22: warning: passing argument 1 of 'rs232_read_str' from incompatible pointer type [-Wincompatible-pointer-types]
    if(rs232_read_str(rs232_dev, chuoi, 1)>0)
                      ^
hello_world.c:23:5: note: expected 'alt_fd * {aka struct alt_fd_s *}' but argument is of type 'alt_up_rs232_dev * {aka struct alt_up_rs232_dev *}'
 int rs232_read_str (alt_fd* fd, char* ptr, int len);
     ^
hello_world.c:45:14: warning: array subscript has type 'char' [-Wchar-subscripts]
       reciver[cnt] = chuoi[0];
              ^
hello_world.c:49:15: warning: array subscript has type 'char' [-Wchar-subscripts]
     {  reciver[cnt] = 0;
               ^
hello_world.c:57:7: warning: implicit declaration of function 'strstr' [-Wimplicit-function-declaration]
    if(strstr(reciver,"on1") && !stt1)
       ^
hello_world.c:57:7: warning: incompatible implicit declaration of built-in function 'strstr'
hello_world.c:57:7: note: include '<string.h>' or provide a declaration of 'strstr'
hello_world.c:59:22: warning: passing argument 1 of 'rs232_write_str' from incompatible pointer type [-Wincompatible-pointer-types]
      rs232_write_str(rs232_dev,"on1\n",8);
                      ^
hello_world.c:24:6: note: expected 'alt_fd * {aka struct alt_fd_s *}' but argument is of type 'alt_up_rs232_dev * {aka struct alt_up_rs232_dev *}'
 void rs232_write_str(alt_fd* fd, char *ptr, int len);
      ^
hello_world.c:63:7: warning: incompatible implicit declaration of built-in function 'strstr'
    if(strstr(reciver,"off1") && stt1)
       ^
hello_world.c:63:7: note: include '<string.h>' or provide a declaration of 'strstr'
hello_world.c:65:22: warning: passing argument 1 of 'rs232_write_str' from incompatible pointer type [-Wincompatible-pointer-types]
      rs232_write_str(rs232_dev,"off1\n",9);
                      ^
hello_world.c:24:6: note: expected 'alt_fd * {aka struct alt_fd_s *}' but argument is of type 'alt_up_rs232_dev * {aka struct alt_up_rs232_dev *}'
 void rs232_write_str(alt_fd* fd, char *ptr, int len);
      ^
hello_world.c:69:7: warning: incompatible implicit declaration of built-in function 'strstr'
    if(strstr(reciver,"on2") && !stt2)
       ^
hello_world.c:69:7: note: include '<string.h>' or provide a declaration of 'strstr'
hello_world.c:71:22: warning: passing argument 1 of 'rs232_write_str' from incompatible pointer type [-Wincompatible-pointer-types]
      rs232_write_str(rs232_dev,"on2\n",4);
                      ^
hello_world.c:24:6: note: expected 'alt_fd * {aka struct alt_fd_s *}' but argument is of type 'alt_up_rs232_dev * {aka struct alt_up_rs232_dev *}'
 void rs232_write_str(alt_fd* fd, char *ptr, int len);
      ^
hello_world.c:75:7: warning: incompatible implicit declaration of built-in function 'strstr'
    if(strstr(reciver,"off2") && stt2)
       ^
hello_world.c:75:7: note: include '<string.h>' or provide a declaration of 'strstr'
hello_world.c:77:22: warning: passing argument 1 of 'rs232_write_str' from incompatible pointer type [-Wincompatible-pointer-types]
      rs232_write_str(rs232_dev,"off2\n",5);
                      ^
hello_world.c:24:6: note: expected 'alt_fd * {aka struct alt_fd_s *}' but argument is of type 'alt_up_rs232_dev * {aka struct alt_up_rs232_dev *}'
 void rs232_write_str(alt_fd* fd, char *ptr, int len);
      ^
hello_world.c:81:7: warning: incompatible implicit declaration of built-in function 'strstr'
    if(strstr(reciver,"on3") && !stt3)
       ^
hello_world.c:81:7: note: include '<string.h>' or provide a declaration of 'strstr'
hello_world.c:83:22: warning: passing argument 1 of 'rs232_write_str' from incompatible pointer type [-Wincompatible-pointer-types]
      rs232_write_str(rs232_dev,"on3\n",4);
                      ^
hello_world.c:24:6: note: expected 'alt_fd * {aka struct alt_fd_s *}' but argument is of type 'alt_up_rs232_dev * {aka struct alt_up_rs232_dev *}'
 void rs232_write_str(alt_fd* fd, char *ptr, int len);
      ^
hello_world.c:87:7: warning: incompatible implicit declaration of built-in function 'strstr'
    if(strstr(reciver,"off3") && stt3)
       ^
hello_world.c:87:7: note: include '<string.h>' or provide a declaration of 'strstr'
hello_world.c:89:22: warning: passing argument 1 of 'rs232_write_str' from incompatible pointer type [-Wincompatible-pointer-types]
      rs232_write_str(rs232_dev,"off3\n",5);
                      ^
hello_world.c:24:6: note: expected 'alt_fd * {aka struct alt_fd_s *}' but argument is of type 'alt_up_rs232_dev * {aka struct alt_up_rs232_dev *}'
 void rs232_write_str(alt_fd* fd, char *ptr, int len);
      ^
hello_world.c: In function 'rs232_read_str':
hello_world.c:104:30: warning: passing argument 1 of 'alt_up_rs232_read_data' from incompatible pointer type [-Wincompatible-pointer-types]
   if (alt_up_rs232_read_data(fd, (alt_u8 *)ptr++, &parity_error)==0)
                              ^
In file included from hello_world.c:18:0:
../esp32_bsp//drivers/inc/altera_up_avalon_rs232.h:129:5: note: expected 'alt_up_rs232_dev * {aka struct alt_up_rs232_dev *}' but argument is of type 'alt_fd * {aka struct alt_fd_s *}'
 int alt_up_rs232_read_data(alt_up_rs232_dev *rs232, alt_u8 *data, alt_u8 *parity_error);
     ^
hello_world.c: In function 'rs232_write_str':
hello_world.c:119:31: warning: passing argument 1 of 'alt_up_rs232_write_data' from incompatible pointer type [-Wincompatible-pointer-types]
   if (alt_up_rs232_write_data(fd, *ptr)==0)
                               ^
In file included from hello_world.c:18:0:
../esp32_bsp//drivers/inc/altera_up_avalon_rs232.h:114:5: note: expected 'alt_up_rs232_dev * {aka struct alt_up_rs232_dev *}' but argument is of type 'alt_fd * {aka struct alt_fd_s *}'
 int alt_up_rs232_write_data(alt_up_rs232_dev *rs232, alt_u8 data);
     ^
Info: Linking esp32.elf
nios2-elf-g++  -T'../esp32_bsp//linker.x' -msys-crt0='../esp32_bsp//obj/HAL/src/crt0.o' -msys-lib=hal_bsp -L../esp32_bsp/   -Wl,-Map=esp32.map   -O0 -g -Wall   -mno-hw-div -mno-hw-mul -mno-hw-mulx -mgpopt=global  -o esp32.elf obj/default/hello_world.o -lm -msys-lib=m
nios2-elf-insert esp32.elf --thread_model hal --cpu_name CPU --qsys true --simulation_enabled false --stderr_dev DEBUG --stdin_dev DEBUG --stdout_dev DEBUG --sopc_system_name esp32 --quartus_project_dir "D:/2024/FPGA/codeFPGA_NIOS2/Bai9_UART_ESP32" --jdi ../..//output_files/esp32.jdi --sopcinfo D:/2024/FPGA/codeFPGA_NIOS2/Bai9_UART_ESP32/software/esp32_bsp/../../esp32.sopcinfo
Info: (esp32.elf) 88 KBytes program size (code + initialized data).
Info:             104 KBytes free for stack + heap.
Info: Creating esp32.objdump
nios2-elf-objdump --disassemble --syms --all-header --source esp32.elf >esp32.objdump
[esp32 build complete]
11:24:48 **** Incremental Build of configuration Nios II for project esp32 ****
make all 
Info: Building ../esp32_bsp/
D:/FPGA/nios2eds/bin/gnu/H-x86_64-mingw32/bin/make --no-print-directory -C ../esp32_bsp/
[BSP build complete]
Info: Compiling hello_world.c to obj/default/hello_world.o
nios2-elf-gcc -xc -MP -MMD -c -I../esp32_bsp//HAL/inc -I../esp32_bsp/ -I../esp32_bsp//drivers/inc  -pipe -D__hal__ -DALT_NO_INSTRUCTION_EMULATION -DALT_SINGLE_THREADED    -O0 -g -Wall   -mno-hw-div -mno-hw-mul -mno-hw-mulx -mgpopt=global  -o obj/default/hello_world.o hello_world.c
hello_world.c: In function 'main':
hello_world.c:41:22: warning: passing argument 1 of 'rs232_read_str' from incompatible pointer type [-Wincompatible-pointer-types]
    if(rs232_read_str(rs232_dev, chuoi, 1)>0)
                      ^
hello_world.c:23:5: note: expected 'alt_fd * {aka struct alt_fd_s *}' but argument is of type 'alt_up_rs232_dev * {aka struct alt_up_rs232_dev *}'
 int rs232_read_str (alt_fd* fd, char* ptr, int len);
     ^
hello_world.c:45:14: warning: array subscript has type 'char' [-Wchar-subscripts]
       reciver[cnt] = chuoi[0];
              ^
hello_world.c:49:15: warning: array subscript has type 'char' [-Wchar-subscripts]
     {  reciver[cnt] = 0;
               ^
hello_world.c:57:7: warning: implicit declaration of function 'strstr' [-Wimplicit-function-declaration]
    if(strstr(reciver,"on1") && !stt1)
       ^
hello_world.c:57:7: warning: incompatible implicit declaration of built-in function 'strstr'
hello_world.c:57:7: note: include '<string.h>' or provide a declaration of 'strstr'
hello_world.c:59:22: warning: passing argument 1 of 'rs232_write_str' from incompatible pointer type [-Wincompatible-pointer-types]
      rs232_write_str(rs232_dev,"on1\n",4);
                      ^
hello_world.c:24:6: note: expected 'alt_fd * {aka struct alt_fd_s *}' but argument is of type 'alt_up_rs232_dev * {aka struct alt_up_rs232_dev *}'
 void rs232_write_str(alt_fd* fd, char *ptr, int len);
      ^
hello_world.c:63:7: warning: incompatible implicit declaration of built-in function 'strstr'
    if(strstr(reciver,"off1") && stt1)
       ^
hello_world.c:63:7: note: include '<string.h>' or provide a declaration of 'strstr'
hello_world.c:65:22: warning: passing argument 1 of 'rs232_write_str' from incompatible pointer type [-Wincompatible-pointer-types]
      rs232_write_str(rs232_dev,"off1\n",5);
                      ^
hello_world.c:24:6: note: expected 'alt_fd * {aka struct alt_fd_s *}' but argument is of type 'alt_up_rs232_dev * {aka struct alt_up_rs232_dev *}'
 void rs232_write_str(alt_fd* fd, char *ptr, int len);
      ^
hello_world.c:69:7: warning: incompatible implicit declaration of built-in function 'strstr'
    if(strstr(reciver,"on2") && !stt2)
       ^
hello_world.c:69:7: note: include '<string.h>' or provide a declaration of 'strstr'
hello_world.c:71:22: warning: passing argument 1 of 'rs232_write_str' from incompatible pointer type [-Wincompatible-pointer-types]
      rs232_write_str(rs232_dev,"on2\n",4);
                      ^
hello_world.c:24:6: note: expected 'alt_fd * {aka struct alt_fd_s *}' but argument is of type 'alt_up_rs232_dev * {aka struct alt_up_rs232_dev *}'
 void rs232_write_str(alt_fd* fd, char *ptr, int len);
      ^
hello_world.c:75:7: warning: incompatible implicit declaration of built-in function 'strstr'
    if(strstr(reciver,"off2") && stt2)
       ^
hello_world.c:75:7: note: include '<string.h>' or provide a declaration of 'strstr'
hello_world.c:77:22: warning: passing argument 1 of 'rs232_write_str' from incompatible pointer type [-Wincompatible-pointer-types]
      rs232_write_str(rs232_dev,"off2\n",5);
                      ^
hello_world.c:24:6: note: expected 'alt_fd * {aka struct alt_fd_s *}' but argument is of type 'alt_up_rs232_dev * {aka struct alt_up_rs232_dev *}'
 void rs232_write_str(alt_fd* fd, char *ptr, int len);
      ^
hello_world.c:81:7: warning: incompatible implicit declaration of built-in function 'strstr'
    if(strstr(reciver,"on3") && !stt3)
       ^
hello_world.c:81:7: note: include '<string.h>' or provide a declaration of 'strstr'
hello_world.c:83:22: warning: passing argument 1 of 'rs232_write_str' from incompatible pointer type [-Wincompatible-pointer-types]
      rs232_write_str(rs232_dev,"on3\n",4);
                      ^
hello_world.c:24:6: note: expected 'alt_fd * {aka struct alt_fd_s *}' but argument is of type 'alt_up_rs232_dev * {aka struct alt_up_rs232_dev *}'
 void rs232_write_str(alt_fd* fd, char *ptr, int len);
      ^
hello_world.c:87:7: warning: incompatible implicit declaration of built-in function 'strstr'
    if(strstr(reciver,"off3") && stt3)
       ^
hello_world.c:87:7: note: include '<string.h>' or provide a declaration of 'strstr'
hello_world.c:89:22: warning: passing argument 1 of 'rs232_write_str' from incompatible pointer type [-Wincompatible-pointer-types]
      rs232_write_str(rs232_dev,"off3\n",5);
                      ^
hello_world.c:24:6: note: expected 'alt_fd * {aka struct alt_fd_s *}' but argument is of type 'alt_up_rs232_dev * {aka struct alt_up_rs232_dev *}'
 void rs232_write_str(alt_fd* fd, char *ptr, int len);
      ^
hello_world.c: In function 'rs232_read_str':
hello_world.c:104:30: warning: passing argument 1 of 'alt_up_rs232_read_data' from incompatible pointer type [-Wincompatible-pointer-types]
   if (alt_up_rs232_read_data(fd, (alt_u8 *)ptr++, &parity_error)==0)
                              ^
In file included from hello_world.c:18:0:
../esp32_bsp//drivers/inc/altera_up_avalon_rs232.h:129:5: note: expected 'alt_up_rs232_dev * {aka struct alt_up_rs232_dev *}' but argument is of type 'alt_fd * {aka struct alt_fd_s *}'
 int alt_up_rs232_read_data(alt_up_rs232_dev *rs232, alt_u8 *data, alt_u8 *parity_error);
     ^
hello_world.c: In function 'rs232_write_str':
hello_world.c:119:31: warning: passing argument 1 of 'alt_up_rs232_write_data' from incompatible pointer type [-Wincompatible-pointer-types]
   if (alt_up_rs232_write_data(fd, *ptr)==0)
                               ^
In file included from hello_world.c:18:0:
../esp32_bsp//drivers/inc/altera_up_avalon_rs232.h:114:5: note: expected 'alt_up_rs232_dev * {aka struct alt_up_rs232_dev *}' but argument is of type 'alt_fd * {aka struct alt_fd_s *}'
 int alt_up_rs232_write_data(alt_up_rs232_dev *rs232, alt_u8 data);
     ^
Info: Linking esp32.elf
nios2-elf-g++  -T'../esp32_bsp//linker.x' -msys-crt0='../esp32_bsp//obj/HAL/src/crt0.o' -msys-lib=hal_bsp -L../esp32_bsp/   -Wl,-Map=esp32.map   -O0 -g -Wall   -mno-hw-div -mno-hw-mul -mno-hw-mulx -mgpopt=global  -o esp32.elf obj/default/hello_world.o -lm -msys-lib=m
nios2-elf-insert esp32.elf --thread_model hal --cpu_name CPU --qsys true --simulation_enabled false --stderr_dev DEBUG --stdin_dev DEBUG --stdout_dev DEBUG --sopc_system_name esp32 --quartus_project_dir "D:/2024/FPGA/codeFPGA_NIOS2/Bai9_UART_ESP32" --jdi ../..//output_files/esp32.jdi --sopcinfo D:/2024/FPGA/codeFPGA_NIOS2/Bai9_UART_ESP32/software/esp32_bsp/../../esp32.sopcinfo
Info: (esp32.elf) 88 KBytes program size (code + initialized data).
Info:             104 KBytes free for stack + heap.
Info: Creating esp32.objdump
nios2-elf-objdump --disassemble --syms --all-header --source esp32.elf >esp32.objdump
[esp32 build complete]
11:25:19 **** Incremental Build of configuration Nios II for project esp32 ****
make all 
Info: Building ../esp32_bsp/
D:/FPGA/nios2eds/bin/gnu/H-x86_64-mingw32/bin/make --no-print-directory -C ../esp32_bsp/
[BSP build complete]
Info: Compiling hello_world.c to obj/default/hello_world.o
nios2-elf-gcc -xc -MP -MMD -c -I../esp32_bsp//HAL/inc -I../esp32_bsp/ -I../esp32_bsp//drivers/inc  -pipe -D__hal__ -DALT_NO_INSTRUCTION_EMULATION -DALT_SINGLE_THREADED    -O0 -g -Wall   -mno-hw-div -mno-hw-mul -mno-hw-mulx -mgpopt=global  -o obj/default/hello_world.o hello_world.c
hello_world.c: In function 'main':
hello_world.c:41:22: warning: passing argument 1 of 'rs232_read_str' from incompatible pointer type [-Wincompatible-pointer-types]
    if(rs232_read_str(rs232_dev, chuoi, 1)>0)
                      ^
hello_world.c:23:5: note: expected 'alt_fd * {aka struct alt_fd_s *}' but argument is of type 'alt_up_rs232_dev * {aka struct alt_up_rs232_dev *}'
 int rs232_read_str (alt_fd* fd, char* ptr, int len);
     ^
hello_world.c:45:14: warning: array subscript has type 'char' [-Wchar-subscripts]
       reciver[cnt] = chuoi[0];
              ^
hello_world.c:49:15: warning: array subscript has type 'char' [-Wchar-subscripts]
     {  reciver[cnt] = 0;
               ^
hello_world.c:51:23: warning: passing argument 1 of 'rs232_write_str' from incompatible pointer type [-Wincompatible-pointer-types]
       rs232_write_str(rs232_dev,reciver1,cnt+6);
                       ^
hello_world.c:24:6: note: expected 'alt_fd * {aka struct alt_fd_s *}' but argument is of type 'alt_up_rs232_dev * {aka struct alt_up_rs232_dev *}'
 void rs232_write_str(alt_fd* fd, char *ptr, int len);
      ^
hello_world.c:57:7: warning: implicit declaration of function 'strstr' [-Wimplicit-function-declaration]
    if(strstr(reciver,"on1") && !stt1)
       ^
hello_world.c:57:7: warning: incompatible implicit declaration of built-in function 'strstr'
hello_world.c:57:7: note: include '<string.h>' or provide a declaration of 'strstr'
hello_world.c:59:22: warning: passing argument 1 of 'rs232_write_str' from incompatible pointer type [-Wincompatible-pointer-types]
      rs232_write_str(rs232_dev,"on1\n",4);
                      ^
hello_world.c:24:6: note: expected 'alt_fd * {aka struct alt_fd_s *}' but argument is of type 'alt_up_rs232_dev * {aka struct alt_up_rs232_dev *}'
 void rs232_write_str(alt_fd* fd, char *ptr, int len);
      ^
hello_world.c:63:7: warning: incompatible implicit declaration of built-in function 'strstr'
    if(strstr(reciver,"off1") && stt1)
       ^
hello_world.c:63:7: note: include '<string.h>' or provide a declaration of 'strstr'
hello_world.c:65:22: warning: passing argument 1 of 'rs232_write_str' from incompatible pointer type [-Wincompatible-pointer-types]
      rs232_write_str(rs232_dev,"off1\n",5);
                      ^
hello_world.c:24:6: note: expected 'alt_fd * {aka struct alt_fd_s *}' but argument is of type 'alt_up_rs232_dev * {aka struct alt_up_rs232_dev *}'
 void rs232_write_str(alt_fd* fd, char *ptr, int len);
      ^
hello_world.c:69:7: warning: incompatible implicit declaration of built-in function 'strstr'
    if(strstr(reciver,"on2") && !stt2)
       ^
hello_world.c:69:7: note: include '<string.h>' or provide a declaration of 'strstr'
hello_world.c:71:22: warning: passing argument 1 of 'rs232_write_str' from incompatible pointer type [-Wincompatible-pointer-types]
      rs232_write_str(rs232_dev,"on2\n",4);
                      ^
hello_world.c:24:6: note: expected 'alt_fd * {aka struct alt_fd_s *}' but argument is of type 'alt_up_rs232_dev * {aka struct alt_up_rs232_dev *}'
 void rs232_write_str(alt_fd* fd, char *ptr, int len);
      ^
hello_world.c:75:7: warning: incompatible implicit declaration of built-in function 'strstr'
    if(strstr(reciver,"off2") && stt2)
       ^
hello_world.c:75:7: note: include '<string.h>' or provide a declaration of 'strstr'
hello_world.c:77:22: warning: passing argument 1 of 'rs232_write_str' from incompatible pointer type [-Wincompatible-pointer-types]
      rs232_write_str(rs232_dev,"off2\n",5);
                      ^
hello_world.c:24:6: note: expected 'alt_fd * {aka struct alt_fd_s *}' but argument is of type 'alt_up_rs232_dev * {aka struct alt_up_rs232_dev *}'
 void rs232_write_str(alt_fd* fd, char *ptr, int len);
      ^
hello_world.c:81:7: warning: incompatible implicit declaration of built-in function 'strstr'
    if(strstr(reciver,"on3") && !stt3)
       ^
hello_world.c:81:7: note: include '<string.h>' or provide a declaration of 'strstr'
hello_world.c:83:22: warning: passing argument 1 of 'rs232_write_str' from incompatible pointer type [-Wincompatible-pointer-types]
      rs232_write_str(rs232_dev,"on3\n",4);
                      ^
hello_world.c:24:6: note: expected 'alt_fd * {aka struct alt_fd_s *}' but argument is of type 'alt_up_rs232_dev * {aka struct alt_up_rs232_dev *}'
 void rs232_write_str(alt_fd* fd, char *ptr, int len);
      ^
hello_world.c:87:7: warning: incompatible implicit declaration of built-in function 'strstr'
    if(strstr(reciver,"off3") && stt3)
       ^
hello_world.c:87:7: note: include '<string.h>' or provide a declaration of 'strstr'
hello_world.c:89:22: warning: passing argument 1 of 'rs232_write_str' from incompatible pointer type [-Wincompatible-pointer-types]
      rs232_write_str(rs232_dev,"off3\n",5);
                      ^
hello_world.c:24:6: note: expected 'alt_fd * {aka struct alt_fd_s *}' but argument is of type 'alt_up_rs232_dev * {aka struct alt_up_rs232_dev *}'
 void rs232_write_str(alt_fd* fd, char *ptr, int len);
      ^
hello_world.c: In function 'rs232_read_str':
hello_world.c:104:30: warning: passing argument 1 of 'alt_up_rs232_read_data' from incompatible pointer type [-Wincompatible-pointer-types]
   if (alt_up_rs232_read_data(fd, (alt_u8 *)ptr++, &parity_error)==0)
                              ^
In file included from hello_world.c:18:0:
../esp32_bsp//drivers/inc/altera_up_avalon_rs232.h:129:5: note: expected 'alt_up_rs232_dev * {aka struct alt_up_rs232_dev *}' but argument is of type 'alt_fd * {aka struct alt_fd_s *}'
 int alt_up_rs232_read_data(alt_up_rs232_dev *rs232, alt_u8 *data, alt_u8 *parity_error);
     ^
hello_world.c: In function 'rs232_write_str':
hello_world.c:119:31: warning: passing argument 1 of 'alt_up_rs232_write_data' from incompatible pointer type [-Wincompatible-pointer-types]
   if (alt_up_rs232_write_data(fd, *ptr)==0)
                               ^
In file included from hello_world.c:18:0:
../esp32_bsp//drivers/inc/altera_up_avalon_rs232.h:114:5: note: expected 'alt_up_rs232_dev * {aka struct alt_up_rs232_dev *}' but argument is of type 'alt_fd * {aka struct alt_fd_s *}'
 int alt_up_rs232_write_data(alt_up_rs232_dev *rs232, alt_u8 data);
     ^
Info: Linking esp32.elf
nios2-elf-g++  -T'../esp32_bsp//linker.x' -msys-crt0='../esp32_bsp//obj/HAL/src/crt0.o' -msys-lib=hal_bsp -L../esp32_bsp/   -Wl,-Map=esp32.map   -O0 -g -Wall   -mno-hw-div -mno-hw-mul -mno-hw-mulx -mgpopt=global  -o esp32.elf obj/default/hello_world.o -lm -msys-lib=m
nios2-elf-insert esp32.elf --thread_model hal --cpu_name CPU --qsys true --simulation_enabled false --stderr_dev DEBUG --stdin_dev DEBUG --stdout_dev DEBUG --sopc_system_name esp32 --quartus_project_dir "D:/2024/FPGA/codeFPGA_NIOS2/Bai9_UART_ESP32" --jdi ../..//output_files/esp32.jdi --sopcinfo D:/2024/FPGA/codeFPGA_NIOS2/Bai9_UART_ESP32/software/esp32_bsp/../../esp32.sopcinfo
Info: (esp32.elf) 88 KBytes program size (code + initialized data).
Info:             104 KBytes free for stack + heap.
Info: Creating esp32.objdump
nios2-elf-objdump --disassemble --syms --all-header --source esp32.elf >esp32.objdump
[esp32 build complete]
11:30:46 **** Incremental Build of configuration Nios II for project esp32 ****
make all 
Info: Building ../esp32_bsp/
D:/FPGA/nios2eds/bin/gnu/H-x86_64-mingw32/bin/make --no-print-directory -C ../esp32_bsp/
[BSP build complete]
Info: Compiling hello_world.c to obj/default/hello_world.o
nios2-elf-gcc -xc -MP -MMD -c -I../esp32_bsp//HAL/inc -I../esp32_bsp/ -I../esp32_bsp//drivers/inc  -pipe -D__hal__ -DALT_NO_INSTRUCTION_EMULATION -DALT_SINGLE_THREADED    -O0 -g -Wall   -mno-hw-div -mno-hw-mul -mno-hw-mulx -mgpopt=global  -o obj/default/hello_world.o hello_world.c
hello_world.c: In function 'main':
hello_world.c:41:22: warning: passing argument 1 of 'rs232_read_str' from incompatible pointer type [-Wincompatible-pointer-types]
    if(rs232_read_str(rs232_dev, chuoi, 1)>0)
                      ^
hello_world.c:23:5: note: expected 'alt_fd * {aka struct alt_fd_s *}' but argument is of type 'alt_up_rs232_dev * {aka struct alt_up_rs232_dev *}'
 int rs232_read_str (alt_fd* fd, char* ptr, int len);
     ^
hello_world.c:45:14: warning: array subscript has type 'char' [-Wchar-subscripts]
       reciver[cnt] = chuoi[0];
              ^
hello_world.c:49:15: warning: array subscript has type 'char' [-Wchar-subscripts]
     {  reciver[cnt] = 0;
               ^
hello_world.c:51:23: warning: passing argument 1 of 'rs232_write_str' from incompatible pointer type [-Wincompatible-pointer-types]
       rs232_write_str(rs232_dev,reciver1,cnt+6);
                       ^
hello_world.c:24:6: note: expected 'alt_fd * {aka struct alt_fd_s *}' but argument is of type 'alt_up_rs232_dev * {aka struct alt_up_rs232_dev *}'
 void rs232_write_str(alt_fd* fd, char *ptr, int len);
      ^
hello_world.c:57:7: warning: implicit declaration of function 'strstr' [-Wimplicit-function-declaration]
    if(strstr(reciver,"on1") && !stt1)
       ^
hello_world.c:57:7: warning: incompatible implicit declaration of built-in function 'strstr'
hello_world.c:57:7: note: include '<string.h>' or provide a declaration of 'strstr'
hello_world.c:63:7: warning: incompatible implicit declaration of built-in function 'strstr'
    if(strstr(reciver,"off1") && stt1)
       ^
hello_world.c:63:7: note: include '<string.h>' or provide a declaration of 'strstr'
hello_world.c:69:7: warning: incompatible implicit declaration of built-in function 'strstr'
    if(strstr(reciver,"on2") && !stt2)
       ^
hello_world.c:69:7: note: include '<string.h>' or provide a declaration of 'strstr'
hello_world.c:75:7: warning: incompatible implicit declaration of built-in function 'strstr'
    if(strstr(reciver,"off2") && stt2)
       ^
hello_world.c:75:7: note: include '<string.h>' or provide a declaration of 'strstr'
hello_world.c:81:7: warning: incompatible implicit declaration of built-in function 'strstr'
    if(strstr(reciver,"on3") && !stt3)
       ^
hello_world.c:81:7: note: include '<string.h>' or provide a declaration of 'strstr'
hello_world.c:87:7: warning: incompatible implicit declaration of built-in function 'strstr'
    if(strstr(reciver,"off3") && stt3)
       ^
hello_world.c:87:7: note: include '<string.h>' or provide a declaration of 'strstr'
hello_world.c: In function 'rs232_read_str':
hello_world.c:104:30: warning: passing argument 1 of 'alt_up_rs232_read_data' from incompatible pointer type [-Wincompatible-pointer-types]
   if (alt_up_rs232_read_data(fd, (alt_u8 *)ptr++, &parity_error)==0)
                              ^
In file included from hello_world.c:18:0:
../esp32_bsp//drivers/inc/altera_up_avalon_rs232.h:129:5: note: expected 'alt_up_rs232_dev * {aka struct alt_up_rs232_dev *}' but argument is of type 'alt_fd * {aka struct alt_fd_s *}'
 int alt_up_rs232_read_data(alt_up_rs232_dev *rs232, alt_u8 *data, alt_u8 *parity_error);
     ^
hello_world.c: In function 'rs232_write_str':
hello_world.c:119:31: warning: passing argument 1 of 'alt_up_rs232_write_data' from incompatible pointer type [-Wincompatible-pointer-types]
   if (alt_up_rs232_write_data(fd, *ptr)==0)
                               ^
In file included from hello_world.c:18:0:
../esp32_bsp//drivers/inc/altera_up_avalon_rs232.h:114:5: note: expected 'alt_up_rs232_dev * {aka struct alt_up_rs232_dev *}' but argument is of type 'alt_fd * {aka struct alt_fd_s *}'
 int alt_up_rs232_write_data(alt_up_rs232_dev *rs232, alt_u8 data);
     ^
Info: Linking esp32.elf
nios2-elf-g++  -T'../esp32_bsp//linker.x' -msys-crt0='../esp32_bsp//obj/HAL/src/crt0.o' -msys-lib=hal_bsp -L../esp32_bsp/   -Wl,-Map=esp32.map   -O0 -g -Wall   -mno-hw-div -mno-hw-mul -mno-hw-mulx -mgpopt=global  -o esp32.elf obj/default/hello_world.o -lm -msys-lib=m
nios2-elf-insert esp32.elf --thread_model hal --cpu_name CPU --qsys true --simulation_enabled false --stderr_dev DEBUG --stdin_dev DEBUG --stdout_dev DEBUG --sopc_system_name esp32 --quartus_project_dir "D:/2024/FPGA/codeFPGA_NIOS2/Bai9_UART_ESP32" --jdi ../..//output_files/esp32.jdi --sopcinfo D:/2024/FPGA/codeFPGA_NIOS2/Bai9_UART_ESP32/software/esp32_bsp/../../esp32.sopcinfo
Info: (esp32.elf) 88 KBytes program size (code + initialized data).
Info:             104 KBytes free for stack + heap.
Info: Creating esp32.objdump
nios2-elf-objdump --disassemble --syms --all-header --source esp32.elf >esp32.objdump
[esp32 build complete]
13:08:34 **** Incremental Build of configuration Nios II for project esp32 ****
make all 
Info: Building ../esp32_bsp/
D:/FPGA/nios2eds/bin/gnu/H-x86_64-mingw32/bin/make --no-print-directory -C ../esp32_bsp/
[BSP build complete]
[esp32 build complete]
