Info: Starting: Create block symbol file (.bsf)
Info: qsys-generate D:\2024\FPGA\codeFPGA_NIOS2\Bai2_1_ledMatrix\ledMatrix.qsys --block-symbol-file --output-directory=D:\2024\FPGA\codeFPGA_NIOS2\Bai2_1_ledMatrix\ledMatrix --family="Cyclone IV E" --part=EP4CE115F29C7
Progress: Loading Bai2_1_ledMatrix/ledMatrix.qsys
Progress: Reading input file
Progress: Adding C1 [altera_avalon_pio 17.1]
Progress: Parameterizing module C1
Progress: Adding C2 [altera_avalon_pio 17.1]
Progress: Parameterizing module C2
Progress: Adding C3 [altera_avalon_pio 17.1]
Progress: Parameterizing module C3
Progress: Adding C4 [altera_avalon_pio 17.1]
Progress: Parameterizing module C4
Progress: Adding CPU [altera_nios2_gen2 17.1]
Progress: Parameterizing module CPU
Progress: Adding DEBUG [altera_avalon_jtag_uart 17.1]
Progress: Parameterizing module DEBUG
Progress: Adding R1 [altera_avalon_pio 17.1]
Progress: Parameterizing module R1
Progress: Adding R2 [altera_avalon_pio 17.1]
Progress: Parameterizing module R2
Progress: Adding R3 [altera_avalon_pio 17.1]
Progress: Parameterizing module R3
Progress: Adding R4 [altera_avalon_pio 17.1]
Progress: Parameterizing module R4
Progress: Adding RAM [altera_avalon_onchip_memory2 17.1]
Progress: Parameterizing module RAM
Progress: Adding clk_0 [clock_source 17.1]
Progress: Parameterizing module clk_0
Progress: Adding timer_0 [altera_avalon_timer 17.1]
Progress: Parameterizing module timer_0
Progress: Building connections
Progress: Parameterizing connections
Progress: Validating
Progress: Done reading input file
Info: ledMatrix.C1: PIO inputs are not hardwired in test bench. Undefined values will be read from PIO inputs during simulation.
Info: ledMatrix.C2: PIO inputs are not hardwired in test bench. Undefined values will be read from PIO inputs during simulation.
Info: ledMatrix.C3: PIO inputs are not hardwired in test bench. Undefined values will be read from PIO inputs during simulation.
Info: ledMatrix.C4: PIO inputs are not hardwired in test bench. Undefined values will be read from PIO inputs during simulation.
Info: ledMatrix.DEBUG: JTAG UART IP input clock need to be at least double (2x) the operating frequency of JTAG TCK on board
Info: qsys-generate succeeded.
Info: Finished: Create block symbol file (.bsf)
Info: 
Info: Starting: Create HDL design files for synthesis
Info: qsys-generate D:\2024\FPGA\codeFPGA_NIOS2\Bai2_1_ledMatrix\ledMatrix.qsys --synthesis=VERILOG --output-directory=D:\2024\FPGA\codeFPGA_NIOS2\Bai2_1_ledMatrix\ledMatrix\synthesis --family="Cyclone IV E" --part=EP4CE115F29C7
Progress: Loading Bai2_1_ledMatrix/ledMatrix.qsys
Progress: Reading input file
Progress: Adding C1 [altera_avalon_pio 17.1]
Progress: Parameterizing module C1
Progress: Adding C2 [altera_avalon_pio 17.1]
Progress: Parameterizing module C2
Progress: Adding C3 [altera_avalon_pio 17.1]
Progress: Parameterizing module C3
Progress: Adding C4 [altera_avalon_pio 17.1]
Progress: Parameterizing module C4
Progress: Adding CPU [altera_nios2_gen2 17.1]
Progress: Parameterizing module CPU
Progress: Adding DEBUG [altera_avalon_jtag_uart 17.1]
Progress: Parameterizing module DEBUG
Progress: Adding R1 [altera_avalon_pio 17.1]
Progress: Parameterizing module R1
Progress: Adding R2 [altera_avalon_pio 17.1]
Progress: Parameterizing module R2
Progress: Adding R3 [altera_avalon_pio 17.1]
Progress: Parameterizing module R3
Progress: Adding R4 [altera_avalon_pio 17.1]
Progress: Parameterizing module R4
Progress: Adding RAM [altera_avalon_onchip_memory2 17.1]
Progress: Parameterizing module RAM
Progress: Adding clk_0 [clock_source 17.1]
Progress: Parameterizing module clk_0
Progress: Adding timer_0 [altera_avalon_timer 17.1]
Progress: Parameterizing module timer_0
Progress: Building connections
Progress: Parameterizing connections
Progress: Validating
Progress: Done reading input file
Info: ledMatrix.C1: PIO inputs are not hardwired in test bench. Undefined values will be read from PIO inputs during simulation.
Info: ledMatrix.C2: PIO inputs are not hardwired in test bench. Undefined values will be read from PIO inputs during simulation.
Info: ledMatrix.C3: PIO inputs are not hardwired in test bench. Undefined values will be read from PIO inputs during simulation.
Info: ledMatrix.C4: PIO inputs are not hardwired in test bench. Undefined values will be read from PIO inputs during simulation.
Info: ledMatrix.DEBUG: JTAG UART IP input clock need to be at least double (2x) the operating frequency of JTAG TCK on board
Info: ledMatrix: Generating ledMatrix "ledMatrix" for QUARTUS_SYNTH
Info: C1: Starting RTL generation for module 'ledMatrix_C1'
Info: C1:   Generation command is [exec D:/fpga/quartus/bin64/perl/bin/perl.exe -I D:/fpga/quartus/bin64/perl/lib -I D:/fpga/quartus/sopc_builder/bin/europa -I D:/fpga/quartus/sopc_builder/bin/perl_lib -I D:/fpga/quartus/sopc_builder/bin -I D:/fpga/quartus/../ip/altera/sopc_builder_ip/common -I D:/fpga/quartus/../ip/altera/sopc_builder_ip/altera_avalon_pio -- D:/fpga/quartus/../ip/altera/sopc_builder_ip/altera_avalon_pio/generate_rtl.pl --name=ledMatrix_C1 --dir=C:/Users/DELL/AppData/Local/Temp/alt0028_4724635661238038712.dir/0021_C1_gen/ --quartus_dir=D:/fpga/quartus --verilog --config=C:/Users/DELL/AppData/Local/Temp/alt0028_4724635661238038712.dir/0021_C1_gen//ledMatrix_C1_component_configuration.pl  --do_build_sim=0  ]
Info: C1: Done RTL generation for module 'ledMatrix_C1'
Info: C1: "ledMatrix" instantiated altera_avalon_pio "C1"
Info: CPU: "ledMatrix" instantiated altera_nios2_gen2 "CPU"
Info: DEBUG: Starting RTL generation for module 'ledMatrix_DEBUG'
Info: DEBUG:   Generation command is [exec D:/fpga/quartus/bin64/perl/bin/perl.exe -I D:/fpga/quartus/bin64/perl/lib -I D:/fpga/quartus/sopc_builder/bin/europa -I D:/fpga/quartus/sopc_builder/bin/perl_lib -I D:/fpga/quartus/sopc_builder/bin -I D:/fpga/quartus/../ip/altera/sopc_builder_ip/common -I D:/fpga/quartus/../ip/altera/sopc_builder_ip/altera_avalon_jtag_uart -- D:/fpga/quartus/../ip/altera/sopc_builder_ip/altera_avalon_jtag_uart/generate_rtl.pl --name=ledMatrix_DEBUG --dir=C:/Users/DELL/AppData/Local/Temp/alt0028_4724635661238038712.dir/0022_DEBUG_gen/ --quartus_dir=D:/fpga/quartus --verilog --config=C:/Users/DELL/AppData/Local/Temp/alt0028_4724635661238038712.dir/0022_DEBUG_gen//ledMatrix_DEBUG_component_configuration.pl  --do_build_sim=0  ]
Info: DEBUG: Done RTL generation for module 'ledMatrix_DEBUG'
Info: DEBUG: "ledMatrix" instantiated altera_avalon_jtag_uart "DEBUG"
Info: R1: Starting RTL generation for module 'ledMatrix_R1'
Info: R1:   Generation command is [exec D:/fpga/quartus/bin64/perl/bin/perl.exe -I D:/fpga/quartus/bin64/perl/lib -I D:/fpga/quartus/sopc_builder/bin/europa -I D:/fpga/quartus/sopc_builder/bin/perl_lib -I D:/fpga/quartus/sopc_builder/bin -I D:/fpga/quartus/../ip/altera/sopc_builder_ip/common -I D:/fpga/quartus/../ip/altera/sopc_builder_ip/altera_avalon_pio -- D:/fpga/quartus/../ip/altera/sopc_builder_ip/altera_avalon_pio/generate_rtl.pl --name=ledMatrix_R1 --dir=C:/Users/DELL/AppData/Local/Temp/alt0028_4724635661238038712.dir/0023_R1_gen/ --quartus_dir=D:/fpga/quartus --verilog --config=C:/Users/DELL/AppData/Local/Temp/alt0028_4724635661238038712.dir/0023_R1_gen//ledMatrix_R1_component_configuration.pl  --do_build_sim=0  ]
Info: R1: Done RTL generation for module 'ledMatrix_R1'
Info: R1: "ledMatrix" instantiated altera_avalon_pio "R1"
Info: RAM: Starting RTL generation for module 'ledMatrix_RAM'
Info: RAM:   Generation command is [exec D:/fpga/quartus/bin64/perl/bin/perl.exe -I D:/fpga/quartus/bin64/perl/lib -I D:/fpga/quartus/sopc_builder/bin/europa -I D:/fpga/quartus/sopc_builder/bin/perl_lib -I D:/fpga/quartus/sopc_builder/bin -I D:/fpga/quartus/../ip/altera/sopc_builder_ip/common -I D:/fpga/quartus/../ip/altera/sopc_builder_ip/altera_avalon_onchip_memory2 -- D:/fpga/quartus/../ip/altera/sopc_builder_ip/altera_avalon_onchip_memory2/generate_rtl.pl --name=ledMatrix_RAM --dir=C:/Users/DELL/AppData/Local/Temp/alt0028_4724635661238038712.dir/0024_RAM_gen/ --quartus_dir=D:/fpga/quartus --verilog --config=C:/Users/DELL/AppData/Local/Temp/alt0028_4724635661238038712.dir/0024_RAM_gen//ledMatrix_RAM_component_configuration.pl  --do_build_sim=0  ]
Info: RAM: Done RTL generation for module 'ledMatrix_RAM'
Info: RAM: "ledMatrix" instantiated altera_avalon_onchip_memory2 "RAM"
Info: timer_0: Starting RTL generation for module 'ledMatrix_timer_0'
Info: timer_0:   Generation command is [exec D:/FPGA/quartus/bin64//perl/bin/perl.exe -I D:/FPGA/quartus/bin64//perl/lib -I D:/fpga/quartus/sopc_builder/bin/europa -I D:/fpga/quartus/sopc_builder/bin/perl_lib -I D:/fpga/quartus/sopc_builder/bin -I D:/fpga/quartus/../ip/altera/sopc_builder_ip/common -I D:/fpga/quartus/../ip/altera/sopc_builder_ip/altera_avalon_timer -- D:/fpga/quartus/../ip/altera/sopc_builder_ip/altera_avalon_timer/generate_rtl.pl --name=ledMatrix_timer_0 --dir=C:/Users/DELL/AppData/Local/Temp/alt0028_4724635661238038712.dir/0025_timer_0_gen/ --quartus_dir=D:/fpga/quartus --verilog --config=C:/Users/DELL/AppData/Local/Temp/alt0028_4724635661238038712.dir/0025_timer_0_gen//ledMatrix_timer_0_component_configuration.pl  --do_build_sim=0  ]
Info: timer_0: Done RTL generation for module 'ledMatrix_timer_0'
Info: timer_0: "ledMatrix" instantiated altera_avalon_timer "timer_0"
Info: avalon_st_adapter: Inserting error_adapter: error_adapter_0
Info: avalon_st_adapter_001: Inserting error_adapter: error_adapter_0
Info: avalon_st_adapter_002: Inserting error_adapter: error_adapter_0
Info: avalon_st_adapter_003: Inserting error_adapter: error_adapter_0
Info: avalon_st_adapter_004: Inserting error_adapter: error_adapter_0
Info: avalon_st_adapter_005: Inserting error_adapter: error_adapter_0
Info: avalon_st_adapter_006: Inserting error_adapter: error_adapter_0
Info: avalon_st_adapter_007: Inserting error_adapter: error_adapter_0
Info: avalon_st_adapter_008: Inserting error_adapter: error_adapter_0
Info: avalon_st_adapter_009: Inserting error_adapter: error_adapter_0
Info: avalon_st_adapter_010: Inserting error_adapter: error_adapter_0
Info: avalon_st_adapter_011: Inserting error_adapter: error_adapter_0
Info: mm_interconnect_0: "ledMatrix" instantiated altera_mm_interconnect "mm_interconnect_0"
Info: irq_mapper: "ledMatrix" instantiated altera_irq_mapper "irq_mapper"
Info: rst_controller: "ledMatrix" instantiated altera_reset_controller "rst_controller"
Info: cpu: Starting RTL generation for module 'ledMatrix_CPU_cpu'
Info: cpu:   Generation command is [exec D:/FPGA/quartus/bin64//eperlcmd.exe -I D:/FPGA/quartus/bin64//perl/lib -I D:/fpga/quartus/sopc_builder/bin/europa -I D:/fpga/quartus/sopc_builder/bin/perl_lib -I D:/fpga/quartus/sopc_builder/bin -I D:/fpga/quartus/../ip/altera/nios2_ip/altera_nios2_gen2/cpu_lib -I D:/fpga/quartus/../ip/altera/nios2_ip/altera_nios2_gen2/nios_lib -I D:/fpga/quartus/../ip/altera/nios2_ip/altera_nios2_gen2 -I D:/fpga/quartus/../ip/altera/nios2_ip/altera_nios2_gen2 -- D:/fpga/quartus/../ip/altera/nios2_ip/altera_nios2_gen2/generate_rtl.epl --name=ledMatrix_CPU_cpu --dir=C:/Users/DELL/AppData/Local/Temp/alt0028_4724635661238038712.dir/0028_cpu_gen/ --quartus_bindir=D:/FPGA/quartus/bin64/ --verilog --config=C:/Users/DELL/AppData/Local/Temp/alt0028_4724635661238038712.dir/0028_cpu_gen//ledMatrix_CPU_cpu_processor_configuration.pl  --do_build_sim=0  ]
Info: cpu: # 2024.11.01 15:54:46 (*) Starting Nios II generation
Info: cpu: # 2024.11.01 15:54:46 (*)   Checking for plaintext license.
Info: cpu: # 2024.11.01 15:54:47 (*)   Plaintext license not found.
Info: cpu: # 2024.11.01 15:54:47 (*)   No license required to generate encrypted Nios II/e.
Info: cpu: # 2024.11.01 15:54:47 (*)   Elaborating CPU configuration settings
Info: cpu: # 2024.11.01 15:54:47 (*)   Creating all objects for CPU
Info: cpu: # 2024.11.01 15:54:47 (*)   Generating RTL from CPU objects
Info: cpu: # 2024.11.01 15:54:47 (*)   Creating plain-text RTL
Info: cpu: # 2024.11.01 15:54:48 (*) Done Nios II generation
Info: cpu: Done RTL generation for module 'ledMatrix_CPU_cpu'
Info: cpu: "CPU" instantiated altera_nios2_gen2_unit "cpu"
Info: CPU_data_master_translator: "mm_interconnect_0" instantiated altera_merlin_master_translator "CPU_data_master_translator"
Info: DEBUG_avalon_jtag_slave_translator: "mm_interconnect_0" instantiated altera_merlin_slave_translator "DEBUG_avalon_jtag_slave_translator"
Info: CPU_data_master_agent: "mm_interconnect_0" instantiated altera_merlin_master_agent "CPU_data_master_agent"
Info: DEBUG_avalon_jtag_slave_agent: "mm_interconnect_0" instantiated altera_merlin_slave_agent "DEBUG_avalon_jtag_slave_agent"
Info: DEBUG_avalon_jtag_slave_agent_rsp_fifo: "mm_interconnect_0" instantiated altera_avalon_sc_fifo "DEBUG_avalon_jtag_slave_agent_rsp_fifo"
Info: router: "mm_interconnect_0" instantiated altera_merlin_router "router"
Info: router_002: "mm_interconnect_0" instantiated altera_merlin_router "router_002"
Info: cmd_demux: "mm_interconnect_0" instantiated altera_merlin_demultiplexer "cmd_demux"
Info: cmd_mux: "mm_interconnect_0" instantiated altera_merlin_multiplexer "cmd_mux"
Info: rsp_demux: "mm_interconnect_0" instantiated altera_merlin_demultiplexer "rsp_demux"
Info: rsp_mux: "mm_interconnect_0" instantiated altera_merlin_multiplexer "rsp_mux"
Info: Reusing file D:/2024/FPGA/codeFPGA_NIOS2/Bai2_1_ledMatrix/ledMatrix/synthesis/submodules/altera_merlin_arbitrator.sv
Info: avalon_st_adapter: "mm_interconnect_0" instantiated altera_avalon_st_adapter "avalon_st_adapter"
Info: error_adapter_0: "avalon_st_adapter" instantiated error_adapter "error_adapter_0"
Info: ledMatrix: Done "ledMatrix" with 24 modules, 37 files
Info: qsys-generate succeeded.
Info: Finished: Create HDL design files for synthesis
