Flow report for top_ov7670
Sat Aug 10 14:47:06 2024
Quartus Prime Version 17.1.0 Build 590 10/25/2017 SJ Lite Edition


---------------------
; Table of Contents ;
---------------------
  1. Legal Notice
  2. Flow Summary
  3. Flow Settings
  4. Flow Non-Default Global Settings
  5. Flow Elapsed Time
  6. Flow OS Summary
  7. Flow Log
  8. Flow Messages
  9. Flow Suppressed Messages



----------------
; Legal Notice ;
----------------
Copyright (C) 2017  Intel Corporation. All rights reserved.
Your use of Intel Corporation's design tools, logic functions 
and other software and tools, and its AMPP partner logic 
functions, and any output files from any of the foregoing 
(including device programming or simulation files), and any 
associated documentation or information are expressly subject 
to the terms and conditions of the Intel Program License 
Subscription Agreement, the Intel Quartus Prime License Agreement,
the Intel FPGA IP License Agreement, or other applicable license
agreement, including, without limitation, that your use is for
the sole purpose of programming logic devices manufactured by
Intel and sold by Intel or its authorized distributors.  Please
refer to the applicable agreement for further details.



+----------------------------------------------------------------------------------+
; Flow Summary                                                                     ;
+------------------------------------+---------------------------------------------+
; Flow Status                        ; Successful - Sat Aug 10 14:47:03 2024       ;
; Quartus Prime Version              ; 17.1.0 Build 590 10/25/2017 SJ Lite Edition ;
; Revision Name                      ; top_ov7670                                  ;
; Top-level Entity Name              ; top_ov7670                                  ;
; Family                             ; Cyclone IV E                                ;
; Device                             ; EP4CE115F29C7                               ;
; Timing Models                      ; Final                                       ;
; Total logic elements               ; 400 / 114,480 ( < 1 % )                     ;
;     Total combinational functions  ; 320 / 114,480 ( < 1 % )                     ;
;     Dedicated logic registers      ; 236 / 114,480 ( < 1 % )                     ;
; Total registers                    ; 236                                         ;
; Total pins                         ; 113 / 529 ( 21 % )                          ;
; Total virtual pins                 ; 0                                           ;
; Total memory bits                  ; 1,616 / 3,981,312 ( < 1 % )                 ;
; Embedded Multiplier 9-bit elements ; 0 / 532 ( 0 % )                             ;
; Total PLLs                         ; 1 / 4 ( 25 % )                              ;
+------------------------------------+---------------------------------------------+


+-----------------------------------------+
; Flow Settings                           ;
+-------------------+---------------------+
; Option            ; Setting             ;
+-------------------+---------------------+
; Start date & time ; 08/10/2024 14:46:26 ;
; Main task         ; Compilation         ;
; Revision Name     ; top_ov7670          ;
+-------------------+---------------------+


+----------------------------------------------------------------------------------------------------------------------------------------------------------------+
; Flow Non-Default Global Settings                                                                                                                               ;
+-------------------------------------+--------------------------------------------------------+---------------+-------------+-----------------------------------+
; Assignment Name                     ; Value                                                  ; Default Value ; Entity Name ; Section Id                        ;
+-------------------------------------+--------------------------------------------------------+---------------+-------------+-----------------------------------+
; COMPILER_SIGNATURE_ID               ; 2545931656683.172327598617376                          ; --            ; --          ; --                                ;
; EDA_GENERATE_FUNCTIONAL_NETLIST     ; Off                                                    ; --            ; --          ; eda_board_design_timing           ;
; EDA_GENERATE_FUNCTIONAL_NETLIST     ; Off                                                    ; --            ; --          ; eda_board_design_boundary_scan    ;
; EDA_GENERATE_FUNCTIONAL_NETLIST     ; Off                                                    ; --            ; --          ; eda_board_design_signal_integrity ;
; EDA_GENERATE_FUNCTIONAL_NETLIST     ; Off                                                    ; --            ; --          ; eda_board_design_symbol           ;
; MAX_CORE_JUNCTION_TEMP              ; 85                                                     ; --            ; --          ; --                                ;
; MIN_CORE_JUNCTION_TEMP              ; 0                                                      ; --            ; --          ; --                                ;
; MISC_FILE                           ; sram/synthesis/../sram.cmp                             ; --            ; --          ; --                                ;
; MISC_FILE                           ; sram/synthesis/../../sram.qsys                         ; --            ; --          ; --                                ;
; MISC_FILE                           ; PLL_bb.v                                               ; --            ; --          ; --                                ;
; MISC_FILE                           ; PLL.ppf                                                ; --            ; --          ; --                                ;
; NOMINAL_CORE_SUPPLY_VOLTAGE         ; 1.2V                                                   ; --            ; --          ; --                                ;
; OUTPUT_IO_TIMING_FAR_END_VMEAS      ; Half Signal Swing                                      ; --            ; --          ; --                                ;
; OUTPUT_IO_TIMING_FAR_END_VMEAS      ; Half Signal Swing                                      ; --            ; --          ; --                                ;
; OUTPUT_IO_TIMING_NEAR_END_VMEAS     ; Half Vccio                                             ; --            ; --          ; --                                ;
; OUTPUT_IO_TIMING_NEAR_END_VMEAS     ; Half Vccio                                             ; --            ; --          ; --                                ;
; PARTITION_COLOR                     ; -- (Not supported for targeted family)                 ; --            ; --          ; Top                               ;
; PARTITION_FITTER_PRESERVATION_LEVEL ; -- (Not supported for targeted family)                 ; --            ; --          ; Top                               ;
; PARTITION_NETLIST_TYPE              ; -- (Not supported for targeted family)                 ; --            ; --          ; Top                               ;
; POWER_BOARD_THERMAL_MODEL           ; None (CONSERVATIVE)                                    ; --            ; --          ; --                                ;
; POWER_PRESET_COOLING_SOLUTION       ; 23 MM HEAT SINK WITH 200 LFPM AIRFLOW                  ; --            ; --          ; --                                ;
; PROJECT_OUTPUT_DIRECTORY            ; output_files                                           ; --            ; --          ; --                                ;
; SLD_FILE                            ; sram/synthesis/sram.debuginfo                          ; --            ; --          ; --                                ;
; SLD_INFO                            ; QSYS_NAME sram HAS_SOPCINFO 1 GENERATION_ID 1722656439 ; --            ; sram        ; --                                ;
; SOPCINFO_FILE                       ; sram/synthesis/../../sram.sopcinfo                     ; --            ; --          ; --                                ;
; SYNTHESIS_ONLY_QIP                  ; On                                                     ; --            ; --          ; --                                ;
+-------------------------------------+--------------------------------------------------------+---------------+-------------+-----------------------------------+


+-------------------------------------------------------------------------------------------------------------------------------+
; Flow Elapsed Time                                                                                                             ;
+---------------------------+--------------+-------------------------+---------------------+------------------------------------+
; Module Name               ; Elapsed Time ; Average Processors Used ; Peak Virtual Memory ; Total CPU Time (on all processors) ;
+---------------------------+--------------+-------------------------+---------------------+------------------------------------+
; Analysis & Synthesis      ; 00:00:12     ; 1.0                     ; 4802 MB             ; 00:00:06                           ;
; Fitter                    ; 00:00:17     ; 1.0                     ; 5699 MB             ; 00:00:11                           ;
; Assembler                 ; 00:00:05     ; 1.0                     ; 4683 MB             ; 00:00:03                           ;
; TimeQuest Timing Analyzer ; 00:00:02     ; 1.1                     ; 4848 MB             ; 00:00:01                           ;
; Total                     ; 00:00:36     ; --                      ; --                  ; 00:00:21                           ;
+---------------------------+--------------+-------------------------+---------------------+------------------------------------+


+-----------------------------------------------------------------------------------------+
; Flow OS Summary                                                                         ;
+---------------------------+------------------+------------+------------+----------------+
; Module Name               ; Machine Hostname ; OS Name    ; OS Version ; Processor type ;
+---------------------------+------------------+------------+------------+----------------+
; Analysis & Synthesis      ; DESKTOP-GR64V7Q  ; Windows 10 ; 10.0       ; x86_64         ;
; Fitter                    ; DESKTOP-GR64V7Q  ; Windows 10 ; 10.0       ; x86_64         ;
; Assembler                 ; DESKTOP-GR64V7Q  ; Windows 10 ; 10.0       ; x86_64         ;
; TimeQuest Timing Analyzer ; DESKTOP-GR64V7Q  ; Windows 10 ; 10.0       ; x86_64         ;
+---------------------------+------------------+------------+------------+----------------+


------------
; Flow Log ;
------------
quartus_map --read_settings_files=on --write_settings_files=off top_ov7670 -c top_ov7670
quartus_fit --read_settings_files=off --write_settings_files=off top_ov7670 -c top_ov7670
quartus_asm --read_settings_files=off --write_settings_files=off top_ov7670 -c top_ov7670
quartus_sta top_ov7670 -c top_ov7670



