Info: Starting: Create block symbol file (.bsf)
Info: qsys-generate D:\2024\FPGA\codeFPGA_NIOS2\Bai6-I2C-ADS1115-BLUE\I2C.qsys --block-symbol-file --output-directory=D:\2024\FPGA\codeFPGA_NIOS2\Bai6-I2C-ADS1115-BLUE\I2C --family="Cyclone IV E" --part=EP4CE115F29C7
Progress: Loading Bai6-I2C-ADS1115-BLUE/I2C.qsys
Progress: Reading input file
Progress: Adding CPU [altera_nios2_gen2 17.1]
Progress: Parameterizing module CPU
Progress: Adding DEBUG [altera_avalon_jtag_uart 17.1]
Progress: Parameterizing module DEBUG
Progress: Adding I2C [altera_avalon_i2c 17.1]
Progress: Parameterizing module I2C
Progress: Adding LED1 [altera_avalon_pio 17.1]
Progress: Parameterizing module LED1
Progress: Adding LED2 [altera_avalon_pio 17.1]
Progress: Parameterizing module LED2
Progress: Adding LED3 [altera_avalon_pio 17.1]
Progress: Parameterizing module LED3
Progress: Adding LED4 [altera_avalon_pio 17.1]
Progress: Parameterizing module LED4
Progress: Adding LED5 [altera_avalon_pio 17.1]
Progress: Parameterizing module LED5
Progress: Adding LED6 [altera_avalon_pio 17.1]
Progress: Parameterizing module LED6
Progress: Adding RAM [altera_avalon_onchip_memory2 17.1]
Progress: Parameterizing module RAM
Progress: Adding RS232 [altera_up_avalon_rs232 17.1]
Progress: Parameterizing module RS232
Progress: Adding clk_0 [clock_source 17.1]
Progress: Parameterizing module clk_0
Progress: Adding sysid_qsys_0 [altera_avalon_sysid_qsys 17.1]
Progress: Parameterizing module sysid_qsys_0
Progress: Adding timer_0 [altera_avalon_timer 17.1]
Progress: Parameterizing module timer_0
Progress: Building connections
Progress: Parameterizing connections
Progress: Validating
Progress: Done reading input file
Info: I2C.DEBUG: JTAG UART IP input clock need to be at least double (2x) the operating frequency of JTAG TCK on board
Info: I2C.sysid_qsys_0: System ID is not assigned automatically. Edit the System ID parameter to provide a unique ID
Info: I2C.sysid_qsys_0: Time stamp will be automatically updated when this component is generated.
Warning: I2C.RS232: Interrupt sender RS232.interrupt is not connected to an interrupt receiver
Info: qsys-generate succeeded.
Info: Finished: Create block symbol file (.bsf)
Info: 
Info: Starting: Create HDL design files for synthesis
Info: qsys-generate D:\2024\FPGA\codeFPGA_NIOS2\Bai6-I2C-ADS1115-BLUE\I2C.qsys --synthesis=VERILOG --output-directory=D:\2024\FPGA\codeFPGA_NIOS2\Bai6-I2C-ADS1115-BLUE\I2C\synthesis --family="Cyclone IV E" --part=EP4CE115F29C7
Progress: Loading Bai6-I2C-ADS1115-BLUE/I2C.qsys
Progress: Reading input file
Progress: Adding CPU [altera_nios2_gen2 17.1]
Progress: Parameterizing module CPU
Progress: Adding DEBUG [altera_avalon_jtag_uart 17.1]
Progress: Parameterizing module DEBUG
Progress: Adding I2C [altera_avalon_i2c 17.1]
Progress: Parameterizing module I2C
Progress: Adding LED1 [altera_avalon_pio 17.1]
Progress: Parameterizing module LED1
Progress: Adding LED2 [altera_avalon_pio 17.1]
Progress: Parameterizing module LED2
Progress: Adding LED3 [altera_avalon_pio 17.1]
Progress: Parameterizing module LED3
Progress: Adding LED4 [altera_avalon_pio 17.1]
Progress: Parameterizing module LED4
Progress: Adding LED5 [altera_avalon_pio 17.1]
Progress: Parameterizing module LED5
Progress: Adding LED6 [altera_avalon_pio 17.1]
Progress: Parameterizing module LED6
Progress: Adding RAM [altera_avalon_onchip_memory2 17.1]
Progress: Parameterizing module RAM
Progress: Adding RS232 [altera_up_avalon_rs232 17.1]
Progress: Parameterizing module RS232
Progress: Adding clk_0 [clock_source 17.1]
Progress: Parameterizing module clk_0
Progress: Adding sysid_qsys_0 [altera_avalon_sysid_qsys 17.1]
Progress: Parameterizing module sysid_qsys_0
Progress: Adding timer_0 [altera_avalon_timer 17.1]
Progress: Parameterizing module timer_0
Progress: Building connections
Progress: Parameterizing connections
Progress: Validating
Progress: Done reading input file
Info: I2C.DEBUG: JTAG UART IP input clock need to be at least double (2x) the operating frequency of JTAG TCK on board
Info: I2C.sysid_qsys_0: System ID is not assigned automatically. Edit the System ID parameter to provide a unique ID
Info: I2C.sysid_qsys_0: Time stamp will be automatically updated when this component is generated.
Warning: I2C.RS232: Interrupt sender RS232.interrupt is not connected to an interrupt receiver
Info: I2C: Generating I2C "I2C" for QUARTUS_SYNTH
Info: CPU: "I2C" instantiated altera_nios2_gen2 "CPU"
Info: DEBUG: Starting RTL generation for module 'I2C_DEBUG'
Info: DEBUG:   Generation command is [exec D:/fpga/quartus/bin64/perl/bin/perl.exe -I D:/fpga/quartus/bin64/perl/lib -I D:/fpga/quartus/sopc_builder/bin/europa -I D:/fpga/quartus/sopc_builder/bin/perl_lib -I D:/fpga/quartus/sopc_builder/bin -I D:/fpga/quartus/../ip/altera/sopc_builder_ip/common -I D:/fpga/quartus/../ip/altera/sopc_builder_ip/altera_avalon_jtag_uart -- D:/fpga/quartus/../ip/altera/sopc_builder_ip/altera_avalon_jtag_uart/generate_rtl.pl --name=I2C_DEBUG --dir=C:/Users/DELL/AppData/Local/Temp/alt0032_5839642138682963427.dir/0002_DEBUG_gen/ --quartus_dir=D:/fpga/quartus --verilog --config=C:/Users/DELL/AppData/Local/Temp/alt0032_5839642138682963427.dir/0002_DEBUG_gen//I2C_DEBUG_component_configuration.pl  --do_build_sim=0  ]
Info: DEBUG: Done RTL generation for module 'I2C_DEBUG'
Info: DEBUG: "I2C" instantiated altera_avalon_jtag_uart "DEBUG"
Info: I2C: "I2C" instantiated altera_avalon_i2c "I2C"
Info: LED1: Starting RTL generation for module 'I2C_LED1'
Info: LED1:   Generation command is [exec D:/fpga/quartus/bin64/perl/bin/perl.exe -I D:/fpga/quartus/bin64/perl/lib -I D:/fpga/quartus/sopc_builder/bin/europa -I D:/fpga/quartus/sopc_builder/bin/perl_lib -I D:/fpga/quartus/sopc_builder/bin -I D:/fpga/quartus/../ip/altera/sopc_builder_ip/common -I D:/fpga/quartus/../ip/altera/sopc_builder_ip/altera_avalon_pio -- D:/fpga/quartus/../ip/altera/sopc_builder_ip/altera_avalon_pio/generate_rtl.pl --name=I2C_LED1 --dir=C:/Users/DELL/AppData/Local/Temp/alt0032_5839642138682963427.dir/0004_LED1_gen/ --quartus_dir=D:/fpga/quartus --verilog --config=C:/Users/DELL/AppData/Local/Temp/alt0032_5839642138682963427.dir/0004_LED1_gen//I2C_LED1_component_configuration.pl  --do_build_sim=0  ]
Info: LED1: Done RTL generation for module 'I2C_LED1'
Info: LED1: "I2C" instantiated altera_avalon_pio "LED1"
Info: RAM: Starting RTL generation for module 'I2C_RAM'
Info: RAM:   Generation command is [exec D:/fpga/quartus/bin64/perl/bin/perl.exe -I D:/fpga/quartus/bin64/perl/lib -I D:/fpga/quartus/sopc_builder/bin/europa -I D:/fpga/quartus/sopc_builder/bin/perl_lib -I D:/fpga/quartus/sopc_builder/bin -I D:/fpga/quartus/../ip/altera/sopc_builder_ip/common -I D:/fpga/quartus/../ip/altera/sopc_builder_ip/altera_avalon_onchip_memory2 -- D:/fpga/quartus/../ip/altera/sopc_builder_ip/altera_avalon_onchip_memory2/generate_rtl.pl --name=I2C_RAM --dir=C:/Users/DELL/AppData/Local/Temp/alt0032_5839642138682963427.dir/0005_RAM_gen/ --quartus_dir=D:/fpga/quartus --verilog --config=C:/Users/DELL/AppData/Local/Temp/alt0032_5839642138682963427.dir/0005_RAM_gen//I2C_RAM_component_configuration.pl  --do_build_sim=0  ]
Info: RAM: Done RTL generation for module 'I2C_RAM'
Info: RAM: "I2C" instantiated altera_avalon_onchip_memory2 "RAM"
Info: RS232: Starting Generation of RS232 UART
Info: RS232: "I2C" instantiated altera_up_avalon_rs232 "RS232"
Info: sysid_qsys_0: "I2C" instantiated altera_avalon_sysid_qsys "sysid_qsys_0"
Info: timer_0: Starting RTL generation for module 'I2C_timer_0'
Info: timer_0:   Generation command is [exec D:/FPGA/quartus/bin64//perl/bin/perl.exe -I D:/FPGA/quartus/bin64//perl/lib -I D:/fpga/quartus/sopc_builder/bin/europa -I D:/fpga/quartus/sopc_builder/bin/perl_lib -I D:/fpga/quartus/sopc_builder/bin -I D:/fpga/quartus/../ip/altera/sopc_builder_ip/common -I D:/fpga/quartus/../ip/altera/sopc_builder_ip/altera_avalon_timer -- D:/fpga/quartus/../ip/altera/sopc_builder_ip/altera_avalon_timer/generate_rtl.pl --name=I2C_timer_0 --dir=C:/Users/DELL/AppData/Local/Temp/alt0032_5839642138682963427.dir/0008_timer_0_gen/ --quartus_dir=D:/fpga/quartus --verilog --config=C:/Users/DELL/AppData/Local/Temp/alt0032_5839642138682963427.dir/0008_timer_0_gen//I2C_timer_0_component_configuration.pl  --do_build_sim=0  ]
Info: timer_0: Done RTL generation for module 'I2C_timer_0'
Info: timer_0: "I2C" instantiated altera_avalon_timer "timer_0"
Info: avalon_st_adapter: Inserting error_adapter: error_adapter_0
Info: avalon_st_adapter_001: Inserting error_adapter: error_adapter_0
Info: avalon_st_adapter_002: Inserting error_adapter: error_adapter_0
Info: avalon_st_adapter_003: Inserting error_adapter: error_adapter_0
Info: avalon_st_adapter_004: Inserting error_adapter: error_adapter_0
Info: avalon_st_adapter_005: Inserting error_adapter: error_adapter_0
Info: avalon_st_adapter_006: Inserting error_adapter: error_adapter_0
Info: avalon_st_adapter_007: Inserting error_adapter: error_adapter_0
Info: avalon_st_adapter_008: Inserting error_adapter: error_adapter_0
Info: avalon_st_adapter_009: Inserting error_adapter: error_adapter_0
Info: avalon_st_adapter_010: Inserting error_adapter: error_adapter_0
Info: avalon_st_adapter_011: Inserting error_adapter: error_adapter_0
Info: avalon_st_adapter_012: Inserting error_adapter: error_adapter_0
Info: mm_interconnect_0: "I2C" instantiated altera_mm_interconnect "mm_interconnect_0"
Info: irq_mapper: "I2C" instantiated altera_irq_mapper "irq_mapper"
Info: rst_controller: "I2C" instantiated altera_reset_controller "rst_controller"
Info: cpu: Starting RTL generation for module 'I2C_CPU_cpu'
Info: cpu:   Generation command is [exec D:/FPGA/quartus/bin64//eperlcmd.exe -I D:/FPGA/quartus/bin64//perl/lib -I D:/fpga/quartus/sopc_builder/bin/europa -I D:/fpga/quartus/sopc_builder/bin/perl_lib -I D:/fpga/quartus/sopc_builder/bin -I D:/fpga/quartus/../ip/altera/nios2_ip/altera_nios2_gen2/cpu_lib -I D:/fpga/quartus/../ip/altera/nios2_ip/altera_nios2_gen2/nios_lib -I D:/fpga/quartus/../ip/altera/nios2_ip/altera_nios2_gen2 -I D:/fpga/quartus/../ip/altera/nios2_ip/altera_nios2_gen2 -- D:/fpga/quartus/../ip/altera/nios2_ip/altera_nios2_gen2/generate_rtl.epl --name=I2C_CPU_cpu --dir=C:/Users/DELL/AppData/Local/Temp/alt0032_5839642138682963427.dir/0011_cpu_gen/ --quartus_bindir=D:/FPGA/quartus/bin64/ --verilog --config=C:/Users/DELL/AppData/Local/Temp/alt0032_5839642138682963427.dir/0011_cpu_gen//I2C_CPU_cpu_processor_configuration.pl  --do_build_sim=0  ]
Info: cpu: # 2024.11.05 16:05:10 (*) Starting Nios II generation
Info: cpu: # 2024.11.05 16:05:10 (*)   Checking for plaintext license.
Info: cpu: # 2024.11.05 16:05:11 (*)   Plaintext license not found.
Info: cpu: # 2024.11.05 16:05:11 (*)   No license required to generate encrypted Nios II/e.
Info: cpu: # 2024.11.05 16:05:11 (*)   Elaborating CPU configuration settings
Info: cpu: # 2024.11.05 16:05:11 (*)   Creating all objects for CPU
Info: cpu: # 2024.11.05 16:05:12 (*)   Generating RTL from CPU objects
Info: cpu: # 2024.11.05 16:05:12 (*)   Creating plain-text RTL
Info: cpu: # 2024.11.05 16:05:12 (*) Done Nios II generation
Info: cpu: Done RTL generation for module 'I2C_CPU_cpu'
Info: cpu: "CPU" instantiated altera_nios2_gen2_unit "cpu"
Info: CPU_data_master_translator: "mm_interconnect_0" instantiated altera_merlin_master_translator "CPU_data_master_translator"
Info: DEBUG_avalon_jtag_slave_translator: "mm_interconnect_0" instantiated altera_merlin_slave_translator "DEBUG_avalon_jtag_slave_translator"
Info: CPU_data_master_agent: "mm_interconnect_0" instantiated altera_merlin_master_agent "CPU_data_master_agent"
Info: DEBUG_avalon_jtag_slave_agent: "mm_interconnect_0" instantiated altera_merlin_slave_agent "DEBUG_avalon_jtag_slave_agent"
Info: DEBUG_avalon_jtag_slave_agent_rsp_fifo: "mm_interconnect_0" instantiated altera_avalon_sc_fifo "DEBUG_avalon_jtag_slave_agent_rsp_fifo"
Info: router: "mm_interconnect_0" instantiated altera_merlin_router "router"
Info: router_001: "mm_interconnect_0" instantiated altera_merlin_router "router_001"
Info: router_002: "mm_interconnect_0" instantiated altera_merlin_router "router_002"
Info: router_004: "mm_interconnect_0" instantiated altera_merlin_router "router_004"
Info: cmd_demux: "mm_interconnect_0" instantiated altera_merlin_demultiplexer "cmd_demux"
Info: cmd_demux_001: "mm_interconnect_0" instantiated altera_merlin_demultiplexer "cmd_demux_001"
Info: cmd_mux: "mm_interconnect_0" instantiated altera_merlin_multiplexer "cmd_mux"
Info: cmd_mux_002: "mm_interconnect_0" instantiated altera_merlin_multiplexer "cmd_mux_002"
Info: Reusing file D:/2024/FPGA/codeFPGA_NIOS2/Bai6-I2C-ADS1115-BLUE/I2C/synthesis/submodules/altera_merlin_arbitrator.sv
Info: rsp_demux: "mm_interconnect_0" instantiated altera_merlin_demultiplexer "rsp_demux"
Info: rsp_demux_002: "mm_interconnect_0" instantiated altera_merlin_demultiplexer "rsp_demux_002"
Info: rsp_mux: "mm_interconnect_0" instantiated altera_merlin_multiplexer "rsp_mux"
Info: Reusing file D:/2024/FPGA/codeFPGA_NIOS2/Bai6-I2C-ADS1115-BLUE/I2C/synthesis/submodules/altera_merlin_arbitrator.sv
Info: rsp_mux_001: "mm_interconnect_0" instantiated altera_merlin_multiplexer "rsp_mux_001"
Info: Reusing file D:/2024/FPGA/codeFPGA_NIOS2/Bai6-I2C-ADS1115-BLUE/I2C/synthesis/submodules/altera_merlin_arbitrator.sv
Info: avalon_st_adapter: "mm_interconnect_0" instantiated altera_avalon_st_adapter "avalon_st_adapter"
Info: error_adapter_0: "avalon_st_adapter" instantiated error_adapter "error_adapter_0"
Info: I2C: Done "I2C" with 32 modules, 59 files
Info: qsys-generate succeeded.
Info: Finished: Create HDL design files for synthesis
