Flow report for top
Fri Mar 06 16:44:59 2026
Quartus Prime Version 17.1.0 Build 590 10/25/2017 SJ Lite Edition


---------------------
; Table of Contents ;
---------------------
  1. Legal Notice
  2. Flow Summary
  3. Flow Settings
  4. Flow Non-Default Global Settings
  5. Flow Elapsed Time
  6. Flow OS Summary
  7. Flow Log
  8. Flow Messages
  9. Flow Suppressed Messages



----------------
; Legal Notice ;
----------------
Copyright (C) 2017  Intel Corporation. All rights reserved.
Your use of Intel Corporation's design tools, logic functions 
and other software and tools, and its AMPP partner logic 
functions, and any output files from any of the foregoing 
(including device programming or simulation files), and any 
associated documentation or information are expressly subject 
to the terms and conditions of the Intel Program License 
Subscription Agreement, the Intel Quartus Prime License Agreement,
the Intel FPGA IP License Agreement, or other applicable license
agreement, including, without limitation, that your use is for
the sole purpose of programming logic devices manufactured by
Intel and sold by Intel or its authorized distributors.  Please
refer to the applicable agreement for further details.



+----------------------------------------------------------------------------------+
; Flow Summary                                                                     ;
+------------------------------------+---------------------------------------------+
; Flow Status                        ; Successful - Fri Mar 06 16:44:45 2026       ;
; Quartus Prime Version              ; 17.1.0 Build 590 10/25/2017 SJ Lite Edition ;
; Revision Name                      ; top                                         ;
; Top-level Entity Name              ; top                                         ;
; Family                             ; Cyclone IV E                                ;
; Device                             ; EP4CE115F29C7                               ;
; Timing Models                      ; Final                                       ;
; Total logic elements               ; 43,050 / 114,480 ( 38 % )                   ;
;     Total combinational functions  ; 31,190 / 114,480 ( 27 % )                   ;
;     Dedicated logic registers      ; 30,396 / 114,480 ( 27 % )                   ;
; Total registers                    ; 30396                                       ;
; Total pins                         ; 99 / 529 ( 19 % )                           ;
; Total virtual pins                 ; 0                                           ;
; Total memory bits                  ; 50,040 / 3,981,312 ( 1 % )                  ;
; Embedded Multiplier 9-bit elements ; 324 / 532 ( 61 % )                          ;
; Total PLLs                         ; 1 / 4 ( 25 % )                              ;
+------------------------------------+---------------------------------------------+


+-----------------------------------------+
; Flow Settings                           ;
+-------------------+---------------------+
; Option            ; Setting             ;
+-------------------+---------------------+
; Start date & time ; 03/06/2026 16:40:21 ;
; Main task         ; Compilation         ;
; Revision Name     ; top                 ;
+-------------------+---------------------+


+------------------------------------------------------------------------------------------------------------------------------------------+
; Flow Non-Default Global Settings                                                                                                         ;
+-------------------------------------+--------------------------------------------------------+---------------+--------------+------------+
; Assignment Name                     ; Value                                                  ; Default Value ; Entity Name  ; Section Id ;
+-------------------------------------+--------------------------------------------------------+---------------+--------------+------------+
; COMPILER_SIGNATURE_ID               ; 2546587756924.177279002102040                          ; --            ; --           ; --         ;
; MAX_CORE_JUNCTION_TEMP              ; 85                                                     ; --            ; --           ; --         ;
; MESSAGE_DISABLE                     ; 270007                                                 ; --            ; FFT_fft_ii_0 ; --         ;
; MIN_CORE_JUNCTION_TEMP              ; 0                                                      ; --            ; --           ; --         ;
; MISC_FILE                           ; FFT/synthesis/../FFT.cmp                               ; --            ; --           ; --         ;
; MISC_FILE                           ; FFT/synthesis/../../FFT.qsys                           ; --            ; --           ; --         ;
; MISC_FILE                           ; SRAM/synthesis/../SRAM.cmp                             ; --            ; --           ; --         ;
; MISC_FILE                           ; SRAM/synthesis/../../SRAM.qsys                         ; --            ; --           ; --         ;
; MISC_FILE                           ; pll_bb.v                                               ; --            ; --           ; --         ;
; MISC_FILE                           ; pll.ppf                                                ; --            ; --           ; --         ;
; MISC_FILE                           ; RAM_bb.v                                               ; --            ; --           ; --         ;
; MISC_FILE                           ; hamming256_bb.v                                        ; --            ; --           ; --         ;
; MISC_FILE                           ; log_lut_bb.v                                           ; --            ; --           ; --         ;
; NOMINAL_CORE_SUPPLY_VOLTAGE         ; 1.2V                                                   ; --            ; --           ; --         ;
; PARTITION_COLOR                     ; -- (Not supported for targeted family)                 ; --            ; --           ; Top        ;
; PARTITION_FITTER_PRESERVATION_LEVEL ; -- (Not supported for targeted family)                 ; --            ; --           ; Top        ;
; PARTITION_NETLIST_TYPE              ; -- (Not supported for targeted family)                 ; --            ; --           ; Top        ;
; POWER_BOARD_THERMAL_MODEL           ; None (CONSERVATIVE)                                    ; --            ; --           ; --         ;
; POWER_PRESET_COOLING_SOLUTION       ; 23 MM HEAT SINK WITH 200 LFPM AIRFLOW                  ; --            ; --           ; --         ;
; PROJECT_OUTPUT_DIRECTORY            ; output_files                                           ; --            ; --           ; --         ;
; SLD_FILE                            ; FFT/synthesis/FFT.debuginfo                            ; --            ; --           ; --         ;
; SLD_FILE                            ; SRAM/synthesis/SRAM.debuginfo                          ; --            ; --           ; --         ;
; SLD_INFO                            ; QSYS_NAME FFT HAS_SOPCINFO 1 GENERATION_ID 1772249616  ; --            ; FFT          ; --         ;
; SLD_INFO                            ; QSYS_NAME SRAM HAS_SOPCINFO 1 GENERATION_ID 1770288915 ; --            ; SRAM         ; --         ;
; SOPCINFO_FILE                       ; FFT/synthesis/../../FFT.sopcinfo                       ; --            ; --           ; --         ;
; SOPCINFO_FILE                       ; SRAM/synthesis/../../SRAM.sopcinfo                     ; --            ; --           ; --         ;
; SYNTHESIS_ONLY_QIP                  ; On                                                     ; --            ; --           ; --         ;
; SYNTHESIS_ONLY_QIP                  ; On                                                     ; --            ; --           ; --         ;
+-------------------------------------+--------------------------------------------------------+---------------+--------------+------------+


+-------------------------------------------------------------------------------------------------------------------------------+
; Flow Elapsed Time                                                                                                             ;
+---------------------------+--------------+-------------------------+---------------------+------------------------------------+
; Module Name               ; Elapsed Time ; Average Processors Used ; Peak Virtual Memory ; Total CPU Time (on all processors) ;
+---------------------------+--------------+-------------------------+---------------------+------------------------------------+
; Analysis & Synthesis      ; 00:01:48     ; 1.0                     ; 5212 MB             ; 00:02:06                           ;
; Fitter                    ; 00:02:15     ; 1.1                     ; 6285 MB             ; 00:04:17                           ;
; Assembler                 ; 00:00:06     ; 1.0                     ; 4834 MB             ; 00:00:06                           ;
; TimeQuest Timing Analyzer ; 00:00:12     ; 1.3                     ; 5221 MB             ; 00:00:16                           ;
; Total                     ; 00:04:21     ; --                      ; --                  ; 00:06:45                           ;
+---------------------------+--------------+-------------------------+---------------------+------------------------------------+


+-----------------------------------------------------------------------------------------+
; Flow OS Summary                                                                         ;
+---------------------------+------------------+------------+------------+----------------+
; Module Name               ; Machine Hostname ; OS Name    ; OS Version ; Processor type ;
+---------------------------+------------------+------------+------------+----------------+
; Analysis & Synthesis      ; DESKTOP-2GK7DF0  ; Windows 10 ; 10.0       ; x86_64         ;
; Fitter                    ; DESKTOP-2GK7DF0  ; Windows 10 ; 10.0       ; x86_64         ;
; Assembler                 ; DESKTOP-2GK7DF0  ; Windows 10 ; 10.0       ; x86_64         ;
; TimeQuest Timing Analyzer ; DESKTOP-2GK7DF0  ; Windows 10 ; 10.0       ; x86_64         ;
+---------------------------+------------------+------------+------------+----------------+


------------
; Flow Log ;
------------
quartus_map --read_settings_files=on --write_settings_files=off top -c top
quartus_fit --read_settings_files=off --write_settings_files=off top -c top
quartus_asm --read_settings_files=off --write_settings_files=off top -c top
quartus_sta top -c top



