Analysis & Synthesis report for controllUart
Sat Jun 29 10:48:44 2024
Quartus Prime Version 22.1std.0 Build 915 10/25/2022 SC Lite Edition


---------------------
; Table of Contents ;
---------------------
  1. Legal Notice
  2. Analysis & Synthesis Summary
  3. Analysis & Synthesis Settings
  4. Parallel Compilation
  5. Analysis & Synthesis Source Files Read
  6. Analysis & Synthesis Resource Usage Summary
  7. Analysis & Synthesis Resource Utilization by Entity
  8. State Machine - |controllUart|stt_rx
  9. State Machine - |controllUart|stt_tx
 10. State Machine - |controllUart|uartRead:read1|stt_rx
 11. State Machine - |controllUart|uartWrite:write1|stt_tx
 12. Registers Removed During Synthesis
 13. Removed Registers Triggering Further Register Optimizations
 14. General Register Statistics
 15. Multiplexer Restructuring Statistics (Restructuring Performed)
 16. Post-Synthesis Netlist Statistics for Top Partition
 17. Elapsed Time Per Partition
 18. Analysis & Synthesis Messages
 19. Analysis & Synthesis Suppressed Messages



----------------
; Legal Notice ;
----------------
Copyright (C) 2022  Intel Corporation. All rights reserved.
Your use of Intel Corporation's design tools, logic functions 
and other software and tools, and any partner logic 
functions, and any output files from any of the foregoing 
(including device programming or simulation files), and any 
associated documentation or information are expressly subject 
to the terms and conditions of the Intel Program License 
Subscription Agreement, the Intel Quartus Prime License Agreement,
the Intel FPGA IP License Agreement, or other applicable license
agreement, including, without limitation, that your use is for
the sole purpose of programming logic devices manufactured by
Intel and sold by Intel or its authorized distributors.  Please
refer to the applicable agreement for further details, at
https://fpgasoftware.intel.com/eula.



+-------------------------------------------------------------------------------------+
; Analysis & Synthesis Summary                                                        ;
+------------------------------------+------------------------------------------------+
; Analysis & Synthesis Status        ; Successful - Sat Jun 29 10:48:44 2024          ;
; Quartus Prime Version              ; 22.1std.0 Build 915 10/25/2022 SC Lite Edition ;
; Revision Name                      ; controllUart                                   ;
; Top-level Entity Name              ; controllUart                                   ;
; Family                             ; Cyclone IV E                                   ;
; Total logic elements               ; 181                                            ;
;     Total combinational functions  ; 148                                            ;
;     Dedicated logic registers      ; 143                                            ;
; Total registers                    ; 143                                            ;
; Total pins                         ; 32                                             ;
; Total virtual pins                 ; 0                                              ;
; Total memory bits                  ; 0                                              ;
; Embedded Multiplier 9-bit elements ; 0                                              ;
; Total PLLs                         ; 0                                              ;
+------------------------------------+------------------------------------------------+


+------------------------------------------------------------------------------------------------------------+
; Analysis & Synthesis Settings                                                                              ;
+------------------------------------------------------------------+--------------------+--------------------+
; Option                                                           ; Setting            ; Default Value      ;
+------------------------------------------------------------------+--------------------+--------------------+
; Device                                                           ; EP4CE115F29C7      ;                    ;
; Top-level entity name                                            ; controllUart       ; controllUart       ;
; Family name                                                      ; Cyclone IV E       ; Cyclone V          ;
; Use smart compilation                                            ; Off                ; Off                ;
; Enable parallel Assembler and Timing Analyzer during compilation ; On                 ; On                 ;
; Enable compact report table                                      ; Off                ; Off                ;
; Restructure Multiplexers                                         ; Auto               ; Auto               ;
; Create Debugging Nodes for IP Cores                              ; Off                ; Off                ;
; Preserve fewer node names                                        ; On                 ; On                 ;
; Intel FPGA IP Evaluation Mode                                    ; Enable             ; Enable             ;
; Verilog Version                                                  ; Verilog_2001       ; Verilog_2001       ;
; VHDL Version                                                     ; VHDL_1993          ; VHDL_1993          ;
; State Machine Processing                                         ; Auto               ; Auto               ;
; Safe State Machine                                               ; Off                ; Off                ;
; Extract Verilog State Machines                                   ; On                 ; On                 ;
; Extract VHDL State Machines                                      ; On                 ; On                 ;
; Ignore Verilog initial constructs                                ; Off                ; Off                ;
; Iteration limit for constant Verilog loops                       ; 5000               ; 5000               ;
; Iteration limit for non-constant Verilog loops                   ; 250                ; 250                ;
; Add Pass-Through Logic to Inferred RAMs                          ; On                 ; On                 ;
; Infer RAMs from Raw Logic                                        ; On                 ; On                 ;
; Parallel Synthesis                                               ; On                 ; On                 ;
; DSP Block Balancing                                              ; Auto               ; Auto               ;
; NOT Gate Push-Back                                               ; On                 ; On                 ;
; Power-Up Don't Care                                              ; On                 ; On                 ;
; Remove Redundant Logic Cells                                     ; Off                ; Off                ;
; Remove Duplicate Registers                                       ; On                 ; On                 ;
; Ignore CARRY Buffers                                             ; Off                ; Off                ;
; Ignore CASCADE Buffers                                           ; Off                ; Off                ;
; Ignore GLOBAL Buffers                                            ; Off                ; Off                ;
; Ignore ROW GLOBAL Buffers                                        ; Off                ; Off                ;
; Ignore LCELL Buffers                                             ; Off                ; Off                ;
; Ignore SOFT Buffers                                              ; On                 ; On                 ;
; Limit AHDL Integers to 32 Bits                                   ; Off                ; Off                ;
; Optimization Technique                                           ; Balanced           ; Balanced           ;
; Carry Chain Length                                               ; 70                 ; 70                 ;
; Auto Carry Chains                                                ; On                 ; On                 ;
; Auto Open-Drain Pins                                             ; On                 ; On                 ;
; Perform WYSIWYG Primitive Resynthesis                            ; Off                ; Off                ;
; Auto ROM Replacement                                             ; On                 ; On                 ;
; Auto RAM Replacement                                             ; On                 ; On                 ;
; Auto DSP Block Replacement                                       ; On                 ; On                 ;
; Auto Shift Register Replacement                                  ; Auto               ; Auto               ;
; Allow Shift Register Merging across Hierarchies                  ; Auto               ; Auto               ;
; Auto Clock Enable Replacement                                    ; On                 ; On                 ;
; Strict RAM Replacement                                           ; Off                ; Off                ;
; Allow Synchronous Control Signals                                ; On                 ; On                 ;
; Force Use of Synchronous Clear Signals                           ; Off                ; Off                ;
; Auto RAM Block Balancing                                         ; On                 ; On                 ;
; Auto RAM to Logic Cell Conversion                                ; Off                ; Off                ;
; Auto Resource Sharing                                            ; Off                ; Off                ;
; Allow Any RAM Size For Recognition                               ; Off                ; Off                ;
; Allow Any ROM Size For Recognition                               ; Off                ; Off                ;
; Allow Any Shift Register Size For Recognition                    ; Off                ; Off                ;
; Use LogicLock Constraints during Resource Balancing              ; On                 ; On                 ;
; Ignore translate_off and synthesis_off directives                ; Off                ; Off                ;
; Timing-Driven Synthesis                                          ; On                 ; On                 ;
; Report Parameter Settings                                        ; On                 ; On                 ;
; Report Source Assignments                                        ; On                 ; On                 ;
; Report Connectivity Checks                                       ; On                 ; On                 ;
; Ignore Maximum Fan-Out Assignments                               ; Off                ; Off                ;
; Synchronization Register Chain Length                            ; 2                  ; 2                  ;
; Power Optimization During Synthesis                              ; Normal compilation ; Normal compilation ;
; HDL message level                                                ; Level2             ; Level2             ;
; Suppress Register Optimization Related Messages                  ; Off                ; Off                ;
; Number of Removed Registers Reported in Synthesis Report         ; 5000               ; 5000               ;
; Number of Swept Nodes Reported in Synthesis Report               ; 5000               ; 5000               ;
; Number of Inverted Registers Reported in Synthesis Report        ; 100                ; 100                ;
; Clock MUX Protection                                             ; On                 ; On                 ;
; Auto Gated Clock Conversion                                      ; Off                ; Off                ;
; Block Design Naming                                              ; Auto               ; Auto               ;
; SDC constraint protection                                        ; Off                ; Off                ;
; Synthesis Effort                                                 ; Auto               ; Auto               ;
; Shift Register Replacement - Allow Asynchronous Clear Signal     ; On                 ; On                 ;
; Pre-Mapping Resynthesis Optimization                             ; Off                ; Off                ;
; Analysis & Synthesis Message Level                               ; Medium             ; Medium             ;
; Disable Register Merging Across Hierarchies                      ; Auto               ; Auto               ;
; Resource Aware Inference For Block RAM                           ; On                 ; On                 ;
+------------------------------------------------------------------+--------------------+--------------------+


+------------------------------------------+
; Parallel Compilation                     ;
+----------------------------+-------------+
; Processors                 ; Number      ;
+----------------------------+-------------+
; Number detected on machine ; 8           ;
; Maximum allowed            ; 4           ;
;                            ;             ;
; Average used               ; 1.00        ;
; Maximum used               ; 4           ;
;                            ;             ;
; Usage by Processor         ; % Time Used ;
;     Processor 1            ; 100.0%      ;
;     Processors 2-4         ;   0.0%      ;
+----------------------------+-------------+


+---------------------------------------------------------------------------------------------------------------------------------------------------------+
; Analysis & Synthesis Source Files Read                                                                                                                  ;
+----------------------------------+-----------------+------------------------+-----------------------------------------------------------------+---------+
; File Name with User-Entered Path ; Used in Netlist ; File Type              ; File Name with Absolute Path                                    ; Library ;
+----------------------------------+-----------------+------------------------+-----------------------------------------------------------------+---------+
; uartWrite.v                      ; yes             ; User Verilog HDL File  ; D:/2024/FPGA/codeFPGAL_LIB/UART_MULTI_READ_WRITE/uartWrite.v    ;         ;
; uartRead.v                       ; yes             ; User Verilog HDL File  ; D:/2024/FPGA/codeFPGAL_LIB/UART_MULTI_READ_WRITE/uartRead.v     ;         ;
; controllUart.v                   ; yes             ; User Verilog HDL File  ; D:/2024/FPGA/codeFPGAL_LIB/UART_MULTI_READ_WRITE/controllUart.v ;         ;
+----------------------------------+-----------------+------------------------+-----------------------------------------------------------------+---------+


+-----------------------------------------------------------+
; Analysis & Synthesis Resource Usage Summary               ;
+---------------------------------------------+-------------+
; Resource                                    ; Usage       ;
+---------------------------------------------+-------------+
; Estimated Total logic elements              ; 181         ;
;                                             ;             ;
; Total combinational functions               ; 148         ;
; Logic element usage by number of LUT inputs ;             ;
;     -- 4 input functions                    ; 73          ;
;     -- 3 input functions                    ; 12          ;
;     -- <=2 input functions                  ; 63          ;
;                                             ;             ;
; Logic elements by mode                      ;             ;
;     -- normal mode                          ; 119         ;
;     -- arithmetic mode                      ; 29          ;
;                                             ;             ;
; Total registers                             ; 143         ;
;     -- Dedicated logic registers            ; 143         ;
;     -- I/O registers                        ; 0           ;
;                                             ;             ;
; I/O pins                                    ; 32          ;
;                                             ;             ;
; Embedded Multiplier 9-bit elements          ; 0           ;
;                                             ;             ;
; Maximum fan-out node                        ; clock~input ;
; Maximum fan-out                             ; 111         ;
; Total fan-out                               ; 916         ;
; Average fan-out                             ; 2.58        ;
+---------------------------------------------+-------------+


+----------------------------------------------------------------------------------------------------------------------------------------------------------------------------------------------------------------------+
; Analysis & Synthesis Resource Utilization by Entity                                                                                                                                                                  ;
+----------------------------+---------------------+---------------------------+-------------+--------------+---------+-----------+------+--------------+--------------------------------+--------------+--------------+
; Compilation Hierarchy Node ; Combinational ALUTs ; Dedicated Logic Registers ; Memory Bits ; DSP Elements ; DSP 9x9 ; DSP 18x18 ; Pins ; Virtual Pins ; Full Hierarchy Name            ; Entity Name  ; Library Name ;
+----------------------------+---------------------+---------------------------+-------------+--------------+---------+-----------+------+--------------+--------------------------------+--------------+--------------+
; |controllUart              ; 148 (93)            ; 143 (101)                 ; 0           ; 0            ; 0       ; 0         ; 32   ; 0            ; |controllUart                  ; controllUart ; work         ;
;    |uartRead:read1|        ; 36 (36)             ; 27 (27)                   ; 0           ; 0            ; 0       ; 0         ; 0    ; 0            ; |controllUart|uartRead:read1   ; uartRead     ; work         ;
;    |uartWrite:write1|      ; 19 (19)             ; 15 (15)                   ; 0           ; 0            ; 0       ; 0         ; 0    ; 0            ; |controllUart|uartWrite:write1 ; uartWrite    ; work         ;
+----------------------------+---------------------+---------------------------+-------------+--------------+---------+-----------+------+--------------+--------------------------------+--------------+--------------+
Note: For table entries with two numbers listed, the numbers in parentheses indicate the number of resources of the given type used by the specific entity alone. The numbers listed outside of parentheses indicate the total resources of the given type used by the specific entity and all of its sub-entities in the hierarchy.


Encoding Type:  One-Hot
+-----------------------------------------------------------+
; State Machine - |controllUart|stt_rx                      ;
+--------------+--------------+--------------+--------------+
; Name         ; stt_rx.00000 ; stt_rx.00010 ; stt_rx.00001 ;
+--------------+--------------+--------------+--------------+
; stt_rx.00000 ; 0            ; 0            ; 0            ;
; stt_rx.00001 ; 1            ; 0            ; 1            ;
; stt_rx.00010 ; 1            ; 1            ; 0            ;
+--------------+--------------+--------------+--------------+


Encoding Type:  One-Hot
+-----------------------------------------------------------------------------------------+
; State Machine - |controllUart|stt_tx                                                    ;
+--------------+--------------+--------------+--------------+--------------+--------------+
; Name         ; stt_tx.00011 ; stt_tx.00010 ; stt_tx.00001 ; stt_tx.00000 ; stt_tx.00100 ;
+--------------+--------------+--------------+--------------+--------------+--------------+
; stt_tx.00000 ; 0            ; 0            ; 0            ; 0            ; 0            ;
; stt_tx.00001 ; 0            ; 0            ; 1            ; 1            ; 0            ;
; stt_tx.00010 ; 0            ; 1            ; 0            ; 1            ; 0            ;
; stt_tx.00011 ; 1            ; 0            ; 0            ; 1            ; 0            ;
; stt_tx.00100 ; 0            ; 0            ; 0            ; 1            ; 1            ;
+--------------+--------------+--------------+--------------+--------------+--------------+


Encoding Type:  One-Hot
+-----------------------------------------------------------------------------------------------------------------------------------------------------------------------------------------------------+
; State Machine - |controllUart|uartRead:read1|stt_rx                                                                                                                                                 ;
+-----------------+-----------------+-----------------+-----------------+-----------------+-----------------+-----------------+-----------------+-----------------+-----------------+-----------------+
; Name            ; stt_rx.00001001 ; stt_rx.00001000 ; stt_rx.00000111 ; stt_rx.00000110 ; stt_rx.00000101 ; stt_rx.00000100 ; stt_rx.00000011 ; stt_rx.00000010 ; stt_rx.00000001 ; stt_rx.00000000 ;
+-----------------+-----------------+-----------------+-----------------+-----------------+-----------------+-----------------+-----------------+-----------------+-----------------+-----------------+
; stt_rx.00000000 ; 0               ; 0               ; 0               ; 0               ; 0               ; 0               ; 0               ; 0               ; 0               ; 0               ;
; stt_rx.00000001 ; 0               ; 0               ; 0               ; 0               ; 0               ; 0               ; 0               ; 0               ; 1               ; 1               ;
; stt_rx.00000010 ; 0               ; 0               ; 0               ; 0               ; 0               ; 0               ; 0               ; 1               ; 0               ; 1               ;
; stt_rx.00000011 ; 0               ; 0               ; 0               ; 0               ; 0               ; 0               ; 1               ; 0               ; 0               ; 1               ;
; stt_rx.00000100 ; 0               ; 0               ; 0               ; 0               ; 0               ; 1               ; 0               ; 0               ; 0               ; 1               ;
; stt_rx.00000101 ; 0               ; 0               ; 0               ; 0               ; 1               ; 0               ; 0               ; 0               ; 0               ; 1               ;
; stt_rx.00000110 ; 0               ; 0               ; 0               ; 1               ; 0               ; 0               ; 0               ; 0               ; 0               ; 1               ;
; stt_rx.00000111 ; 0               ; 0               ; 1               ; 0               ; 0               ; 0               ; 0               ; 0               ; 0               ; 1               ;
; stt_rx.00001000 ; 0               ; 1               ; 0               ; 0               ; 0               ; 0               ; 0               ; 0               ; 0               ; 1               ;
; stt_rx.00001001 ; 1               ; 0               ; 0               ; 0               ; 0               ; 0               ; 0               ; 0               ; 0               ; 1               ;
+-----------------+-----------------+-----------------+-----------------+-----------------+-----------------+-----------------+-----------------+-----------------+-----------------+-----------------+


Encoding Type:  One-Hot
+-----------------------------------------------------------------------------------------------------------------------------------------------------------------------------------------------------------------------------------------+
; State Machine - |controllUart|uartWrite:write1|stt_tx                                                                                                                                                                                   ;
+-----------------+-----------------+-----------------+-----------------+-----------------+-----------------+-----------------+-----------------+-----------------+-----------------+-----------------+-----------------+-----------------+
; Name            ; stt_tx.00001011 ; stt_tx.00001010 ; stt_tx.00001001 ; stt_tx.00001000 ; stt_tx.00000111 ; stt_tx.00000110 ; stt_tx.00000101 ; stt_tx.00000100 ; stt_tx.00000011 ; stt_tx.00000010 ; stt_tx.00000001 ; stt_tx.00000000 ;
+-----------------+-----------------+-----------------+-----------------+-----------------+-----------------+-----------------+-----------------+-----------------+-----------------+-----------------+-----------------+-----------------+
; stt_tx.00000000 ; 0               ; 0               ; 0               ; 0               ; 0               ; 0               ; 0               ; 0               ; 0               ; 0               ; 0               ; 0               ;
; stt_tx.00000001 ; 0               ; 0               ; 0               ; 0               ; 0               ; 0               ; 0               ; 0               ; 0               ; 0               ; 1               ; 1               ;
; stt_tx.00000010 ; 0               ; 0               ; 0               ; 0               ; 0               ; 0               ; 0               ; 0               ; 0               ; 1               ; 0               ; 1               ;
; stt_tx.00000011 ; 0               ; 0               ; 0               ; 0               ; 0               ; 0               ; 0               ; 0               ; 1               ; 0               ; 0               ; 1               ;
; stt_tx.00000100 ; 0               ; 0               ; 0               ; 0               ; 0               ; 0               ; 0               ; 1               ; 0               ; 0               ; 0               ; 1               ;
; stt_tx.00000101 ; 0               ; 0               ; 0               ; 0               ; 0               ; 0               ; 1               ; 0               ; 0               ; 0               ; 0               ; 1               ;
; stt_tx.00000110 ; 0               ; 0               ; 0               ; 0               ; 0               ; 1               ; 0               ; 0               ; 0               ; 0               ; 0               ; 1               ;
; stt_tx.00000111 ; 0               ; 0               ; 0               ; 0               ; 1               ; 0               ; 0               ; 0               ; 0               ; 0               ; 0               ; 1               ;
; stt_tx.00001000 ; 0               ; 0               ; 0               ; 1               ; 0               ; 0               ; 0               ; 0               ; 0               ; 0               ; 0               ; 1               ;
; stt_tx.00001001 ; 0               ; 0               ; 1               ; 0               ; 0               ; 0               ; 0               ; 0               ; 0               ; 0               ; 0               ; 1               ;
; stt_tx.00001010 ; 0               ; 1               ; 0               ; 0               ; 0               ; 0               ; 0               ; 0               ; 0               ; 0               ; 0               ; 1               ;
; stt_tx.00001011 ; 1               ; 0               ; 0               ; 0               ; 0               ; 0               ; 0               ; 0               ; 0               ; 0               ; 0               ; 1               ;
+-----------------+-----------------+-----------------+-----------------+-----------------+-----------------+-----------------+-----------------+-----------------+-----------------+-----------------+-----------------+-----------------+


+---------------------------------------------------------------------------------+
; Registers Removed During Synthesis                                              ;
+----------------------------------------+----------------------------------------+
; Register name                          ; Reason for Removal                     ;
+----------------------------------------+----------------------------------------+
; data_tx[7]                             ; Stuck at GND due to stuck port data_in ;
; uartRead:read1|rx_ready                ; Merged with uartRead:read1|fb          ;
; uartWrite:write1|counter[7]            ; Merged with uartRead:read1|counter[7]  ;
; uartWrite:write1|counter[6]            ; Merged with uartRead:read1|counter[6]  ;
; uartWrite:write1|counter[4]            ; Merged with uartRead:read1|counter[4]  ;
; uartWrite:write1|counter[3]            ; Merged with uartRead:read1|counter[3]  ;
; uartWrite:write1|counter[5]            ; Merged with uartRead:read1|counter[5]  ;
; uartWrite:write1|counter[2]            ; Merged with uartRead:read1|counter[2]  ;
; uartWrite:write1|counter[1]            ; Merged with uartRead:read1|counter[1]  ;
; uartWrite:write1|counter[0]            ; Merged with uartRead:read1|counter[0]  ;
; stt_rx~7                               ; Lost fanout                            ;
; stt_rx~8                               ; Lost fanout                            ;
; stt_rx~9                               ; Lost fanout                            ;
; stt_tx~9                               ; Lost fanout                            ;
; stt_tx~10                              ; Lost fanout                            ;
; stt_tx~12                              ; Lost fanout                            ;
; stt_tx~13                              ; Lost fanout                            ;
; uartRead:read1|stt_rx~12               ; Lost fanout                            ;
; uartRead:read1|stt_rx~13               ; Lost fanout                            ;
; uartRead:read1|stt_rx~14               ; Lost fanout                            ;
; uartRead:read1|stt_rx~15               ; Lost fanout                            ;
; uartRead:read1|stt_rx~16               ; Lost fanout                            ;
; uartRead:read1|stt_rx~17               ; Lost fanout                            ;
; uartRead:read1|stt_rx~18               ; Lost fanout                            ;
; uartRead:read1|stt_rx~19               ; Lost fanout                            ;
; uartWrite:write1|stt_tx~2              ; Lost fanout                            ;
; uartWrite:write1|stt_tx~3              ; Lost fanout                            ;
; uartWrite:write1|stt_tx~4              ; Lost fanout                            ;
; uartWrite:write1|stt_tx~5              ; Lost fanout                            ;
; uartWrite:write1|stt_tx~6              ; Lost fanout                            ;
; uartWrite:write1|stt_tx~7              ; Lost fanout                            ;
; uartWrite:write1|stt_tx~8              ; Lost fanout                            ;
; uartWrite:write1|stt_tx~9              ; Lost fanout                            ;
; uartRead:read1|stt_rx.00001001         ; Lost fanout                            ;
; stt_tx.00100                           ; Lost fanout                            ;
; Total Number of Removed Registers = 35 ;                                        ;
+----------------------------------------+----------------------------------------+


+----------------------------------------------------------------------------------------+
; Removed Registers Triggering Further Register Optimizations                            ;
+--------------------------+--------------------+----------------------------------------+
; Register name            ; Reason for Removal ; Registers Removed due to This Register ;
+--------------------------+--------------------+----------------------------------------+
; uartRead:read1|stt_rx~12 ; Lost Fanouts       ; uartRead:read1|stt_rx.00001001         ;
+--------------------------+--------------------+----------------------------------------+


+------------------------------------------------------+
; General Register Statistics                          ;
+----------------------------------------------+-------+
; Statistic                                    ; Value ;
+----------------------------------------------+-------+
; Total registers                              ; 143   ;
; Number of registers using Synchronous Clear  ; 23    ;
; Number of registers using Synchronous Load   ; 0     ;
; Number of registers using Asynchronous Clear ; 9     ;
; Number of registers using Asynchronous Load  ; 0     ;
; Number of registers using Clock Enable       ; 91    ;
; Number of registers using Preset             ; 0     ;
+----------------------------------------------+-------+


+---------------------------------------------------------------------------------------------------------------------------------------------------+
; Multiplexer Restructuring Statistics (Restructuring Performed)                                                                                    ;
+--------------------+-----------+---------------+----------------------+------------------------+------------+-------------------------------------+
; Multiplexer Inputs ; Bus Width ; Baseline Area ; Area if Restructured ; Saving if Restructured ; Registered ; Example Multiplexer Output          ;
+--------------------+-----------+---------------+----------------------+------------------------+------------+-------------------------------------+
; 3:1                ; 5 bits    ; 10 LEs        ; 5 LEs                ; 5 LEs                  ; Yes        ; |controllUart|cnt_rx[2]             ;
; 3:1                ; 16 bits   ; 32 LEs        ; 16 LEs               ; 16 LEs                 ; Yes        ; |controllUart|counter[14]           ;
; 256:1              ; 7 bits    ; 1190 LEs      ; 42 LEs               ; 1148 LEs               ; Yes        ; |controllUart|HEX1[3]               ;
; 256:1              ; 7 bits    ; 1190 LEs      ; 42 LEs               ; 1148 LEs               ; Yes        ; |controllUart|HEX2[3]               ;
; 256:1              ; 7 bits    ; 1190 LEs      ; 42 LEs               ; 1148 LEs               ; Yes        ; |controllUart|HEX3[2]               ;
; 256:1              ; 7 bits    ; 1190 LEs      ; 42 LEs               ; 1148 LEs               ; Yes        ; |controllUart|HEX4[1]               ;
; 3:1                ; 9 bits    ; 18 LEs        ; 18 LEs               ; 0 LEs                  ; No         ; |controllUart|uartRead:read1|stt_rx ;
; 6:1                ; 2 bits    ; 8 LEs         ; 4 LEs                ; 4 LEs                  ; No         ; |controllUart|Selector5             ;
; 7:1                ; 2 bits    ; 8 LEs         ; 4 LEs                ; 4 LEs                  ; No         ; |controllUart|Selector4             ;
+--------------------+-----------+---------------+----------------------+------------------------+------------+-------------------------------------+


+-----------------------------------------------------+
; Post-Synthesis Netlist Statistics for Top Partition ;
+-----------------------+-----------------------------+
; Type                  ; Count                       ;
+-----------------------+-----------------------------+
; boundary_port         ; 32                          ;
; cycloneiii_ff         ; 143                         ;
;     CLR               ; 5                           ;
;     ENA               ; 82                          ;
;     ENA CLR           ; 4                           ;
;     ENA SCLR          ; 5                           ;
;     SCLR              ; 18                          ;
;     plain             ; 29                          ;
; cycloneiii_lcell_comb ; 148                         ;
;     arith             ; 29                          ;
;         2 data inputs ; 28                          ;
;         3 data inputs ; 1                           ;
;     normal            ; 119                         ;
;         1 data inputs ; 8                           ;
;         2 data inputs ; 27                          ;
;         3 data inputs ; 11                          ;
;         4 data inputs ; 73                          ;
;                       ;                             ;
; Max LUT depth         ; 3.00                        ;
; Average LUT depth     ; 1.60                        ;
+-----------------------+-----------------------------+


+-------------------------------+
; Elapsed Time Per Partition    ;
+----------------+--------------+
; Partition Name ; Elapsed Time ;
+----------------+--------------+
; Top            ; 00:00:00     ;
+----------------+--------------+


+-------------------------------+
; Analysis & Synthesis Messages ;
+-------------------------------+
Info: *******************************************************************
Info: Running Quartus Prime Analysis & Synthesis
    Info: Version 22.1std.0 Build 915 10/25/2022 SC Lite Edition
    Info: Processing started: Sat Jun 29 10:48:36 2024
Info: Command: quartus_map --read_settings_files=on --write_settings_files=off controllUart -c controllUart
Warning (18236): Number of processors has not been specified which may cause overloading on shared machines.  Set the global assignment NUM_PARALLEL_PROCESSORS in your QSF to an appropriate value for best performance.
Info (20030): Parallel compilation is enabled and will use 4 of the 4 processors detected
Info (12021): Found 1 design units, including 1 entities, in source file uartwrite.v
    Info (12023): Found entity 1: uartWrite File: D:/2024/FPGA/codeFPGAL_LIB/UART_MULTI_READ_WRITE/uartWrite.v Line: 1
Info (12021): Found 1 design units, including 1 entities, in source file uartread.v
    Info (12023): Found entity 1: uartRead File: D:/2024/FPGA/codeFPGAL_LIB/UART_MULTI_READ_WRITE/uartRead.v Line: 1
Info (12021): Found 1 design units, including 1 entities, in source file controlluart.v
    Info (12023): Found entity 1: controllUart File: D:/2024/FPGA/codeFPGAL_LIB/UART_MULTI_READ_WRITE/controllUart.v Line: 1
Warning (10236): Verilog HDL Implicit Net warning at uartRead.v(60): created implicit net for "input_rx" File: D:/2024/FPGA/codeFPGAL_LIB/UART_MULTI_READ_WRITE/uartRead.v Line: 60
Info (12127): Elaborating entity "controllUart" for the top level hierarchy
Warning (10230): Verilog HDL assignment warning at controllUart.v(54): truncated value with size 32 to match size of target (5) File: D:/2024/FPGA/codeFPGAL_LIB/UART_MULTI_READ_WRITE/controllUart.v Line: 54
Info (10264): Verilog HDL Case Statement information at controllUart.v(48): all case item expressions in this case statement are onehot File: D:/2024/FPGA/codeFPGAL_LIB/UART_MULTI_READ_WRITE/controllUart.v Line: 48
Warning (10230): Verilog HDL assignment warning at controllUart.v(83): truncated value with size 32 to match size of target (16) File: D:/2024/FPGA/codeFPGAL_LIB/UART_MULTI_READ_WRITE/controllUart.v Line: 83
Warning (10230): Verilog HDL assignment warning at controllUart.v(86): truncated value with size 32 to match size of target (5) File: D:/2024/FPGA/codeFPGAL_LIB/UART_MULTI_READ_WRITE/controllUart.v Line: 86
Warning (10230): Verilog HDL assignment warning at controllUart.v(168): truncated value with size 8 to match size of target (7) File: D:/2024/FPGA/codeFPGAL_LIB/UART_MULTI_READ_WRITE/controllUart.v Line: 168
Warning (10230): Verilog HDL assignment warning at controllUart.v(169): truncated value with size 8 to match size of target (7) File: D:/2024/FPGA/codeFPGAL_LIB/UART_MULTI_READ_WRITE/controllUart.v Line: 169
Warning (10230): Verilog HDL assignment warning at controllUart.v(170): truncated value with size 8 to match size of target (7) File: D:/2024/FPGA/codeFPGAL_LIB/UART_MULTI_READ_WRITE/controllUart.v Line: 170
Warning (10230): Verilog HDL assignment warning at controllUart.v(171): truncated value with size 8 to match size of target (7) File: D:/2024/FPGA/codeFPGAL_LIB/UART_MULTI_READ_WRITE/controllUart.v Line: 171
Info (12128): Elaborating entity "uartWrite" for hierarchy "uartWrite:write1" File: D:/2024/FPGA/codeFPGAL_LIB/UART_MULTI_READ_WRITE/controllUart.v Line: 157
Warning (10230): Verilog HDL assignment warning at uartWrite.v(37): truncated value with size 32 to match size of target (8) File: D:/2024/FPGA/codeFPGAL_LIB/UART_MULTI_READ_WRITE/uartWrite.v Line: 37
Info (10264): Verilog HDL Case Statement information at uartWrite.v(45): all case item expressions in this case statement are onehot File: D:/2024/FPGA/codeFPGAL_LIB/UART_MULTI_READ_WRITE/uartWrite.v Line: 45
Info (12128): Elaborating entity "uartRead" for hierarchy "uartRead:read1" File: D:/2024/FPGA/codeFPGAL_LIB/UART_MULTI_READ_WRITE/controllUart.v Line: 164
Warning (10230): Verilog HDL assignment warning at uartRead.v(32): truncated value with size 32 to match size of target (8) File: D:/2024/FPGA/codeFPGAL_LIB/UART_MULTI_READ_WRITE/uartRead.v Line: 32
Info (10264): Verilog HDL Case Statement information at uartRead.v(46): all case item expressions in this case statement are onehot File: D:/2024/FPGA/codeFPGAL_LIB/UART_MULTI_READ_WRITE/uartRead.v Line: 46
Info (286030): Timing-Driven Synthesis is running
Info (17049): 25 registers lost all their fanouts during netlist optimizations.
Info (144001): Generated suppressed messages file D:/2024/FPGA/codeFPGAL_LIB/UART_MULTI_READ_WRITE/output_files/controllUart.map.smsg
Info (16010): Generating hard_block partition "hard_block:auto_generated_inst"
    Info (16011): Adding 0 node(s), including 0 DDIO, 0 PLL, 0 transceiver and 0 LCELL
Info (21057): Implemented 214 device resources after synthesis - the final resource count might be different
    Info (21058): Implemented 3 input pins
    Info (21059): Implemented 29 output pins
    Info (21061): Implemented 182 logic cells
Info: Quartus Prime Analysis & Synthesis was successful. 0 errors, 11 warnings
    Info: Peak virtual memory: 4778 megabytes
    Info: Processing ended: Sat Jun 29 10:48:44 2024
    Info: Elapsed time: 00:00:08
    Info: Total CPU time (on all processors): 00:00:08


+------------------------------------------+
; Analysis & Synthesis Suppressed Messages ;
+------------------------------------------+
The suppressed messages can be found in D:/2024/FPGA/codeFPGAL_LIB/UART_MULTI_READ_WRITE/output_files/controllUart.map.smsg.


