Analysis & Synthesis report for top_level
Fri Nov 21 16:19:06 2025
Quartus Prime Version 17.1.0 Build 590 10/25/2017 SJ Lite Edition


---------------------
; Table of Contents ;
---------------------
  1. Legal Notice
  2. Analysis & Synthesis Summary
  3. Analysis & Synthesis Settings
  4. Parallel Compilation
  5. Analysis & Synthesis Source Files Read
  6. Analysis & Synthesis Resource Usage Summary
  7. Analysis & Synthesis Resource Utilization by Entity
  8. State Machine - |top_level|step
  9. State Machine - |top_level|state
 10. State Machine - |top_level|lcdController_pos:lcd|step
 11. State Machine - |top_level|lcdController_pos:lcd|state
 12. Registers Removed During Synthesis
 13. Removed Registers Triggering Further Register Optimizations
 14. General Register Statistics
 15. Multiplexer Restructuring Statistics (Restructuring Performed)
 16. Parameter Settings for User Entity Instance: Top-level Entity: |top_level
 17. Parameter Settings for User Entity Instance: lcdController_pos:lcd
 18. Port Connectivity Checks: "lcdController_pos:lcd"
 19. Post-Synthesis Netlist Statistics for Top Partition
 20. Elapsed Time Per Partition
 21. Analysis & Synthesis Messages
 22. Analysis & Synthesis Suppressed Messages



----------------
; Legal Notice ;
----------------
Copyright (C) 2017  Intel Corporation. All rights reserved.
Your use of Intel Corporation's design tools, logic functions 
and other software and tools, and its AMPP partner logic 
functions, and any output files from any of the foregoing 
(including device programming or simulation files), and any 
associated documentation or information are expressly subject 
to the terms and conditions of the Intel Program License 
Subscription Agreement, the Intel Quartus Prime License Agreement,
the Intel FPGA IP License Agreement, or other applicable license
agreement, including, without limitation, that your use is for
the sole purpose of programming logic devices manufactured by
Intel and sold by Intel or its authorized distributors.  Please
refer to the applicable agreement for further details.



+----------------------------------------------------------------------------------+
; Analysis & Synthesis Summary                                                     ;
+------------------------------------+---------------------------------------------+
; Analysis & Synthesis Status        ; Successful - Fri Nov 21 16:19:06 2025       ;
; Quartus Prime Version              ; 17.1.0 Build 590 10/25/2017 SJ Lite Edition ;
; Revision Name                      ; top_level                                   ;
; Top-level Entity Name              ; top_level                                   ;
; Family                             ; Cyclone IV E                                ;
; Total logic elements               ; 151                                         ;
;     Total combinational functions  ; 150                                         ;
;     Dedicated logic registers      ; 67                                          ;
; Total registers                    ; 67                                          ;
; Total pins                         ; 14                                          ;
; Total virtual pins                 ; 0                                           ;
; Total memory bits                  ; 0                                           ;
; Embedded Multiplier 9-bit elements ; 0                                           ;
; Total PLLs                         ; 0                                           ;
+------------------------------------+---------------------------------------------+


+----------------------------------------------------------------------------------------------------------------------+
; Analysis & Synthesis Settings                                                                                        ;
+----------------------------------------------------------------------------+--------------------+--------------------+
; Option                                                                     ; Setting            ; Default Value      ;
+----------------------------------------------------------------------------+--------------------+--------------------+
; Device                                                                     ; EP4CE115F29C7      ;                    ;
; Top-level entity name                                                      ; top_level          ; top_level          ;
; Family name                                                                ; Cyclone IV E       ; Cyclone V          ;
; Use smart compilation                                                      ; Off                ; Off                ;
; Enable parallel Assembler and TimeQuest Timing Analyzer during compilation ; On                 ; On                 ;
; Enable compact report table                                                ; Off                ; Off                ;
; Restructure Multiplexers                                                   ; Auto               ; Auto               ;
; Create Debugging Nodes for IP Cores                                        ; Off                ; Off                ;
; Preserve fewer node names                                                  ; On                 ; On                 ;
; Intel FPGA IP Evaluation Mode                                              ; Enable             ; Enable             ;
; Verilog Version                                                            ; Verilog_2001       ; Verilog_2001       ;
; VHDL Version                                                               ; VHDL_1993          ; VHDL_1993          ;
; State Machine Processing                                                   ; Auto               ; Auto               ;
; Safe State Machine                                                         ; Off                ; Off                ;
; Extract Verilog State Machines                                             ; On                 ; On                 ;
; Extract VHDL State Machines                                                ; On                 ; On                 ;
; Ignore Verilog initial constructs                                          ; Off                ; Off                ;
; Iteration limit for constant Verilog loops                                 ; 5000               ; 5000               ;
; Iteration limit for non-constant Verilog loops                             ; 250                ; 250                ;
; Add Pass-Through Logic to Inferred RAMs                                    ; On                 ; On                 ;
; Infer RAMs from Raw Logic                                                  ; On                 ; On                 ;
; Parallel Synthesis                                                         ; On                 ; On                 ;
; DSP Block Balancing                                                        ; Auto               ; Auto               ;
; NOT Gate Push-Back                                                         ; On                 ; On                 ;
; Power-Up Don't Care                                                        ; On                 ; On                 ;
; Remove Redundant Logic Cells                                               ; Off                ; Off                ;
; Remove Duplicate Registers                                                 ; On                 ; On                 ;
; Ignore CARRY Buffers                                                       ; Off                ; Off                ;
; Ignore CASCADE Buffers                                                     ; Off                ; Off                ;
; Ignore GLOBAL Buffers                                                      ; Off                ; Off                ;
; Ignore ROW GLOBAL Buffers                                                  ; Off                ; Off                ;
; Ignore LCELL Buffers                                                       ; Off                ; Off                ;
; Ignore SOFT Buffers                                                        ; On                 ; On                 ;
; Limit AHDL Integers to 32 Bits                                             ; Off                ; Off                ;
; Optimization Technique                                                     ; Balanced           ; Balanced           ;
; Carry Chain Length                                                         ; 70                 ; 70                 ;
; Auto Carry Chains                                                          ; On                 ; On                 ;
; Auto Open-Drain Pins                                                       ; On                 ; On                 ;
; Perform WYSIWYG Primitive Resynthesis                                      ; Off                ; Off                ;
; Auto ROM Replacement                                                       ; On                 ; On                 ;
; Auto RAM Replacement                                                       ; On                 ; On                 ;
; Auto DSP Block Replacement                                                 ; On                 ; On                 ;
; Auto Shift Register Replacement                                            ; Auto               ; Auto               ;
; Allow Shift Register Merging across Hierarchies                            ; Auto               ; Auto               ;
; Auto Clock Enable Replacement                                              ; On                 ; On                 ;
; Strict RAM Replacement                                                     ; Off                ; Off                ;
; Allow Synchronous Control Signals                                          ; On                 ; On                 ;
; Force Use of Synchronous Clear Signals                                     ; Off                ; Off                ;
; Auto RAM Block Balancing                                                   ; On                 ; On                 ;
; Auto RAM to Logic Cell Conversion                                          ; Off                ; Off                ;
; Auto Resource Sharing                                                      ; Off                ; Off                ;
; Allow Any RAM Size For Recognition                                         ; Off                ; Off                ;
; Allow Any ROM Size For Recognition                                         ; Off                ; Off                ;
; Allow Any Shift Register Size For Recognition                              ; Off                ; Off                ;
; Use LogicLock Constraints during Resource Balancing                        ; On                 ; On                 ;
; Ignore translate_off and synthesis_off directives                          ; Off                ; Off                ;
; Timing-Driven Synthesis                                                    ; On                 ; On                 ;
; Report Parameter Settings                                                  ; On                 ; On                 ;
; Report Source Assignments                                                  ; On                 ; On                 ;
; Report Connectivity Checks                                                 ; On                 ; On                 ;
; Ignore Maximum Fan-Out Assignments                                         ; Off                ; Off                ;
; Synchronization Register Chain Length                                      ; 2                  ; 2                  ;
; Power Optimization During Synthesis                                        ; Normal compilation ; Normal compilation ;
; HDL message level                                                          ; Level2             ; Level2             ;
; Suppress Register Optimization Related Messages                            ; Off                ; Off                ;
; Number of Removed Registers Reported in Synthesis Report                   ; 5000               ; 5000               ;
; Number of Swept Nodes Reported in Synthesis Report                         ; 5000               ; 5000               ;
; Number of Inverted Registers Reported in Synthesis Report                  ; 100                ; 100                ;
; Clock MUX Protection                                                       ; On                 ; On                 ;
; Auto Gated Clock Conversion                                                ; Off                ; Off                ;
; Block Design Naming                                                        ; Auto               ; Auto               ;
; SDC constraint protection                                                  ; Off                ; Off                ;
; Synthesis Effort                                                           ; Auto               ; Auto               ;
; Shift Register Replacement - Allow Asynchronous Clear Signal               ; On                 ; On                 ;
; Pre-Mapping Resynthesis Optimization                                       ; Off                ; Off                ;
; Analysis & Synthesis Message Level                                         ; Medium             ; Medium             ;
; Disable Register Merging Across Hierarchies                                ; Auto               ; Auto               ;
; Resource Aware Inference For Block RAM                                     ; On                 ; On                 ;
+----------------------------------------------------------------------------+--------------------+--------------------+


+------------------------------------------+
; Parallel Compilation                     ;
+----------------------------+-------------+
; Processors                 ; Number      ;
+----------------------------+-------------+
; Number detected on machine ; 8           ;
; Maximum allowed            ; 4           ;
;                            ;             ;
; Average used               ; 1.00        ;
; Maximum used               ; 4           ;
;                            ;             ;
; Usage by Processor         ; % Time Used ;
;     Processor 1            ; 100.0%      ;
;     Processors 2-4         ;   0.0%      ;
+----------------------------+-------------+


+-----------------------------------------------------------------------------------------------------------------------------------------------+
; Analysis & Synthesis Source Files Read                                                                                                        ;
+----------------------------------+-----------------+------------------------+-------------------------------------------------------+---------+
; File Name with User-Entered Path ; Used in Netlist ; File Type              ; File Name with Absolute Path                          ; Library ;
+----------------------------------+-----------------+------------------------+-------------------------------------------------------+---------+
; lcdController_pos.v              ; yes             ; User Verilog HDL File  ; D:/CodeFPGA/DKTocDoDC/LCD_control/lcdController_pos.v ;         ;
; top_level.v                      ; yes             ; User Verilog HDL File  ; D:/CodeFPGA/DKTocDoDC/LCD_control/top_level.v         ;         ;
+----------------------------------+-----------------+------------------------+-------------------------------------------------------+---------+


+---------------------------------------------------------------+
; Analysis & Synthesis Resource Usage Summary                   ;
+---------------------------------------------+-----------------+
; Resource                                    ; Usage           ;
+---------------------------------------------+-----------------+
; Estimated Total logic elements              ; 151             ;
;                                             ;                 ;
; Total combinational functions               ; 150             ;
; Logic element usage by number of LUT inputs ;                 ;
;     -- 4 input functions                    ; 84              ;
;     -- 3 input functions                    ; 21              ;
;     -- <=2 input functions                  ; 45              ;
;                                             ;                 ;
; Logic elements by mode                      ;                 ;
;     -- normal mode                          ; 131             ;
;     -- arithmetic mode                      ; 19              ;
;                                             ;                 ;
; Total registers                             ; 67              ;
;     -- Dedicated logic registers            ; 67              ;
;     -- I/O registers                        ; 0               ;
;                                             ;                 ;
; I/O pins                                    ; 14              ;
;                                             ;                 ;
; Embedded Multiplier 9-bit elements          ; 0               ;
;                                             ;                 ;
; Maximum fan-out node                        ; clk_50mhz~input ;
; Maximum fan-out                             ; 67              ;
; Total fan-out                               ; 751             ;
; Average fan-out                             ; 3.07            ;
+---------------------------------------------+-----------------+


+-----------------------------------------------------------------------------------------------------------------------------------------------------------------------------------------------------------------------------+
; Analysis & Synthesis Resource Utilization by Entity                                                                                                                                                                         ;
+----------------------------+---------------------+---------------------------+-------------+--------------+---------+-----------+------+--------------+----------------------------------+-------------------+--------------+
; Compilation Hierarchy Node ; Combinational ALUTs ; Dedicated Logic Registers ; Memory Bits ; DSP Elements ; DSP 9x9 ; DSP 18x18 ; Pins ; Virtual Pins ; Full Hierarchy Name              ; Entity Name       ; Library Name ;
+----------------------------+---------------------+---------------------------+-------------+--------------+---------+-----------+------+--------------+----------------------------------+-------------------+--------------+
; |top_level                 ; 150 (74)            ; 67 (30)                   ; 0           ; 0            ; 0       ; 0         ; 14   ; 0            ; |top_level                       ; top_level         ; work         ;
;    |lcdController_pos:lcd| ; 76 (76)             ; 37 (37)                   ; 0           ; 0            ; 0       ; 0         ; 0    ; 0            ; |top_level|lcdController_pos:lcd ; lcdController_pos ; work         ;
+----------------------------+---------------------+---------------------------+-------------+--------------+---------+-----------+------+--------------+----------------------------------+-------------------+--------------+
Note: For table entries with two numbers listed, the numbers in parentheses indicate the number of resources of the given type used by the specific entity alone. The numbers listed outside of parentheses indicate the total resources of the given type used by the specific entity and all of its sub-entities in the hierarchy.


Encoding Type:  One-Hot
+-----------------------------------------------------------------------------------------------------------------------+
; State Machine - |top_level|step                                                                                       ;
+-----------+-----------+-----------+-----------+-----------+-----------+-----------+-----------+-----------+-----------+
; Name      ; step.0111 ; step.0110 ; step.0101 ; step.0100 ; step.0011 ; step.0010 ; step.0001 ; step.0000 ; step.1000 ;
+-----------+-----------+-----------+-----------+-----------+-----------+-----------+-----------+-----------+-----------+
; step.0000 ; 0         ; 0         ; 0         ; 0         ; 0         ; 0         ; 0         ; 0         ; 0         ;
; step.0001 ; 0         ; 0         ; 0         ; 0         ; 0         ; 0         ; 1         ; 1         ; 0         ;
; step.0010 ; 0         ; 0         ; 0         ; 0         ; 0         ; 1         ; 0         ; 1         ; 0         ;
; step.0011 ; 0         ; 0         ; 0         ; 0         ; 1         ; 0         ; 0         ; 1         ; 0         ;
; step.0100 ; 0         ; 0         ; 0         ; 1         ; 0         ; 0         ; 0         ; 1         ; 0         ;
; step.0101 ; 0         ; 0         ; 1         ; 0         ; 0         ; 0         ; 0         ; 1         ; 0         ;
; step.0110 ; 0         ; 1         ; 0         ; 0         ; 0         ; 0         ; 0         ; 1         ; 0         ;
; step.0111 ; 1         ; 0         ; 0         ; 0         ; 0         ; 0         ; 0         ; 1         ; 0         ;
; step.1000 ; 0         ; 0         ; 0         ; 0         ; 0         ; 0         ; 0         ; 1         ; 1         ;
+-----------+-----------+-----------+-----------+-----------+-----------+-----------+-----------+-----------+-----------+


Encoding Type:  One-Hot
+-----------------------------------------------------------------------------------------------------------------------------------------------------------+
; State Machine - |top_level|state                                                                                                                          ;
+-------------------------+------------+-------------------------+-------------------------+-------------------------+-------------------------+------------+
; Name                    ; state.DONE ; state.WRITE_DATA_LINE_2 ; state.SET_CURSOR_LINE_2 ; state.WRITE_DATA_LINE_1 ; state.SET_CURSOR_LINE_1 ; state.IDLE ;
+-------------------------+------------+-------------------------+-------------------------+-------------------------+-------------------------+------------+
; state.IDLE              ; 0          ; 0                       ; 0                       ; 0                       ; 0                       ; 0          ;
; state.SET_CURSOR_LINE_1 ; 0          ; 0                       ; 0                       ; 0                       ; 1                       ; 1          ;
; state.WRITE_DATA_LINE_1 ; 0          ; 0                       ; 0                       ; 1                       ; 0                       ; 1          ;
; state.SET_CURSOR_LINE_2 ; 0          ; 0                       ; 1                       ; 0                       ; 0                       ; 1          ;
; state.WRITE_DATA_LINE_2 ; 0          ; 1                       ; 0                       ; 0                       ; 0                       ; 1          ;
; state.DONE              ; 1          ; 0                       ; 0                       ; 0                       ; 0                       ; 1          ;
+-------------------------+------------+-------------------------+-------------------------+-------------------------+-------------------------+------------+


Encoding Type:  One-Hot
+-------------------------------------------------------+
; State Machine - |top_level|lcdController_pos:lcd|step ;
+-----------+-------------------------------------------+
; Name      ; step.0001                                 ;
+-----------+-------------------------------------------+
; step.0000 ; 0                                         ;
; step.0001 ; 1                                         ;
+-----------+-------------------------------------------+


Encoding Type:  One-Hot
+-------------------------------------------------------------------------------------------------------------------------+
; State Machine - |top_level|lcdController_pos:lcd|state                                                                  ;
+------------------+----------------+-----------------+------------------+------------------+------------+----------------+
; Name             ; state.CMD_DATA ; state.CLEAR_LCD ; state.WRITE_DATA ; state.SET_CURSOR ; state.IDLE ; state.INIT_LCD ;
+------------------+----------------+-----------------+------------------+------------------+------------+----------------+
; state.INIT_LCD   ; 0              ; 0               ; 0                ; 0                ; 0          ; 0              ;
; state.IDLE       ; 0              ; 0               ; 0                ; 0                ; 1          ; 1              ;
; state.SET_CURSOR ; 0              ; 0               ; 0                ; 1                ; 0          ; 1              ;
; state.WRITE_DATA ; 0              ; 0               ; 1                ; 0                ; 0          ; 1              ;
; state.CLEAR_LCD  ; 0              ; 1               ; 0                ; 0                ; 0          ; 1              ;
; state.CMD_DATA   ; 1              ; 0               ; 0                ; 0                ; 0          ; 1              ;
+------------------+----------------+-----------------+------------------+------------------+------------+----------------+


+--------------------------------------------------------------------------------------------+
; Registers Removed During Synthesis                                                         ;
+----------------------------------------+---------------------------------------------------+
; Register name                          ; Reason for Removal                                ;
+----------------------------------------+---------------------------------------------------+
; col[3]                                 ; Merged with col[0]                                ;
; row[1]                                 ; Merged with col[0]                                ;
; col[0]                                 ; Stuck at GND due to stuck port data_in            ;
; col[1]                                 ; Stuck at VCC due to stuck port data_in            ;
; state_lcd[1]                           ; Stuck at GND due to stuck port data_in            ;
; data_in[7]                             ; Stuck at GND due to stuck port data_in            ;
; step~13                                ; Lost fanout                                       ;
; step~14                                ; Lost fanout                                       ;
; step~15                                ; Lost fanout                                       ;
; state~10                               ; Lost fanout                                       ;
; state~11                               ; Lost fanout                                       ;
; state~12                               ; Lost fanout                                       ;
; state~13                               ; Lost fanout                                       ;
; lcdController_pos:lcd|step~6           ; Lost fanout                                       ;
; lcdController_pos:lcd|step~7           ; Lost fanout                                       ;
; lcdController_pos:lcd|step~8           ; Lost fanout                                       ;
; lcdController_pos:lcd|state~10         ; Lost fanout                                       ;
; lcdController_pos:lcd|state~11         ; Lost fanout                                       ;
; lcdController_pos:lcd|state~12         ; Lost fanout                                       ;
; step.1000                              ; Lost fanout                                       ;
; lcdController_pos:lcd|state.CMD_DATA   ; Merged with lcdController_pos:lcd|state.CLEAR_LCD ;
; lcdController_pos:lcd|state.CLEAR_LCD  ; Stuck at GND due to stuck port data_in            ;
; lcdController_pos:lcd|rw               ; Stuck at GND due to stuck port data_in            ;
; Total Number of Removed Registers = 23 ;                                                   ;
+----------------------------------------+---------------------------------------------------+


+------------------------------------------------------------------------------------+
; Removed Registers Triggering Further Register Optimizations                        ;
+---------------+---------------------------+----------------------------------------+
; Register name ; Reason for Removal        ; Registers Removed due to This Register ;
+---------------+---------------------------+----------------------------------------+
; state_lcd[1]  ; Stuck at GND              ; lcdController_pos:lcd|rw               ;
;               ; due to stuck port data_in ;                                        ;
+---------------+---------------------------+----------------------------------------+


+------------------------------------------------------+
; General Register Statistics                          ;
+----------------------------------------------+-------+
; Statistic                                    ; Value ;
+----------------------------------------------+-------+
; Total registers                              ; 67    ;
; Number of registers using Synchronous Clear  ; 8     ;
; Number of registers using Synchronous Load   ; 6     ;
; Number of registers using Asynchronous Clear ; 56    ;
; Number of registers using Asynchronous Load  ; 0     ;
; Number of registers using Clock Enable       ; 34    ;
; Number of registers using Preset             ; 0     ;
+----------------------------------------------+-------+


+--------------------------------------------------------------------------------------------------------------------------------------------------------+
; Multiplexer Restructuring Statistics (Restructuring Performed)                                                                                         ;
+--------------------+-----------+---------------+----------------------+------------------------+------------+------------------------------------------+
; Multiplexer Inputs ; Bus Width ; Baseline Area ; Area if Restructured ; Saving if Restructured ; Registered ; Example Multiplexer Output               ;
+--------------------+-----------+---------------+----------------------+------------------------+------------+------------------------------------------+
; 5:1                ; 4 bits    ; 12 LEs        ; 4 LEs                ; 8 LEs                  ; Yes        ; |top_level|row[0]                        ;
; 6:1                ; 5 bits    ; 20 LEs        ; 5 LEs                ; 15 LEs                 ; Yes        ; |top_level|counter[2]                    ;
; 9:1                ; 2 bits    ; 12 LEs        ; 4 LEs                ; 8 LEs                  ; Yes        ; |top_level|state_lcd[1]                  ;
; 17:1               ; 2 bits    ; 22 LEs        ; 8 LEs                ; 14 LEs                 ; Yes        ; |top_level|data_in[5]                    ;
; 21:1               ; 2 bits    ; 28 LEs        ; 6 LEs                ; 22 LEs                 ; Yes        ; |top_level|lcdController_pos:lcd|data[4] ;
; 21:1               ; 6 bits    ; 84 LEs        ; 72 LEs               ; 12 LEs                 ; Yes        ; |top_level|data_in[6]                    ;
; 23:1               ; 2 bits    ; 30 LEs        ; 8 LEs                ; 22 LEs                 ; Yes        ; |top_level|lcdController_pos:lcd|data[1] ;
; 9:1                ; 3 bits    ; 18 LEs        ; 6 LEs                ; 12 LEs                 ; No         ; |top_level|Selector45                    ;
; 13:1               ; 5 bits    ; 40 LEs        ; 20 LEs               ; 20 LEs                 ; No         ; |top_level|lcdController_pos:lcd|state   ;
+--------------------+-----------+---------------+----------------------+------------------------+------------+------------------------------------------+


+---------------------------------------------------------------------------+
; Parameter Settings for User Entity Instance: Top-level Entity: |top_level ;
+-------------------+-------+-----------------------------------------------+
; Parameter Name    ; Value ; Type                                          ;
+-------------------+-------+-----------------------------------------------+
; IDLE              ; 000   ; Unsigned Binary                               ;
; SET_CURSOR_LINE_1 ; 001   ; Unsigned Binary                               ;
; WRITE_DATA_LINE_1 ; 010   ; Unsigned Binary                               ;
; SET_CURSOR_LINE_2 ; 011   ; Unsigned Binary                               ;
; WRITE_DATA_LINE_2 ; 100   ; Unsigned Binary                               ;
; DONE              ; 101   ; Unsigned Binary                               ;
+-------------------+-------+-----------------------------------------------+
Note: In order to hide this table in the UI and the text report file, please set the "Show Parameter Settings in Synthesis Report" option in "Analysis and Synthesis Settings -> More Settings" to "Off".


+--------------------------------------------------------------------+
; Parameter Settings for User Entity Instance: lcdController_pos:lcd ;
+----------------+-------+-------------------------------------------+
; Parameter Name ; Value ; Type                                      ;
+----------------+-------+-------------------------------------------+
; IDLE           ; 000   ; Unsigned Binary                           ;
; INIT_LCD       ; 001   ; Unsigned Binary                           ;
; SET_CURSOR     ; 010   ; Unsigned Binary                           ;
; WRITE_DATA     ; 011   ; Unsigned Binary                           ;
; CLEAR_LCD      ; 100   ; Unsigned Binary                           ;
; CMD_DATA       ; 101   ; Unsigned Binary                           ;
+----------------+-------+-------------------------------------------+
Note: In order to hide this table in the UI and the text report file, please set the "Show Parameter Settings in Synthesis Report" option in "Analysis and Synthesis Settings -> More Settings" to "Off".


+-------------------------------------------------------------------------------------------------------------------------------------------------------------------------------------------------------------------+
; Port Connectivity Checks: "lcdController_pos:lcd"                                                                                                                                                                 ;
+-------------+-------+----------+----------------------------------------------------------------------------------------------------------------------------------------------------------------------------------+
; Port        ; Type  ; Severity ; Details                                                                                                                                                                          ;
+-------------+-------+----------+----------------------------------------------------------------------------------------------------------------------------------------------------------------------------------+
; state_input ; Input ; Warning  ; Input port expression (4 bits) is wider than the input port (3 bits) it drives.  The 1 most-significant bit(s) in the expression will be dangling if they have no other fanouts. ;
+-------------+-------+----------+----------------------------------------------------------------------------------------------------------------------------------------------------------------------------------+


+-----------------------------------------------------+
; Post-Synthesis Netlist Statistics for Top Partition ;
+-----------------------+-----------------------------+
; Type                  ; Count                       ;
+-----------------------+-----------------------------+
; boundary_port         ; 14                          ;
; cycloneiii_ff         ; 67                          ;
;     CLR               ; 32                          ;
;     ENA               ; 7                           ;
;     ENA CLR           ; 13                          ;
;     ENA CLR SCLR      ; 8                           ;
;     ENA CLR SLD       ; 3                           ;
;     ENA SLD           ; 3                           ;
;     plain             ; 1                           ;
; cycloneiii_lcell_comb ; 151                         ;
;     arith             ; 19                          ;
;         2 data inputs ; 19                          ;
;     normal            ; 132                         ;
;         0 data inputs ; 1                           ;
;         1 data inputs ; 4                           ;
;         2 data inputs ; 22                          ;
;         3 data inputs ; 21                          ;
;         4 data inputs ; 84                          ;
;                       ;                             ;
; Max LUT depth         ; 4.00                        ;
; Average LUT depth     ; 2.51                        ;
+-----------------------+-----------------------------+


+-------------------------------+
; Elapsed Time Per Partition    ;
+----------------+--------------+
; Partition Name ; Elapsed Time ;
+----------------+--------------+
; Top            ; 00:00:00     ;
+----------------+--------------+


+-------------------------------+
; Analysis & Synthesis Messages ;
+-------------------------------+
Info: *******************************************************************
Info: Running Quartus Prime Analysis & Synthesis
    Info: Version 17.1.0 Build 590 10/25/2017 SJ Lite Edition
    Info: Processing started: Fri Nov 21 16:18:57 2025
Info: Command: quartus_map --read_settings_files=on --write_settings_files=off top_level -c top_level
Warning (18236): Number of processors has not been specified which may cause overloading on shared machines.  Set the global assignment NUM_PARALLEL_PROCESSORS in your QSF to an appropriate value for best performance.
Info (20030): Parallel compilation is enabled and will use 4 of the 4 processors detected
Info (12021): Found 1 design units, including 1 entities, in source file lcdcontroller_pos.v
    Info (12023): Found entity 1: lcdController_pos File: D:/CodeFPGA/DKTocDoDC/LCD_control/lcdController_pos.v Line: 1
Info (12021): Found 1 design units, including 1 entities, in source file top_level.v
    Info (12023): Found entity 1: top_level File: D:/CodeFPGA/DKTocDoDC/LCD_control/top_level.v Line: 1
Info (12127): Elaborating entity "top_level" for the top level hierarchy
Info (10264): Verilog HDL Case Statement information at top_level.v(70): all case item expressions in this case statement are onehot File: D:/CodeFPGA/DKTocDoDC/LCD_control/top_level.v Line: 70
Warning (10230): Verilog HDL assignment warning at top_level.v(91): truncated value with size 32 to match size of target (5) File: D:/CodeFPGA/DKTocDoDC/LCD_control/top_level.v Line: 91
Info (10264): Verilog HDL Case Statement information at top_level.v(84): all case item expressions in this case statement are onehot File: D:/CodeFPGA/DKTocDoDC/LCD_control/top_level.v Line: 84
Info (10264): Verilog HDL Case Statement information at top_level.v(105): all case item expressions in this case statement are onehot File: D:/CodeFPGA/DKTocDoDC/LCD_control/top_level.v Line: 105
Warning (10230): Verilog HDL assignment warning at top_level.v(126): truncated value with size 32 to match size of target (5) File: D:/CodeFPGA/DKTocDoDC/LCD_control/top_level.v Line: 126
Info (10264): Verilog HDL Case Statement information at top_level.v(119): all case item expressions in this case statement are onehot File: D:/CodeFPGA/DKTocDoDC/LCD_control/top_level.v Line: 119
Info (12128): Elaborating entity "lcdController_pos" for hierarchy "lcdController_pos:lcd" File: D:/CodeFPGA/DKTocDoDC/LCD_control/top_level.v Line: 157
Warning (10230): Verilog HDL assignment warning at lcdController_pos.v(26): truncated value with size 32 to match size of target (16) File: D:/CodeFPGA/DKTocDoDC/LCD_control/lcdController_pos.v Line: 26
Warning (10230): Verilog HDL assignment warning at lcdController_pos.v(68): truncated value with size 32 to match size of target (4) File: D:/CodeFPGA/DKTocDoDC/LCD_control/lcdController_pos.v Line: 68
Warning (12241): 1 hierarchies have connectivity warnings - see the Connectivity Checks report folder
Warning (13024): Output pins are stuck at VCC or GND
    Warning (13410): Pin "rw" is stuck at GND File: D:/CodeFPGA/DKTocDoDC/LCD_control/top_level.v Line: 6
Info (286030): Timing-Driven Synthesis is running
Info (17049): 14 registers lost all their fanouts during netlist optimizations.
Info (144001): Generated suppressed messages file D:/CodeFPGA/DKTocDoDC/LCD_control/output_files/top_level.map.smsg
Info (16010): Generating hard_block partition "hard_block:auto_generated_inst"
    Info (16011): Adding 0 node(s), including 0 DDIO, 0 PLL, 0 transceiver and 0 LCELL
Warning (21074): Design contains 1 input pin(s) that do not drive logic
    Warning (15610): No output dependent on input pin "clear" File: D:/CodeFPGA/DKTocDoDC/LCD_control/top_level.v Line: 4
Info (21057): Implemented 166 device resources after synthesis - the final resource count might be different
    Info (21058): Implemented 3 input pins
    Info (21059): Implemented 11 output pins
    Info (21061): Implemented 152 logic cells
Info: Quartus Prime Analysis & Synthesis was successful. 0 errors, 10 warnings
    Info: Peak virtual memory: 4763 megabytes
    Info: Processing ended: Fri Nov 21 16:19:06 2025
    Info: Elapsed time: 00:00:09
    Info: Total CPU time (on all processors): 00:00:19


+------------------------------------------+
; Analysis & Synthesis Suppressed Messages ;
+------------------------------------------+
The suppressed messages can be found in D:/CodeFPGA/DKTocDoDC/LCD_control/output_files/top_level.map.smsg.


