Info: Starting: Create block symbol file (.bsf)
Info: qsys-generate C:\Users\DELL\Desktop\FPGA_VOICE\MIC_Audio_PLAY_UART\FFT.qsys --block-symbol-file --output-directory=C:\Users\DELL\Desktop\FPGA_VOICE\MIC_Audio_PLAY_UART\FFT --family="Cyclone IV E" --part=EP4CE115F29C7
Progress: Loading MIC_Audio_PLAY_UART/FFT.qsys
Progress: Reading input file
Progress: Adding fft_ii_0 [altera_fft_ii 17.1]
Progress: Parameterizing module fft_ii_0
Progress: Building connections
Progress: Parameterizing connections
Progress: Validating
Progress: Done reading input file
Info: FFT.fft_ii_0: Radix-2 digit reverse implied
Info: qsys-generate succeeded.
Info: Finished: Create block symbol file (.bsf)
Info: 
Info: Starting: Create HDL design files for synthesis
Info: qsys-generate C:\Users\DELL\Desktop\FPGA_VOICE\MIC_Audio_PLAY_UART\FFT.qsys --synthesis=VERILOG --output-directory=C:\Users\DELL\Desktop\FPGA_VOICE\MIC_Audio_PLAY_UART\FFT\synthesis --family="Cyclone IV E" --part=EP4CE115F29C7
Progress: Loading MIC_Audio_PLAY_UART/FFT.qsys
Progress: Reading input file
Progress: Adding fft_ii_0 [altera_fft_ii 17.1]
Progress: Parameterizing module fft_ii_0
Progress: Building connections
Progress: Parameterizing connections
Progress: Validating
Progress: Done reading input file
Info: FFT.fft_ii_0: Radix-2 digit reverse implied
Info: FFT: Generating FFT "FFT" for QUARTUS_SYNTH
Info: fft_ii_0: --- add file: FFT_fft_ii_0_opt_twi1.hex
Info: fft_ii_0: --- add file: FFT_fft_ii_0_opt_twr1.hex
Info: fft_ii_0: --- add file: FFT_fft_ii_0_opt_twi2.hex
Info: fft_ii_0: --- add file: FFT_fft_ii_0_opt_twr2.hex
Info: fft_ii_0: --- add file: FFT_fft_ii_0_opt_twi3.hex
Info: fft_ii_0: --- add file: FFT_fft_ii_0_opt_twr3.hex
Info: fft_ii_0: "FFT" instantiated altera_fft_ii "fft_ii_0"
Info: FFT: Done "FFT" with 2 modules, 48 files
Info: qsys-generate succeeded.
Info: Finished: Create HDL design files for synthesis
