09:45:09 **** Clean-only build of configuration Nios II for project i2c_rtc_7seg_bsp ****
make clean 
[BSP clean complete]
09:45:12 **** Clean-only build of configuration Nios II for project i2c_rtc_7seg ****
make clean 
[i2c_rtc_7seg clean complete]
09:45:22 **** Build of configuration Nios II for project i2c_rtc_7seg ****
make all 
Info: Building ../i2c_rtc_7seg_bsp/
D:/FPGA/nios2eds/bin/gnu/H-x86_64-mingw32/bin/make --no-print-directory -C ../i2c_rtc_7seg_bsp/
Compiling alt_alarm_start.c...
nios2-elf-gcc -xc -MP -MMD -c  -I./HAL/inc -I. -I./drivers/inc -pipe -D__hal__ -DALT_NO_INSTRUCTION_EMULATION -DALT_SINGLE_THREADED    -O0 -g -Wall  -mno-hw-div -mno-hw-mul -mno-hw-mulx -mgpopt=global   -o obj/HAL/src/alt_alarm_start.o HAL/src/alt_alarm_start.c
Compiling alt_busy_sleep.c...
nios2-elf-gcc -xc -MP -MMD -c  -I./HAL/inc -I. -I./drivers/inc -pipe -D__hal__ -DALT_NO_INSTRUCTION_EMULATION -DALT_SINGLE_THREADED    -O0 -g -Wall  -mno-hw-div -mno-hw-mul -mno-hw-mulx -mgpopt=global   -o obj/HAL/src/alt_busy_sleep.o HAL/src/alt_busy_sleep.c
Compiling alt_close.c...
nios2-elf-gcc -xc -MP -MMD -c  -I./HAL/inc -I. -I./drivers/inc -pipe -D__hal__ -DALT_NO_INSTRUCTION_EMULATION -DALT_SINGLE_THREADED    -O0 -g -Wall  -mno-hw-div -mno-hw-mul -mno-hw-mulx -mgpopt=global   -o obj/HAL/src/alt_close.o HAL/src/alt_close.c
Compiling alt_dcache_flush.c...
nios2-elf-gcc -xc -MP -MMD -c  -I./HAL/inc -I. -I./drivers/inc -pipe -D__hal__ -DALT_NO_INSTRUCTION_EMULATION -DALT_SINGLE_THREADED    -O0 -g -Wall  -mno-hw-div -mno-hw-mul -mno-hw-mulx -mgpopt=global   -o obj/HAL/src/alt_dcache_flush.o HAL/src/alt_dcache_flush.c
Compiling alt_dcache_flush_all.c...
nios2-elf-gcc -xc -MP -MMD -c  -I./HAL/inc -I. -I./drivers/inc -pipe -D__hal__ -DALT_NO_INSTRUCTION_EMULATION -DALT_SINGLE_THREADED    -O0 -g -Wall  -mno-hw-div -mno-hw-mul -mno-hw-mulx -mgpopt=global   -o obj/HAL/src/alt_dcache_flush_all.o HAL/src/alt_dcache_flush_all.c
Compiling alt_dcache_flush_no_writeback.c...
nios2-elf-gcc -xc -MP -MMD -c  -I./HAL/inc -I. -I./drivers/inc -pipe -D__hal__ -DALT_NO_INSTRUCTION_EMULATION -DALT_SINGLE_THREADED    -O0 -g -Wall  -mno-hw-div -mno-hw-mul -mno-hw-mulx -mgpopt=global   -o obj/HAL/src/alt_dcache_flush_no_writeback.o HAL/src/alt_dcache_flush_no_writeback.c
Compiling alt_dev.c...
nios2-elf-gcc -xc -MP -MMD -c  -I./HAL/inc -I. -I./drivers/inc -pipe -D__hal__ -DALT_NO_INSTRUCTION_EMULATION -DALT_SINGLE_THREADED    -O0 -g -Wall  -mno-hw-div -mno-hw-mul -mno-hw-mulx -mgpopt=global   -o obj/HAL/src/alt_dev.o HAL/src/alt_dev.c
Compiling alt_dev_llist_insert.c...
nios2-elf-gcc -xc -MP -MMD -c  -I./HAL/inc -I. -I./drivers/inc -pipe -D__hal__ -DALT_NO_INSTRUCTION_EMULATION -DALT_SINGLE_THREADED    -O0 -g -Wall  -mno-hw-div -mno-hw-mul -mno-hw-mulx -mgpopt=global   -o obj/HAL/src/alt_dev_llist_insert.o HAL/src/alt_dev_llist_insert.c
Compiling alt_dma_rxchan_open.c...
nios2-elf-gcc -xc -MP -MMD -c  -I./HAL/inc -I. -I./drivers/inc -pipe -D__hal__ -DALT_NO_INSTRUCTION_EMULATION -DALT_SINGLE_THREADED    -O0 -g -Wall  -mno-hw-div -mno-hw-mul -mno-hw-mulx -mgpopt=global   -o obj/HAL/src/alt_dma_rxchan_open.o HAL/src/alt_dma_rxchan_open.c
Compiling alt_dma_txchan_open.c...
nios2-elf-gcc -xc -MP -MMD -c  -I./HAL/inc -I. -I./drivers/inc -pipe -D__hal__ -DALT_NO_INSTRUCTION_EMULATION -DALT_SINGLE_THREADED    -O0 -g -Wall  -mno-hw-div -mno-hw-mul -mno-hw-mulx -mgpopt=global   -o obj/HAL/src/alt_dma_txchan_open.o HAL/src/alt_dma_txchan_open.c
Compiling alt_do_ctors.c...
nios2-elf-gcc -xc -MP -MMD -c  -I./HAL/inc -I. -I./drivers/inc -pipe -D__hal__ -DALT_NO_INSTRUCTION_EMULATION -DALT_SINGLE_THREADED    -O0 -g -Wall  -mno-hw-div -mno-hw-mul -mno-hw-mulx -mgpopt=global   -o obj/HAL/src/alt_do_ctors.o HAL/src/alt_do_ctors.c
Compiling alt_do_dtors.c...
nios2-elf-gcc -xc -MP -MMD -c  -I./HAL/inc -I. -I./drivers/inc -pipe -D__hal__ -DALT_NO_INSTRUCTION_EMULATION -DALT_SINGLE_THREADED    -O0 -g -Wall  -mno-hw-div -mno-hw-mul -mno-hw-mulx -mgpopt=global   -o obj/HAL/src/alt_do_dtors.o HAL/src/alt_do_dtors.c
Compiling alt_ecc_fatal_entry.S...
nios2-elf-gcc -MP -MMD -c   -O0 -g -Wall  -mno-hw-div -mno-hw-mul -mno-hw-mulx -mgpopt=global    -I./HAL/inc -I. -I./drivers/inc -pipe -D__hal__ -DALT_NO_INSTRUCTION_EMULATION -DALT_SINGLE_THREADED  -Wa,-gdwarf2  -o obj/HAL/src/alt_ecc_fatal_entry.o HAL/src/alt_ecc_fatal_entry.S
Compiling alt_ecc_fatal_exception.c...
nios2-elf-gcc -xc -MP -MMD -c  -I./HAL/inc -I. -I./drivers/inc -pipe -D__hal__ -DALT_NO_INSTRUCTION_EMULATION -DALT_SINGLE_THREADED    -O0 -g -Wall  -mno-hw-div -mno-hw-mul -mno-hw-mulx -mgpopt=global   -o obj/HAL/src/alt_ecc_fatal_exception.o HAL/src/alt_ecc_fatal_exception.c
Compiling alt_env_lock.c...
nios2-elf-gcc -xc -MP -MMD -c  -I./HAL/inc -I. -I./drivers/inc -pipe -D__hal__ -DALT_NO_INSTRUCTION_EMULATION -DALT_SINGLE_THREADED    -O0 -g -Wall  -mno-hw-div -mno-hw-mul -mno-hw-mulx -mgpopt=global   -o obj/HAL/src/alt_env_lock.o HAL/src/alt_env_lock.c
Compiling alt_environ.c...
nios2-elf-gcc -xc -MP -MMD -c  -I./HAL/inc -I. -I./drivers/inc -pipe -D__hal__ -DALT_NO_INSTRUCTION_EMULATION -DALT_SINGLE_THREADED    -O0 -g -Wall  -mno-hw-div -mno-hw-mul -mno-hw-mulx -mgpopt=global   -o obj/HAL/src/alt_environ.o HAL/src/alt_environ.c
Compiling alt_errno.c...
nios2-elf-gcc -xc -MP -MMD -c  -I./HAL/inc -I. -I./drivers/inc -pipe -D__hal__ -DALT_NO_INSTRUCTION_EMULATION -DALT_SINGLE_THREADED    -O0 -g -Wall  -mno-hw-div -mno-hw-mul -mno-hw-mulx -mgpopt=global   -o obj/HAL/src/alt_errno.o HAL/src/alt_errno.c
Compiling alt_exception_entry.S...
nios2-elf-gcc -MP -MMD -c   -O0 -g -Wall  -mno-hw-div -mno-hw-mul -mno-hw-mulx -mgpopt=global    -I./HAL/inc -I. -I./drivers/inc -pipe -D__hal__ -DALT_NO_INSTRUCTION_EMULATION -DALT_SINGLE_THREADED  -Wa,-gdwarf2  -o obj/HAL/src/alt_exception_entry.o HAL/src/alt_exception_entry.S
Compiling alt_exception_muldiv.S...
nios2-elf-gcc -MP -MMD -c   -O0 -g -Wall  -mno-hw-div -mno-hw-mul -mno-hw-mulx -mgpopt=global    -I./HAL/inc -I. -I./drivers/inc -pipe -D__hal__ -DALT_NO_INSTRUCTION_EMULATION -DALT_SINGLE_THREADED  -Wa,-gdwarf2  -o obj/HAL/src/alt_exception_muldiv.o HAL/src/alt_exception_muldiv.S
Compiling alt_exception_trap.S...
nios2-elf-gcc -MP -MMD -c   -O0 -g -Wall  -mno-hw-div -mno-hw-mul -mno-hw-mulx -mgpopt=global    -I./HAL/inc -I. -I./drivers/inc -pipe -D__hal__ -DALT_NO_INSTRUCTION_EMULATION -DALT_SINGLE_THREADED  -Wa,-gdwarf2  -o obj/HAL/src/alt_exception_trap.o HAL/src/alt_exception_trap.S
Compiling alt_execve.c...
nios2-elf-gcc -xc -MP -MMD -c  -I./HAL/inc -I. -I./drivers/inc -pipe -D__hal__ -DALT_NO_INSTRUCTION_EMULATION -DALT_SINGLE_THREADED    -O0 -g -Wall  -mno-hw-div -mno-hw-mul -mno-hw-mulx -mgpopt=global   -o obj/HAL/src/alt_execve.o HAL/src/alt_execve.c
Compiling alt_exit.c...
nios2-elf-gcc -xc -MP -MMD -c  -I./HAL/inc -I. -I./drivers/inc -pipe -D__hal__ -DALT_NO_INSTRUCTION_EMULATION -DALT_SINGLE_THREADED    -O0 -g -Wall  -mno-hw-div -mno-hw-mul -mno-hw-mulx -mgpopt=global   -o obj/HAL/src/alt_exit.o HAL/src/alt_exit.c
Compiling alt_fcntl.c...
nios2-elf-gcc -xc -MP -MMD -c  -I./HAL/inc -I. -I./drivers/inc -pipe -D__hal__ -DALT_NO_INSTRUCTION_EMULATION -DALT_SINGLE_THREADED    -O0 -g -Wall  -mno-hw-div -mno-hw-mul -mno-hw-mulx -mgpopt=global   -o obj/HAL/src/alt_fcntl.o HAL/src/alt_fcntl.c
Compiling alt_fd_lock.c...
nios2-elf-gcc -xc -MP -MMD -c  -I./HAL/inc -I. -I./drivers/inc -pipe -D__hal__ -DALT_NO_INSTRUCTION_EMULATION -DALT_SINGLE_THREADED    -O0 -g -Wall  -mno-hw-div -mno-hw-mul -mno-hw-mulx -mgpopt=global   -o obj/HAL/src/alt_fd_lock.o HAL/src/alt_fd_lock.c
Compiling alt_fd_unlock.c...
nios2-elf-gcc -xc -MP -MMD -c  -I./HAL/inc -I. -I./drivers/inc -pipe -D__hal__ -DALT_NO_INSTRUCTION_EMULATION -DALT_SINGLE_THREADED    -O0 -g -Wall  -mno-hw-div -mno-hw-mul -mno-hw-mulx -mgpopt=global   -o obj/HAL/src/alt_fd_unlock.o HAL/src/alt_fd_unlock.c
Compiling alt_find_dev.c...
nios2-elf-gcc -xc -MP -MMD -c  -I./HAL/inc -I. -I./drivers/inc -pipe -D__hal__ -DALT_NO_INSTRUCTION_EMULATION -DALT_SINGLE_THREADED    -O0 -g -Wall  -mno-hw-div -mno-hw-mul -mno-hw-mulx -mgpopt=global   -o obj/HAL/src/alt_find_dev.o HAL/src/alt_find_dev.c
Compiling alt_find_file.c...
nios2-elf-gcc -xc -MP -MMD -c  -I./HAL/inc -I. -I./drivers/inc -pipe -D__hal__ -DALT_NO_INSTRUCTION_EMULATION -DALT_SINGLE_THREADED    -O0 -g -Wall  -mno-hw-div -mno-hw-mul -mno-hw-mulx -mgpopt=global   -o obj/HAL/src/alt_find_file.o HAL/src/alt_find_file.c
Compiling alt_flash_dev.c...
nios2-elf-gcc -xc -MP -MMD -c  -I./HAL/inc -I. -I./drivers/inc -pipe -D__hal__ -DALT_NO_INSTRUCTION_EMULATION -DALT_SINGLE_THREADED    -O0 -g -Wall  -mno-hw-div -mno-hw-mul -mno-hw-mulx -mgpopt=global   -o obj/HAL/src/alt_flash_dev.o HAL/src/alt_flash_dev.c
Compiling alt_fork.c...
nios2-elf-gcc -xc -MP -MMD -c  -I./HAL/inc -I. -I./drivers/inc -pipe -D__hal__ -DALT_NO_INSTRUCTION_EMULATION -DALT_SINGLE_THREADED    -O0 -g -Wall  -mno-hw-div -mno-hw-mul -mno-hw-mulx -mgpopt=global   -o obj/HAL/src/alt_fork.o HAL/src/alt_fork.c
Compiling alt_fs_reg.c...
nios2-elf-gcc -xc -MP -MMD -c  -I./HAL/inc -I. -I./drivers/inc -pipe -D__hal__ -DALT_NO_INSTRUCTION_EMULATION -DALT_SINGLE_THREADED    -O0 -g -Wall  -mno-hw-div -mno-hw-mul -mno-hw-mulx -mgpopt=global   -o obj/HAL/src/alt_fs_reg.o HAL/src/alt_fs_reg.c
Compiling alt_fstat.c...
nios2-elf-gcc -xc -MP -MMD -c  -I./HAL/inc -I. -I./drivers/inc -pipe -D__hal__ -DALT_NO_INSTRUCTION_EMULATION -DALT_SINGLE_THREADED    -O0 -g -Wall  -mno-hw-div -mno-hw-mul -mno-hw-mulx -mgpopt=global   -o obj/HAL/src/alt_fstat.o HAL/src/alt_fstat.c
Compiling alt_get_fd.c...
nios2-elf-gcc -xc -MP -MMD -c  -I./HAL/inc -I. -I./drivers/inc -pipe -D__hal__ -DALT_NO_INSTRUCTION_EMULATION -DALT_SINGLE_THREADED    -O0 -g -Wall  -mno-hw-div -mno-hw-mul -mno-hw-mulx -mgpopt=global   -o obj/HAL/src/alt_get_fd.o HAL/src/alt_get_fd.c
Compiling alt_getchar.c...
nios2-elf-gcc -xc -MP -MMD -c  -I./HAL/inc -I. -I./drivers/inc -pipe -D__hal__ -DALT_NO_INSTRUCTION_EMULATION -DALT_SINGLE_THREADED    -O0 -g -Wall  -mno-hw-div -mno-hw-mul -mno-hw-mulx -mgpopt=global   -o obj/HAL/src/alt_getchar.o HAL/src/alt_getchar.c
Compiling alt_getpid.c...
nios2-elf-gcc -xc -MP -MMD -c  -I./HAL/inc -I. -I./drivers/inc -pipe -D__hal__ -DALT_NO_INSTRUCTION_EMULATION -DALT_SINGLE_THREADED    -O0 -g -Wall  -mno-hw-div -mno-hw-mul -mno-hw-mulx -mgpopt=global   -o obj/HAL/src/alt_getpid.o HAL/src/alt_getpid.c
Compiling alt_gettod.c...
nios2-elf-gcc -xc -MP -MMD -c  -I./HAL/inc -I. -I./drivers/inc -pipe -D__hal__ -DALT_NO_INSTRUCTION_EMULATION -DALT_SINGLE_THREADED    -O0 -g -Wall  -mno-hw-div -mno-hw-mul -mno-hw-mulx -mgpopt=global   -o obj/HAL/src/alt_gettod.o HAL/src/alt_gettod.c
Compiling alt_gmon.c...
nios2-elf-gcc -xc -MP -MMD -c  -I./HAL/inc -I. -I./drivers/inc -pipe -D__hal__ -DALT_NO_INSTRUCTION_EMULATION -DALT_SINGLE_THREADED    -O0 -g -Wall  -mno-hw-div -mno-hw-mul -mno-hw-mulx -mgpopt=global   -o obj/HAL/src/alt_gmon.o HAL/src/alt_gmon.c
Compiling alt_icache_flush.c...
nios2-elf-gcc -xc -MP -MMD -c  -I./HAL/inc -I. -I./drivers/inc -pipe -D__hal__ -DALT_NO_INSTRUCTION_EMULATION -DALT_SINGLE_THREADED    -O0 -g -Wall  -mno-hw-div -mno-hw-mul -mno-hw-mulx -mgpopt=global   -o obj/HAL/src/alt_icache_flush.o HAL/src/alt_icache_flush.c
Compiling alt_icache_flush_all.c...
nios2-elf-gcc -xc -MP -MMD -c  -I./HAL/inc -I. -I./drivers/inc -pipe -D__hal__ -DALT_NO_INSTRUCTION_EMULATION -DALT_SINGLE_THREADED    -O0 -g -Wall  -mno-hw-div -mno-hw-mul -mno-hw-mulx -mgpopt=global   -o obj/HAL/src/alt_icache_flush_all.o HAL/src/alt_icache_flush_all.c
Compiling alt_iic.c...
nios2-elf-gcc -xc -MP -MMD -c  -I./HAL/inc -I. -I./drivers/inc -pipe -D__hal__ -DALT_NO_INSTRUCTION_EMULATION -DALT_SINGLE_THREADED    -O0 -g -Wall  -mno-hw-div -mno-hw-mul -mno-hw-mulx -mgpopt=global   -o obj/HAL/src/alt_iic.o HAL/src/alt_iic.c
Compiling alt_iic_isr_register.c...
nios2-elf-gcc -xc -MP -MMD -c  -I./HAL/inc -I. -I./drivers/inc -pipe -D__hal__ -DALT_NO_INSTRUCTION_EMULATION -DALT_SINGLE_THREADED    -O0 -g -Wall  -mno-hw-div -mno-hw-mul -mno-hw-mulx -mgpopt=global   -o obj/HAL/src/alt_iic_isr_register.o HAL/src/alt_iic_isr_register.c
Compiling alt_instruction_exception_entry.c...
nios2-elf-gcc -xc -MP -MMD -c  -I./HAL/inc -I. -I./drivers/inc -pipe -D__hal__ -DALT_NO_INSTRUCTION_EMULATION -DALT_SINGLE_THREADED    -O0 -g -Wall  -mno-hw-div -mno-hw-mul -mno-hw-mulx -mgpopt=global   -o obj/HAL/src/alt_instruction_exception_entry.o HAL/src/alt_instruction_exception_entry.c
Compiling alt_instruction_exception_register.c...
nios2-elf-gcc -xc -MP -MMD -c  -I./HAL/inc -I. -I./drivers/inc -pipe -D__hal__ -DALT_NO_INSTRUCTION_EMULATION -DALT_SINGLE_THREADED    -O0 -g -Wall  -mno-hw-div -mno-hw-mul -mno-hw-mulx -mgpopt=global   -o obj/HAL/src/alt_instruction_exception_register.o HAL/src/alt_instruction_exception_register.c
Compiling alt_io_redirect.c...
nios2-elf-gcc -xc -MP -MMD -c  -I./HAL/inc -I. -I./drivers/inc -pipe -D__hal__ -DALT_NO_INSTRUCTION_EMULATION -DALT_SINGLE_THREADED    -O0 -g -Wall  -mno-hw-div -mno-hw-mul -mno-hw-mulx -mgpopt=global   -o obj/HAL/src/alt_io_redirect.o HAL/src/alt_io_redirect.c
Compiling alt_ioctl.c...
nios2-elf-gcc -xc -MP -MMD -c  -I./HAL/inc -I. -I./drivers/inc -pipe -D__hal__ -DALT_NO_INSTRUCTION_EMULATION -DALT_SINGLE_THREADED    -O0 -g -Wall  -mno-hw-div -mno-hw-mul -mno-hw-mulx -mgpopt=global   -o obj/HAL/src/alt_ioctl.o HAL/src/alt_ioctl.c
Compiling alt_irq_entry.S...
nios2-elf-gcc -MP -MMD -c   -O0 -g -Wall  -mno-hw-div -mno-hw-mul -mno-hw-mulx -mgpopt=global    -I./HAL/inc -I. -I./drivers/inc -pipe -D__hal__ -DALT_NO_INSTRUCTION_EMULATION -DALT_SINGLE_THREADED  -Wa,-gdwarf2  -o obj/HAL/src/alt_irq_entry.o HAL/src/alt_irq_entry.S
Compiling alt_irq_handler.c...
nios2-elf-gcc -xc -MP -MMD -c  -I./HAL/inc -I. -I./drivers/inc -pipe -D__hal__ -DALT_NO_INSTRUCTION_EMULATION -DALT_SINGLE_THREADED    -O0 -g -Wall  -mno-hw-div -mno-hw-mul -mno-hw-mulx -mgpopt=global   -o obj/HAL/src/alt_irq_handler.o HAL/src/alt_irq_handler.c
Compiling alt_irq_register.c...
nios2-elf-gcc -xc -MP -MMD -c  -I./HAL/inc -I. -I./drivers/inc -pipe -D__hal__ -DALT_NO_INSTRUCTION_EMULATION -DALT_SINGLE_THREADED    -O0 -g -Wall  -mno-hw-div -mno-hw-mul -mno-hw-mulx -mgpopt=global   -o obj/HAL/src/alt_irq_register.o HAL/src/alt_irq_register.c
Compiling alt_irq_vars.c...
nios2-elf-gcc -xc -MP -MMD -c  -I./HAL/inc -I. -I./drivers/inc -pipe -D__hal__ -DALT_NO_INSTRUCTION_EMULATION -DALT_SINGLE_THREADED    -O0 -g -Wall  -mno-hw-div -mno-hw-mul -mno-hw-mulx -mgpopt=global   -o obj/HAL/src/alt_irq_vars.o HAL/src/alt_irq_vars.c
Compiling alt_isatty.c...
nios2-elf-gcc -xc -MP -MMD -c  -I./HAL/inc -I. -I./drivers/inc -pipe -D__hal__ -DALT_NO_INSTRUCTION_EMULATION -DALT_SINGLE_THREADED    -O0 -g -Wall  -mno-hw-div -mno-hw-mul -mno-hw-mulx -mgpopt=global   -o obj/HAL/src/alt_isatty.o HAL/src/alt_isatty.c
Compiling alt_kill.c...
nios2-elf-gcc -xc -MP -MMD -c  -I./HAL/inc -I. -I./drivers/inc -pipe -D__hal__ -DALT_NO_INSTRUCTION_EMULATION -DALT_SINGLE_THREADED    -O0 -g -Wall  -mno-hw-div -mno-hw-mul -mno-hw-mulx -mgpopt=global   -o obj/HAL/src/alt_kill.o HAL/src/alt_kill.c
Compiling alt_link.c...
nios2-elf-gcc -xc -MP -MMD -c  -I./HAL/inc -I. -I./drivers/inc -pipe -D__hal__ -DALT_NO_INSTRUCTION_EMULATION -DALT_SINGLE_THREADED    -O0 -g -Wall  -mno-hw-div -mno-hw-mul -mno-hw-mulx -mgpopt=global   -o obj/HAL/src/alt_link.o HAL/src/alt_link.c
Compiling alt_load.c...
nios2-elf-gcc -xc -MP -MMD -c  -I./HAL/inc -I. -I./drivers/inc -pipe -D__hal__ -DALT_NO_INSTRUCTION_EMULATION -DALT_SINGLE_THREADED    -O0 -g -Wall  -mno-hw-div -mno-hw-mul -mno-hw-mulx -mgpopt=global   -o obj/HAL/src/alt_load.o HAL/src/alt_load.c
Compiling alt_log_macro.S...
nios2-elf-gcc -MP -MMD -c   -O0 -g -Wall  -mno-hw-div -mno-hw-mul -mno-hw-mulx -mgpopt=global    -I./HAL/inc -I. -I./drivers/inc -pipe -D__hal__ -DALT_NO_INSTRUCTION_EMULATION -DALT_SINGLE_THREADED  -Wa,-gdwarf2  -o obj/HAL/src/alt_log_macro.o HAL/src/alt_log_macro.S
Compiling alt_log_printf.c...
nios2-elf-gcc -xc -MP -MMD -c  -I./HAL/inc -I. -I./drivers/inc -pipe -D__hal__ -DALT_NO_INSTRUCTION_EMULATION -DALT_SINGLE_THREADED    -O0 -g -Wall  -mno-hw-div -mno-hw-mul -mno-hw-mulx -mgpopt=global   -o obj/HAL/src/alt_log_printf.o HAL/src/alt_log_printf.c
Compiling alt_lseek.c...
nios2-elf-gcc -xc -MP -MMD -c  -I./HAL/inc -I. -I./drivers/inc -pipe -D__hal__ -DALT_NO_INSTRUCTION_EMULATION -DALT_SINGLE_THREADED    -O0 -g -Wall  -mno-hw-div -mno-hw-mul -mno-hw-mulx -mgpopt=global   -o obj/HAL/src/alt_lseek.o HAL/src/alt_lseek.c
Compiling alt_main.c...
nios2-elf-gcc -xc -MP -MMD -c  -I./HAL/inc -I. -I./drivers/inc -pipe -D__hal__ -DALT_NO_INSTRUCTION_EMULATION -DALT_SINGLE_THREADED    -O0 -g -Wall  -mno-hw-div -mno-hw-mul -mno-hw-mulx -mgpopt=global   -o obj/HAL/src/alt_main.o HAL/src/alt_main.c
Compiling alt_malloc_lock.c...
nios2-elf-gcc -xc -MP -MMD -c  -I./HAL/inc -I. -I./drivers/inc -pipe -D__hal__ -DALT_NO_INSTRUCTION_EMULATION -DALT_SINGLE_THREADED    -O0 -g -Wall  -mno-hw-div -mno-hw-mul -mno-hw-mulx -mgpopt=global   -o obj/HAL/src/alt_malloc_lock.o HAL/src/alt_malloc_lock.c
Compiling alt_mcount.S...
nios2-elf-gcc -MP -MMD -c   -O0 -g -Wall  -mno-hw-div -mno-hw-mul -mno-hw-mulx -mgpopt=global    -I./HAL/inc -I. -I./drivers/inc -pipe -D__hal__ -DALT_NO_INSTRUCTION_EMULATION -DALT_SINGLE_THREADED  -Wa,-gdwarf2  -o obj/HAL/src/alt_mcount.o HAL/src/alt_mcount.S
Compiling alt_open.c...
nios2-elf-gcc -xc -MP -MMD -c  -I./HAL/inc -I. -I./drivers/inc -pipe -D__hal__ -DALT_NO_INSTRUCTION_EMULATION -DALT_SINGLE_THREADED    -O0 -g -Wall  -mno-hw-div -mno-hw-mul -mno-hw-mulx -mgpopt=global   -o obj/HAL/src/alt_open.o HAL/src/alt_open.c
Compiling alt_printf.c...
nios2-elf-gcc -xc -MP -MMD -c  -I./HAL/inc -I. -I./drivers/inc -pipe -D__hal__ -DALT_NO_INSTRUCTION_EMULATION -DALT_SINGLE_THREADED    -O0 -g -Wall  -mno-hw-div -mno-hw-mul -mno-hw-mulx -mgpopt=global   -o obj/HAL/src/alt_printf.o HAL/src/alt_printf.c
Compiling alt_putchar.c...
nios2-elf-gcc -xc -MP -MMD -c  -I./HAL/inc -I. -I./drivers/inc -pipe -D__hal__ -DALT_NO_INSTRUCTION_EMULATION -DALT_SINGLE_THREADED    -O0 -g -Wall  -mno-hw-div -mno-hw-mul -mno-hw-mulx -mgpopt=global   -o obj/HAL/src/alt_putchar.o HAL/src/alt_putchar.c
Compiling alt_putcharbuf.c...
nios2-elf-gcc -xc -MP -MMD -c  -I./HAL/inc -I. -I./drivers/inc -pipe -D__hal__ -DALT_NO_INSTRUCTION_EMULATION -DALT_SINGLE_THREADED    -O0 -g -Wall  -mno-hw-div -mno-hw-mul -mno-hw-mulx -mgpopt=global   -o obj/HAL/src/alt_putcharbuf.o HAL/src/alt_putcharbuf.c
Compiling alt_putstr.c...
nios2-elf-gcc -xc -MP -MMD -c  -I./HAL/inc -I. -I./drivers/inc -pipe -D__hal__ -DALT_NO_INSTRUCTION_EMULATION -DALT_SINGLE_THREADED    -O0 -g -Wall  -mno-hw-div -mno-hw-mul -mno-hw-mulx -mgpopt=global   -o obj/HAL/src/alt_putstr.o HAL/src/alt_putstr.c
Compiling alt_read.c...
nios2-elf-gcc -xc -MP -MMD -c  -I./HAL/inc -I. -I./drivers/inc -pipe -D__hal__ -DALT_NO_INSTRUCTION_EMULATION -DALT_SINGLE_THREADED    -O0 -g -Wall  -mno-hw-div -mno-hw-mul -mno-hw-mulx -mgpopt=global   -o obj/HAL/src/alt_read.o HAL/src/alt_read.c
Compiling alt_release_fd.c...
nios2-elf-gcc -xc -MP -MMD -c  -I./HAL/inc -I. -I./drivers/inc -pipe -D__hal__ -DALT_NO_INSTRUCTION_EMULATION -DALT_SINGLE_THREADED    -O0 -g -Wall  -mno-hw-div -mno-hw-mul -mno-hw-mulx -mgpopt=global   -o obj/HAL/src/alt_release_fd.o HAL/src/alt_release_fd.c
Compiling alt_remap_cached.c...
nios2-elf-gcc -xc -MP -MMD -c  -I./HAL/inc -I. -I./drivers/inc -pipe -D__hal__ -DALT_NO_INSTRUCTION_EMULATION -DALT_SINGLE_THREADED    -O0 -g -Wall  -mno-hw-div -mno-hw-mul -mno-hw-mulx -mgpopt=global   -o obj/HAL/src/alt_remap_cached.o HAL/src/alt_remap_cached.c
Compiling alt_remap_uncached.c...
nios2-elf-gcc -xc -MP -MMD -c  -I./HAL/inc -I. -I./drivers/inc -pipe -D__hal__ -DALT_NO_INSTRUCTION_EMULATION -DALT_SINGLE_THREADED    -O0 -g -Wall  -mno-hw-div -mno-hw-mul -mno-hw-mulx -mgpopt=global   -o obj/HAL/src/alt_remap_uncached.o HAL/src/alt_remap_uncached.c
Compiling alt_rename.c...
nios2-elf-gcc -xc -MP -MMD -c  -I./HAL/inc -I. -I./drivers/inc -pipe -D__hal__ -DALT_NO_INSTRUCTION_EMULATION -DALT_SINGLE_THREADED    -O0 -g -Wall  -mno-hw-div -mno-hw-mul -mno-hw-mulx -mgpopt=global   -o obj/HAL/src/alt_rename.o HAL/src/alt_rename.c
Compiling alt_sbrk.c...
nios2-elf-gcc -xc -MP -MMD -c  -I./HAL/inc -I. -I./drivers/inc -pipe -D__hal__ -DALT_NO_INSTRUCTION_EMULATION -DALT_SINGLE_THREADED    -O0 -g -Wall  -mno-hw-div -mno-hw-mul -mno-hw-mulx -mgpopt=global   -o obj/HAL/src/alt_sbrk.o HAL/src/alt_sbrk.c
Compiling alt_settod.c...
nios2-elf-gcc -xc -MP -MMD -c  -I./HAL/inc -I. -I./drivers/inc -pipe -D__hal__ -DALT_NO_INSTRUCTION_EMULATION -DALT_SINGLE_THREADED    -O0 -g -Wall  -mno-hw-div -mno-hw-mul -mno-hw-mulx -mgpopt=global   -o obj/HAL/src/alt_settod.o HAL/src/alt_settod.c
Compiling alt_software_exception.S...
nios2-elf-gcc -MP -MMD -c   -O0 -g -Wall  -mno-hw-div -mno-hw-mul -mno-hw-mulx -mgpopt=global    -I./HAL/inc -I. -I./drivers/inc -pipe -D__hal__ -DALT_NO_INSTRUCTION_EMULATION -DALT_SINGLE_THREADED  -Wa,-gdwarf2  -o obj/HAL/src/alt_software_exception.o HAL/src/alt_software_exception.S
Compiling alt_stat.c...
nios2-elf-gcc -xc -MP -MMD -c  -I./HAL/inc -I. -I./drivers/inc -pipe -D__hal__ -DALT_NO_INSTRUCTION_EMULATION -DALT_SINGLE_THREADED    -O0 -g -Wall  -mno-hw-div -mno-hw-mul -mno-hw-mulx -mgpopt=global   -o obj/HAL/src/alt_stat.o HAL/src/alt_stat.c
Compiling alt_tick.c...
nios2-elf-gcc -xc -MP -MMD -c  -I./HAL/inc -I. -I./drivers/inc -pipe -D__hal__ -DALT_NO_INSTRUCTION_EMULATION -DALT_SINGLE_THREADED    -O0 -g -Wall  -mno-hw-div -mno-hw-mul -mno-hw-mulx -mgpopt=global   -o obj/HAL/src/alt_tick.o HAL/src/alt_tick.c
Compiling alt_times.c...
nios2-elf-gcc -xc -MP -MMD -c  -I./HAL/inc -I. -I./drivers/inc -pipe -D__hal__ -DALT_NO_INSTRUCTION_EMULATION -DALT_SINGLE_THREADED    -O0 -g -Wall  -mno-hw-div -mno-hw-mul -mno-hw-mulx -mgpopt=global   -o obj/HAL/src/alt_times.o HAL/src/alt_times.c
Compiling alt_uncached_free.c...
nios2-elf-gcc -xc -MP -MMD -c  -I./HAL/inc -I. -I./drivers/inc -pipe -D__hal__ -DALT_NO_INSTRUCTION_EMULATION -DALT_SINGLE_THREADED    -O0 -g -Wall  -mno-hw-div -mno-hw-mul -mno-hw-mulx -mgpopt=global   -o obj/HAL/src/alt_uncached_free.o HAL/src/alt_uncached_free.c
Compiling alt_uncached_malloc.c...
nios2-elf-gcc -xc -MP -MMD -c  -I./HAL/inc -I. -I./drivers/inc -pipe -D__hal__ -DALT_NO_INSTRUCTION_EMULATION -DALT_SINGLE_THREADED    -O0 -g -Wall  -mno-hw-div -mno-hw-mul -mno-hw-mulx -mgpopt=global   -o obj/HAL/src/alt_uncached_malloc.o HAL/src/alt_uncached_malloc.c
Compiling alt_unlink.c...
nios2-elf-gcc -xc -MP -MMD -c  -I./HAL/inc -I. -I./drivers/inc -pipe -D__hal__ -DALT_NO_INSTRUCTION_EMULATION -DALT_SINGLE_THREADED    -O0 -g -Wall  -mno-hw-div -mno-hw-mul -mno-hw-mulx -mgpopt=global   -o obj/HAL/src/alt_unlink.o HAL/src/alt_unlink.c
Compiling alt_usleep.c...
nios2-elf-gcc -xc -MP -MMD -c  -I./HAL/inc -I. -I./drivers/inc -pipe -D__hal__ -DALT_NO_INSTRUCTION_EMULATION -DALT_SINGLE_THREADED    -O0 -g -Wall  -mno-hw-div -mno-hw-mul -mno-hw-mulx -mgpopt=global   -o obj/HAL/src/alt_usleep.o HAL/src/alt_usleep.c
Compiling alt_wait.c...
nios2-elf-gcc -xc -MP -MMD -c  -I./HAL/inc -I. -I./drivers/inc -pipe -D__hal__ -DALT_NO_INSTRUCTION_EMULATION -DALT_SINGLE_THREADED    -O0 -g -Wall  -mno-hw-div -mno-hw-mul -mno-hw-mulx -mgpopt=global   -o obj/HAL/src/alt_wait.o HAL/src/alt_wait.c
Compiling alt_write.c...
nios2-elf-gcc -xc -MP -MMD -c  -I./HAL/inc -I. -I./drivers/inc -pipe -D__hal__ -DALT_NO_INSTRUCTION_EMULATION -DALT_SINGLE_THREADED    -O0 -g -Wall  -mno-hw-div -mno-hw-mul -mno-hw-mulx -mgpopt=global   -o obj/HAL/src/alt_write.o HAL/src/alt_write.c
Compiling altera_nios2_gen2_irq.c...
nios2-elf-gcc -xc -MP -MMD -c  -I./HAL/inc -I. -I./drivers/inc -pipe -D__hal__ -DALT_NO_INSTRUCTION_EMULATION -DALT_SINGLE_THREADED    -O0 -g -Wall  -mno-hw-div -mno-hw-mul -mno-hw-mulx -mgpopt=global   -o obj/HAL/src/altera_nios2_gen2_irq.o HAL/src/altera_nios2_gen2_irq.c
Compiling crt0.S...
nios2-elf-gcc -MP -MMD -c   -O0 -g -Wall  -mno-hw-div -mno-hw-mul -mno-hw-mulx -mgpopt=global    -I./HAL/inc -I. -I./drivers/inc -pipe -D__hal__ -DALT_NO_INSTRUCTION_EMULATION -DALT_SINGLE_THREADED  -Wa,-gdwarf2  -o obj/HAL/src/crt0.o HAL/src/crt0.S
Compiling alt_sys_init.c...
nios2-elf-gcc -xc -MP -MMD -c  -I./HAL/inc -I. -I./drivers/inc -pipe -D__hal__ -DALT_NO_INSTRUCTION_EMULATION -DALT_SINGLE_THREADED    -O0 -g -Wall  -mno-hw-div -mno-hw-mul -mno-hw-mulx -mgpopt=global   -o obj/alt_sys_init.o alt_sys_init.c
Compiling altera_avalon_i2c.c...
nios2-elf-gcc -xc -MP -MMD -c  -I./HAL/inc -I. -I./drivers/inc -pipe -D__hal__ -DALT_NO_INSTRUCTION_EMULATION -DALT_SINGLE_THREADED    -O0 -g -Wall  -mno-hw-div -mno-hw-mul -mno-hw-mulx -mgpopt=global   -o obj/drivers/src/altera_avalon_i2c.o drivers/src/altera_avalon_i2c.c
Compiling altera_avalon_jtag_uart_fd.c...
nios2-elf-gcc -xc -MP -MMD -c  -I./HAL/inc -I. -I./drivers/inc -pipe -D__hal__ -DALT_NO_INSTRUCTION_EMULATION -DALT_SINGLE_THREADED    -O0 -g -Wall  -mno-hw-div -mno-hw-mul -mno-hw-mulx -mgpopt=global   -o obj/drivers/src/altera_avalon_jtag_uart_fd.o drivers/src/altera_avalon_jtag_uart_fd.c
Compiling altera_avalon_jtag_uart_init.c...
nios2-elf-gcc -xc -MP -MMD -c  -I./HAL/inc -I. -I./drivers/inc -pipe -D__hal__ -DALT_NO_INSTRUCTION_EMULATION -DALT_SINGLE_THREADED    -O0 -g -Wall  -mno-hw-div -mno-hw-mul -mno-hw-mulx -mgpopt=global   -o obj/drivers/src/altera_avalon_jtag_uart_init.o drivers/src/altera_avalon_jtag_uart_init.c
Compiling altera_avalon_jtag_uart_ioctl.c...
nios2-elf-gcc -xc -MP -MMD -c  -I./HAL/inc -I. -I./drivers/inc -pipe -D__hal__ -DALT_NO_INSTRUCTION_EMULATION -DALT_SINGLE_THREADED    -O0 -g -Wall  -mno-hw-div -mno-hw-mul -mno-hw-mulx -mgpopt=global   -o obj/drivers/src/altera_avalon_jtag_uart_ioctl.o drivers/src/altera_avalon_jtag_uart_ioctl.c
Compiling altera_avalon_jtag_uart_read.c...
nios2-elf-gcc -xc -MP -MMD -c  -I./HAL/inc -I. -I./drivers/inc -pipe -D__hal__ -DALT_NO_INSTRUCTION_EMULATION -DALT_SINGLE_THREADED    -O0 -g -Wall  -mno-hw-div -mno-hw-mul -mno-hw-mulx -mgpopt=global   -o obj/drivers/src/altera_avalon_jtag_uart_read.o drivers/src/altera_avalon_jtag_uart_read.c
Compiling altera_avalon_jtag_uart_write.c...
nios2-elf-gcc -xc -MP -MMD -c  -I./HAL/inc -I. -I./drivers/inc -pipe -D__hal__ -DALT_NO_INSTRUCTION_EMULATION -DALT_SINGLE_THREADED    -O0 -g -Wall  -mno-hw-div -mno-hw-mul -mno-hw-mulx -mgpopt=global   -o obj/drivers/src/altera_avalon_jtag_uart_write.o drivers/src/altera_avalon_jtag_uart_write.c
Compiling altera_avalon_sysid_qsys.c...
nios2-elf-gcc -xc -MP -MMD -c  -I./HAL/inc -I. -I./drivers/inc -pipe -D__hal__ -DALT_NO_INSTRUCTION_EMULATION -DALT_SINGLE_THREADED    -O0 -g -Wall  -mno-hw-div -mno-hw-mul -mno-hw-mulx -mgpopt=global   -o obj/drivers/src/altera_avalon_sysid_qsys.o drivers/src/altera_avalon_sysid_qsys.c
Compiling altera_avalon_timer_sc.c...
nios2-elf-gcc -xc -MP -MMD -c  -I./HAL/inc -I. -I./drivers/inc -pipe -D__hal__ -DALT_NO_INSTRUCTION_EMULATION -DALT_SINGLE_THREADED    -O0 -g -Wall  -mno-hw-div -mno-hw-mul -mno-hw-mulx -mgpopt=global   -o obj/drivers/src/altera_avalon_timer_sc.o drivers/src/altera_avalon_timer_sc.c
Compiling altera_avalon_timer_ts.c...
nios2-elf-gcc -xc -MP -MMD -c  -I./HAL/inc -I. -I./drivers/inc -pipe -D__hal__ -DALT_NO_INSTRUCTION_EMULATION -DALT_SINGLE_THREADED    -O0 -g -Wall  -mno-hw-div -mno-hw-mul -mno-hw-mulx -mgpopt=global   -o obj/drivers/src/altera_avalon_timer_ts.o drivers/src/altera_avalon_timer_ts.c
Compiling altera_avalon_timer_vars.c...
nios2-elf-gcc -xc -MP -MMD -c  -I./HAL/inc -I. -I./drivers/inc -pipe -D__hal__ -DALT_NO_INSTRUCTION_EMULATION -DALT_SINGLE_THREADED    -O0 -g -Wall  -mno-hw-div -mno-hw-mul -mno-hw-mulx -mgpopt=global   -o obj/drivers/src/altera_avalon_timer_vars.o drivers/src/altera_avalon_timer_vars.c
Creating libhal_bsp.a...
rm -f -f libhal_bsp.a
nios2-elf-ar -src libhal_bsp.a obj/HAL/src/alt_alarm_start.o obj/HAL/src/alt_busy_sleep.o obj/HAL/src/alt_close.o obj/HAL/src/alt_dcache_flush.o obj/HAL/src/alt_dcache_flush_all.o obj/HAL/src/alt_dcache_flush_no_writeback.o obj/HAL/src/alt_dev.o obj/HAL/src/alt_dev_llist_insert.o obj/HAL/src/alt_dma_rxchan_open.o obj/HAL/src/alt_dma_txchan_open.o obj/HAL/src/alt_do_ctors.o obj/HAL/src/alt_do_dtors.o obj/HAL/src/alt_ecc_fatal_entry.o obj/HAL/src/alt_ecc_fatal_exception.o obj/HAL/src/alt_env_lock.o obj/HAL/src/alt_environ.o obj/HAL/src/alt_errno.o obj/HAL/src/alt_exception_entry.o obj/HAL/src/alt_exception_muldiv.o obj/HAL/src/alt_exception_trap.o obj/HAL/src/alt_execve.o obj/HAL/src/alt_exit.o obj/HAL/src/alt_fcntl.o obj/HAL/src/alt_fd_lock.o obj/HAL/src/alt_fd_unlock.o obj/HAL/src/alt_find_dev.o obj/HAL/src/alt_find_file.o obj/HAL/src/alt_flash_dev.o obj/HAL/src/alt_fork.o obj/HAL/src/alt_fs_reg.o obj/HAL/src/alt_fstat.o obj/HAL/src/alt_get_fd.o obj/HAL/src/alt_getchar.o obj/HAL/src/alt_getpid.o obj/HAL/src/alt_gettod.o obj/HAL/src/alt_gmon.o obj/HAL/src/alt_icache_flush.o obj/HAL/src/alt_icache_flush_all.o obj/HAL/src/alt_iic.o obj/HAL/src/alt_iic_isr_register.o obj/HAL/src/alt_instruction_exception_entry.o obj/HAL/src/alt_instruction_exception_register.o obj/HAL/src/alt_io_redirect.o obj/HAL/src/alt_ioctl.o obj/HAL/src/alt_irq_entry.o obj/HAL/src/alt_irq_handler.o obj/HAL/src/alt_irq_register.o obj/HAL/src/alt_irq_vars.o obj/HAL/src/alt_isatty.o obj/HAL/src/alt_kill.o obj/HAL/src/alt_link.o obj/HAL/src/alt_load.o obj/HAL/src/alt_log_macro.o obj/HAL/src/alt_log_printf.o obj/HAL/src/alt_lseek.o obj/HAL/src/alt_main.o obj/HAL/src/alt_malloc_lock.o obj/HAL/src/alt_mcount.o obj/HAL/src/alt_open.o obj/HAL/src/alt_printf.o obj/HAL/src/alt_putchar.o obj/HAL/src/alt_putcharbuf.o obj/HAL/src/alt_putstr.o obj/HAL/src/alt_read.o obj/HAL/src/alt_release_fd.o obj/HAL/src/alt_remap_cached.o obj/HAL/src/alt_remap_uncached.o obj/HAL/src/alt_rename.o obj/HAL/src/alt_sbrk.o obj/HAL/src/alt_settod.o obj/HAL/src/alt_software_exception.o obj/HAL/src/alt_stat.o obj/HAL/src/alt_tick.o obj/HAL/src/alt_times.o obj/HAL/src/alt_uncached_free.o obj/HAL/src/alt_uncached_malloc.o obj/HAL/src/alt_unlink.o obj/HAL/src/alt_usleep.o obj/HAL/src/alt_wait.o obj/HAL/src/alt_write.o obj/HAL/src/altera_nios2_gen2_irq.o obj/HAL/src/crt0.o obj/alt_sys_init.o obj/drivers/src/altera_avalon_i2c.o obj/drivers/src/altera_avalon_jtag_uart_fd.o obj/drivers/src/altera_avalon_jtag_uart_init.o obj/drivers/src/altera_avalon_jtag_uart_ioctl.o obj/drivers/src/altera_avalon_jtag_uart_read.o obj/drivers/src/altera_avalon_jtag_uart_write.o obj/drivers/src/altera_avalon_sysid_qsys.o obj/drivers/src/altera_avalon_timer_sc.o obj/drivers/src/altera_avalon_timer_ts.o obj/drivers/src/altera_avalon_timer_vars.o
[BSP build complete]
Info: Compiling hello_world.c to obj/default/hello_world.o
nios2-elf-gcc -xc -MP -MMD -c -I../i2c_rtc_7seg_bsp//HAL/inc -I../i2c_rtc_7seg_bsp/ -I../i2c_rtc_7seg_bsp//drivers/inc  -pipe -D__hal__ -DALT_NO_INSTRUCTION_EMULATION -DALT_SINGLE_THREADED    -O0 -g -Wall   -mno-hw-div -mno-hw-mul -mno-hw-mulx -mgpopt=global  -o obj/default/hello_world.o hello_world.c
Info: Linking i2c_rtc_7seg.elf
nios2-elf-g++  -T'../i2c_rtc_7seg_bsp//linker.x' -msys-crt0='../i2c_rtc_7seg_bsp//obj/HAL/src/crt0.o' -msys-lib=hal_bsp -L../i2c_rtc_7seg_bsp/   -Wl,-Map=i2c_rtc_7seg.map   -O0 -g -Wall   -mno-hw-div -mno-hw-mul -mno-hw-mulx -mgpopt=global  -o i2c_rtc_7seg.elf obj/default/hello_world.o -lm -msys-lib=m
nios2-elf-insert i2c_rtc_7seg.elf --thread_model hal --cpu_name CPU --qsys true --simulation_enabled false --id 0 --sidp 0x81108 --timestamp 1729045351 --stderr_dev DEBUG --stdin_dev DEBUG --stdout_dev DEBUG --sopc_system_name I2C --quartus_project_dir "D:/2024/FPGA/codeFPGA_NIOS2/Bai5-I2C-RTC-7SEG" --jdi ../..//output_files/I2C.jdi --sopcinfo D:/2024/FPGA/codeFPGA_NIOS2/Bai5-I2C-RTC-7SEG/software/i2c_rtc_7seg_bsp/../../I2C.sopcinfo
Info: (i2c_rtc_7seg.elf) 37 KBytes program size (code + initialized data).
Info:                    155 KBytes free for stack + heap.
Info: Creating i2c_rtc_7seg.objdump
nios2-elf-objdump --disassemble --syms --all-header --source i2c_rtc_7seg.elf >i2c_rtc_7seg.objdump
[i2c_rtc_7seg build complete]
09:45:44 **** Build of configuration Nios II for project i2c_rtc_7seg ****
make all 
Info: Building ../i2c_rtc_7seg_bsp/
D:/FPGA/nios2eds/bin/gnu/H-x86_64-mingw32/bin/make --no-print-directory -C ../i2c_rtc_7seg_bsp/
[BSP build complete]
[i2c_rtc_7seg build complete]
09:45:46 **** Incremental Build of configuration Nios II for project i2c_rtc_7seg ****
make all 
Info: Building ../i2c_rtc_7seg_bsp/
D:/FPGA/nios2eds/bin/gnu/H-x86_64-mingw32/bin/make --no-print-directory -C ../i2c_rtc_7seg_bsp/
[BSP build complete]
[i2c_rtc_7seg build complete]
09:46:00 **** Incremental Build of configuration Nios II for project i2c_rtc_7seg ****
make all 
Info: Building ../i2c_rtc_7seg_bsp/
D:/FPGA/nios2eds/bin/gnu/H-x86_64-mingw32/bin/make --no-print-directory -C ../i2c_rtc_7seg_bsp/
[BSP build complete]
Info: Compiling hello_world.c to obj/default/hello_world.o
nios2-elf-gcc -xc -MP -MMD -c -I../i2c_rtc_7seg_bsp//HAL/inc -I../i2c_rtc_7seg_bsp/ -I../i2c_rtc_7seg_bsp//drivers/inc  -pipe -D__hal__ -DALT_NO_INSTRUCTION_EMULATION -DALT_SINGLE_THREADED    -O0 -g -Wall   -mno-hw-div -mno-hw-mul -mno-hw-mulx -mgpopt=global  -o obj/default/hello_world.o hello_world.c
Info: Linking i2c_rtc_7seg.elf
nios2-elf-g++  -T'../i2c_rtc_7seg_bsp//linker.x' -msys-crt0='../i2c_rtc_7seg_bsp//obj/HAL/src/crt0.o' -msys-lib=hal_bsp -L../i2c_rtc_7seg_bsp/   -Wl,-Map=i2c_rtc_7seg.map   -O0 -g -Wall   -mno-hw-div -mno-hw-mul -mno-hw-mulx -mgpopt=global  -o i2c_rtc_7seg.elf obj/default/hello_world.o -lm -msys-lib=m
nios2-elf-insert i2c_rtc_7seg.elf --thread_model hal --cpu_name CPU --qsys true --simulation_enabled false --id 0 --sidp 0x81108 --timestamp 1729045351 --stderr_dev DEBUG --stdin_dev DEBUG --stdout_dev DEBUG --sopc_system_name I2C --quartus_project_dir "D:/2024/FPGA/codeFPGA_NIOS2/Bai5-I2C-RTC-7SEG" --jdi ../..//output_files/I2C.jdi --sopcinfo D:/2024/FPGA/codeFPGA_NIOS2/Bai5-I2C-RTC-7SEG/software/i2c_rtc_7seg_bsp/../../I2C.sopcinfo
Info: (i2c_rtc_7seg.elf) 93 KBytes program size (code + initialized data).
Info:                    99 KBytes free for stack + heap.
Info: Creating i2c_rtc_7seg.objdump
nios2-elf-objdump --disassemble --syms --all-header --source i2c_rtc_7seg.elf >i2c_rtc_7seg.objdump
[i2c_rtc_7seg build complete]
09:50:07 **** Incremental Build of configuration Nios II for project i2c_rtc_7seg ****
make all 
Info: Building ../i2c_rtc_7seg_bsp/
D:/FPGA/nios2eds/bin/gnu/H-x86_64-mingw32/bin/make --no-print-directory -C ../i2c_rtc_7seg_bsp/
[BSP build complete]
Info: Compiling hello_world.c to obj/default/hello_world.o
nios2-elf-gcc -xc -MP -MMD -c -I../i2c_rtc_7seg_bsp//HAL/inc -I../i2c_rtc_7seg_bsp/ -I../i2c_rtc_7seg_bsp//drivers/inc  -pipe -D__hal__ -DALT_NO_INSTRUCTION_EMULATION -DALT_SINGLE_THREADED    -O0 -g -Wall   -mno-hw-div -mno-hw-mul -mno-hw-mulx -mgpopt=global  -o obj/default/hello_world.o hello_world.c
Info: Linking i2c_rtc_7seg.elf
nios2-elf-g++  -T'../i2c_rtc_7seg_bsp//linker.x' -msys-crt0='../i2c_rtc_7seg_bsp//obj/HAL/src/crt0.o' -msys-lib=hal_bsp -L../i2c_rtc_7seg_bsp/   -Wl,-Map=i2c_rtc_7seg.map   -O0 -g -Wall   -mno-hw-div -mno-hw-mul -mno-hw-mulx -mgpopt=global  -o i2c_rtc_7seg.elf obj/default/hello_world.o -lm -msys-lib=m
nios2-elf-insert i2c_rtc_7seg.elf --thread_model hal --cpu_name CPU --qsys true --simulation_enabled false --id 0 --sidp 0x81108 --timestamp 1729045351 --stderr_dev DEBUG --stdin_dev DEBUG --stdout_dev DEBUG --sopc_system_name I2C --quartus_project_dir "D:/2024/FPGA/codeFPGA_NIOS2/Bai5-I2C-RTC-7SEG" --jdi ../..//output_files/I2C.jdi --sopcinfo D:/2024/FPGA/codeFPGA_NIOS2/Bai5-I2C-RTC-7SEG/software/i2c_rtc_7seg_bsp/../../I2C.sopcinfo
Info: (i2c_rtc_7seg.elf) 93 KBytes program size (code + initialized data).
Info:                    99 KBytes free for stack + heap.
Info: Creating i2c_rtc_7seg.objdump
nios2-elf-objdump --disassemble --syms --all-header --source i2c_rtc_7seg.elf >i2c_rtc_7seg.objdump
[i2c_rtc_7seg build complete]
09:50:30 **** Incremental Build of configuration Nios II for project i2c_rtc_7seg ****
make all 
Info: Building ../i2c_rtc_7seg_bsp/
D:/FPGA/nios2eds/bin/gnu/H-x86_64-mingw32/bin/make --no-print-directory -C ../i2c_rtc_7seg_bsp/
[BSP build complete]
Info: Compiling hello_world.c to obj/default/hello_world.o
nios2-elf-gcc -xc -MP -MMD -c -I../i2c_rtc_7seg_bsp//HAL/inc -I../i2c_rtc_7seg_bsp/ -I../i2c_rtc_7seg_bsp//drivers/inc  -pipe -D__hal__ -DALT_NO_INSTRUCTION_EMULATION -DALT_SINGLE_THREADED    -O0 -g -Wall   -mno-hw-div -mno-hw-mul -mno-hw-mulx -mgpopt=global  -o obj/default/hello_world.o hello_world.c
Info: Linking i2c_rtc_7seg.elf
nios2-elf-g++  -T'../i2c_rtc_7seg_bsp//linker.x' -msys-crt0='../i2c_rtc_7seg_bsp//obj/HAL/src/crt0.o' -msys-lib=hal_bsp -L../i2c_rtc_7seg_bsp/   -Wl,-Map=i2c_rtc_7seg.map   -O0 -g -Wall   -mno-hw-div -mno-hw-mul -mno-hw-mulx -mgpopt=global  -o i2c_rtc_7seg.elf obj/default/hello_world.o -lm -msys-lib=m
nios2-elf-insert i2c_rtc_7seg.elf --thread_model hal --cpu_name CPU --qsys true --simulation_enabled false --id 0 --sidp 0x81108 --timestamp 1729045351 --stderr_dev DEBUG --stdin_dev DEBUG --stdout_dev DEBUG --sopc_system_name I2C --quartus_project_dir "D:/2024/FPGA/codeFPGA_NIOS2/Bai5-I2C-RTC-7SEG" --jdi ../..//output_files/I2C.jdi --sopcinfo D:/2024/FPGA/codeFPGA_NIOS2/Bai5-I2C-RTC-7SEG/software/i2c_rtc_7seg_bsp/../../I2C.sopcinfo
Info: (i2c_rtc_7seg.elf) 93 KBytes program size (code + initialized data).
Info:                    99 KBytes free for stack + heap.
Info: Creating i2c_rtc_7seg.objdump
nios2-elf-objdump --disassemble --syms --all-header --source i2c_rtc_7seg.elf >i2c_rtc_7seg.objdump
[i2c_rtc_7seg build complete]
09:59:47 **** Incremental Build of configuration Nios II for project i2c_rtc_7seg ****
make all 
Info: Building ../i2c_rtc_7seg_bsp/
D:/FPGA/nios2eds/bin/gnu/H-x86_64-mingw32/bin/make --no-print-directory -C ../i2c_rtc_7seg_bsp/
[BSP build complete]
[i2c_rtc_7seg build complete]
10:02:23 **** Incremental Build of configuration Nios II for project i2c_rtc_7seg ****
make all 
Info: Building ../i2c_rtc_7seg_bsp/
D:/FPGA/nios2eds/bin/gnu/H-x86_64-mingw32/bin/make --no-print-directory -C ../i2c_rtc_7seg_bsp/
[BSP build complete]
Info: Compiling hello_world.c to obj/default/hello_world.o
nios2-elf-gcc -xc -MP -MMD -c -I../i2c_rtc_7seg_bsp//HAL/inc -I../i2c_rtc_7seg_bsp/ -I../i2c_rtc_7seg_bsp//drivers/inc  -pipe -D__hal__ -DALT_NO_INSTRUCTION_EMULATION -DALT_SINGLE_THREADED    -O0 -g -Wall   -mno-hw-div -mno-hw-mul -mno-hw-mulx -mgpopt=global  -o obj/default/hello_world.o hello_world.c
hello_world.c:26:6: error: invalid suffix "_seg" on integer constant
 char 7_seg[10] = {
      ^
hello_world.c:26:6: error: expected identifier or '(' before numeric constant
In file included from ../i2c_rtc_7seg_bsp//drivers/inc/altera_avalon_pio_regs.h:34:0,
                 from hello_world.c:19:
hello_world.c: In function 'main':
hello_world.c:87:41: error: invalid suffix "_seg" on integer constant
   IOWR_ALTERA_AVALON_PIO_DATA(LED1_BASE,7_seg[ReadTempbuf[2]>>4 &0x0f]);  //hang chuc - hour
                                         ^
../i2c_rtc_7seg_bsp//HAL/inc/io.h:75:66: note: in definition of macro 'IOWR'
   __builtin_stwio (__IO_CALC_ADDRESS_NATIVE ((BASE), (REGNUM)), (DATA))
                                                                  ^
hello_world.c:87:3: note: in expansion of macro 'IOWR_ALTERA_AVALON_PIO_DATA'
   IOWR_ALTERA_AVALON_PIO_DATA(LED1_BASE,7_seg[ReadTempbuf[2]>>4 &0x0f]);  //hang chuc - hour
   ^
hello_world.c:88:41: error: invalid suffix "_seg" on integer constant
   IOWR_ALTERA_AVALON_PIO_DATA(LED2_BASE,7_seg[ReadTempbuf[2] &0x0f]);  //hang don vi - hour
                                         ^
../i2c_rtc_7seg_bsp//HAL/inc/io.h:75:66: note: in definition of macro 'IOWR'
   __builtin_stwio (__IO_CALC_ADDRESS_NATIVE ((BASE), (REGNUM)), (DATA))
                                                                  ^
hello_world.c:88:3: note: in expansion of macro 'IOWR_ALTERA_AVALON_PIO_DATA'
   IOWR_ALTERA_AVALON_PIO_DATA(LED2_BASE,7_seg[ReadTempbuf[2] &0x0f]);  //hang don vi - hour
   ^
hello_world.c:90:41: error: invalid suffix "_seg" on integer constant
   IOWR_ALTERA_AVALON_PIO_DATA(LED3_BASE,7_seg[ReadTempbuf[1]>>4 &0x0f]);  //hang chuc - minute
                                         ^
../i2c_rtc_7seg_bsp//HAL/inc/io.h:75:66: note: in definition of macro 'IOWR'
   __builtin_stwio (__IO_CALC_ADDRESS_NATIVE ((BASE), (REGNUM)), (DATA))
                                                                  ^
hello_world.c:90:3: note: in expansion of macro 'IOWR_ALTERA_AVALON_PIO_DATA'
   IOWR_ALTERA_AVALON_PIO_DATA(LED3_BASE,7_seg[ReadTempbuf[1]>>4 &0x0f]);  //hang chuc - minute
   ^
hello_world.c:91:41: error: invalid suffix "_seg" on integer constant
   IOWR_ALTERA_AVALON_PIO_DATA(LED4_BASE,7_seg[ReadTempbuf[1] &0x0f]);  //hang don vi - minute
                                         ^
../i2c_rtc_7seg_bsp//HAL/inc/io.h:75:66: note: in definition of macro 'IOWR'
   __builtin_stwio (__IO_CALC_ADDRESS_NATIVE ((BASE), (REGNUM)), (DATA))
                                                                  ^
hello_world.c:91:3: note: in expansion of macro 'IOWR_ALTERA_AVALON_PIO_DATA'
   IOWR_ALTERA_AVALON_PIO_DATA(LED4_BASE,7_seg[ReadTempbuf[1] &0x0f]);  //hang don vi - minute
   ^
hello_world.c:93:41: error: invalid suffix "_seg" on integer constant
   IOWR_ALTERA_AVALON_PIO_DATA(LED5_BASE,7_seg[ReadTempbuf[0]>>4 &0x0f]);  //hang chuc - second
                                         ^
../i2c_rtc_7seg_bsp//HAL/inc/io.h:75:66: note: in definition of macro 'IOWR'
   __builtin_stwio (__IO_CALC_ADDRESS_NATIVE ((BASE), (REGNUM)), (DATA))
                                                                  ^
hello_world.c:93:3: note: in expansion of macro 'IOWR_ALTERA_AVALON_PIO_DATA'
   IOWR_ALTERA_AVALON_PIO_DATA(LED5_BASE,7_seg[ReadTempbuf[0]>>4 &0x0f]);  //hang chuc - second
   ^
hello_world.c:94:41: error: invalid suffix "_seg" on integer constant
   IOWR_ALTERA_AVALON_PIO_DATA(LED6_BASE,7_seg[ReadTempbuf[0] &0x0f]);  //hang don vi - second
                                         ^
../i2c_rtc_7seg_bsp//HAL/inc/io.h:75:66: note: in definition of macro 'IOWR'
   __builtin_stwio (__IO_CALC_ADDRESS_NATIVE ((BASE), (REGNUM)), (DATA))
                                                                  ^
hello_world.c:94:3: note: in expansion of macro 'IOWR_ALTERA_AVALON_PIO_DATA'
   IOWR_ALTERA_AVALON_PIO_DATA(LED6_BASE,7_seg[ReadTempbuf[0] &0x0f]);  //hang don vi - second
   ^
make: *** [obj/default/hello_world.o] Error 1
10:03:16 **** Incremental Build of configuration Nios II for project i2c_rtc_7seg ****
make all 
Info: Building ../i2c_rtc_7seg_bsp/
D:/FPGA/nios2eds/bin/gnu/H-x86_64-mingw32/bin/make --no-print-directory -C ../i2c_rtc_7seg_bsp/
[BSP build complete]
Info: Compiling hello_world.c to obj/default/hello_world.o
nios2-elf-gcc -xc -MP -MMD -c -I../i2c_rtc_7seg_bsp//HAL/inc -I../i2c_rtc_7seg_bsp/ -I../i2c_rtc_7seg_bsp//drivers/inc  -pipe -D__hal__ -DALT_NO_INSTRUCTION_EMULATION -DALT_SINGLE_THREADED    -O0 -g -Wall   -mno-hw-div -mno-hw-mul -mno-hw-mulx -mgpopt=global  -o obj/default/hello_world.o hello_world.c
hello_world.c:26:6: error: invalid suffix "_seg" on integer constant
 char 7_seg[10] = {
      ^
hello_world.c:26:6: error: expected identifier or '(' before numeric constant
In file included from ../i2c_rtc_7seg_bsp//drivers/inc/altera_avalon_pio_regs.h:34:0,
                 from hello_world.c:19:
hello_world.c: In function 'main':
hello_world.c:87:41: error: invalid suffix "_seg" on integer constant
   IOWR_ALTERA_AVALON_PIO_DATA(LED1_BASE,7_seg[ReadTempbuf[2]>>4 &0x0f]);  //hang chuc - hour
                                         ^
../i2c_rtc_7seg_bsp//HAL/inc/io.h:75:66: note: in definition of macro 'IOWR'
   __builtin_stwio (__IO_CALC_ADDRESS_NATIVE ((BASE), (REGNUM)), (DATA))
                                                                  ^
hello_world.c:87:3: note: in expansion of macro 'IOWR_ALTERA_AVALON_PIO_DATA'
   IOWR_ALTERA_AVALON_PIO_DATA(LED1_BASE,7_seg[ReadTempbuf[2]>>4 &0x0f]);  //hang chuc - hour
   ^
hello_world.c:88:41: error: invalid suffix "_seg" on integer constant
   IOWR_ALTERA_AVALON_PIO_DATA(LED2_BASE,7_seg[ReadTempbuf[2] &0x0f]);  //hang don vi - hour
                                         ^
../i2c_rtc_7seg_bsp//HAL/inc/io.h:75:66: note: in definition of macro 'IOWR'
   __builtin_stwio (__IO_CALC_ADDRESS_NATIVE ((BASE), (REGNUM)), (DATA))
                                                                  ^
hello_world.c:88:3: note: in expansion of macro 'IOWR_ALTERA_AVALON_PIO_DATA'
   IOWR_ALTERA_AVALON_PIO_DATA(LED2_BASE,7_seg[ReadTempbuf[2] &0x0f]);  //hang don vi - hour
   ^
hello_world.c:90:41: error: invalid suffix "_seg" on integer constant
   IOWR_ALTERA_AVALON_PIO_DATA(LED3_BASE,7_seg[ReadTempbuf[1]>>4 &0x0f]);  //hang chuc - minute
                                         ^
../i2c_rtc_7seg_bsp//HAL/inc/io.h:75:66: note: in definition of macro 'IOWR'
   __builtin_stwio (__IO_CALC_ADDRESS_NATIVE ((BASE), (REGNUM)), (DATA))
                                                                  ^
hello_world.c:90:3: note: in expansion of macro 'IOWR_ALTERA_AVALON_PIO_DATA'
   IOWR_ALTERA_AVALON_PIO_DATA(LED3_BASE,7_seg[ReadTempbuf[1]>>4 &0x0f]);  //hang chuc - minute
   ^
hello_world.c:91:41: error: invalid suffix "_seg" on integer constant
   IOWR_ALTERA_AVALON_PIO_DATA(LED4_BASE,7_seg[ReadTempbuf[1] &0x0f]);  //hang don vi - minute
                                         ^
../i2c_rtc_7seg_bsp//HAL/inc/io.h:75:66: note: in definition of macro 'IOWR'
   __builtin_stwio (__IO_CALC_ADDRESS_NATIVE ((BASE), (REGNUM)), (DATA))
                                                                  ^
hello_world.c:91:3: note: in expansion of macro 'IOWR_ALTERA_AVALON_PIO_DATA'
   IOWR_ALTERA_AVALON_PIO_DATA(LED4_BASE,7_seg[ReadTempbuf[1] &0x0f]);  //hang don vi - minute
   ^
hello_world.c:93:41: error: invalid suffix "_seg" on integer constant
   IOWR_ALTERA_AVALON_PIO_DATA(LED5_BASE,7_seg[ReadTempbuf[0]>>4 &0x0f]);  //hang chuc - second
                                         ^
../i2c_rtc_7seg_bsp//HAL/inc/io.h:75:66: note: in definition of macro 'IOWR'
   __builtin_stwio (__IO_CALC_ADDRESS_NATIVE ((BASE), (REGNUM)), (DATA))
                                                                  ^
hello_world.c:93:3: note: in expansion of macro 'IOWR_ALTERA_AVALON_PIO_DATA'
   IOWR_ALTERA_AVALON_PIO_DATA(LED5_BASE,7_seg[ReadTempbuf[0]>>4 &0x0f]);  //hang chuc - second
   ^
hello_world.c:94:41: error: invalid suffix "_seg" on integer constant
   IOWR_ALTERA_AVALON_PIO_DATA(LED6_BASE,7_seg[ReadTempbuf[0] &0x0f]);  //hang don vi - second
                                         ^
../i2c_rtc_7seg_bsp//HAL/inc/io.h:75:66: note: in definition of macro 'IOWR'
   __builtin_stwio (__IO_CALC_ADDRESS_NATIVE ((BASE), (REGNUM)), (DATA))
                                                                  ^
hello_world.c:94:3: note: in expansion of macro 'IOWR_ALTERA_AVALON_PIO_DATA'
   IOWR_ALTERA_AVALON_PIO_DATA(LED6_BASE,7_seg[ReadTempbuf[0] &0x0f]);  //hang don vi - second
   ^
make: *** [obj/default/hello_world.o] Error 1
10:03:17 **** Build of configuration Nios II for project i2c_rtc_7seg_bsp ****
make all 
[BSP build complete]
10:03:26 **** Incremental Build of configuration Nios II for project i2c_rtc_7seg ****
make all 
Info: Building ../i2c_rtc_7seg_bsp/
D:/FPGA/nios2eds/bin/gnu/H-x86_64-mingw32/bin/make --no-print-directory -C ../i2c_rtc_7seg_bsp/
[BSP build complete]
Info: Compiling hello_world.c to obj/default/hello_world.o
nios2-elf-gcc -xc -MP -MMD -c -I../i2c_rtc_7seg_bsp//HAL/inc -I../i2c_rtc_7seg_bsp/ -I../i2c_rtc_7seg_bsp//drivers/inc  -pipe -D__hal__ -DALT_NO_INSTRUCTION_EMULATION -DALT_SINGLE_THREADED    -O0 -g -Wall   -mno-hw-div -mno-hw-mul -mno-hw-mulx -mgpopt=global  -o obj/default/hello_world.o hello_world.c
Info: Linking i2c_rtc_7seg.elf
nios2-elf-g++  -T'../i2c_rtc_7seg_bsp//linker.x' -msys-crt0='../i2c_rtc_7seg_bsp//obj/HAL/src/crt0.o' -msys-lib=hal_bsp -L../i2c_rtc_7seg_bsp/   -Wl,-Map=i2c_rtc_7seg.map   -O0 -g -Wall   -mno-hw-div -mno-hw-mul -mno-hw-mulx -mgpopt=global  -o i2c_rtc_7seg.elf obj/default/hello_world.o -lm -msys-lib=m
nios2-elf-insert i2c_rtc_7seg.elf --thread_model hal --cpu_name CPU --qsys true --simulation_enabled false --id 0 --sidp 0x81108 --timestamp 1729045351 --stderr_dev DEBUG --stdin_dev DEBUG --stdout_dev DEBUG --sopc_system_name I2C --quartus_project_dir "D:/2024/FPGA/codeFPGA_NIOS2/Bai5-I2C-RTC-7SEG" --jdi ../..//output_files/I2C.jdi --sopcinfo D:/2024/FPGA/codeFPGA_NIOS2/Bai5-I2C-RTC-7SEG/software/i2c_rtc_7seg_bsp/../../I2C.sopcinfo
Info: (i2c_rtc_7seg.elf) 93 KBytes program size (code + initialized data).
Info:                    99 KBytes free for stack + heap.
Info: Creating i2c_rtc_7seg.objdump
nios2-elf-objdump --disassemble --syms --all-header --source i2c_rtc_7seg.elf >i2c_rtc_7seg.objdump
[i2c_rtc_7seg build complete]
10:05:13 **** Incremental Build of configuration Nios II for project i2c_rtc_7seg ****
make all 
Info: Building ../i2c_rtc_7seg_bsp/
D:/FPGA/nios2eds/bin/gnu/H-x86_64-mingw32/bin/make --no-print-directory -C ../i2c_rtc_7seg_bsp/
[BSP build complete]
Info: Compiling hello_world.c to obj/default/hello_world.o
nios2-elf-gcc -xc -MP -MMD -c -I../i2c_rtc_7seg_bsp//HAL/inc -I../i2c_rtc_7seg_bsp/ -I../i2c_rtc_7seg_bsp//drivers/inc  -pipe -D__hal__ -DALT_NO_INSTRUCTION_EMULATION -DALT_SINGLE_THREADED    -O0 -g -Wall   -mno-hw-div -mno-hw-mul -mno-hw-mulx -mgpopt=global  -o obj/default/hello_world.o hello_world.c
Info: Linking i2c_rtc_7seg.elf
nios2-elf-g++  -T'../i2c_rtc_7seg_bsp//linker.x' -msys-crt0='../i2c_rtc_7seg_bsp//obj/HAL/src/crt0.o' -msys-lib=hal_bsp -L../i2c_rtc_7seg_bsp/   -Wl,-Map=i2c_rtc_7seg.map   -O0 -g -Wall   -mno-hw-div -mno-hw-mul -mno-hw-mulx -mgpopt=global  -o i2c_rtc_7seg.elf obj/default/hello_world.o -lm -msys-lib=m
nios2-elf-insert i2c_rtc_7seg.elf --thread_model hal --cpu_name CPU --qsys true --simulation_enabled false --id 0 --sidp 0x81108 --timestamp 1729045351 --stderr_dev DEBUG --stdin_dev DEBUG --stdout_dev DEBUG --sopc_system_name I2C --quartus_project_dir "D:/2024/FPGA/codeFPGA_NIOS2/Bai5-I2C-RTC-7SEG" --jdi ../..//output_files/I2C.jdi --sopcinfo D:/2024/FPGA/codeFPGA_NIOS2/Bai5-I2C-RTC-7SEG/software/i2c_rtc_7seg_bsp/../../I2C.sopcinfo
Info: (i2c_rtc_7seg.elf) 93 KBytes program size (code + initialized data).
Info:                    99 KBytes free for stack + heap.
Info: Creating i2c_rtc_7seg.objdump
nios2-elf-objdump --disassemble --syms --all-header --source i2c_rtc_7seg.elf >i2c_rtc_7seg.objdump
[i2c_rtc_7seg build complete]
10:09:40 **** Incremental Build of configuration Nios II for project i2c_rtc_7seg ****
make all 
Info: Building ../i2c_rtc_7seg_bsp/
D:/FPGA/nios2eds/bin/gnu/H-x86_64-mingw32/bin/make --no-print-directory -C ../i2c_rtc_7seg_bsp/
[BSP build complete]
Info: Compiling hello_world.c to obj/default/hello_world.o
nios2-elf-gcc -xc -MP -MMD -c -I../i2c_rtc_7seg_bsp//HAL/inc -I../i2c_rtc_7seg_bsp/ -I../i2c_rtc_7seg_bsp//drivers/inc  -pipe -D__hal__ -DALT_NO_INSTRUCTION_EMULATION -DALT_SINGLE_THREADED    -O0 -g -Wall   -mno-hw-div -mno-hw-mul -mno-hw-mulx -mgpopt=global  -o obj/default/hello_world.o hello_world.c
Info: Linking i2c_rtc_7seg.elf
nios2-elf-g++  -T'../i2c_rtc_7seg_bsp//linker.x' -msys-crt0='../i2c_rtc_7seg_bsp//obj/HAL/src/crt0.o' -msys-lib=hal_bsp -L../i2c_rtc_7seg_bsp/   -Wl,-Map=i2c_rtc_7seg.map   -O0 -g -Wall   -mno-hw-div -mno-hw-mul -mno-hw-mulx -mgpopt=global  -o i2c_rtc_7seg.elf obj/default/hello_world.o -lm -msys-lib=m
nios2-elf-insert i2c_rtc_7seg.elf --thread_model hal --cpu_name CPU --qsys true --simulation_enabled false --id 0 --sidp 0x81108 --timestamp 1729045351 --stderr_dev DEBUG --stdin_dev DEBUG --stdout_dev DEBUG --sopc_system_name I2C --quartus_project_dir "D:/2024/FPGA/codeFPGA_NIOS2/Bai5-I2C-RTC-7SEG" --jdi ../..//output_files/I2C.jdi --sopcinfo D:/2024/FPGA/codeFPGA_NIOS2/Bai5-I2C-RTC-7SEG/software/i2c_rtc_7seg_bsp/../../I2C.sopcinfo
Info: (i2c_rtc_7seg.elf) 93 KBytes program size (code + initialized data).
Info:                    99 KBytes free for stack + heap.
Info: Creating i2c_rtc_7seg.objdump
nios2-elf-objdump --disassemble --syms --all-header --source i2c_rtc_7seg.elf >i2c_rtc_7seg.objdump
[i2c_rtc_7seg build complete]
10:12:56 **** Incremental Build of configuration Nios II for project i2c_rtc_7seg ****
make all 
Info: Building ../i2c_rtc_7seg_bsp/
D:/FPGA/nios2eds/bin/gnu/H-x86_64-mingw32/bin/make --no-print-directory -C ../i2c_rtc_7seg_bsp/
[BSP build complete]
Info: Compiling hello_world.c to obj/default/hello_world.o
nios2-elf-gcc -xc -MP -MMD -c -I../i2c_rtc_7seg_bsp//HAL/inc -I../i2c_rtc_7seg_bsp/ -I../i2c_rtc_7seg_bsp//drivers/inc  -pipe -D__hal__ -DALT_NO_INSTRUCTION_EMULATION -DALT_SINGLE_THREADED    -O0 -g -Wall   -mno-hw-div -mno-hw-mul -mno-hw-mulx -mgpopt=global  -o obj/default/hello_world.o hello_world.c
Info: Linking i2c_rtc_7seg.elf
nios2-elf-g++  -T'../i2c_rtc_7seg_bsp//linker.x' -msys-crt0='../i2c_rtc_7seg_bsp//obj/HAL/src/crt0.o' -msys-lib=hal_bsp -L../i2c_rtc_7seg_bsp/   -Wl,-Map=i2c_rtc_7seg.map   -O0 -g -Wall   -mno-hw-div -mno-hw-mul -mno-hw-mulx -mgpopt=global  -o i2c_rtc_7seg.elf obj/default/hello_world.o -lm -msys-lib=m
nios2-elf-insert i2c_rtc_7seg.elf --thread_model hal --cpu_name CPU --qsys true --simulation_enabled false --id 0 --sidp 0x81108 --timestamp 1729045351 --stderr_dev DEBUG --stdin_dev DEBUG --stdout_dev DEBUG --sopc_system_name I2C --quartus_project_dir "D:/2024/FPGA/codeFPGA_NIOS2/Bai5-I2C-RTC-7SEG" --jdi ../..//output_files/I2C.jdi --sopcinfo D:/2024/FPGA/codeFPGA_NIOS2/Bai5-I2C-RTC-7SEG/software/i2c_rtc_7seg_bsp/../../I2C.sopcinfo
Info: (i2c_rtc_7seg.elf) 93 KBytes program size (code + initialized data).
Info:                    99 KBytes free for stack + heap.
Info: Creating i2c_rtc_7seg.objdump
nios2-elf-objdump --disassemble --syms --all-header --source i2c_rtc_7seg.elf >i2c_rtc_7seg.objdump
[i2c_rtc_7seg build complete]
10:13:18 **** Incremental Build of configuration Nios II for project i2c_rtc_7seg ****
make all 
Info: Building ../i2c_rtc_7seg_bsp/
D:/FPGA/nios2eds/bin/gnu/H-x86_64-mingw32/bin/make --no-print-directory -C ../i2c_rtc_7seg_bsp/
[BSP build complete]
Info: Compiling hello_world.c to obj/default/hello_world.o
nios2-elf-gcc -xc -MP -MMD -c -I../i2c_rtc_7seg_bsp//HAL/inc -I../i2c_rtc_7seg_bsp/ -I../i2c_rtc_7seg_bsp//drivers/inc  -pipe -D__hal__ -DALT_NO_INSTRUCTION_EMULATION -DALT_SINGLE_THREADED    -O0 -g -Wall   -mno-hw-div -mno-hw-mul -mno-hw-mulx -mgpopt=global  -o obj/default/hello_world.o hello_world.c
Info: Linking i2c_rtc_7seg.elf
nios2-elf-g++  -T'../i2c_rtc_7seg_bsp//linker.x' -msys-crt0='../i2c_rtc_7seg_bsp//obj/HAL/src/crt0.o' -msys-lib=hal_bsp -L../i2c_rtc_7seg_bsp/   -Wl,-Map=i2c_rtc_7seg.map   -O0 -g -Wall   -mno-hw-div -mno-hw-mul -mno-hw-mulx -mgpopt=global  -o i2c_rtc_7seg.elf obj/default/hello_world.o -lm -msys-lib=m
nios2-elf-insert i2c_rtc_7seg.elf --thread_model hal --cpu_name CPU --qsys true --simulation_enabled false --id 0 --sidp 0x81108 --timestamp 1729045351 --stderr_dev DEBUG --stdin_dev DEBUG --stdout_dev DEBUG --sopc_system_name I2C --quartus_project_dir "D:/2024/FPGA/codeFPGA_NIOS2/Bai5-I2C-RTC-7SEG" --jdi ../..//output_files/I2C.jdi --sopcinfo D:/2024/FPGA/codeFPGA_NIOS2/Bai5-I2C-RTC-7SEG/software/i2c_rtc_7seg_bsp/../../I2C.sopcinfo
Info: (i2c_rtc_7seg.elf) 93 KBytes program size (code + initialized data).
Info:                    99 KBytes free for stack + heap.
Info: Creating i2c_rtc_7seg.objdump
nios2-elf-objdump --disassemble --syms --all-header --source i2c_rtc_7seg.elf >i2c_rtc_7seg.objdump
[i2c_rtc_7seg build complete]
14:00:41 **** Incremental Build of configuration Nios II for project i2c_rtc_7seg ****
make all 
Info: Building ../i2c_rtc_7seg_bsp/
D:/FPGA/nios2eds/bin/gnu/H-x86_64-mingw32/bin/make --no-print-directory -C ../i2c_rtc_7seg_bsp/
[BSP build complete]
Info: Compiling hello_world.c to obj/default/hello_world.o
nios2-elf-gcc -xc -MP -MMD -c -I../i2c_rtc_7seg_bsp//HAL/inc -I../i2c_rtc_7seg_bsp/ -I../i2c_rtc_7seg_bsp//drivers/inc  -pipe -D__hal__ -DALT_NO_INSTRUCTION_EMULATION -DALT_SINGLE_THREADED    -O0 -g -Wall   -mno-hw-div -mno-hw-mul -mno-hw-mulx -mgpopt=global  -o obj/default/hello_world.o hello_world.c
Info: Linking i2c_rtc_7seg.elf
nios2-elf-g++  -T'../i2c_rtc_7seg_bsp//linker.x' -msys-crt0='../i2c_rtc_7seg_bsp//obj/HAL/src/crt0.o' -msys-lib=hal_bsp -L../i2c_rtc_7seg_bsp/   -Wl,-Map=i2c_rtc_7seg.map   -O0 -g -Wall   -mno-hw-div -mno-hw-mul -mno-hw-mulx -mgpopt=global  -o i2c_rtc_7seg.elf obj/default/hello_world.o -lm -msys-lib=m
nios2-elf-insert i2c_rtc_7seg.elf --thread_model hal --cpu_name CPU --qsys true --simulation_enabled false --id 0 --sidp 0x81108 --timestamp 1729045351 --stderr_dev DEBUG --stdin_dev DEBUG --stdout_dev DEBUG --sopc_system_name I2C --quartus_project_dir "D:/2024/FPGA/codeFPGA_NIOS2/Bai5-I2C-RTC-7SEG" --jdi ../..//output_files/I2C.jdi --sopcinfo D:/2024/FPGA/codeFPGA_NIOS2/Bai5-I2C-RTC-7SEG/software/i2c_rtc_7seg_bsp/../../I2C.sopcinfo
Info: (i2c_rtc_7seg.elf) 93 KBytes program size (code + initialized data).
Info:                    99 KBytes free for stack + heap.
Info: Creating i2c_rtc_7seg.objdump
nios2-elf-objdump --disassemble --syms --all-header --source i2c_rtc_7seg.elf >i2c_rtc_7seg.objdump
[i2c_rtc_7seg build complete]
14:01:13 **** Build of configuration Nios II for project i2c_rtc_7seg ****
make all 
Info: Building ../i2c_rtc_7seg_bsp/
D:/FPGA/nios2eds/bin/gnu/H-x86_64-mingw32/bin/make --no-print-directory -C ../i2c_rtc_7seg_bsp/
[BSP build complete]
[i2c_rtc_7seg build complete]
14:01:14 **** Incremental Build of configuration Nios II for project i2c_rtc_7seg ****
make all 
Info: Building ../i2c_rtc_7seg_bsp/
D:/FPGA/nios2eds/bin/gnu/H-x86_64-mingw32/bin/make --no-print-directory -C ../i2c_rtc_7seg_bsp/
[BSP build complete]
[i2c_rtc_7seg build complete]
14:01:49 **** Incremental Build of configuration Nios II for project i2c_rtc_7seg ****
make all 
Info: Building ../i2c_rtc_7seg_bsp/
D:/FPGA/nios2eds/bin/gnu/H-x86_64-mingw32/bin/make --no-print-directory -C ../i2c_rtc_7seg_bsp/
[BSP build complete]
Info: Compiling hello_world.c to obj/default/hello_world.o
nios2-elf-gcc -xc -MP -MMD -c -I../i2c_rtc_7seg_bsp//HAL/inc -I../i2c_rtc_7seg_bsp/ -I../i2c_rtc_7seg_bsp//drivers/inc  -pipe -D__hal__ -DALT_NO_INSTRUCTION_EMULATION -DALT_SINGLE_THREADED    -O0 -g -Wall   -mno-hw-div -mno-hw-mul -mno-hw-mulx -mgpopt=global  -o obj/default/hello_world.o hello_world.c
Info: Linking i2c_rtc_7seg.elf
nios2-elf-g++  -T'../i2c_rtc_7seg_bsp//linker.x' -msys-crt0='../i2c_rtc_7seg_bsp//obj/HAL/src/crt0.o' -msys-lib=hal_bsp -L../i2c_rtc_7seg_bsp/   -Wl,-Map=i2c_rtc_7seg.map   -O0 -g -Wall   -mno-hw-div -mno-hw-mul -mno-hw-mulx -mgpopt=global  -o i2c_rtc_7seg.elf obj/default/hello_world.o -lm -msys-lib=m
nios2-elf-insert i2c_rtc_7seg.elf --thread_model hal --cpu_name CPU --qsys true --simulation_enabled false --id 0 --sidp 0x81108 --timestamp 1729045351 --stderr_dev DEBUG --stdin_dev DEBUG --stdout_dev DEBUG --sopc_system_name I2C --quartus_project_dir "D:/2024/FPGA/codeFPGA_NIOS2/Bai5-I2C-RTC-7SEG" --jdi ../..//output_files/I2C.jdi --sopcinfo D:/2024/FPGA/codeFPGA_NIOS2/Bai5-I2C-RTC-7SEG/software/i2c_rtc_7seg_bsp/../../I2C.sopcinfo
Info: (i2c_rtc_7seg.elf) 93 KBytes program size (code + initialized data).
Info:                    99 KBytes free for stack + heap.
Info: Creating i2c_rtc_7seg.objdump
nios2-elf-objdump --disassemble --syms --all-header --source i2c_rtc_7seg.elf >i2c_rtc_7seg.objdump
[i2c_rtc_7seg build complete]
09:37:07 **** Build of configuration Nios II for project i2c_rtc_7seg ****
make all 
Info: Building ../i2c_rtc_7seg_bsp/
D:/FPGA/nios2eds/bin/gnu/H-x86_64-mingw32/bin/make --no-print-directory -C ../i2c_rtc_7seg_bsp/
[BSP build complete]
[i2c_rtc_7seg build complete]
09:37:09 **** Incremental Build of configuration Nios II for project i2c_rtc_7seg ****
make all 
Info: Building ../i2c_rtc_7seg_bsp/
D:/FPGA/nios2eds/bin/gnu/H-x86_64-mingw32/bin/make --no-print-directory -C ../i2c_rtc_7seg_bsp/
[BSP build complete]
[i2c_rtc_7seg build complete]
07:38:32 **** Build of configuration Nios II for project i2c_rtc_7seg ****
make all 
Info: Building ../i2c_rtc_7seg_bsp/
D:/FPGA/nios2eds/bin/gnu/H-x86_64-mingw32/bin/make --no-print-directory -C ../i2c_rtc_7seg_bsp/
[BSP build complete]
[i2c_rtc_7seg build complete]
07:38:34 **** Incremental Build of configuration Nios II for project i2c_rtc_7seg ****
make all 
Info: Building ../i2c_rtc_7seg_bsp/
D:/FPGA/nios2eds/bin/gnu/H-x86_64-mingw32/bin/make --no-print-directory -C ../i2c_rtc_7seg_bsp/
[BSP build complete]
[i2c_rtc_7seg build complete]
13:05:24 **** Incremental Build of configuration Nios II for project i2c_rtc_7seg ****
make all 
Info: Building ../i2c_rtc_7seg_bsp/
D:/FPGA/nios2eds/bin/gnu/H-x86_64-mingw32/bin/make --no-print-directory -C ../i2c_rtc_7seg_bsp/
[BSP build complete]
[i2c_rtc_7seg build complete]
13:07:08 **** Incremental Build of configuration Nios II for project i2c_rtc_7seg ****
make all 
Info: Building ../i2c_rtc_7seg_bsp/
D:/FPGA/nios2eds/bin/gnu/H-x86_64-mingw32/bin/make --no-print-directory -C ../i2c_rtc_7seg_bsp/
[BSP build complete]
Info: Compiling hello_world.c to obj/default/hello_world.o
nios2-elf-gcc -xc -MP -MMD -c -I../i2c_rtc_7seg_bsp//HAL/inc -I../i2c_rtc_7seg_bsp/ -I../i2c_rtc_7seg_bsp//drivers/inc  -pipe -D__hal__ -DALT_NO_INSTRUCTION_EMULATION -DALT_SINGLE_THREADED    -O0 -g -Wall   -mno-hw-div -mno-hw-mul -mno-hw-mulx -mgpopt=global  -o obj/default/hello_world.o hello_world.c
Info: Linking i2c_rtc_7seg.elf
nios2-elf-g++  -T'../i2c_rtc_7seg_bsp//linker.x' -msys-crt0='../i2c_rtc_7seg_bsp//obj/HAL/src/crt0.o' -msys-lib=hal_bsp -L../i2c_rtc_7seg_bsp/   -Wl,-Map=i2c_rtc_7seg.map   -O0 -g -Wall   -mno-hw-div -mno-hw-mul -mno-hw-mulx -mgpopt=global  -o i2c_rtc_7seg.elf obj/default/hello_world.o -lm -msys-lib=m
nios2-elf-insert i2c_rtc_7seg.elf --thread_model hal --cpu_name CPU --qsys true --simulation_enabled false --id 0 --sidp 0x81108 --timestamp 1729045351 --stderr_dev DEBUG --stdin_dev DEBUG --stdout_dev DEBUG --sopc_system_name I2C --quartus_project_dir "D:/2024/FPGA/codeFPGA_NIOS2/Bai5-I2C-RTC-7SEG" --jdi ../..//output_files/I2C.jdi --sopcinfo D:/2024/FPGA/codeFPGA_NIOS2/Bai5-I2C-RTC-7SEG/software/i2c_rtc_7seg_bsp/../../I2C.sopcinfo
Info: (i2c_rtc_7seg.elf) 93 KBytes program size (code + initialized data).
Info:                    99 KBytes free for stack + heap.
Info: Creating i2c_rtc_7seg.objdump
nios2-elf-objdump --disassemble --syms --all-header --source i2c_rtc_7seg.elf >i2c_rtc_7seg.objdump
[i2c_rtc_7seg build complete]
13:08:16 **** Incremental Build of configuration Nios II for project i2c_rtc_7seg ****
make all 
Info: Building ../i2c_rtc_7seg_bsp/
D:/FPGA/nios2eds/bin/gnu/H-x86_64-mingw32/bin/make --no-print-directory -C ../i2c_rtc_7seg_bsp/
[BSP build complete]
Info: Compiling hello_world.c to obj/default/hello_world.o
nios2-elf-gcc -xc -MP -MMD -c -I../i2c_rtc_7seg_bsp//HAL/inc -I../i2c_rtc_7seg_bsp/ -I../i2c_rtc_7seg_bsp//drivers/inc  -pipe -D__hal__ -DALT_NO_INSTRUCTION_EMULATION -DALT_SINGLE_THREADED    -O0 -g -Wall   -mno-hw-div -mno-hw-mul -mno-hw-mulx -mgpopt=global  -o obj/default/hello_world.o hello_world.c
Info: Linking i2c_rtc_7seg.elf
nios2-elf-g++  -T'../i2c_rtc_7seg_bsp//linker.x' -msys-crt0='../i2c_rtc_7seg_bsp//obj/HAL/src/crt0.o' -msys-lib=hal_bsp -L../i2c_rtc_7seg_bsp/   -Wl,-Map=i2c_rtc_7seg.map   -O0 -g -Wall   -mno-hw-div -mno-hw-mul -mno-hw-mulx -mgpopt=global  -o i2c_rtc_7seg.elf obj/default/hello_world.o -lm -msys-lib=m
nios2-elf-insert i2c_rtc_7seg.elf --thread_model hal --cpu_name CPU --qsys true --simulation_enabled false --id 0 --sidp 0x81108 --timestamp 1729045351 --stderr_dev DEBUG --stdin_dev DEBUG --stdout_dev DEBUG --sopc_system_name I2C --quartus_project_dir "D:/2024/FPGA/codeFPGA_NIOS2/Bai5-I2C-RTC-7SEG" --jdi ../..//output_files/I2C.jdi --sopcinfo D:/2024/FPGA/codeFPGA_NIOS2/Bai5-I2C-RTC-7SEG/software/i2c_rtc_7seg_bsp/../../I2C.sopcinfo
Info: (i2c_rtc_7seg.elf) 93 KBytes program size (code + initialized data).
Info:                    99 KBytes free for stack + heap.
Info: Creating i2c_rtc_7seg.objdump
nios2-elf-objdump --disassemble --syms --all-header --source i2c_rtc_7seg.elf >i2c_rtc_7seg.objdump
[i2c_rtc_7seg build complete]
14:27:28 **** Build of configuration Nios II for project i2c_rtc_7seg ****
make all 
Info: Building ../i2c_rtc_7seg_bsp/
D:/FPGA/nios2eds/bin/gnu/H-x86_64-mingw32/bin/make --no-print-directory -C ../i2c_rtc_7seg_bsp/
[BSP build complete]
[i2c_rtc_7seg build complete]
14:27:29 **** Incremental Build of configuration Nios II for project i2c_rtc_7seg ****
make all 
Info: Building ../i2c_rtc_7seg_bsp/
D:/FPGA/nios2eds/bin/gnu/H-x86_64-mingw32/bin/make --no-print-directory -C ../i2c_rtc_7seg_bsp/
[BSP build complete]
[i2c_rtc_7seg build complete]
14:29:43 **** Build of configuration Nios II for project i2c_rtc_7seg ****
make all 
Info: Building ../i2c_rtc_7seg_bsp/
D:/FPGA/nios2eds/bin/gnu/H-x86_64-mingw32/bin/make --no-print-directory -C ../i2c_rtc_7seg_bsp/
[BSP build complete]
[i2c_rtc_7seg build complete]
14:29:45 **** Incremental Build of configuration Nios II for project i2c_rtc_7seg ****
make all 
Info: Building ../i2c_rtc_7seg_bsp/
D:/FPGA/nios2eds/bin/gnu/H-x86_64-mingw32/bin/make --no-print-directory -C ../i2c_rtc_7seg_bsp/
[BSP build complete]
[i2c_rtc_7seg build complete]
14:33:50 **** Incremental Build of configuration Nios II for project i2c_rtc_7seg ****
make all 
Info: Building ../i2c_rtc_7seg_bsp/
D:/FPGA/nios2eds/bin/gnu/H-x86_64-mingw32/bin/make --no-print-directory -C ../i2c_rtc_7seg_bsp/
[BSP build complete]
Info: Compiling hello_world.c to obj/default/hello_world.o
nios2-elf-gcc -xc -MP -MMD -c -I../i2c_rtc_7seg_bsp//HAL/inc -I../i2c_rtc_7seg_bsp/ -I../i2c_rtc_7seg_bsp//drivers/inc  -pipe -D__hal__ -DALT_NO_INSTRUCTION_EMULATION -DALT_SINGLE_THREADED    -O0 -g -Wall   -mno-hw-div -mno-hw-mul -mno-hw-mulx -mgpopt=global  -o obj/default/hello_world.o hello_world.c
Info: Linking i2c_rtc_7seg.elf
nios2-elf-g++  -T'../i2c_rtc_7seg_bsp//linker.x' -msys-crt0='../i2c_rtc_7seg_bsp//obj/HAL/src/crt0.o' -msys-lib=hal_bsp -L../i2c_rtc_7seg_bsp/   -Wl,-Map=i2c_rtc_7seg.map   -O0 -g -Wall   -mno-hw-div -mno-hw-mul -mno-hw-mulx -mgpopt=global  -o i2c_rtc_7seg.elf obj/default/hello_world.o -lm -msys-lib=m
nios2-elf-insert i2c_rtc_7seg.elf --thread_model hal --cpu_name CPU --qsys true --simulation_enabled false --id 0 --sidp 0x81108 --timestamp 1729045351 --stderr_dev DEBUG --stdin_dev DEBUG --stdout_dev DEBUG --sopc_system_name I2C --quartus_project_dir "D:/2024/FPGA/codeFPGA_NIOS2/Bai5-I2C-RTC-7SEG" --jdi ../..//output_files/I2C.jdi --sopcinfo D:/2024/FPGA/codeFPGA_NIOS2/Bai5-I2C-RTC-7SEG/software/i2c_rtc_7seg_bsp/../../I2C.sopcinfo
Info: (i2c_rtc_7seg.elf) 93 KBytes program size (code + initialized data).
Info:                    99 KBytes free for stack + heap.
Info: Creating i2c_rtc_7seg.objdump
nios2-elf-objdump --disassemble --syms --all-header --source i2c_rtc_7seg.elf >i2c_rtc_7seg.objdump
[i2c_rtc_7seg build complete]
14:34:38 **** Incremental Build of configuration Nios II for project i2c_rtc_7seg ****
make all 
Info: Building ../i2c_rtc_7seg_bsp/
D:/FPGA/nios2eds/bin/gnu/H-x86_64-mingw32/bin/make --no-print-directory -C ../i2c_rtc_7seg_bsp/
[BSP build complete]
Info: Compiling hello_world.c to obj/default/hello_world.o
nios2-elf-gcc -xc -MP -MMD -c -I../i2c_rtc_7seg_bsp//HAL/inc -I../i2c_rtc_7seg_bsp/ -I../i2c_rtc_7seg_bsp//drivers/inc  -pipe -D__hal__ -DALT_NO_INSTRUCTION_EMULATION -DALT_SINGLE_THREADED    -O0 -g -Wall   -mno-hw-div -mno-hw-mul -mno-hw-mulx -mgpopt=global  -o obj/default/hello_world.o hello_world.c
Info: Linking i2c_rtc_7seg.elf
nios2-elf-g++  -T'../i2c_rtc_7seg_bsp//linker.x' -msys-crt0='../i2c_rtc_7seg_bsp//obj/HAL/src/crt0.o' -msys-lib=hal_bsp -L../i2c_rtc_7seg_bsp/   -Wl,-Map=i2c_rtc_7seg.map   -O0 -g -Wall   -mno-hw-div -mno-hw-mul -mno-hw-mulx -mgpopt=global  -o i2c_rtc_7seg.elf obj/default/hello_world.o -lm -msys-lib=m
nios2-elf-insert i2c_rtc_7seg.elf --thread_model hal --cpu_name CPU --qsys true --simulation_enabled false --id 0 --sidp 0x81108 --timestamp 1729045351 --stderr_dev DEBUG --stdin_dev DEBUG --stdout_dev DEBUG --sopc_system_name I2C --quartus_project_dir "D:/2024/FPGA/codeFPGA_NIOS2/Bai5-I2C-RTC-7SEG" --jdi ../..//output_files/I2C.jdi --sopcinfo D:/2024/FPGA/codeFPGA_NIOS2/Bai5-I2C-RTC-7SEG/software/i2c_rtc_7seg_bsp/../../I2C.sopcinfo
Info: (i2c_rtc_7seg.elf) 93 KBytes program size (code + initialized data).
Info:                    99 KBytes free for stack + heap.
Info: Creating i2c_rtc_7seg.objdump
nios2-elf-objdump --disassemble --syms --all-header --source i2c_rtc_7seg.elf >i2c_rtc_7seg.objdump
[i2c_rtc_7seg build complete]
14:44:01 **** Incremental Build of configuration Nios II for project i2c_rtc_7seg ****
make all 
Info: Building ../i2c_rtc_7seg_bsp/
D:/FPGA/nios2eds/bin/gnu/H-x86_64-mingw32/bin/make --no-print-directory -C ../i2c_rtc_7seg_bsp/
[BSP build complete]
Info: Compiling hello_world.c to obj/default/hello_world.o
nios2-elf-gcc -xc -MP -MMD -c -I../i2c_rtc_7seg_bsp//HAL/inc -I../i2c_rtc_7seg_bsp/ -I../i2c_rtc_7seg_bsp//drivers/inc  -pipe -D__hal__ -DALT_NO_INSTRUCTION_EMULATION -DALT_SINGLE_THREADED    -O0 -g -Wall   -mno-hw-div -mno-hw-mul -mno-hw-mulx -mgpopt=global  -o obj/default/hello_world.o hello_world.c
Info: Linking i2c_rtc_7seg.elf
nios2-elf-g++  -T'../i2c_rtc_7seg_bsp//linker.x' -msys-crt0='../i2c_rtc_7seg_bsp//obj/HAL/src/crt0.o' -msys-lib=hal_bsp -L../i2c_rtc_7seg_bsp/   -Wl,-Map=i2c_rtc_7seg.map   -O0 -g -Wall   -mno-hw-div -mno-hw-mul -mno-hw-mulx -mgpopt=global  -o i2c_rtc_7seg.elf obj/default/hello_world.o -lm -msys-lib=m
nios2-elf-insert i2c_rtc_7seg.elf --thread_model hal --cpu_name CPU --qsys true --simulation_enabled false --id 0 --sidp 0x81108 --timestamp 1729045351 --stderr_dev DEBUG --stdin_dev DEBUG --stdout_dev DEBUG --sopc_system_name I2C --quartus_project_dir "D:/2024/FPGA/codeFPGA_NIOS2/Bai5-I2C-RTC-7SEG" --jdi ../..//output_files/I2C.jdi --sopcinfo D:/2024/FPGA/codeFPGA_NIOS2/Bai5-I2C-RTC-7SEG/software/i2c_rtc_7seg_bsp/../../I2C.sopcinfo
Info: (i2c_rtc_7seg.elf) 93 KBytes program size (code + initialized data).
Info:                    99 KBytes free for stack + heap.
Info: Creating i2c_rtc_7seg.objdump
nios2-elf-objdump --disassemble --syms --all-header --source i2c_rtc_7seg.elf >i2c_rtc_7seg.objdump
[i2c_rtc_7seg build complete]
15:04:16 **** Incremental Build of configuration Nios II for project i2c_rtc_7seg ****
make all 
Info: Building ../i2c_rtc_7seg_bsp/
D:/FPGA/nios2eds/bin/gnu/H-x86_64-mingw32/bin/make --no-print-directory -C ../i2c_rtc_7seg_bsp/
[BSP build complete]
[i2c_rtc_7seg build complete]
15:12:07 **** Incremental Build of configuration Nios II for project i2c_rtc_7seg ****
make all 
Info: Building ../i2c_rtc_7seg_bsp/
D:/FPGA/nios2eds/bin/gnu/H-x86_64-mingw32/bin/make --no-print-directory -C ../i2c_rtc_7seg_bsp/
[BSP build complete]
Info: Compiling hello_world.c to obj/default/hello_world.o
nios2-elf-gcc -xc -MP -MMD -c -I../i2c_rtc_7seg_bsp//HAL/inc -I../i2c_rtc_7seg_bsp/ -I../i2c_rtc_7seg_bsp//drivers/inc  -pipe -D__hal__ -DALT_NO_INSTRUCTION_EMULATION -DALT_SINGLE_THREADED    -O0 -g -Wall   -mno-hw-div -mno-hw-mul -mno-hw-mulx -mgpopt=global  -o obj/default/hello_world.o hello_world.c
Info: Linking i2c_rtc_7seg.elf
nios2-elf-g++  -T'../i2c_rtc_7seg_bsp//linker.x' -msys-crt0='../i2c_rtc_7seg_bsp//obj/HAL/src/crt0.o' -msys-lib=hal_bsp -L../i2c_rtc_7seg_bsp/   -Wl,-Map=i2c_rtc_7seg.map   -O0 -g -Wall   -mno-hw-div -mno-hw-mul -mno-hw-mulx -mgpopt=global  -o i2c_rtc_7seg.elf obj/default/hello_world.o -lm -msys-lib=m
nios2-elf-insert i2c_rtc_7seg.elf --thread_model hal --cpu_name CPU --qsys true --simulation_enabled false --id 0 --sidp 0x81108 --timestamp 1729045351 --stderr_dev DEBUG --stdin_dev DEBUG --stdout_dev DEBUG --sopc_system_name I2C --quartus_project_dir "D:/2024/FPGA/codeFPGA_NIOS2/Bai5-I2C-RTC-7SEG" --jdi ../..//output_files/I2C.jdi --sopcinfo D:/2024/FPGA/codeFPGA_NIOS2/Bai5-I2C-RTC-7SEG/software/i2c_rtc_7seg_bsp/../../I2C.sopcinfo
Info: (i2c_rtc_7seg.elf) 93 KBytes program size (code + initialized data).
Info:                    99 KBytes free for stack + heap.
Info: Creating i2c_rtc_7seg.objdump
nios2-elf-objdump --disassemble --syms --all-header --source i2c_rtc_7seg.elf >i2c_rtc_7seg.objdump
[i2c_rtc_7seg build complete]
15:12:32 **** Incremental Build of configuration Nios II for project i2c_rtc_7seg ****
make all 
Info: Building ../i2c_rtc_7seg_bsp/
D:/FPGA/nios2eds/bin/gnu/H-x86_64-mingw32/bin/make --no-print-directory -C ../i2c_rtc_7seg_bsp/
[BSP build complete]
Info: Compiling hello_world.c to obj/default/hello_world.o
nios2-elf-gcc -xc -MP -MMD -c -I../i2c_rtc_7seg_bsp//HAL/inc -I../i2c_rtc_7seg_bsp/ -I../i2c_rtc_7seg_bsp//drivers/inc  -pipe -D__hal__ -DALT_NO_INSTRUCTION_EMULATION -DALT_SINGLE_THREADED    -O0 -g -Wall   -mno-hw-div -mno-hw-mul -mno-hw-mulx -mgpopt=global  -o obj/default/hello_world.o hello_world.c
Info: Linking i2c_rtc_7seg.elf
nios2-elf-g++  -T'../i2c_rtc_7seg_bsp//linker.x' -msys-crt0='../i2c_rtc_7seg_bsp//obj/HAL/src/crt0.o' -msys-lib=hal_bsp -L../i2c_rtc_7seg_bsp/   -Wl,-Map=i2c_rtc_7seg.map   -O0 -g -Wall   -mno-hw-div -mno-hw-mul -mno-hw-mulx -mgpopt=global  -o i2c_rtc_7seg.elf obj/default/hello_world.o -lm -msys-lib=m
nios2-elf-insert i2c_rtc_7seg.elf --thread_model hal --cpu_name CPU --qsys true --simulation_enabled false --id 0 --sidp 0x81108 --timestamp 1729045351 --stderr_dev DEBUG --stdin_dev DEBUG --stdout_dev DEBUG --sopc_system_name I2C --quartus_project_dir "D:/2024/FPGA/codeFPGA_NIOS2/Bai5-I2C-RTC-7SEG" --jdi ../..//output_files/I2C.jdi --sopcinfo D:/2024/FPGA/codeFPGA_NIOS2/Bai5-I2C-RTC-7SEG/software/i2c_rtc_7seg_bsp/../../I2C.sopcinfo
Info: (i2c_rtc_7seg.elf) 93 KBytes program size (code + initialized data).
Info:                    99 KBytes free for stack + heap.
Info: Creating i2c_rtc_7seg.objdump
nios2-elf-objdump --disassemble --syms --all-header --source i2c_rtc_7seg.elf >i2c_rtc_7seg.objdump
[i2c_rtc_7seg build complete]
15:12:53 **** Incremental Build of configuration Nios II for project i2c_rtc_7seg ****
make all 
Info: Building ../i2c_rtc_7seg_bsp/
D:/FPGA/nios2eds/bin/gnu/H-x86_64-mingw32/bin/make --no-print-directory -C ../i2c_rtc_7seg_bsp/
[BSP build complete]
[i2c_rtc_7seg build complete]
15:13:12 **** Incremental Build of configuration Nios II for project i2c_rtc_7seg ****
make all 
Info: Building ../i2c_rtc_7seg_bsp/
D:/FPGA/nios2eds/bin/gnu/H-x86_64-mingw32/bin/make --no-print-directory -C ../i2c_rtc_7seg_bsp/
[BSP build complete]
Info: Compiling hello_world.c to obj/default/hello_world.o
nios2-elf-gcc -xc -MP -MMD -c -I../i2c_rtc_7seg_bsp//HAL/inc -I../i2c_rtc_7seg_bsp/ -I../i2c_rtc_7seg_bsp//drivers/inc  -pipe -D__hal__ -DALT_NO_INSTRUCTION_EMULATION -DALT_SINGLE_THREADED    -O0 -g -Wall   -mno-hw-div -mno-hw-mul -mno-hw-mulx -mgpopt=global  -o obj/default/hello_world.o hello_world.c
Info: Linking i2c_rtc_7seg.elf
nios2-elf-g++  -T'../i2c_rtc_7seg_bsp//linker.x' -msys-crt0='../i2c_rtc_7seg_bsp//obj/HAL/src/crt0.o' -msys-lib=hal_bsp -L../i2c_rtc_7seg_bsp/   -Wl,-Map=i2c_rtc_7seg.map   -O0 -g -Wall   -mno-hw-div -mno-hw-mul -mno-hw-mulx -mgpopt=global  -o i2c_rtc_7seg.elf obj/default/hello_world.o -lm -msys-lib=m
nios2-elf-insert i2c_rtc_7seg.elf --thread_model hal --cpu_name CPU --qsys true --simulation_enabled false --id 0 --sidp 0x81108 --timestamp 1729045351 --stderr_dev DEBUG --stdin_dev DEBUG --stdout_dev DEBUG --sopc_system_name I2C --quartus_project_dir "D:/2024/FPGA/codeFPGA_NIOS2/Bai5-I2C-RTC-7SEG" --jdi ../..//output_files/I2C.jdi --sopcinfo D:/2024/FPGA/codeFPGA_NIOS2/Bai5-I2C-RTC-7SEG/software/i2c_rtc_7seg_bsp/../../I2C.sopcinfo
Info: (i2c_rtc_7seg.elf) 93 KBytes program size (code + initialized data).
Info:                    99 KBytes free for stack + heap.
Info: Creating i2c_rtc_7seg.objdump
nios2-elf-objdump --disassemble --syms --all-header --source i2c_rtc_7seg.elf >i2c_rtc_7seg.objdump
[i2c_rtc_7seg build complete]
07:44:51 **** Build of configuration Nios II for project i2c_rtc_7seg ****
make all 
Info: Building ../i2c_rtc_7seg_bsp/
D:/FPGA/nios2eds/bin/gnu/H-x86_64-mingw32/bin/make --no-print-directory -C ../i2c_rtc_7seg_bsp/
[BSP build complete]
[i2c_rtc_7seg build complete]
07:44:53 **** Incremental Build of configuration Nios II for project i2c_rtc_7seg ****
make all 
Info: Building ../i2c_rtc_7seg_bsp/
D:/FPGA/nios2eds/bin/gnu/H-x86_64-mingw32/bin/make --no-print-directory -C ../i2c_rtc_7seg_bsp/
[BSP build complete]
[i2c_rtc_7seg build complete]
07:45:17 **** Incremental Build of configuration Nios II for project i2c_rtc_7seg ****
make all 
Info: Building ../i2c_rtc_7seg_bsp/
D:/FPGA/nios2eds/bin/gnu/H-x86_64-mingw32/bin/make --no-print-directory -C ../i2c_rtc_7seg_bsp/
[BSP build complete]
Info: Compiling hello_world.c to obj/default/hello_world.o
nios2-elf-gcc -xc -MP -MMD -c -I../i2c_rtc_7seg_bsp//HAL/inc -I../i2c_rtc_7seg_bsp/ -I../i2c_rtc_7seg_bsp//drivers/inc  -pipe -D__hal__ -DALT_NO_INSTRUCTION_EMULATION -DALT_SINGLE_THREADED    -O0 -g -Wall   -mno-hw-div -mno-hw-mul -mno-hw-mulx -mgpopt=global  -o obj/default/hello_world.o hello_world.c
Info: Linking i2c_rtc_7seg.elf
nios2-elf-g++  -T'../i2c_rtc_7seg_bsp//linker.x' -msys-crt0='../i2c_rtc_7seg_bsp//obj/HAL/src/crt0.o' -msys-lib=hal_bsp -L../i2c_rtc_7seg_bsp/   -Wl,-Map=i2c_rtc_7seg.map   -O0 -g -Wall   -mno-hw-div -mno-hw-mul -mno-hw-mulx -mgpopt=global  -o i2c_rtc_7seg.elf obj/default/hello_world.o -lm -msys-lib=m
nios2-elf-insert i2c_rtc_7seg.elf --thread_model hal --cpu_name CPU --qsys true --simulation_enabled false --id 0 --sidp 0x81108 --timestamp 1729045351 --stderr_dev DEBUG --stdin_dev DEBUG --stdout_dev DEBUG --sopc_system_name I2C --quartus_project_dir "D:/2024/FPGA/codeFPGA_NIOS2/Bai5-I2C-RTC-7SEG" --jdi ../..//output_files/I2C.jdi --sopcinfo D:/2024/FPGA/codeFPGA_NIOS2/Bai5-I2C-RTC-7SEG/software/i2c_rtc_7seg_bsp/../../I2C.sopcinfo
Info: (i2c_rtc_7seg.elf) 93 KBytes program size (code + initialized data).
Info:                    99 KBytes free for stack + heap.
Info: Creating i2c_rtc_7seg.objdump
nios2-elf-objdump --disassemble --syms --all-header --source i2c_rtc_7seg.elf >i2c_rtc_7seg.objdump
[i2c_rtc_7seg build complete]
07:45:39 **** Incremental Build of configuration Nios II for project i2c_rtc_7seg ****
make all 
Info: Building ../i2c_rtc_7seg_bsp/
D:/FPGA/nios2eds/bin/gnu/H-x86_64-mingw32/bin/make --no-print-directory -C ../i2c_rtc_7seg_bsp/
[BSP build complete]
[i2c_rtc_7seg build complete]
07:45:57 **** Incremental Build of configuration Nios II for project i2c_rtc_7seg ****
make all 
Info: Building ../i2c_rtc_7seg_bsp/
D:/FPGA/nios2eds/bin/gnu/H-x86_64-mingw32/bin/make --no-print-directory -C ../i2c_rtc_7seg_bsp/
[BSP build complete]
[i2c_rtc_7seg build complete]
07:46:09 **** Incremental Build of configuration Nios II for project i2c_rtc_7seg ****
make all 
Info: Building ../i2c_rtc_7seg_bsp/
D:/FPGA/nios2eds/bin/gnu/H-x86_64-mingw32/bin/make --no-print-directory -C ../i2c_rtc_7seg_bsp/
[BSP build complete]
Info: Compiling hello_world.c to obj/default/hello_world.o
nios2-elf-gcc -xc -MP -MMD -c -I../i2c_rtc_7seg_bsp//HAL/inc -I../i2c_rtc_7seg_bsp/ -I../i2c_rtc_7seg_bsp//drivers/inc  -pipe -D__hal__ -DALT_NO_INSTRUCTION_EMULATION -DALT_SINGLE_THREADED    -O0 -g -Wall   -mno-hw-div -mno-hw-mul -mno-hw-mulx -mgpopt=global  -o obj/default/hello_world.o hello_world.c
Info: Linking i2c_rtc_7seg.elf
nios2-elf-g++  -T'../i2c_rtc_7seg_bsp//linker.x' -msys-crt0='../i2c_rtc_7seg_bsp//obj/HAL/src/crt0.o' -msys-lib=hal_bsp -L../i2c_rtc_7seg_bsp/   -Wl,-Map=i2c_rtc_7seg.map   -O0 -g -Wall   -mno-hw-div -mno-hw-mul -mno-hw-mulx -mgpopt=global  -o i2c_rtc_7seg.elf obj/default/hello_world.o -lm -msys-lib=m
nios2-elf-insert i2c_rtc_7seg.elf --thread_model hal --cpu_name CPU --qsys true --simulation_enabled false --id 0 --sidp 0x81108 --timestamp 1729045351 --stderr_dev DEBUG --stdin_dev DEBUG --stdout_dev DEBUG --sopc_system_name I2C --quartus_project_dir "D:/2024/FPGA/codeFPGA_NIOS2/Bai5-I2C-RTC-7SEG" --jdi ../..//output_files/I2C.jdi --sopcinfo D:/2024/FPGA/codeFPGA_NIOS2/Bai5-I2C-RTC-7SEG/software/i2c_rtc_7seg_bsp/../../I2C.sopcinfo
Info: (i2c_rtc_7seg.elf) 93 KBytes program size (code + initialized data).
Info:                    99 KBytes free for stack + heap.
Info: Creating i2c_rtc_7seg.objdump
nios2-elf-objdump --disassemble --syms --all-header --source i2c_rtc_7seg.elf >i2c_rtc_7seg.objdump
[i2c_rtc_7seg build complete]
14:02:31 **** Build of configuration Nios II for project i2c_rtc_7seg ****
make all 
Info: Building ../i2c_rtc_7seg_bsp/
D:/FPGA/nios2eds/bin/gnu/H-x86_64-mingw32/bin/make --no-print-directory -C ../i2c_rtc_7seg_bsp/
[BSP build complete]
Info: Compiling hello_world.c to obj/default/hello_world.o
nios2-elf-gcc -xc -MP -MMD -c -I../i2c_rtc_7seg_bsp//HAL/inc -I../i2c_rtc_7seg_bsp/ -I../i2c_rtc_7seg_bsp//drivers/inc  -pipe -D__hal__ -DALT_NO_INSTRUCTION_EMULATION -DALT_SINGLE_THREADED    -O0 -g -Wall   -mno-hw-div -mno-hw-mul -mno-hw-mulx -mgpopt=global  -o obj/default/hello_world.o hello_world.c
Info: Linking i2c_rtc_7seg.elf
nios2-elf-g++  -T'../i2c_rtc_7seg_bsp//linker.x' -msys-crt0='../i2c_rtc_7seg_bsp//obj/HAL/src/crt0.o' -msys-lib=hal_bsp -L../i2c_rtc_7seg_bsp/   -Wl,-Map=i2c_rtc_7seg.map   -O0 -g -Wall   -mno-hw-div -mno-hw-mul -mno-hw-mulx -mgpopt=global  -o i2c_rtc_7seg.elf obj/default/hello_world.o -lm -msys-lib=m
nios2-elf-insert i2c_rtc_7seg.elf --thread_model hal --cpu_name CPU --qsys true --simulation_enabled false --id 0 --sidp 0x81108 --timestamp 1729045351 --stderr_dev DEBUG --stdin_dev DEBUG --stdout_dev DEBUG --sopc_system_name I2C --quartus_project_dir "D:/2024/FPGA/codeFPGA_NIOS2/Bai5-I2C-RTC-7SEG" --jdi ../..//output_files/I2C.jdi --sopcinfo D:/2024/FPGA/codeFPGA_NIOS2/Bai5-I2C-RTC-7SEG/software/i2c_rtc_7seg_bsp/../../I2C.sopcinfo
Info: (i2c_rtc_7seg.elf) 93 KBytes program size (code + initialized data).
Info:                    99 KBytes free for stack + heap.
Info: Creating i2c_rtc_7seg.objdump
nios2-elf-objdump --disassemble --syms --all-header --source i2c_rtc_7seg.elf >i2c_rtc_7seg.objdump
[i2c_rtc_7seg build complete]
