Info: Starting: Create block symbol file (.bsf)
Info: qsys-generate D:\2024\FPGA\codeFPGAL_LIB\Cordic_Paint\ip_sdram.qsys --block-symbol-file --output-directory=D:\2024\FPGA\codeFPGAL_LIB\Cordic_Paint\ip_sdram --family="Cyclone IV E" --part=EP4CE115F29C7
Progress: Loading Cordic_Paint/ip_sdram.qsys
Progress: Reading input file
Progress: Adding altpll_0 [altpll 17.1]
Progress: Parameterizing module altpll_0
Progress: Adding clk_0 [clock_source 17.1]
Progress: Parameterizing module clk_0
Progress: Adding new_sdram_controller_0 [altera_avalon_new_sdram_controller 17.1]
Progress: Parameterizing module new_sdram_controller_0
Progress: Building connections
Progress: Parameterizing connections
Progress: Validating
Progress: Done reading input file
Info: ip_sdram.new_sdram_controller_0: SDRAM Controller will only be supported in Quartus Prime Standard Edition in the future release.
Warning: ip_sdram.: You have exported the interface new_sdram_controller_0.s1 but not its associated clock interface.  Export the driver of new_sdram_controller_0.clk
Info: qsys-generate succeeded.
Info: Finished: Create block symbol file (.bsf)
Info: 
Info: Starting: Create HDL design files for synthesis
Info: qsys-generate D:\2024\FPGA\codeFPGAL_LIB\Cordic_Paint\ip_sdram.qsys --synthesis=VERILOG --output-directory=D:\2024\FPGA\codeFPGAL_LIB\Cordic_Paint\ip_sdram\synthesis --family="Cyclone IV E" --part=EP4CE115F29C7
Progress: Loading Cordic_Paint/ip_sdram.qsys
Progress: Reading input file
Progress: Adding altpll_0 [altpll 17.1]
Progress: Parameterizing module altpll_0
Progress: Adding clk_0 [clock_source 17.1]
Progress: Parameterizing module clk_0
Progress: Adding new_sdram_controller_0 [altera_avalon_new_sdram_controller 17.1]
Progress: Parameterizing module new_sdram_controller_0
Progress: Building connections
Progress: Parameterizing connections
Progress: Validating
Progress: Done reading input file
Info: ip_sdram.new_sdram_controller_0: SDRAM Controller will only be supported in Quartus Prime Standard Edition in the future release.
Warning: ip_sdram.: You have exported the interface new_sdram_controller_0.s1 but not its associated clock interface.  Export the driver of new_sdram_controller_0.clk
Info: ip_sdram: Generating ip_sdram "ip_sdram" for QUARTUS_SYNTH
Info: altpll_0: "ip_sdram" instantiated altpll "altpll_0"
Info: new_sdram_controller_0: Starting RTL generation for module 'ip_sdram_new_sdram_controller_0'
Info: new_sdram_controller_0:   Generation command is [exec D:/fpga/quartus/bin64/perl/bin/perl.exe -I D:/fpga/quartus/bin64/perl/lib -I D:/fpga/quartus/sopc_builder/bin/europa -I D:/fpga/quartus/sopc_builder/bin/perl_lib -I D:/fpga/quartus/sopc_builder/bin -I D:/fpga/quartus/../ip/altera/sopc_builder_ip/common -I D:/fpga/quartus/../ip/altera/sopc_builder_ip/altera_avalon_new_sdram_controller -- D:/fpga/quartus/../ip/altera/sopc_builder_ip/altera_avalon_new_sdram_controller/generate_rtl.pl --name=ip_sdram_new_sdram_controller_0 --dir=C:/Users/DELL/AppData/Local/Temp/alt0145_8467369836612211504.dir/0004_new_sdram_controller_0_gen/ --quartus_dir=D:/fpga/quartus --verilog --config=C:/Users/DELL/AppData/Local/Temp/alt0145_8467369836612211504.dir/0004_new_sdram_controller_0_gen//ip_sdram_new_sdram_controller_0_component_configuration.pl  --do_build_sim=0  ]
Info: new_sdram_controller_0: Done RTL generation for module 'ip_sdram_new_sdram_controller_0'
Info: new_sdram_controller_0: "ip_sdram" instantiated altera_avalon_new_sdram_controller "new_sdram_controller_0"
Info: rst_controller: "ip_sdram" instantiated altera_reset_controller "rst_controller"
Info: ip_sdram: Done "ip_sdram" with 4 modules, 6 files
Info: qsys-generate succeeded.
Info: Finished: Create HDL design files for synthesis
