Info: Starting: Create block symbol file (.bsf)
Info: qsys-generate D:\2024\FPGA\codeFPGA_NIOS2\Bai8_BLUETOOTH\bluetooth.qsys --block-symbol-file --output-directory=D:\2024\FPGA\codeFPGA_NIOS2\Bai8_BLUETOOTH\bluetooth --family="Cyclone IV E" --part=EP4CE115F29C7
Progress: Loading Bai8_BLUETOOTH/bluetooth.qsys
Progress: Reading input file
Progress: Adding RAM [altera_avalon_onchip_memory2 17.1]
Progress: Parameterizing module RAM
Progress: Adding RS232 [altera_up_avalon_rs232 17.1]
Progress: Parameterizing module RS232
Progress: Adding clk_0 [clock_source 17.1]
Progress: Parameterizing module clk_0
Progress: Adding cpu [altera_nios2_gen2 17.1]
Progress: Parameterizing module cpu
Progress: Adding debug [altera_avalon_jtag_uart 17.1]
Progress: Parameterizing module debug
Progress: Building connections
Progress: Parameterizing connections
Progress: Validating
Progress: Done reading input file
Info: bluetooth.debug: JTAG UART IP input clock need to be at least double (2x) the operating frequency of JTAG TCK on board
Info: qsys-generate succeeded.
Info: Finished: Create block symbol file (.bsf)
Info: 
Info: Starting: Create HDL design files for synthesis
Info: qsys-generate D:\2024\FPGA\codeFPGA_NIOS2\Bai8_BLUETOOTH\bluetooth.qsys --synthesis=VERILOG --output-directory=D:\2024\FPGA\codeFPGA_NIOS2\Bai8_BLUETOOTH\bluetooth\synthesis --family="Cyclone IV E" --part=EP4CE115F29C7
Progress: Loading Bai8_BLUETOOTH/bluetooth.qsys
Progress: Reading input file
Progress: Adding RAM [altera_avalon_onchip_memory2 17.1]
Progress: Parameterizing module RAM
Progress: Adding RS232 [altera_up_avalon_rs232 17.1]
Progress: Parameterizing module RS232
Progress: Adding clk_0 [clock_source 17.1]
Progress: Parameterizing module clk_0
Progress: Adding cpu [altera_nios2_gen2 17.1]
Progress: Parameterizing module cpu
Progress: Adding debug [altera_avalon_jtag_uart 17.1]
Progress: Parameterizing module debug
Progress: Building connections
Progress: Parameterizing connections
Progress: Validating
Progress: Done reading input file
Info: bluetooth.debug: JTAG UART IP input clock need to be at least double (2x) the operating frequency of JTAG TCK on board
Info: bluetooth: Generating bluetooth "bluetooth" for QUARTUS_SYNTH
Info: RAM: Starting RTL generation for module 'bluetooth_RAM'
Info: RAM:   Generation command is [exec D:/fpga/quartus/bin64/perl/bin/perl.exe -I D:/fpga/quartus/bin64/perl/lib -I D:/fpga/quartus/sopc_builder/bin/europa -I D:/fpga/quartus/sopc_builder/bin/perl_lib -I D:/fpga/quartus/sopc_builder/bin -I D:/fpga/quartus/../ip/altera/sopc_builder_ip/common -I D:/fpga/quartus/../ip/altera/sopc_builder_ip/altera_avalon_onchip_memory2 -- D:/fpga/quartus/../ip/altera/sopc_builder_ip/altera_avalon_onchip_memory2/generate_rtl.pl --name=bluetooth_RAM --dir=C:/Users/DELL/AppData/Local/Temp/alt0032_8498512177862389251.dir/0002_RAM_gen/ --quartus_dir=D:/fpga/quartus --verilog --config=C:/Users/DELL/AppData/Local/Temp/alt0032_8498512177862389251.dir/0002_RAM_gen//bluetooth_RAM_component_configuration.pl  --do_build_sim=0  ]
Info: RAM: Done RTL generation for module 'bluetooth_RAM'
Info: RAM: "bluetooth" instantiated altera_avalon_onchip_memory2 "RAM"
Info: RS232: Starting Generation of RS232 UART
Info: RS232: "bluetooth" instantiated altera_up_avalon_rs232 "RS232"
Info: cpu: "bluetooth" instantiated altera_nios2_gen2 "cpu"
Info: debug: Starting RTL generation for module 'bluetooth_debug'
Info: debug:   Generation command is [exec D:/fpga/quartus/bin64/perl/bin/perl.exe -I D:/fpga/quartus/bin64/perl/lib -I D:/fpga/quartus/sopc_builder/bin/europa -I D:/fpga/quartus/sopc_builder/bin/perl_lib -I D:/fpga/quartus/sopc_builder/bin -I D:/fpga/quartus/../ip/altera/sopc_builder_ip/common -I D:/fpga/quartus/../ip/altera/sopc_builder_ip/altera_avalon_jtag_uart -- D:/fpga/quartus/../ip/altera/sopc_builder_ip/altera_avalon_jtag_uart/generate_rtl.pl --name=bluetooth_debug --dir=C:/Users/DELL/AppData/Local/Temp/alt0032_8498512177862389251.dir/0004_debug_gen/ --quartus_dir=D:/fpga/quartus --verilog --config=C:/Users/DELL/AppData/Local/Temp/alt0032_8498512177862389251.dir/0004_debug_gen//bluetooth_debug_component_configuration.pl  --do_build_sim=0  ]
Info: debug: Done RTL generation for module 'bluetooth_debug'
Info: debug: "bluetooth" instantiated altera_avalon_jtag_uart "debug"
Info: avalon_st_adapter: Inserting error_adapter: error_adapter_0
Info: avalon_st_adapter_001: Inserting error_adapter: error_adapter_0
Info: avalon_st_adapter_002: Inserting error_adapter: error_adapter_0
Info: avalon_st_adapter_003: Inserting error_adapter: error_adapter_0
Info: mm_interconnect_0: "bluetooth" instantiated altera_mm_interconnect "mm_interconnect_0"
Info: irq_mapper: "bluetooth" instantiated altera_irq_mapper "irq_mapper"
Info: rst_controller: "bluetooth" instantiated altera_reset_controller "rst_controller"
Info: cpu: Starting RTL generation for module 'bluetooth_cpu_cpu'
Info: cpu:   Generation command is [exec D:/FPGA/quartus/bin64//eperlcmd.exe -I D:/FPGA/quartus/bin64//perl/lib -I D:/fpga/quartus/sopc_builder/bin/europa -I D:/fpga/quartus/sopc_builder/bin/perl_lib -I D:/fpga/quartus/sopc_builder/bin -I D:/fpga/quartus/../ip/altera/nios2_ip/altera_nios2_gen2/cpu_lib -I D:/fpga/quartus/../ip/altera/nios2_ip/altera_nios2_gen2/nios_lib -I D:/fpga/quartus/../ip/altera/nios2_ip/altera_nios2_gen2 -I D:/fpga/quartus/../ip/altera/nios2_ip/altera_nios2_gen2 -- D:/fpga/quartus/../ip/altera/nios2_ip/altera_nios2_gen2/generate_rtl.epl --name=bluetooth_cpu_cpu --dir=C:/Users/DELL/AppData/Local/Temp/alt0032_8498512177862389251.dir/0007_cpu_gen/ --quartus_bindir=D:/FPGA/quartus/bin64/ --verilog --config=C:/Users/DELL/AppData/Local/Temp/alt0032_8498512177862389251.dir/0007_cpu_gen//bluetooth_cpu_cpu_processor_configuration.pl  --do_build_sim=0  ]
Info: cpu: # 2024.11.05 10:04:43 (*) Starting Nios II generation
Info: cpu: # 2024.11.05 10:04:43 (*)   Checking for plaintext license.
Info: cpu: # 2024.11.05 10:04:46 (*)   Plaintext license not found.
Info: cpu: # 2024.11.05 10:04:46 (*)   No license required to generate encrypted Nios II/e.
Info: cpu: # 2024.11.05 10:04:46 (*)   Elaborating CPU configuration settings
Info: cpu: # 2024.11.05 10:04:46 (*)   Creating all objects for CPU
Info: cpu: # 2024.11.05 10:04:47 (*)   Generating RTL from CPU objects
Info: cpu: # 2024.11.05 10:04:47 (*)   Creating plain-text RTL
Info: cpu: # 2024.11.05 10:04:47 (*) Done Nios II generation
Info: cpu: Done RTL generation for module 'bluetooth_cpu_cpu'
Info: cpu: "cpu" instantiated altera_nios2_gen2_unit "cpu"
Info: cpu_data_master_translator: "mm_interconnect_0" instantiated altera_merlin_master_translator "cpu_data_master_translator"
Info: debug_avalon_jtag_slave_translator: "mm_interconnect_0" instantiated altera_merlin_slave_translator "debug_avalon_jtag_slave_translator"
Info: cpu_data_master_agent: "mm_interconnect_0" instantiated altera_merlin_master_agent "cpu_data_master_agent"
Info: debug_avalon_jtag_slave_agent: "mm_interconnect_0" instantiated altera_merlin_slave_agent "debug_avalon_jtag_slave_agent"
Info: debug_avalon_jtag_slave_agent_rsp_fifo: "mm_interconnect_0" instantiated altera_avalon_sc_fifo "debug_avalon_jtag_slave_agent_rsp_fifo"
Info: router: "mm_interconnect_0" instantiated altera_merlin_router "router"
Info: router_002: "mm_interconnect_0" instantiated altera_merlin_router "router_002"
Info: cmd_demux: "mm_interconnect_0" instantiated altera_merlin_demultiplexer "cmd_demux"
Info: cmd_mux: "mm_interconnect_0" instantiated altera_merlin_multiplexer "cmd_mux"
Info: rsp_demux: "mm_interconnect_0" instantiated altera_merlin_demultiplexer "rsp_demux"
Info: rsp_mux: "mm_interconnect_0" instantiated altera_merlin_multiplexer "rsp_mux"
Info: Reusing file D:/2024/FPGA/codeFPGA_NIOS2/Bai8_BLUETOOTH/bluetooth/synthesis/submodules/altera_merlin_arbitrator.sv
Info: avalon_st_adapter: "mm_interconnect_0" instantiated altera_avalon_st_adapter "avalon_st_adapter"
Info: error_adapter_0: "avalon_st_adapter" instantiated error_adapter "error_adapter_0"
Info: bluetooth: Done "bluetooth" with 22 modules, 39 files
Info: qsys-generate succeeded.
Info: Finished: Create HDL design files for synthesis
