11:08:43 **** Incremental Build of configuration Nios II for project main ****
make all 
Info: Building ../main_bsp/
C:/intelFPGA_lite/17.1/nios2eds/bin/gnu/H-x86_64-mingw32/bin/make --no-print-directory -C ../main_bsp/
[BSP build complete]
[main build complete]
11:08:50 **** Build of configuration Nios II for project main ****
make all 
Info: Building ../main_bsp/
C:/intelFPGA_lite/17.1/nios2eds/bin/gnu/H-x86_64-mingw32/bin/make --no-print-directory -C ../main_bsp/
[BSP build complete]
[main build complete]
11:08:51 **** Incremental Build of configuration Nios II for project main ****
make all 
Info: Building ../main_bsp/
C:/intelFPGA_lite/17.1/nios2eds/bin/gnu/H-x86_64-mingw32/bin/make --no-print-directory -C ../main_bsp/
[BSP build complete]
[main build complete]
11:09:11 **** Build of configuration Nios II for project main ****
make all 
Info: Building ../main_bsp/
C:/intelFPGA_lite/17.1/nios2eds/bin/gnu/H-x86_64-mingw32/bin/make --no-print-directory -C ../main_bsp/
[BSP build complete]
[main build complete]
11:09:12 **** Incremental Build of configuration Nios II for project main ****
make all 
Info: Building ../main_bsp/
C:/intelFPGA_lite/17.1/nios2eds/bin/gnu/H-x86_64-mingw32/bin/make --no-print-directory -C ../main_bsp/
[BSP build complete]
[main build complete]
11:09:45 **** Build of configuration Nios II for project main ****
make all 
Info: Building ../main_bsp/
C:/intelFPGA_lite/17.1/nios2eds/bin/gnu/H-x86_64-mingw32/bin/make --no-print-directory -C ../main_bsp/
[BSP build complete]
[main build complete]
11:09:46 **** Incremental Build of configuration Nios II for project main ****
make all 
Info: Building ../main_bsp/
C:/intelFPGA_lite/17.1/nios2eds/bin/gnu/H-x86_64-mingw32/bin/make --no-print-directory -C ../main_bsp/
[BSP build complete]
[main build complete]
11:10:50 **** Incremental Build of configuration Nios II for project main ****
make all 
Info: Building ../main_bsp/
C:/intelFPGA_lite/17.1/nios2eds/bin/gnu/H-x86_64-mingw32/bin/make --no-print-directory -C ../main_bsp/
[BSP build complete]
[main build complete]
11:12:13 **** Incremental Build of configuration Nios II for project main ****
make all 
Info: Building ../main_bsp/
C:/intelFPGA_lite/17.1/nios2eds/bin/gnu/H-x86_64-mingw32/bin/make --no-print-directory -C ../main_bsp/
[BSP build complete]
[main build complete]
11:12:50 **** Incremental Build of configuration Nios II for project main ****
make all 
Info: Building ../main_bsp/
C:/intelFPGA_lite/17.1/nios2eds/bin/gnu/H-x86_64-mingw32/bin/make --no-print-directory -C ../main_bsp/
[BSP build complete]
Info: Compiling hello_world.c to obj/default/hello_world.o
nios2-elf-gcc -xc -MP -MMD -c -I../main_bsp//HAL/inc -I../main_bsp/ -I../main_bsp//drivers/inc  -pipe -D__hal__ -DALT_NO_INSTRUCTION_EMULATION -DALT_SINGLE_THREADED    -O0 -g -Wall   -mno-hw-div -mno-hw-mul -mno-hw-mulx -mgpopt=global  -o obj/default/hello_world.o hello_world.c
hello_world.c:260:12: warning: 'rd32le_data' defined but not used [-Wunused-function]
 static int rd32le_data(short int fd, uint32_t *out)
            ^
hello_world.c: In function 'main':
hello_world.c:395:16: warning: 'data_size' may be used uninitialized in this function [-Wmaybe-uninitialized]
     num_frames = data_size / block_align;
                ^
Info: Linking main.elf
nios2-elf-g++  -T'../main_bsp//linker.x' -msys-crt0='../main_bsp//obj/HAL/src/crt0.o' -msys-lib=hal_bsp -L../main_bsp/   -Wl,-Map=main.map   -O0 -g -Wall   -mno-hw-div -mno-hw-mul -mno-hw-mulx -mgpopt=global  -o main.elf obj/default/hello_world.o -lm -msys-lib=m
nios2-elf-insert main.elf --thread_model hal --cpu_name CPU --qsys true --simulation_enabled false --stderr_dev DEBUG --stdin_dev DEBUG --stdout_dev DEBUG --sopc_system_name cpu --quartus_project_dir "C:/Users/DELL/Desktop/SDCard-Audio" --jdi ../..//output_files/top.jdi --sopcinfo C:/Users/DELL/Desktop/SDCard-Audio/software/main_bsp/../../cpu.sopcinfo
Info: (main.elf) 90 KBytes program size (code + initialized data).
Info:            2900 Bytes free for stack + heap.
Info: Creating main.objdump
nios2-elf-objdump --disassemble --syms --all-header --source main.elf >main.objdump
[main build complete]
11:13:18 **** Incremental Build of configuration Nios II for project main ****
make all 
Info: Building ../main_bsp/
C:/intelFPGA_lite/17.1/nios2eds/bin/gnu/H-x86_64-mingw32/bin/make --no-print-directory -C ../main_bsp/
[BSP build complete]
Info: Compiling hello_world.c to obj/default/hello_world.o
nios2-elf-gcc -xc -MP -MMD -c -I../main_bsp//HAL/inc -I../main_bsp/ -I../main_bsp//drivers/inc  -pipe -D__hal__ -DALT_NO_INSTRUCTION_EMULATION -DALT_SINGLE_THREADED    -O0 -g -Wall   -mno-hw-div -mno-hw-mul -mno-hw-mulx -mgpopt=global  -o obj/default/hello_world.o hello_world.c
hello_world.c:260:12: warning: 'rd32le_data' defined but not used [-Wunused-function]
 static int rd32le_data(short int fd, uint32_t *out)
            ^
hello_world.c: In function 'main':
hello_world.c:395:16: warning: 'data_size' may be used uninitialized in this function [-Wmaybe-uninitialized]
     num_frames = data_size / block_align;
                ^
Info: Linking main.elf
nios2-elf-g++  -T'../main_bsp//linker.x' -msys-crt0='../main_bsp//obj/HAL/src/crt0.o' -msys-lib=hal_bsp -L../main_bsp/   -Wl,-Map=main.map   -O0 -g -Wall   -mno-hw-div -mno-hw-mul -mno-hw-mulx -mgpopt=global  -o main.elf obj/default/hello_world.o -lm -msys-lib=m
nios2-elf-insert main.elf --thread_model hal --cpu_name CPU --qsys true --simulation_enabled false --stderr_dev DEBUG --stdin_dev DEBUG --stdout_dev DEBUG --sopc_system_name cpu --quartus_project_dir "C:/Users/DELL/Desktop/SDCard-Audio" --jdi ../..//output_files/top.jdi --sopcinfo C:/Users/DELL/Desktop/SDCard-Audio/software/main_bsp/../../cpu.sopcinfo
Info: (main.elf) 90 KBytes program size (code + initialized data).
Info:            2956 Bytes free for stack + heap.
Info: Creating main.objdump
nios2-elf-objdump --disassemble --syms --all-header --source main.elf >main.objdump
[main build complete]
11:15:04 **** Incremental Build of configuration Nios II for project main ****
make all 
Info: Building ../main_bsp/
C:/intelFPGA_lite/17.1/nios2eds/bin/gnu/H-x86_64-mingw32/bin/make --no-print-directory -C ../main_bsp/
[BSP build complete]
Info: Compiling hello_world.c to obj/default/hello_world.o
nios2-elf-gcc -xc -MP -MMD -c -I../main_bsp//HAL/inc -I../main_bsp/ -I../main_bsp//drivers/inc  -pipe -D__hal__ -DALT_NO_INSTRUCTION_EMULATION -DALT_SINGLE_THREADED    -O0 -g -Wall   -mno-hw-div -mno-hw-mul -mno-hw-mulx -mgpopt=global  -o obj/default/hello_world.o hello_world.c
hello_world.c:260:12: warning: 'rd32le_data' defined but not used [-Wunused-function]
 static int rd32le_data(short int fd, uint32_t *out)
            ^
hello_world.c: In function 'main':
hello_world.c:395:16: warning: 'data_size' may be used uninitialized in this function [-Wmaybe-uninitialized]
     num_frames = data_size / block_align;
                ^
Info: Linking main.elf
nios2-elf-g++  -T'../main_bsp//linker.x' -msys-crt0='../main_bsp//obj/HAL/src/crt0.o' -msys-lib=hal_bsp -L../main_bsp/   -Wl,-Map=main.map   -O0 -g -Wall   -mno-hw-div -mno-hw-mul -mno-hw-mulx -mgpopt=global  -o main.elf obj/default/hello_world.o -lm -msys-lib=m
nios2-elf-insert main.elf --thread_model hal --cpu_name CPU --qsys true --simulation_enabled false --stderr_dev DEBUG --stdin_dev DEBUG --stdout_dev DEBUG --sopc_system_name cpu --quartus_project_dir "C:/Users/DELL/Desktop/SDCard-Audio" --jdi ../..//output_files/top.jdi --sopcinfo C:/Users/DELL/Desktop/SDCard-Audio/software/main_bsp/../../cpu.sopcinfo
Info: (main.elf) 90 KBytes program size (code + initialized data).
Info:            2944 Bytes free for stack + heap.
Info: Creating main.objdump
nios2-elf-objdump --disassemble --syms --all-header --source main.elf >main.objdump
[main build complete]
11:17:18 **** Incremental Build of configuration Nios II for project main ****
make all 
Info: Building ../main_bsp/
C:/intelFPGA_lite/17.1/nios2eds/bin/gnu/H-x86_64-mingw32/bin/make --no-print-directory -C ../main_bsp/
[BSP build complete]
Info: Compiling hello_world.c to obj/default/hello_world.o
nios2-elf-gcc -xc -MP -MMD -c -I../main_bsp//HAL/inc -I../main_bsp/ -I../main_bsp//drivers/inc  -pipe -D__hal__ -DALT_NO_INSTRUCTION_EMULATION -DALT_SINGLE_THREADED    -O0 -g -Wall   -mno-hw-div -mno-hw-mul -mno-hw-mulx -mgpopt=global  -o obj/default/hello_world.o hello_world.c
hello_world.c:260:12: warning: 'rd32le_data' defined but not used [-Wunused-function]
 static int rd32le_data(short int fd, uint32_t *out)
            ^
hello_world.c: In function 'main':
hello_world.c:395:16: warning: 'data_size' may be used uninitialized in this function [-Wmaybe-uninitialized]
     num_frames = data_size / block_align;
                ^
Info: Linking main.elf
nios2-elf-g++  -T'../main_bsp//linker.x' -msys-crt0='../main_bsp//obj/HAL/src/crt0.o' -msys-lib=hal_bsp -L../main_bsp/   -Wl,-Map=main.map   -O0 -g -Wall   -mno-hw-div -mno-hw-mul -mno-hw-mulx -mgpopt=global  -o main.elf obj/default/hello_world.o -lm -msys-lib=m
nios2-elf-insert main.elf --thread_model hal --cpu_name CPU --qsys true --simulation_enabled false --stderr_dev DEBUG --stdin_dev DEBUG --stdout_dev DEBUG --sopc_system_name cpu --quartus_project_dir "C:/Users/DELL/Desktop/SDCard-Audio" --jdi ../..//output_files/top.jdi --sopcinfo C:/Users/DELL/Desktop/SDCard-Audio/software/main_bsp/../../cpu.sopcinfo
Info: (main.elf) 90 KBytes program size (code + initialized data).
Info:            2980 Bytes free for stack + heap.
Info: Creating main.objdump
nios2-elf-objdump --disassemble --syms --all-header --source main.elf >main.objdump
[main build complete]
11:18:18 **** Incremental Build of configuration Nios II for project main ****
make all 
Info: Building ../main_bsp/
C:/intelFPGA_lite/17.1/nios2eds/bin/gnu/H-x86_64-mingw32/bin/make --no-print-directory -C ../main_bsp/
[BSP build complete]
Info: Compiling hello_world.c to obj/default/hello_world.o
nios2-elf-gcc -xc -MP -MMD -c -I../main_bsp//HAL/inc -I../main_bsp/ -I../main_bsp//drivers/inc  -pipe -D__hal__ -DALT_NO_INSTRUCTION_EMULATION -DALT_SINGLE_THREADED    -O0 -g -Wall   -mno-hw-div -mno-hw-mul -mno-hw-mulx -mgpopt=global  -o obj/default/hello_world.o hello_world.c
hello_world.c:260:12: warning: 'rd32le_data' defined but not used [-Wunused-function]
 static int rd32le_data(short int fd, uint32_t *out)
            ^
hello_world.c: In function 'main':
hello_world.c:395:16: warning: 'data_size' may be used uninitialized in this function [-Wmaybe-uninitialized]
     num_frames = data_size / block_align;
                ^
Info: Linking main.elf
nios2-elf-g++  -T'../main_bsp//linker.x' -msys-crt0='../main_bsp//obj/HAL/src/crt0.o' -msys-lib=hal_bsp -L../main_bsp/   -Wl,-Map=main.map   -O0 -g -Wall   -mno-hw-div -mno-hw-mul -mno-hw-mulx -mgpopt=global  -o main.elf obj/default/hello_world.o -lm -msys-lib=m
nios2-elf-insert main.elf --thread_model hal --cpu_name CPU --qsys true --simulation_enabled false --stderr_dev DEBUG --stdin_dev DEBUG --stdout_dev DEBUG --sopc_system_name cpu --quartus_project_dir "C:/Users/DELL/Desktop/SDCard-Audio" --jdi ../..//output_files/top.jdi --sopcinfo C:/Users/DELL/Desktop/SDCard-Audio/software/main_bsp/../../cpu.sopcinfo
Info: (main.elf) 90 KBytes program size (code + initialized data).
Info:            2980 Bytes free for stack + heap.
Info: Creating main.objdump
nios2-elf-objdump --disassemble --syms --all-header --source main.elf >main.objdump
[main build complete]
11:19:07 **** Incremental Build of configuration Nios II for project main ****
make all 
Info: Building ../main_bsp/
C:/intelFPGA_lite/17.1/nios2eds/bin/gnu/H-x86_64-mingw32/bin/make --no-print-directory -C ../main_bsp/
[BSP build complete]
Info: Compiling hello_world.c to obj/default/hello_world.o
nios2-elf-gcc -xc -MP -MMD -c -I../main_bsp//HAL/inc -I../main_bsp/ -I../main_bsp//drivers/inc  -pipe -D__hal__ -DALT_NO_INSTRUCTION_EMULATION -DALT_SINGLE_THREADED    -O0 -g -Wall   -mno-hw-div -mno-hw-mul -mno-hw-mulx -mgpopt=global  -o obj/default/hello_world.o hello_world.c
hello_world.c:260:12: warning: 'rd32le_data' defined but not used [-Wunused-function]
 static int rd32le_data(short int fd, uint32_t *out)
            ^
hello_world.c: In function 'main':
hello_world.c:395:16: warning: 'data_size' may be used uninitialized in this function [-Wmaybe-uninitialized]
     num_frames = data_size / block_align;
                ^
Info: Linking main.elf
nios2-elf-g++  -T'../main_bsp//linker.x' -msys-crt0='../main_bsp//obj/HAL/src/crt0.o' -msys-lib=hal_bsp -L../main_bsp/   -Wl,-Map=main.map   -O0 -g -Wall   -mno-hw-div -mno-hw-mul -mno-hw-mulx -mgpopt=global  -o main.elf obj/default/hello_world.o -lm -msys-lib=m
nios2-elf-insert main.elf --thread_model hal --cpu_name CPU --qsys true --simulation_enabled false --stderr_dev DEBUG --stdin_dev DEBUG --stdout_dev DEBUG --sopc_system_name cpu --quartus_project_dir "C:/Users/DELL/Desktop/SDCard-Audio" --jdi ../..//output_files/top.jdi --sopcinfo C:/Users/DELL/Desktop/SDCard-Audio/software/main_bsp/../../cpu.sopcinfo
Info: (main.elf) 90 KBytes program size (code + initialized data).
Info:            2980 Bytes free for stack + heap.
Info: Creating main.objdump
nios2-elf-objdump --disassemble --syms --all-header --source main.elf >main.objdump
[main build complete]
11:21:12 **** Incremental Build of configuration Nios II for project main ****
make all 
Info: Building ../main_bsp/
C:/intelFPGA_lite/17.1/nios2eds/bin/gnu/H-x86_64-mingw32/bin/make --no-print-directory -C ../main_bsp/
[BSP build complete]
Info: Compiling hello_world.c to obj/default/hello_world.o
nios2-elf-gcc -xc -MP -MMD -c -I../main_bsp//HAL/inc -I../main_bsp/ -I../main_bsp//drivers/inc  -pipe -D__hal__ -DALT_NO_INSTRUCTION_EMULATION -DALT_SINGLE_THREADED    -O0 -g -Wall   -mno-hw-div -mno-hw-mul -mno-hw-mulx -mgpopt=global  -o obj/default/hello_world.o hello_world.c
hello_world.c: In function 'main':
hello_world.c:414:23: warning: implicit declaration of function 'rd16le_signed' [-Wimplicit-function-declaration]
         sample_mono = rd16le_signed(fd);
                       ^
hello_world.c: At top level:
hello_world.c:260:12: warning: 'rd32le_data' defined but not used [-Wunused-function]
 static int rd32le_data(short int fd, uint32_t *out)
            ^
hello_world.c: In function 'main':
hello_world.c:395:16: warning: 'data_size' may be used uninitialized in this function [-Wmaybe-uninitialized]
     num_frames = data_size / block_align;
                ^
Info: Linking main.elf
nios2-elf-g++  -T'../main_bsp//linker.x' -msys-crt0='../main_bsp//obj/HAL/src/crt0.o' -msys-lib=hal_bsp -L../main_bsp/   -Wl,-Map=main.map   -O0 -g -Wall   -mno-hw-div -mno-hw-mul -mno-hw-mulx -mgpopt=global  -o main.elf obj/default/hello_world.o -lm -msys-lib=m
obj/default/hello_world.o: In function `main':
C:\Users\DELL\Desktop\SDCard-Audio\software\main/hello_world.c:414: undefined reference to `rd16le_signed'
collect2.exe: error: ld returned 1 exit status
make: *** [main.elf] Error 1
11:21:25 **** Incremental Build of configuration Nios II for project main ****
make all 
Info: Building ../main_bsp/
C:/intelFPGA_lite/17.1/nios2eds/bin/gnu/H-x86_64-mingw32/bin/make --no-print-directory -C ../main_bsp/
[BSP build complete]
Info: Compiling hello_world.c to obj/default/hello_world.o
nios2-elf-gcc -xc -MP -MMD -c -I../main_bsp//HAL/inc -I../main_bsp/ -I../main_bsp//drivers/inc  -pipe -D__hal__ -DALT_NO_INSTRUCTION_EMULATION -DALT_SINGLE_THREADED    -O0 -g -Wall   -mno-hw-div -mno-hw-mul -mno-hw-mulx -mgpopt=global  -o obj/default/hello_world.o hello_world.c
hello_world.c:260:12: warning: 'rd32le_data' defined but not used [-Wunused-function]
 static int rd32le_data(short int fd, uint32_t *out)
            ^
hello_world.c: In function 'main':
hello_world.c:395:16: warning: 'data_size' may be used uninitialized in this function [-Wmaybe-uninitialized]
     num_frames = data_size / block_align;
                ^
Info: Linking main.elf
nios2-elf-g++  -T'../main_bsp//linker.x' -msys-crt0='../main_bsp//obj/HAL/src/crt0.o' -msys-lib=hal_bsp -L../main_bsp/   -Wl,-Map=main.map   -O0 -g -Wall   -mno-hw-div -mno-hw-mul -mno-hw-mulx -mgpopt=global  -o main.elf obj/default/hello_world.o -lm -msys-lib=m
nios2-elf-insert main.elf --thread_model hal --cpu_name CPU --qsys true --simulation_enabled false --stderr_dev DEBUG --stdin_dev DEBUG --stdout_dev DEBUG --sopc_system_name cpu --quartus_project_dir "C:/Users/DELL/Desktop/SDCard-Audio" --jdi ../..//output_files/top.jdi --sopcinfo C:/Users/DELL/Desktop/SDCard-Audio/software/main_bsp/../../cpu.sopcinfo
Info: (main.elf) 90 KBytes program size (code + initialized data).
Info:            2924 Bytes free for stack + heap.
Info: Creating main.objdump
nios2-elf-objdump --disassemble --syms --all-header --source main.elf >main.objdump
[main build complete]
11:23:29 **** Incremental Build of configuration Nios II for project main ****
make all 
Info: Building ../main_bsp/
C:/intelFPGA_lite/17.1/nios2eds/bin/gnu/H-x86_64-mingw32/bin/make --no-print-directory -C ../main_bsp/
[BSP build complete]
Info: Compiling hello_world.c to obj/default/hello_world.o
nios2-elf-gcc -xc -MP -MMD -c -I../main_bsp//HAL/inc -I../main_bsp/ -I../main_bsp//drivers/inc  -pipe -D__hal__ -DALT_NO_INSTRUCTION_EMULATION -DALT_SINGLE_THREADED    -O0 -g -Wall   -mno-hw-div -mno-hw-mul -mno-hw-mulx -mgpopt=global  -o obj/default/hello_world.o hello_world.c
hello_world.c:260:12: warning: 'rd32le_data' defined but not used [-Wunused-function]
 static int rd32le_data(short int fd, uint32_t *out)
            ^
hello_world.c: In function 'main':
hello_world.c:395:16: warning: 'data_size' may be used uninitialized in this function [-Wmaybe-uninitialized]
     num_frames = data_size / block_align;
                ^
Info: Linking main.elf
nios2-elf-g++  -T'../main_bsp//linker.x' -msys-crt0='../main_bsp//obj/HAL/src/crt0.o' -msys-lib=hal_bsp -L../main_bsp/   -Wl,-Map=main.map   -O0 -g -Wall   -mno-hw-div -mno-hw-mul -mno-hw-mulx -mgpopt=global  -o main.elf obj/default/hello_world.o -lm -msys-lib=m
nios2-elf-insert main.elf --thread_model hal --cpu_name CPU --qsys true --simulation_enabled false --stderr_dev DEBUG --stdin_dev DEBUG --stdout_dev DEBUG --sopc_system_name cpu --quartus_project_dir "C:/Users/DELL/Desktop/SDCard-Audio" --jdi ../..//output_files/top.jdi --sopcinfo C:/Users/DELL/Desktop/SDCard-Audio/software/main_bsp/../../cpu.sopcinfo
Info: (main.elf) 90 KBytes program size (code + initialized data).
Info:            2912 Bytes free for stack + heap.
Info: Creating main.objdump
nios2-elf-objdump --disassemble --syms --all-header --source main.elf >main.objdump
[main build complete]
11:23:56 **** Incremental Build of configuration Nios II for project main ****
make all 
Info: Building ../main_bsp/
C:/intelFPGA_lite/17.1/nios2eds/bin/gnu/H-x86_64-mingw32/bin/make --no-print-directory -C ../main_bsp/
[BSP build complete]
Info: Compiling hello_world.c to obj/default/hello_world.o
nios2-elf-gcc -xc -MP -MMD -c -I../main_bsp//HAL/inc -I../main_bsp/ -I../main_bsp//drivers/inc  -pipe -D__hal__ -DALT_NO_INSTRUCTION_EMULATION -DALT_SINGLE_THREADED    -O0 -g -Wall   -mno-hw-div -mno-hw-mul -mno-hw-mulx -mgpopt=global  -o obj/default/hello_world.o hello_world.c
hello_world.c:260:12: warning: 'rd32le_data' defined but not used [-Wunused-function]
 static int rd32le_data(short int fd, uint32_t *out)
            ^
hello_world.c: In function 'main':
hello_world.c:395:16: warning: 'data_size' may be used uninitialized in this function [-Wmaybe-uninitialized]
     num_frames = data_size / block_align;
                ^
Info: Linking main.elf
nios2-elf-g++  -T'../main_bsp//linker.x' -msys-crt0='../main_bsp//obj/HAL/src/crt0.o' -msys-lib=hal_bsp -L../main_bsp/   -Wl,-Map=main.map   -O0 -g -Wall   -mno-hw-div -mno-hw-mul -mno-hw-mulx -mgpopt=global  -o main.elf obj/default/hello_world.o -lm -msys-lib=m
nios2-elf-insert main.elf --thread_model hal --cpu_name CPU --qsys true --simulation_enabled false --stderr_dev DEBUG --stdin_dev DEBUG --stdout_dev DEBUG --sopc_system_name cpu --quartus_project_dir "C:/Users/DELL/Desktop/SDCard-Audio" --jdi ../..//output_files/top.jdi --sopcinfo C:/Users/DELL/Desktop/SDCard-Audio/software/main_bsp/../../cpu.sopcinfo
Info: (main.elf) 90 KBytes program size (code + initialized data).
Info:            2968 Bytes free for stack + heap.
Info: Creating main.objdump
nios2-elf-objdump --disassemble --syms --all-header --source main.elf >main.objdump
[main build complete]
11:25:33 **** Incremental Build of configuration Nios II for project main ****
make all 
Info: Building ../main_bsp/
C:/intelFPGA_lite/17.1/nios2eds/bin/gnu/H-x86_64-mingw32/bin/make --no-print-directory -C ../main_bsp/
[BSP build complete]
Info: Compiling hello_world.c to obj/default/hello_world.o
nios2-elf-gcc -xc -MP -MMD -c -I../main_bsp//HAL/inc -I../main_bsp/ -I../main_bsp//drivers/inc  -pipe -D__hal__ -DALT_NO_INSTRUCTION_EMULATION -DALT_SINGLE_THREADED    -O0 -g -Wall   -mno-hw-div -mno-hw-mul -mno-hw-mulx -mgpopt=global  -o obj/default/hello_world.o hello_world.c
hello_world.c: In function 'main':
hello_world.c:422:36: warning: implicit declaration of function 'rd16le_signed' [-Wimplicit-function-declaration]
         fifo_write_word(((uint32_t)rd16le_signed(fd)) << 16);
                                    ^
hello_world.c: At top level:
hello_world.c:260:12: warning: 'rd32le_data' defined but not used [-Wunused-function]
 static int rd32le_data(short int fd, uint32_t *out)
            ^
hello_world.c: In function 'main':
hello_world.c:395:16: warning: 'data_size' may be used uninitialized in this function [-Wmaybe-uninitialized]
     num_frames = data_size / block_align;
                ^
Info: Linking main.elf
nios2-elf-g++  -T'../main_bsp//linker.x' -msys-crt0='../main_bsp//obj/HAL/src/crt0.o' -msys-lib=hal_bsp -L../main_bsp/   -Wl,-Map=main.map   -O0 -g -Wall   -mno-hw-div -mno-hw-mul -mno-hw-mulx -mgpopt=global  -o main.elf obj/default/hello_world.o -lm -msys-lib=m
obj/default/hello_world.o: In function `main':
C:\Users\DELL\Desktop\SDCard-Audio\software\main/hello_world.c:422: undefined reference to `rd16le_signed'
collect2.exe: error: ld returned 1 exit status
make: *** [main.elf] Error 1
11:25:42 **** Incremental Build of configuration Nios II for project main ****
make all 
Info: Building ../main_bsp/
C:/intelFPGA_lite/17.1/nios2eds/bin/gnu/H-x86_64-mingw32/bin/make --no-print-directory -C ../main_bsp/
[BSP build complete]
Info: Compiling hello_world.c to obj/default/hello_world.o
nios2-elf-gcc -xc -MP -MMD -c -I../main_bsp//HAL/inc -I../main_bsp/ -I../main_bsp//drivers/inc  -pipe -D__hal__ -DALT_NO_INSTRUCTION_EMULATION -DALT_SINGLE_THREADED    -O0 -g -Wall   -mno-hw-div -mno-hw-mul -mno-hw-mulx -mgpopt=global  -o obj/default/hello_world.o hello_world.c
hello_world.c:260:12: warning: 'rd32le_data' defined but not used [-Wunused-function]
 static int rd32le_data(short int fd, uint32_t *out)
            ^
hello_world.c: In function 'main':
hello_world.c:395:16: warning: 'data_size' may be used uninitialized in this function [-Wmaybe-uninitialized]
     num_frames = data_size / block_align;
                ^
Info: Linking main.elf
nios2-elf-g++  -T'../main_bsp//linker.x' -msys-crt0='../main_bsp//obj/HAL/src/crt0.o' -msys-lib=hal_bsp -L../main_bsp/   -Wl,-Map=main.map   -O0 -g -Wall   -mno-hw-div -mno-hw-mul -mno-hw-mulx -mgpopt=global  -o main.elf obj/default/hello_world.o -lm -msys-lib=m
nios2-elf-insert main.elf --thread_model hal --cpu_name CPU --qsys true --simulation_enabled false --stderr_dev DEBUG --stdin_dev DEBUG --stdout_dev DEBUG --sopc_system_name cpu --quartus_project_dir "C:/Users/DELL/Desktop/SDCard-Audio" --jdi ../..//output_files/top.jdi --sopcinfo C:/Users/DELL/Desktop/SDCard-Audio/software/main_bsp/../../cpu.sopcinfo
Info: (main.elf) 90 KBytes program size (code + initialized data).
Info:            2984 Bytes free for stack + heap.
Info: Creating main.objdump
nios2-elf-objdump --disassemble --syms --all-header --source main.elf >main.objdump
[main build complete]
11:27:38 **** Incremental Build of configuration Nios II for project main ****
make all 
Info: Building ../main_bsp/
C:/intelFPGA_lite/17.1/nios2eds/bin/gnu/H-x86_64-mingw32/bin/make --no-print-directory -C ../main_bsp/
[BSP build complete]
Info: Compiling hello_world.c to obj/default/hello_world.o
nios2-elf-gcc -xc -MP -MMD -c -I../main_bsp//HAL/inc -I../main_bsp/ -I../main_bsp//drivers/inc  -pipe -D__hal__ -DALT_NO_INSTRUCTION_EMULATION -DALT_SINGLE_THREADED    -O0 -g -Wall   -mno-hw-div -mno-hw-mul -mno-hw-mulx -mgpopt=global  -o obj/default/hello_world.o hello_world.c
hello_world.c:260:12: warning: 'rd32le_data' defined but not used [-Wunused-function]
 static int rd32le_data(short int fd, uint32_t *out)
            ^
hello_world.c: In function 'main':
hello_world.c:395:16: warning: 'data_size' may be used uninitialized in this function [-Wmaybe-uninitialized]
     num_frames = data_size / block_align;
                ^
Info: Linking main.elf
nios2-elf-g++  -T'../main_bsp//linker.x' -msys-crt0='../main_bsp//obj/HAL/src/crt0.o' -msys-lib=hal_bsp -L../main_bsp/   -Wl,-Map=main.map   -O0 -g -Wall   -mno-hw-div -mno-hw-mul -mno-hw-mulx -mgpopt=global  -o main.elf obj/default/hello_world.o -lm -msys-lib=m
nios2-elf-insert main.elf --thread_model hal --cpu_name CPU --qsys true --simulation_enabled false --stderr_dev DEBUG --stdin_dev DEBUG --stdout_dev DEBUG --sopc_system_name cpu --quartus_project_dir "C:/Users/DELL/Desktop/SDCard-Audio" --jdi ../..//output_files/top.jdi --sopcinfo C:/Users/DELL/Desktop/SDCard-Audio/software/main_bsp/../../cpu.sopcinfo
Info: (main.elf) 90 KBytes program size (code + initialized data).
Info:            3008 Bytes free for stack + heap.
Info: Creating main.objdump
nios2-elf-objdump --disassemble --syms --all-header --source main.elf >main.objdump
[main build complete]
11:29:07 **** Incremental Build of configuration Nios II for project main ****
make all 
Info: Building ../main_bsp/
C:/intelFPGA_lite/17.1/nios2eds/bin/gnu/H-x86_64-mingw32/bin/make --no-print-directory -C ../main_bsp/
[BSP build complete]
Info: Compiling hello_world.c to obj/default/hello_world.o
nios2-elf-gcc -xc -MP -MMD -c -I../main_bsp//HAL/inc -I../main_bsp/ -I../main_bsp//drivers/inc  -pipe -D__hal__ -DALT_NO_INSTRUCTION_EMULATION -DALT_SINGLE_THREADED    -O0 -g -Wall   -mno-hw-div -mno-hw-mul -mno-hw-mulx -mgpopt=global  -o obj/default/hello_world.o hello_world.c
hello_world.c:260:12: warning: 'rd32le_data' defined but not used [-Wunused-function]
 static int rd32le_data(short int fd, uint32_t *out)
            ^
hello_world.c: In function 'main':
hello_world.c:395:16: warning: 'data_size' may be used uninitialized in this function [-Wmaybe-uninitialized]
     num_frames = data_size / block_align;
                ^
Info: Linking main.elf
nios2-elf-g++  -T'../main_bsp//linker.x' -msys-crt0='../main_bsp//obj/HAL/src/crt0.o' -msys-lib=hal_bsp -L../main_bsp/   -Wl,-Map=main.map   -O0 -g -Wall   -mno-hw-div -mno-hw-mul -mno-hw-mulx -mgpopt=global  -o main.elf obj/default/hello_world.o -lm -msys-lib=m
nios2-elf-insert main.elf --thread_model hal --cpu_name CPU --qsys true --simulation_enabled false --stderr_dev DEBUG --stdin_dev DEBUG --stdout_dev DEBUG --sopc_system_name cpu --quartus_project_dir "C:/Users/DELL/Desktop/SDCard-Audio" --jdi ../..//output_files/top.jdi --sopcinfo C:/Users/DELL/Desktop/SDCard-Audio/software/main_bsp/../../cpu.sopcinfo
Info: (main.elf) 90 KBytes program size (code + initialized data).
Info:            3012 Bytes free for stack + heap.
Info: Creating main.objdump
nios2-elf-objdump --disassemble --syms --all-header --source main.elf >main.objdump
[main build complete]
11:31:19 **** Incremental Build of configuration Nios II for project main ****
make all 
Info: Building ../main_bsp/
C:/intelFPGA_lite/17.1/nios2eds/bin/gnu/H-x86_64-mingw32/bin/make --no-print-directory -C ../main_bsp/
[BSP build complete]
[main build complete]
11:31:47 **** Incremental Build of configuration Nios II for project main ****
make all 
Info: Building ../main_bsp/
C:/intelFPGA_lite/17.1/nios2eds/bin/gnu/H-x86_64-mingw32/bin/make --no-print-directory -C ../main_bsp/
[BSP build complete]
[main build complete]
13:16:03 **** Incremental Build of configuration Nios II for project main ****
make all 
Info: Building ../main_bsp/
C:/intelFPGA_lite/17.1/nios2eds/bin/gnu/H-x86_64-mingw32/bin/make --no-print-directory -C ../main_bsp/
[BSP build complete]
[main build complete]
13:16:15 **** Build of configuration Nios II for project main ****
make all 
Info: Building ../main_bsp/
C:/intelFPGA_lite/17.1/nios2eds/bin/gnu/H-x86_64-mingw32/bin/make --no-print-directory -C ../main_bsp/
[BSP build complete]
[main build complete]
13:16:30 **** Build of configuration Nios II for project main ****
make all 
Info: Building ../main_bsp/
C:/intelFPGA_lite/17.1/nios2eds/bin/gnu/H-x86_64-mingw32/bin/make --no-print-directory -C ../main_bsp/
[BSP build complete]
[main build complete]
13:16:31 **** Incremental Build of configuration Nios II for project main ****
make all 
Info: Building ../main_bsp/
C:/intelFPGA_lite/17.1/nios2eds/bin/gnu/H-x86_64-mingw32/bin/make --no-print-directory -C ../main_bsp/
[BSP build complete]
[main build complete]
13:22:06 **** Incremental Build of configuration Nios II for project main ****
make all 
Info: Building ../main_bsp/
C:/intelFPGA_lite/17.1/nios2eds/bin/gnu/H-x86_64-mingw32/bin/make --no-print-directory -C ../main_bsp/
[BSP build complete]
[main build complete]
13:26:32 **** Incremental Build of configuration Nios II for project main ****
make all 
Info: Building ../main_bsp/
C:/intelFPGA_lite/17.1/nios2eds/bin/gnu/H-x86_64-mingw32/bin/make --no-print-directory -C ../main_bsp/
[BSP build complete]
[main build complete]
13:32:31 **** Incremental Build of configuration Nios II for project main ****
make all 
Info: Building ../main_bsp/
C:/intelFPGA_lite/17.1/nios2eds/bin/gnu/H-x86_64-mingw32/bin/make --no-print-directory -C ../main_bsp/
[BSP build complete]
Info: Compiling hello_world.c to obj/default/hello_world.o
nios2-elf-gcc -xc -MP -MMD -c -I../main_bsp//HAL/inc -I../main_bsp/ -I../main_bsp//drivers/inc  -pipe -D__hal__ -DALT_NO_INSTRUCTION_EMULATION -DALT_SINGLE_THREADED    -O0 -g -Wall   -mno-hw-div -mno-hw-mul -mno-hw-mulx -mgpopt=global  -o obj/default/hello_world.o hello_world.c
hello_world.c:260:12: warning: 'rd32le_data' defined but not used [-Wunused-function]
 static int rd32le_data(short int fd, uint32_t *out)
            ^
hello_world.c: In function 'main':
hello_world.c:395:16: warning: 'data_size' may be used uninitialized in this function [-Wmaybe-uninitialized]
     num_frames = data_size / block_align;
                ^
Info: Linking main.elf
nios2-elf-g++  -T'../main_bsp//linker.x' -msys-crt0='../main_bsp//obj/HAL/src/crt0.o' -msys-lib=hal_bsp -L../main_bsp/   -Wl,-Map=main.map   -O0 -g -Wall   -mno-hw-div -mno-hw-mul -mno-hw-mulx -mgpopt=global  -o main.elf obj/default/hello_world.o -lm -msys-lib=m
nios2-elf-insert main.elf --thread_model hal --cpu_name CPU --qsys true --simulation_enabled false --stderr_dev DEBUG --stdin_dev DEBUG --stdout_dev DEBUG --sopc_system_name cpu --quartus_project_dir "C:/Users/DELL/Desktop/SDCard-Audio" --jdi ../..//output_files/top.jdi --sopcinfo C:/Users/DELL/Desktop/SDCard-Audio/software/main_bsp/../../cpu.sopcinfo
Info: (main.elf) 90 KBytes program size (code + initialized data).
Info:            3012 Bytes free for stack + heap.
Info: Creating main.objdump
nios2-elf-objdump --disassemble --syms --all-header --source main.elf >main.objdump
[main build complete]
13:37:55 **** Incremental Build of configuration Nios II for project main ****
make all 
Info: Building ../main_bsp/
C:/intelFPGA_lite/17.1/nios2eds/bin/gnu/H-x86_64-mingw32/bin/make --no-print-directory -C ../main_bsp/
[BSP build complete]
Info: Compiling hello_world.c to obj/default/hello_world.o
nios2-elf-gcc -xc -MP -MMD -c -I../main_bsp//HAL/inc -I../main_bsp/ -I../main_bsp//drivers/inc  -pipe -D__hal__ -DALT_NO_INSTRUCTION_EMULATION -DALT_SINGLE_THREADED    -O0 -g -Wall   -mno-hw-div -mno-hw-mul -mno-hw-mulx -mgpopt=global  -o obj/default/hello_world.o hello_world.c
Info: Linking main.elf
nios2-elf-g++  -T'../main_bsp//linker.x' -msys-crt0='../main_bsp//obj/HAL/src/crt0.o' -msys-lib=hal_bsp -L../main_bsp/   -Wl,-Map=main.map   -O0 -g -Wall   -mno-hw-div -mno-hw-mul -mno-hw-mulx -mgpopt=global  -o main.elf obj/default/hello_world.o -lm -msys-lib=m
nios2-elf-insert main.elf --thread_model hal --cpu_name CPU --qsys true --simulation_enabled false --stderr_dev DEBUG --stdin_dev DEBUG --stdout_dev DEBUG --sopc_system_name cpu --quartus_project_dir "C:/Users/DELL/Desktop/SDCard-Audio" --jdi ../..//output_files/top.jdi --sopcinfo C:/Users/DELL/Desktop/SDCard-Audio/software/main_bsp/../../cpu.sopcinfo
Info: (main.elf) 90 KBytes program size (code + initialized data).
Info:            2488 Bytes free for stack + heap.
Info: Creating main.objdump
nios2-elf-objdump --disassemble --syms --all-header --source main.elf >main.objdump
[main build complete]
13:39:53 **** Incremental Build of configuration Nios II for project main ****
make all 
Info: Building ../main_bsp/
C:/intelFPGA_lite/17.1/nios2eds/bin/gnu/H-x86_64-mingw32/bin/make --no-print-directory -C ../main_bsp/
[BSP build complete]
Info: Compiling hello_world.c to obj/default/hello_world.o
nios2-elf-gcc -xc -MP -MMD -c -I../main_bsp//HAL/inc -I../main_bsp/ -I../main_bsp//drivers/inc  -pipe -D__hal__ -DALT_NO_INSTRUCTION_EMULATION -DALT_SINGLE_THREADED    -O0 -g -Wall   -mno-hw-div -mno-hw-mul -mno-hw-mulx -mgpopt=global  -o obj/default/hello_world.o hello_world.c
Info: Linking main.elf
nios2-elf-g++  -T'../main_bsp//linker.x' -msys-crt0='../main_bsp//obj/HAL/src/crt0.o' -msys-lib=hal_bsp -L../main_bsp/   -Wl,-Map=main.map   -O0 -g -Wall   -mno-hw-div -mno-hw-mul -mno-hw-mulx -mgpopt=global  -o main.elf obj/default/hello_world.o -lm -msys-lib=m
nios2-elf-insert main.elf --thread_model hal --cpu_name CPU --qsys true --simulation_enabled false --stderr_dev DEBUG --stdin_dev DEBUG --stdout_dev DEBUG --sopc_system_name cpu --quartus_project_dir "C:/Users/DELL/Desktop/SDCard-Audio" --jdi ../..//output_files/top.jdi --sopcinfo C:/Users/DELL/Desktop/SDCard-Audio/software/main_bsp/../../cpu.sopcinfo
Info: (main.elf) 90 KBytes program size (code + initialized data).
Info:            2544 Bytes free for stack + heap.
Info: Creating main.objdump
nios2-elf-objdump --disassemble --syms --all-header --source main.elf >main.objdump
[main build complete]
13:43:59 **** Incremental Build of configuration Nios II for project main ****
make all 
Info: Building ../main_bsp/
C:/intelFPGA_lite/17.1/nios2eds/bin/gnu/H-x86_64-mingw32/bin/make --no-print-directory -C ../main_bsp/
[BSP build complete]
[main build complete]
13:55:25 **** Incremental Build of configuration Nios II for project main ****
make all 
Info: Building ../main_bsp/
C:/intelFPGA_lite/17.1/nios2eds/bin/gnu/H-x86_64-mingw32/bin/make --no-print-directory -C ../main_bsp/
[BSP build complete]
[main build complete]
14:07:58 **** Incremental Build of configuration Nios II for project main ****
make all 
Info: Building ../main_bsp/
C:/intelFPGA_lite/17.1/nios2eds/bin/gnu/H-x86_64-mingw32/bin/make --no-print-directory -C ../main_bsp/
[BSP build complete]
Info: Compiling hello_world.c to obj/default/hello_world.o
nios2-elf-gcc -xc -MP -MMD -c -I../main_bsp//HAL/inc -I../main_bsp/ -I../main_bsp//drivers/inc  -pipe -D__hal__ -DALT_NO_INSTRUCTION_EMULATION -DALT_SINGLE_THREADED    -O0 -g -Wall   -mno-hw-div -mno-hw-mul -mno-hw-mulx -mgpopt=global  -o obj/default/hello_world.o hello_world.c
Info: Linking main.elf
nios2-elf-g++  -T'../main_bsp//linker.x' -msys-crt0='../main_bsp//obj/HAL/src/crt0.o' -msys-lib=hal_bsp -L../main_bsp/   -Wl,-Map=main.map   -O0 -g -Wall   -mno-hw-div -mno-hw-mul -mno-hw-mulx -mgpopt=global  -o main.elf obj/default/hello_world.o -lm -msys-lib=m
nios2-elf-insert main.elf --thread_model hal --cpu_name CPU --qsys true --simulation_enabled false --stderr_dev DEBUG --stdin_dev DEBUG --stdout_dev DEBUG --sopc_system_name cpu --quartus_project_dir "C:/Users/DELL/Desktop/SDCard-Audio" --jdi ../..//output_files/top.jdi --sopcinfo C:/Users/DELL/Desktop/SDCard-Audio/software/main_bsp/../../cpu.sopcinfo
Info: (main.elf) 90 KBytes program size (code + initialized data).
Info:            2544 Bytes free for stack + heap.
Info: Creating main.objdump
nios2-elf-objdump --disassemble --syms --all-header --source main.elf >main.objdump
[main build complete]
14:08:27 **** Incremental Build of configuration Nios II for project main ****
make all 
Info: Building ../main_bsp/
C:/intelFPGA_lite/17.1/nios2eds/bin/gnu/H-x86_64-mingw32/bin/make --no-print-directory -C ../main_bsp/
[BSP build complete]
Info: Compiling hello_world.c to obj/default/hello_world.o
nios2-elf-gcc -xc -MP -MMD -c -I../main_bsp//HAL/inc -I../main_bsp/ -I../main_bsp//drivers/inc  -pipe -D__hal__ -DALT_NO_INSTRUCTION_EMULATION -DALT_SINGLE_THREADED    -O0 -g -Wall   -mno-hw-div -mno-hw-mul -mno-hw-mulx -mgpopt=global  -o obj/default/hello_world.o hello_world.c
Info: Linking main.elf
nios2-elf-g++  -T'../main_bsp//linker.x' -msys-crt0='../main_bsp//obj/HAL/src/crt0.o' -msys-lib=hal_bsp -L../main_bsp/   -Wl,-Map=main.map   -O0 -g -Wall   -mno-hw-div -mno-hw-mul -mno-hw-mulx -mgpopt=global  -o main.elf obj/default/hello_world.o -lm -msys-lib=m
nios2-elf-insert main.elf --thread_model hal --cpu_name CPU --qsys true --simulation_enabled false --stderr_dev DEBUG --stdin_dev DEBUG --stdout_dev DEBUG --sopc_system_name cpu --quartus_project_dir "C:/Users/DELL/Desktop/SDCard-Audio" --jdi ../..//output_files/top.jdi --sopcinfo C:/Users/DELL/Desktop/SDCard-Audio/software/main_bsp/../../cpu.sopcinfo
Info: (main.elf) 90 KBytes program size (code + initialized data).
Info:            2604 Bytes free for stack + heap.
Info: Creating main.objdump
nios2-elf-objdump --disassemble --syms --all-header --source main.elf >main.objdump
[main build complete]
14:11:26 **** Incremental Build of configuration Nios II for project main ****
make all 
Info: Building ../main_bsp/
C:/intelFPGA_lite/17.1/nios2eds/bin/gnu/H-x86_64-mingw32/bin/make --no-print-directory -C ../main_bsp/
[BSP build complete]
Info: Compiling hello_world.c to obj/default/hello_world.o
nios2-elf-gcc -xc -MP -MMD -c -I../main_bsp//HAL/inc -I../main_bsp/ -I../main_bsp//drivers/inc  -pipe -D__hal__ -DALT_NO_INSTRUCTION_EMULATION -DALT_SINGLE_THREADED    -O0 -g -Wall   -mno-hw-div -mno-hw-mul -mno-hw-mulx -mgpopt=global  -o obj/default/hello_world.o hello_world.c
Info: Linking main.elf
nios2-elf-g++  -T'../main_bsp//linker.x' -msys-crt0='../main_bsp//obj/HAL/src/crt0.o' -msys-lib=hal_bsp -L../main_bsp/   -Wl,-Map=main.map   -O0 -g -Wall   -mno-hw-div -mno-hw-mul -mno-hw-mulx -mgpopt=global  -o main.elf obj/default/hello_world.o -lm -msys-lib=m
nios2-elf-insert main.elf --thread_model hal --cpu_name CPU --qsys true --simulation_enabled false --stderr_dev DEBUG --stdin_dev DEBUG --stdout_dev DEBUG --sopc_system_name cpu --quartus_project_dir "C:/Users/DELL/Desktop/SDCard-Audio" --jdi ../..//output_files/top.jdi --sopcinfo C:/Users/DELL/Desktop/SDCard-Audio/software/main_bsp/../../cpu.sopcinfo
Info: (main.elf) 90 KBytes program size (code + initialized data).
Info:            2544 Bytes free for stack + heap.
Info: Creating main.objdump
nios2-elf-objdump --disassemble --syms --all-header --source main.elf >main.objdump
[main build complete]
16:24:22 **** Build of configuration Nios II for project main ****
make all 
Info: Building ../main_bsp/
C:/intelFPGA_lite/17.1/nios2eds/bin/gnu/H-x86_64-mingw32/bin/make --no-print-directory -C ../main_bsp/
[BSP build complete]
Info: Compiling hello_world.c to obj/default/hello_world.o
nios2-elf-gcc -xc -MP -MMD -c -I../main_bsp//HAL/inc -I../main_bsp/ -I../main_bsp//drivers/inc  -pipe -D__hal__ -DALT_NO_INSTRUCTION_EMULATION -DALT_SINGLE_THREADED    -O0 -g -Wall   -mno-hw-div -mno-hw-mul -mno-hw-mulx -mgpopt=global  -o obj/default/hello_world.o hello_world.c
Info: Linking main.elf
nios2-elf-g++  -T'../main_bsp//linker.x' -msys-crt0='../main_bsp//obj/HAL/src/crt0.o' -msys-lib=hal_bsp -L../main_bsp/   -Wl,-Map=main.map   -O0 -g -Wall   -mno-hw-div -mno-hw-mul -mno-hw-mulx -mgpopt=global  -o main.elf obj/default/hello_world.o -lm -msys-lib=m
nios2-elf-insert main.elf --thread_model hal --cpu_name CPU --qsys true --simulation_enabled false --stderr_dev DEBUG --stdin_dev DEBUG --stdout_dev DEBUG --sopc_system_name cpu --quartus_project_dir "C:/Users/DELL/Desktop/SDCard-Audio" --jdi ../..//output_files/top.jdi --sopcinfo C:/Users/DELL/Desktop/SDCard-Audio/software/main_bsp/../../cpu.sopcinfo
Info: (main.elf) 90 KBytes program size (code + initialized data).
Info:            2544 Bytes free for stack + heap.
Info: Creating main.objdump
nios2-elf-objdump --disassemble --syms --all-header --source main.elf >main.objdump
[main build complete]
16:24:24 **** Incremental Build of configuration Nios II for project main ****
make all 
Info: Building ../main_bsp/
C:/intelFPGA_lite/17.1/nios2eds/bin/gnu/H-x86_64-mingw32/bin/make --no-print-directory -C ../main_bsp/
[BSP build complete]
[main build complete]
16:28:31 **** Incremental Build of configuration Nios II for project main ****
make all 
Info: Building ../main_bsp/
C:/intelFPGA_lite/17.1/nios2eds/bin/gnu/H-x86_64-mingw32/bin/make --no-print-directory -C ../main_bsp/
[BSP build complete]
[main build complete]
08:13:00 **** Build of configuration Nios II for project main ****
make all 
Info: Building ../main_bsp/
C:/intelFPGA_lite/17.1/nios2eds/bin/gnu/H-x86_64-mingw32/bin/make --no-print-directory -C ../main_bsp/
[BSP build complete]
[main build complete]
08:13:15 **** Build of configuration Nios II for project main ****
make all 
Info: Building ../main_bsp/
C:/intelFPGA_lite/17.1/nios2eds/bin/gnu/H-x86_64-mingw32/bin/make --no-print-directory -C ../main_bsp/
[BSP build complete]
[main build complete]
08:13:16 **** Incremental Build of configuration Nios II for project main ****
make all 
Info: Building ../main_bsp/
C:/intelFPGA_lite/17.1/nios2eds/bin/gnu/H-x86_64-mingw32/bin/make --no-print-directory -C ../main_bsp/
[BSP build complete]
[main build complete]
10:23:44 **** Build of configuration Nios II for project main ****
make all 
Info: Building ../main_bsp/
C:/intelFPGA_lite/17.1/nios2eds/bin/gnu/H-x86_64-mingw32/bin/make --no-print-directory -C ../main_bsp/
[BSP build complete]
[main build complete]
10:23:45 **** Incremental Build of configuration Nios II for project main ****
make all 
Info: Building ../main_bsp/
C:/intelFPGA_lite/17.1/nios2eds/bin/gnu/H-x86_64-mingw32/bin/make --no-print-directory -C ../main_bsp/
[BSP build complete]
[main build complete]
