Analysis & Synthesis report for sdram_controller
Fri Jul  5 10:53:17 2024
Quartus Prime Version 22.1std.0 Build 915 10/25/2022 SC Lite Edition


---------------------
; Table of Contents ;
---------------------
  1. Legal Notice
  2. Analysis & Synthesis Summary
  3. Analysis & Synthesis Settings
  4. Parallel Compilation
  5. Analysis & Synthesis Source Files Read
  6. Analysis & Synthesis Resource Usage Summary
  7. Analysis & Synthesis Resource Utilization by Entity
  8. State Machine - |sdram_controller|current_state
  9. Registers Removed During Synthesis
 10. General Register Statistics
 11. Inverted Register Statistics
 12. Multiplexer Restructuring Statistics (Restructuring Performed)
 13. Post-Synthesis Netlist Statistics for Top Partition
 14. Elapsed Time Per Partition
 15. Analysis & Synthesis Messages



----------------
; Legal Notice ;
----------------
Copyright (C) 2022  Intel Corporation. All rights reserved.
Your use of Intel Corporation's design tools, logic functions 
and other software and tools, and any partner logic 
functions, and any output files from any of the foregoing 
(including device programming or simulation files), and any 
associated documentation or information are expressly subject 
to the terms and conditions of the Intel Program License 
Subscription Agreement, the Intel Quartus Prime License Agreement,
the Intel FPGA IP License Agreement, or other applicable license
agreement, including, without limitation, that your use is for
the sole purpose of programming logic devices manufactured by
Intel and sold by Intel or its authorized distributors.  Please
refer to the applicable agreement for further details, at
https://fpgasoftware.intel.com/eula.



+-------------------------------------------------------------------------------------+
; Analysis & Synthesis Summary                                                        ;
+------------------------------------+------------------------------------------------+
; Analysis & Synthesis Status        ; Successful - Fri Jul  5 10:53:17 2024          ;
; Quartus Prime Version              ; 22.1std.0 Build 915 10/25/2022 SC Lite Edition ;
; Revision Name                      ; sdram_controller                               ;
; Top-level Entity Name              ; sdram_controller                               ;
; Family                             ; Cyclone IV E                                   ;
; Total logic elements               ; 245                                            ;
;     Total combinational functions  ; 118                                            ;
;     Dedicated logic registers      ; 212                                            ;
; Total registers                    ; 212                                            ;
; Total pins                         ; 152                                            ;
; Total virtual pins                 ; 0                                              ;
; Total memory bits                  ; 0                                              ;
; Embedded Multiplier 9-bit elements ; 0                                              ;
; Total PLLs                         ; 0                                              ;
+------------------------------------+------------------------------------------------+


+------------------------------------------------------------------------------------------------------------+
; Analysis & Synthesis Settings                                                                              ;
+------------------------------------------------------------------+--------------------+--------------------+
; Option                                                           ; Setting            ; Default Value      ;
+------------------------------------------------------------------+--------------------+--------------------+
; Device                                                           ; EP4CE115F29C7      ;                    ;
; Top-level entity name                                            ; sdram_controller   ; sdram_controller   ;
; Family name                                                      ; Cyclone IV E       ; Cyclone V          ;
; Use smart compilation                                            ; Off                ; Off                ;
; Enable parallel Assembler and Timing Analyzer during compilation ; On                 ; On                 ;
; Enable compact report table                                      ; Off                ; Off                ;
; Restructure Multiplexers                                         ; Auto               ; Auto               ;
; Create Debugging Nodes for IP Cores                              ; Off                ; Off                ;
; Preserve fewer node names                                        ; On                 ; On                 ;
; Intel FPGA IP Evaluation Mode                                    ; Enable             ; Enable             ;
; Verilog Version                                                  ; Verilog_2001       ; Verilog_2001       ;
; VHDL Version                                                     ; VHDL_1993          ; VHDL_1993          ;
; State Machine Processing                                         ; Auto               ; Auto               ;
; Safe State Machine                                               ; Off                ; Off                ;
; Extract Verilog State Machines                                   ; On                 ; On                 ;
; Extract VHDL State Machines                                      ; On                 ; On                 ;
; Ignore Verilog initial constructs                                ; Off                ; Off                ;
; Iteration limit for constant Verilog loops                       ; 5000               ; 5000               ;
; Iteration limit for non-constant Verilog loops                   ; 250                ; 250                ;
; Add Pass-Through Logic to Inferred RAMs                          ; On                 ; On                 ;
; Infer RAMs from Raw Logic                                        ; On                 ; On                 ;
; Parallel Synthesis                                               ; On                 ; On                 ;
; DSP Block Balancing                                              ; Auto               ; Auto               ;
; NOT Gate Push-Back                                               ; On                 ; On                 ;
; Power-Up Don't Care                                              ; On                 ; On                 ;
; Remove Redundant Logic Cells                                     ; Off                ; Off                ;
; Remove Duplicate Registers                                       ; On                 ; On                 ;
; Ignore CARRY Buffers                                             ; Off                ; Off                ;
; Ignore CASCADE Buffers                                           ; Off                ; Off                ;
; Ignore GLOBAL Buffers                                            ; Off                ; Off                ;
; Ignore ROW GLOBAL Buffers                                        ; Off                ; Off                ;
; Ignore LCELL Buffers                                             ; Off                ; Off                ;
; Ignore SOFT Buffers                                              ; On                 ; On                 ;
; Limit AHDL Integers to 32 Bits                                   ; Off                ; Off                ;
; Optimization Technique                                           ; Balanced           ; Balanced           ;
; Carry Chain Length                                               ; 70                 ; 70                 ;
; Auto Carry Chains                                                ; On                 ; On                 ;
; Auto Open-Drain Pins                                             ; On                 ; On                 ;
; Perform WYSIWYG Primitive Resynthesis                            ; Off                ; Off                ;
; Auto ROM Replacement                                             ; On                 ; On                 ;
; Auto RAM Replacement                                             ; On                 ; On                 ;
; Auto DSP Block Replacement                                       ; On                 ; On                 ;
; Auto Shift Register Replacement                                  ; Auto               ; Auto               ;
; Allow Shift Register Merging across Hierarchies                  ; Auto               ; Auto               ;
; Auto Clock Enable Replacement                                    ; On                 ; On                 ;
; Strict RAM Replacement                                           ; Off                ; Off                ;
; Allow Synchronous Control Signals                                ; On                 ; On                 ;
; Force Use of Synchronous Clear Signals                           ; Off                ; Off                ;
; Auto RAM Block Balancing                                         ; On                 ; On                 ;
; Auto RAM to Logic Cell Conversion                                ; Off                ; Off                ;
; Auto Resource Sharing                                            ; Off                ; Off                ;
; Allow Any RAM Size For Recognition                               ; Off                ; Off                ;
; Allow Any ROM Size For Recognition                               ; Off                ; Off                ;
; Allow Any Shift Register Size For Recognition                    ; Off                ; Off                ;
; Use LogicLock Constraints during Resource Balancing              ; On                 ; On                 ;
; Ignore translate_off and synthesis_off directives                ; Off                ; Off                ;
; Timing-Driven Synthesis                                          ; On                 ; On                 ;
; Report Parameter Settings                                        ; On                 ; On                 ;
; Report Source Assignments                                        ; On                 ; On                 ;
; Report Connectivity Checks                                       ; On                 ; On                 ;
; Ignore Maximum Fan-Out Assignments                               ; Off                ; Off                ;
; Synchronization Register Chain Length                            ; 2                  ; 2                  ;
; Power Optimization During Synthesis                              ; Normal compilation ; Normal compilation ;
; HDL message level                                                ; Level2             ; Level2             ;
; Suppress Register Optimization Related Messages                  ; Off                ; Off                ;
; Number of Removed Registers Reported in Synthesis Report         ; 5000               ; 5000               ;
; Number of Swept Nodes Reported in Synthesis Report               ; 5000               ; 5000               ;
; Number of Inverted Registers Reported in Synthesis Report        ; 100                ; 100                ;
; Clock MUX Protection                                             ; On                 ; On                 ;
; Auto Gated Clock Conversion                                      ; Off                ; Off                ;
; Block Design Naming                                              ; Auto               ; Auto               ;
; SDC constraint protection                                        ; Off                ; Off                ;
; Synthesis Effort                                                 ; Auto               ; Auto               ;
; Shift Register Replacement - Allow Asynchronous Clear Signal     ; On                 ; On                 ;
; Pre-Mapping Resynthesis Optimization                             ; Off                ; Off                ;
; Analysis & Synthesis Message Level                               ; Medium             ; Medium             ;
; Disable Register Merging Across Hierarchies                      ; Auto               ; Auto               ;
; Resource Aware Inference For Block RAM                           ; On                 ; On                 ;
+------------------------------------------------------------------+--------------------+--------------------+


+------------------------------------------+
; Parallel Compilation                     ;
+----------------------------+-------------+
; Processors                 ; Number      ;
+----------------------------+-------------+
; Number detected on machine ; 8           ;
; Maximum allowed            ; 4           ;
;                            ;             ;
; Average used               ; 1.00        ;
; Maximum used               ; 4           ;
;                            ;             ;
; Usage by Processor         ; % Time Used ;
;     Processor 1            ; 100.0%      ;
;     Processors 2-4         ;   0.0%      ;
+----------------------------+-------------+


+----------------------------------------------------------------------------------------------------------------------------------------+
; Analysis & Synthesis Source Files Read                                                                                                 ;
+----------------------------------+-----------------+-----------------+-------------------------------------------------------+---------+
; File Name with User-Entered Path ; Used in Netlist ; File Type       ; File Name with Absolute Path                          ; Library ;
+----------------------------------+-----------------+-----------------+-------------------------------------------------------+---------+
; sdram_controller.vhd             ; yes             ; User VHDL File  ; D:/2024/FPGA/codeFPGAL_LIB/SDRAM/sdram_controller.vhd ;         ;
+----------------------------------+-----------------+-----------------+-------------------------------------------------------+---------+


+---------------------------------------------------------+
; Analysis & Synthesis Resource Usage Summary             ;
+---------------------------------------------+-----------+
; Resource                                    ; Usage     ;
+---------------------------------------------+-----------+
; Estimated Total logic elements              ; 245       ;
;                                             ;           ;
; Total combinational functions               ; 118       ;
; Logic element usage by number of LUT inputs ;           ;
;     -- 4 input functions                    ; 53        ;
;     -- 3 input functions                    ; 19        ;
;     -- <=2 input functions                  ; 46        ;
;                                             ;           ;
; Logic elements by mode                      ;           ;
;     -- normal mode                          ; 88        ;
;     -- arithmetic mode                      ; 30        ;
;                                             ;           ;
; Total registers                             ; 212       ;
;     -- Dedicated logic registers            ; 212       ;
;     -- I/O registers                        ; 0         ;
;                                             ;           ;
; I/O pins                                    ; 152       ;
;                                             ;           ;
; Embedded Multiplier 9-bit elements          ; 0         ;
;                                             ;           ;
; Maximum fan-out node                        ; clk~input ;
; Maximum fan-out                             ; 212       ;
; Total fan-out                               ; 1383      ;
; Average fan-out                             ; 2.08      ;
+---------------------------------------------+-----------+


+---------------------------------------------------------------------------------------------------------------------------------------------------------------------------------------------------------------+
; Analysis & Synthesis Resource Utilization by Entity                                                                                                                                                           ;
+----------------------------+---------------------+---------------------------+-------------+--------------+---------+-----------+------+--------------+---------------------+------------------+--------------+
; Compilation Hierarchy Node ; Combinational ALUTs ; Dedicated Logic Registers ; Memory Bits ; DSP Elements ; DSP 9x9 ; DSP 18x18 ; Pins ; Virtual Pins ; Full Hierarchy Name ; Entity Name      ; Library Name ;
+----------------------------+---------------------+---------------------------+-------------+--------------+---------+-----------+------+--------------+---------------------+------------------+--------------+
; |sdram_controller          ; 118 (118)           ; 212 (212)                 ; 0           ; 0            ; 0       ; 0         ; 152  ; 0            ; |sdram_controller   ; sdram_controller ; work         ;
+----------------------------+---------------------+---------------------------+-------------+--------------+---------+-----------+------+--------------+---------------------+------------------+--------------+
Note: For table entries with two numbers listed, the numbers in parentheses indicate the number of resources of the given type used by the specific entity alone. The numbers listed outside of parentheses indicate the total resources of the given type used by the specific entity and all of its sub-entities in the hierarchy.


Encoding Type:  One-Hot
+------------------------------------------------------------------------------------------------------------------------------------------------------------------------------------------------------------------------------------------------------------------------------------------------------------------------------------------------------------------------------------------------------------------------------------------------------------------------------------------------------------------------------------------------------------------------------------------------------------+
; State Machine - |sdram_controller|current_state                                                                                                                                                                                                                                                                                                                                                                                                                                                                                                                                                            ;
+---------------------------+---------------------+-----------------------+-------------------+--------------------+------------------+------------------+------------------+------------------+--------------------+------------------+------------------+-----------------------+-------------------+---------------------------+-----------------------+--------------------+--------------------+---------------------------+-----------------------+---------------------------+-----------------------+---------------------------+-----------------------+-----------------------+--------------------+
; Name                      ; current_state.Error ; current_state.WaitPre ; current_state.Pre ; current_state.RPre ; current_state.R3 ; current_state.R2 ; current_state.R1 ; current_state.R0 ; current_state.WPre ; current_state.W1 ; current_state.W0 ; current_state.WaitAct ; current_state.Act ; current_state.WaitRefresh ; current_state.Refresh ; current_state.Idle ; current_state.Done ; current_state.WaitModeReg ; current_state.ModeReg ; current_state.WaitInitRef ; current_state.InitRef ; current_state.WaitInitPre ; current_state.InitPre ; current_state.Wait200 ; current_state.Init ;
+---------------------------+---------------------+-----------------------+-------------------+--------------------+------------------+------------------+------------------+------------------+--------------------+------------------+------------------+-----------------------+-------------------+---------------------------+-----------------------+--------------------+--------------------+---------------------------+-----------------------+---------------------------+-----------------------+---------------------------+-----------------------+-----------------------+--------------------+
; current_state.Init        ; 0                   ; 0                     ; 0                 ; 0                  ; 0                ; 0                ; 0                ; 0                ; 0                  ; 0                ; 0                ; 0                     ; 0                 ; 0                         ; 0                     ; 0                  ; 0                  ; 0                         ; 0                     ; 0                         ; 0                     ; 0                         ; 0                     ; 0                     ; 0                  ;
; current_state.Wait200     ; 0                   ; 0                     ; 0                 ; 0                  ; 0                ; 0                ; 0                ; 0                ; 0                  ; 0                ; 0                ; 0                     ; 0                 ; 0                         ; 0                     ; 0                  ; 0                  ; 0                         ; 0                     ; 0                         ; 0                     ; 0                         ; 0                     ; 1                     ; 1                  ;
; current_state.InitPre     ; 0                   ; 0                     ; 0                 ; 0                  ; 0                ; 0                ; 0                ; 0                ; 0                  ; 0                ; 0                ; 0                     ; 0                 ; 0                         ; 0                     ; 0                  ; 0                  ; 0                         ; 0                     ; 0                         ; 0                     ; 0                         ; 1                     ; 0                     ; 1                  ;
; current_state.WaitInitPre ; 0                   ; 0                     ; 0                 ; 0                  ; 0                ; 0                ; 0                ; 0                ; 0                  ; 0                ; 0                ; 0                     ; 0                 ; 0                         ; 0                     ; 0                  ; 0                  ; 0                         ; 0                     ; 0                         ; 0                     ; 1                         ; 0                     ; 0                     ; 1                  ;
; current_state.InitRef     ; 0                   ; 0                     ; 0                 ; 0                  ; 0                ; 0                ; 0                ; 0                ; 0                  ; 0                ; 0                ; 0                     ; 0                 ; 0                         ; 0                     ; 0                  ; 0                  ; 0                         ; 0                     ; 0                         ; 1                     ; 0                         ; 0                     ; 0                     ; 1                  ;
; current_state.WaitInitRef ; 0                   ; 0                     ; 0                 ; 0                  ; 0                ; 0                ; 0                ; 0                ; 0                  ; 0                ; 0                ; 0                     ; 0                 ; 0                         ; 0                     ; 0                  ; 0                  ; 0                         ; 0                     ; 1                         ; 0                     ; 0                         ; 0                     ; 0                     ; 1                  ;
; current_state.ModeReg     ; 0                   ; 0                     ; 0                 ; 0                  ; 0                ; 0                ; 0                ; 0                ; 0                  ; 0                ; 0                ; 0                     ; 0                 ; 0                         ; 0                     ; 0                  ; 0                  ; 0                         ; 1                     ; 0                         ; 0                     ; 0                         ; 0                     ; 0                     ; 1                  ;
; current_state.WaitModeReg ; 0                   ; 0                     ; 0                 ; 0                  ; 0                ; 0                ; 0                ; 0                ; 0                  ; 0                ; 0                ; 0                     ; 0                 ; 0                         ; 0                     ; 0                  ; 0                  ; 1                         ; 0                     ; 0                         ; 0                     ; 0                         ; 0                     ; 0                     ; 1                  ;
; current_state.Done        ; 0                   ; 0                     ; 0                 ; 0                  ; 0                ; 0                ; 0                ; 0                ; 0                  ; 0                ; 0                ; 0                     ; 0                 ; 0                         ; 0                     ; 0                  ; 1                  ; 0                         ; 0                     ; 0                         ; 0                     ; 0                         ; 0                     ; 0                     ; 1                  ;
; current_state.Idle        ; 0                   ; 0                     ; 0                 ; 0                  ; 0                ; 0                ; 0                ; 0                ; 0                  ; 0                ; 0                ; 0                     ; 0                 ; 0                         ; 0                     ; 1                  ; 0                  ; 0                         ; 0                     ; 0                         ; 0                     ; 0                         ; 0                     ; 0                     ; 1                  ;
; current_state.Refresh     ; 0                   ; 0                     ; 0                 ; 0                  ; 0                ; 0                ; 0                ; 0                ; 0                  ; 0                ; 0                ; 0                     ; 0                 ; 0                         ; 1                     ; 0                  ; 0                  ; 0                         ; 0                     ; 0                         ; 0                     ; 0                         ; 0                     ; 0                     ; 1                  ;
; current_state.WaitRefresh ; 0                   ; 0                     ; 0                 ; 0                  ; 0                ; 0                ; 0                ; 0                ; 0                  ; 0                ; 0                ; 0                     ; 0                 ; 1                         ; 0                     ; 0                  ; 0                  ; 0                         ; 0                     ; 0                         ; 0                     ; 0                         ; 0                     ; 0                     ; 1                  ;
; current_state.Act         ; 0                   ; 0                     ; 0                 ; 0                  ; 0                ; 0                ; 0                ; 0                ; 0                  ; 0                ; 0                ; 0                     ; 1                 ; 0                         ; 0                     ; 0                  ; 0                  ; 0                         ; 0                     ; 0                         ; 0                     ; 0                         ; 0                     ; 0                     ; 1                  ;
; current_state.WaitAct     ; 0                   ; 0                     ; 0                 ; 0                  ; 0                ; 0                ; 0                ; 0                ; 0                  ; 0                ; 0                ; 1                     ; 0                 ; 0                         ; 0                     ; 0                  ; 0                  ; 0                         ; 0                     ; 0                         ; 0                     ; 0                         ; 0                     ; 0                     ; 1                  ;
; current_state.W0          ; 0                   ; 0                     ; 0                 ; 0                  ; 0                ; 0                ; 0                ; 0                ; 0                  ; 0                ; 1                ; 0                     ; 0                 ; 0                         ; 0                     ; 0                  ; 0                  ; 0                         ; 0                     ; 0                         ; 0                     ; 0                         ; 0                     ; 0                     ; 1                  ;
; current_state.W1          ; 0                   ; 0                     ; 0                 ; 0                  ; 0                ; 0                ; 0                ; 0                ; 0                  ; 1                ; 0                ; 0                     ; 0                 ; 0                         ; 0                     ; 0                  ; 0                  ; 0                         ; 0                     ; 0                         ; 0                     ; 0                         ; 0                     ; 0                     ; 1                  ;
; current_state.WPre        ; 0                   ; 0                     ; 0                 ; 0                  ; 0                ; 0                ; 0                ; 0                ; 1                  ; 0                ; 0                ; 0                     ; 0                 ; 0                         ; 0                     ; 0                  ; 0                  ; 0                         ; 0                     ; 0                         ; 0                     ; 0                         ; 0                     ; 0                     ; 1                  ;
; current_state.R0          ; 0                   ; 0                     ; 0                 ; 0                  ; 0                ; 0                ; 0                ; 1                ; 0                  ; 0                ; 0                ; 0                     ; 0                 ; 0                         ; 0                     ; 0                  ; 0                  ; 0                         ; 0                     ; 0                         ; 0                     ; 0                         ; 0                     ; 0                     ; 1                  ;
; current_state.R1          ; 0                   ; 0                     ; 0                 ; 0                  ; 0                ; 0                ; 1                ; 0                ; 0                  ; 0                ; 0                ; 0                     ; 0                 ; 0                         ; 0                     ; 0                  ; 0                  ; 0                         ; 0                     ; 0                         ; 0                     ; 0                         ; 0                     ; 0                     ; 1                  ;
; current_state.R2          ; 0                   ; 0                     ; 0                 ; 0                  ; 0                ; 1                ; 0                ; 0                ; 0                  ; 0                ; 0                ; 0                     ; 0                 ; 0                         ; 0                     ; 0                  ; 0                  ; 0                         ; 0                     ; 0                         ; 0                     ; 0                         ; 0                     ; 0                     ; 1                  ;
; current_state.R3          ; 0                   ; 0                     ; 0                 ; 0                  ; 1                ; 0                ; 0                ; 0                ; 0                  ; 0                ; 0                ; 0                     ; 0                 ; 0                         ; 0                     ; 0                  ; 0                  ; 0                         ; 0                     ; 0                         ; 0                     ; 0                         ; 0                     ; 0                     ; 1                  ;
; current_state.RPre        ; 0                   ; 0                     ; 0                 ; 1                  ; 0                ; 0                ; 0                ; 0                ; 0                  ; 0                ; 0                ; 0                     ; 0                 ; 0                         ; 0                     ; 0                  ; 0                  ; 0                         ; 0                     ; 0                         ; 0                     ; 0                         ; 0                     ; 0                     ; 1                  ;
; current_state.Pre         ; 0                   ; 0                     ; 1                 ; 0                  ; 0                ; 0                ; 0                ; 0                ; 0                  ; 0                ; 0                ; 0                     ; 0                 ; 0                         ; 0                     ; 0                  ; 0                  ; 0                         ; 0                     ; 0                         ; 0                     ; 0                         ; 0                     ; 0                     ; 1                  ;
; current_state.WaitPre     ; 0                   ; 1                     ; 0                 ; 0                  ; 0                ; 0                ; 0                ; 0                ; 0                  ; 0                ; 0                ; 0                     ; 0                 ; 0                         ; 0                     ; 0                  ; 0                  ; 0                         ; 0                     ; 0                         ; 0                     ; 0                         ; 0                     ; 0                     ; 1                  ;
; current_state.Error       ; 1                   ; 0                     ; 0                 ; 0                  ; 0                ; 0                ; 0                ; 0                ; 0                  ; 0                ; 0                ; 0                     ; 0                 ; 0                         ; 0                     ; 0                  ; 0                  ; 0                         ; 0                     ; 0                         ; 0                     ; 0                         ; 0                     ; 0                     ; 1                  ;
+---------------------------+---------------------+-----------------------+-------------------+--------------------+------------------+------------------+------------------+------------------+--------------------+------------------+------------------+-----------------------+-------------------+---------------------------+-----------------------+--------------------+--------------------+---------------------------+-----------------------+---------------------------+-----------------------+---------------------------+-----------------------+-----------------------+--------------------+


+---------------------------------------------------------------------------------+
; Registers Removed During Synthesis                                              ;
+----------------------------------------+----------------------------------------+
; Register name                          ; Reason for Removal                     ;
+----------------------------------------+----------------------------------------+
; dram_addr_r[11,12]                     ; Stuck at GND due to stuck port data_in ;
; dram_dqm[2]~reg0                       ; Merged with dram_dqm[3]~reg0           ;
; dram_dqm[1]~reg0                       ; Merged with dram_dqm[3]~reg0           ;
; dram_dqm[0]~reg0                       ; Merged with dram_dqm[3]~reg0           ;
; current_state.W1                       ; Lost fanout                            ;
; current_state.Error                    ; Lost fanout                            ;
; dram_dq_r[1]~en                        ; Merged with dram_dq_r[0]~en            ;
; dram_dq_r[2]~en                        ; Merged with dram_dq_r[0]~en            ;
; dram_dq_r[3]~en                        ; Merged with dram_dq_r[0]~en            ;
; dram_dq_r[4]~en                        ; Merged with dram_dq_r[0]~en            ;
; dram_dq_r[5]~en                        ; Merged with dram_dq_r[0]~en            ;
; dram_dq_r[6]~en                        ; Merged with dram_dq_r[0]~en            ;
; dram_dq_r[7]~en                        ; Merged with dram_dq_r[0]~en            ;
; dram_dq_r[8]~en                        ; Merged with dram_dq_r[0]~en            ;
; dram_dq_r[9]~en                        ; Merged with dram_dq_r[0]~en            ;
; dram_dq_r[10]~en                       ; Merged with dram_dq_r[0]~en            ;
; dram_dq_r[11]~en                       ; Merged with dram_dq_r[0]~en            ;
; dram_dq_r[12]~en                       ; Merged with dram_dq_r[0]~en            ;
; dram_dq_r[13]~en                       ; Merged with dram_dq_r[0]~en            ;
; dram_dq_r[14]~en                       ; Merged with dram_dq_r[0]~en            ;
; dram_dq_r[15]~en                       ; Merged with dram_dq_r[0]~en            ;
; dram_dq_r[16]~en                       ; Merged with dram_dq_r[0]~en            ;
; dram_dq_r[17]~en                       ; Merged with dram_dq_r[0]~en            ;
; dram_dq_r[18]~en                       ; Merged with dram_dq_r[0]~en            ;
; dram_dq_r[19]~en                       ; Merged with dram_dq_r[0]~en            ;
; dram_dq_r[20]~en                       ; Merged with dram_dq_r[0]~en            ;
; dram_dq_r[21]~en                       ; Merged with dram_dq_r[0]~en            ;
; dram_dq_r[22]~en                       ; Merged with dram_dq_r[0]~en            ;
; dram_dq_r[23]~en                       ; Merged with dram_dq_r[0]~en            ;
; dram_dq_r[24]~en                       ; Merged with dram_dq_r[0]~en            ;
; dram_dq_r[25]~en                       ; Merged with dram_dq_r[0]~en            ;
; dram_dq_r[26]~en                       ; Merged with dram_dq_r[0]~en            ;
; dram_dq_r[27]~en                       ; Merged with dram_dq_r[0]~en            ;
; dram_dq_r[28]~en                       ; Merged with dram_dq_r[0]~en            ;
; dram_dq_r[29]~en                       ; Merged with dram_dq_r[0]~en            ;
; dram_dq_r[30]~en                       ; Merged with dram_dq_r[0]~en            ;
; dram_dq_r[31]~en                       ; Merged with dram_dq_r[0]~en            ;
; Total Number of Removed Registers = 38 ;                                        ;
+----------------------------------------+----------------------------------------+


+------------------------------------------------------+
; General Register Statistics                          ;
+----------------------------------------------+-------+
; Statistic                                    ; Value ;
+----------------------------------------------+-------+
; Total registers                              ; 212   ;
; Number of registers using Synchronous Clear  ; 1     ;
; Number of registers using Synchronous Load   ; 33    ;
; Number of registers using Asynchronous Clear ; 137   ;
; Number of registers using Asynchronous Load  ; 0     ;
; Number of registers using Clock Enable       ; 112   ;
; Number of registers using Preset             ; 0     ;
+----------------------------------------------+-------+


+--------------------------------------------------+
; Inverted Register Statistics                     ;
+----------------------------------------+---------+
; Inverted Register                      ; Fan out ;
+----------------------------------------+---------+
; dram_dq_r[0]~en                        ; 1       ;
; Total number of inverted registers = 1 ;         ;
+----------------------------------------+---------+


+--------------------------------------------------------------------------------------------------------------------------------------------------+
; Multiplexer Restructuring Statistics (Restructuring Performed)                                                                                   ;
+--------------------+-----------+---------------+----------------------+------------------------+------------+------------------------------------+
; Multiplexer Inputs ; Bus Width ; Baseline Area ; Area if Restructured ; Saving if Restructured ; Registered ; Example Multiplexer Output         ;
+--------------------+-----------+---------------+----------------------+------------------------+------------+------------------------------------+
; 3:1                ; 4 bits    ; 8 LEs         ; 4 LEs                ; 4 LEs                  ; Yes        ; |sdram_controller|init_pre_cntr[2] ;
; 3:1                ; 16 bits   ; 32 LEs        ; 16 LEs               ; 16 LEs                 ; Yes        ; |sdram_controller|rfsh_int_cntr[6] ;
; 5:1                ; 10 bits   ; 30 LEs        ; 30 LEs               ; 0 LEs                  ; Yes        ; |sdram_controller|dram_addr_r[2]   ;
; 4:1                ; 2 bits    ; 4 LEs         ; 2 LEs                ; 2 LEs                  ; No         ; |sdram_controller|next_state.W0    ;
+--------------------+-----------+---------------+----------------------+------------------------+------------+------------------------------------+


+-----------------------------------------------------+
; Post-Synthesis Netlist Statistics for Top Partition ;
+-----------------------+-----------------------------+
; Type                  ; Count                       ;
+-----------------------+-----------------------------+
; boundary_port         ; 152                         ;
; cycloneiii_ff         ; 212                         ;
;     CLR               ; 69                          ;
;     CLR SLD           ; 16                          ;
;     ENA               ; 59                          ;
;     ENA CLR           ; 36                          ;
;     ENA CLR SLD       ; 16                          ;
;     ENA SCLR          ; 1                           ;
;     SLD               ; 1                           ;
;     plain             ; 14                          ;
; cycloneiii_io_obuf    ; 32                          ;
; cycloneiii_lcell_comb ; 120                         ;
;     arith             ; 30                          ;
;         2 data inputs ; 30                          ;
;     normal            ; 90                          ;
;         0 data inputs ; 2                           ;
;         1 data inputs ; 4                           ;
;         2 data inputs ; 12                          ;
;         3 data inputs ; 19                          ;
;         4 data inputs ; 53                          ;
;                       ;                             ;
; Max LUT depth         ; 3.00                        ;
; Average LUT depth     ; 1.07                        ;
+-----------------------+-----------------------------+


+-------------------------------+
; Elapsed Time Per Partition    ;
+----------------+--------------+
; Partition Name ; Elapsed Time ;
+----------------+--------------+
; Top            ; 00:00:00     ;
+----------------+--------------+


+-------------------------------+
; Analysis & Synthesis Messages ;
+-------------------------------+
Info: *******************************************************************
Info: Running Quartus Prime Analysis & Synthesis
    Info: Version 22.1std.0 Build 915 10/25/2022 SC Lite Edition
    Info: Processing started: Fri Jul  5 10:53:07 2024
Info: Command: quartus_map --read_settings_files=on --write_settings_files=off sdram_controller -c sdram_controller
Warning (18236): Number of processors has not been specified which may cause overloading on shared machines.  Set the global assignment NUM_PARALLEL_PROCESSORS in your QSF to an appropriate value for best performance.
Info (20030): Parallel compilation is enabled and will use 4 of the 4 processors detected
Info (12021): Found 2 design units, including 1 entities, in source file sdram_controller.vhd
    Info (12022): Found design unit 1: sdram_controller-behavioural File: D:/2024/FPGA/codeFPGAL_LIB/SDRAM/sdram_controller.vhd Line: 33
    Info (12023): Found entity 1: sdram_controller File: D:/2024/FPGA/codeFPGAL_LIB/SDRAM/sdram_controller.vhd Line: 5
Info (12127): Elaborating entity "sdram_controller" for the top level hierarchy
Warning (10492): VHDL Process Statement warning at sdram_controller.vhd(186): signal "rst" is read inside the Process Statement but isn't in the Process Statement's sensitivity list File: D:/2024/FPGA/codeFPGAL_LIB/SDRAM/sdram_controller.vhd Line: 186
Warning (10492): VHDL Process Statement warning at sdram_controller.vhd(193): signal "wait200_cntr" is read inside the Process Statement but isn't in the Process Statement's sensitivity list File: D:/2024/FPGA/codeFPGAL_LIB/SDRAM/sdram_controller.vhd Line: 193
Warning (10492): VHDL Process Statement warning at sdram_controller.vhd(199): signal "trp_cntr" is read inside the Process Statement but isn't in the Process Statement's sensitivity list File: D:/2024/FPGA/codeFPGAL_LIB/SDRAM/sdram_controller.vhd Line: 199
Warning (10492): VHDL Process Statement warning at sdram_controller.vhd(205): signal "trc_cntr" is read inside the Process Statement but isn't in the Process Statement's sensitivity list File: D:/2024/FPGA/codeFPGAL_LIB/SDRAM/sdram_controller.vhd Line: 205
Warning (10492): VHDL Process Statement warning at sdram_controller.vhd(206): signal "init_pre_cntr" is read inside the Process Statement but isn't in the Process Statement's sensitivity list File: D:/2024/FPGA/codeFPGAL_LIB/SDRAM/sdram_controller.vhd Line: 206
Warning (10492): VHDL Process Statement warning at sdram_controller.vhd(214): signal "trcd_cntr" is read inside the Process Statement but isn't in the Process Statement's sensitivity list File: D:/2024/FPGA/codeFPGAL_LIB/SDRAM/sdram_controller.vhd Line: 214
Warning (10492): VHDL Process Statement warning at sdram_controller.vhd(220): signal "do_refresh" is read inside the Process Statement but isn't in the Process Statement's sensitivity list File: D:/2024/FPGA/codeFPGAL_LIB/SDRAM/sdram_controller.vhd Line: 220
Warning (10492): VHDL Process Statement warning at sdram_controller.vhd(221): signal "stb_i_r" is read inside the Process Statement but isn't in the Process Statement's sensitivity list File: D:/2024/FPGA/codeFPGAL_LIB/SDRAM/sdram_controller.vhd Line: 221
Warning (10492): VHDL Process Statement warning at sdram_controller.vhd(227): signal "trc_cntr" is read inside the Process Statement but isn't in the Process Statement's sensitivity list File: D:/2024/FPGA/codeFPGAL_LIB/SDRAM/sdram_controller.vhd Line: 227
Warning (10492): VHDL Process Statement warning at sdram_controller.vhd(233): signal "trcd_cntr" is read inside the Process Statement but isn't in the Process Statement's sensitivity list File: D:/2024/FPGA/codeFPGAL_LIB/SDRAM/sdram_controller.vhd Line: 233
Warning (10492): VHDL Process Statement warning at sdram_controller.vhd(234): signal "we_i_r" is read inside the Process Statement but isn't in the Process Statement's sensitivity list File: D:/2024/FPGA/codeFPGAL_LIB/SDRAM/sdram_controller.vhd Line: 234
Warning (10492): VHDL Process Statement warning at sdram_controller.vhd(261): signal "trp_cntr" is read inside the Process Statement but isn't in the Process Statement's sensitivity list File: D:/2024/FPGA/codeFPGAL_LIB/SDRAM/sdram_controller.vhd Line: 261
Info (13000): Registers with preset signals will power-up high File: D:/2024/FPGA/codeFPGAL_LIB/SDRAM/sdram_controller.vhd Line: 287
Info (13003): DEV_CLRn pin will set, and not reset, register with preset signal due to NOT Gate Push-Back
Warning (13024): Output pins are stuck at VCC or GND
    Warning (13410): Pin "dram_addr[11]" is stuck at GND File: D:/2024/FPGA/codeFPGAL_LIB/SDRAM/sdram_controller.vhd Line: 12
    Warning (13410): Pin "dram_addr[12]" is stuck at GND File: D:/2024/FPGA/codeFPGAL_LIB/SDRAM/sdram_controller.vhd Line: 12
    Warning (13410): Pin "dram_cke" is stuck at VCC File: D:/2024/FPGA/codeFPGAL_LIB/SDRAM/sdram_controller.vhd Line: 16
Info (286030): Timing-Driven Synthesis is running
Info (17049): 2 registers lost all their fanouts during netlist optimizations.
Info (16010): Generating hard_block partition "hard_block:auto_generated_inst"
    Info (16011): Adding 0 node(s), including 0 DDIO, 0 PLL, 0 transceiver and 0 LCELL
Info (21057): Implemented 397 device resources after synthesis - the final resource count might be different
    Info (21058): Implemented 62 input pins
    Info (21059): Implemented 58 output pins
    Info (21060): Implemented 32 bidirectional pins
    Info (21061): Implemented 245 logic cells
Info: Quartus Prime Analysis & Synthesis was successful. 0 errors, 17 warnings
    Info: Peak virtual memory: 4823 megabytes
    Info: Processing ended: Fri Jul  5 10:53:17 2024
    Info: Elapsed time: 00:00:10
    Info: Total CPU time (on all processors): 00:00:09


