Analysis & Synthesis report for topSRAM
Fri Jul  5 08:20:30 2024
Quartus Prime Version 22.1std.0 Build 915 10/25/2022 SC Lite Edition


---------------------
; Table of Contents ;
---------------------
  1. Legal Notice
  2. Analysis & Synthesis Summary
  3. Analysis & Synthesis Settings
  4. Parallel Compilation
  5. Analysis & Synthesis Source Files Read
  6. Analysis & Synthesis Resource Usage Summary
  7. Analysis & Synthesis Resource Utilization by Entity
  8. State Machine - |topSRAM|sttRead
  9. State Machine - |topSRAM|sttWrite
 10. Registers Removed During Synthesis
 11. General Register Statistics
 12. Inverted Register Statistics
 13. Post-Synthesis Netlist Statistics for Top Partition
 14. Elapsed Time Per Partition
 15. Analysis & Synthesis Messages



----------------
; Legal Notice ;
----------------
Copyright (C) 2022  Intel Corporation. All rights reserved.
Your use of Intel Corporation's design tools, logic functions 
and other software and tools, and any partner logic 
functions, and any output files from any of the foregoing 
(including device programming or simulation files), and any 
associated documentation or information are expressly subject 
to the terms and conditions of the Intel Program License 
Subscription Agreement, the Intel Quartus Prime License Agreement,
the Intel FPGA IP License Agreement, or other applicable license
agreement, including, without limitation, that your use is for
the sole purpose of programming logic devices manufactured by
Intel and sold by Intel or its authorized distributors.  Please
refer to the applicable agreement for further details, at
https://fpgasoftware.intel.com/eula.



+-------------------------------------------------------------------------------------+
; Analysis & Synthesis Summary                                                        ;
+------------------------------------+------------------------------------------------+
; Analysis & Synthesis Status        ; Successful - Fri Jul  5 08:20:30 2024          ;
; Quartus Prime Version              ; 22.1std.0 Build 915 10/25/2022 SC Lite Edition ;
; Revision Name                      ; topSRAM                                        ;
; Top-level Entity Name              ; topSRAM                                        ;
; Family                             ; Cyclone IV E                                   ;
; Total logic elements               ; 68                                             ;
;     Total combinational functions  ; 27                                             ;
;     Dedicated logic registers      ; 65                                             ;
; Total registers                    ; 65                                             ;
; Total pins                         ; 79                                             ;
; Total virtual pins                 ; 0                                              ;
; Total memory bits                  ; 0                                              ;
; Embedded Multiplier 9-bit elements ; 0                                              ;
; Total PLLs                         ; 0                                              ;
+------------------------------------+------------------------------------------------+


+------------------------------------------------------------------------------------------------------------+
; Analysis & Synthesis Settings                                                                              ;
+------------------------------------------------------------------+--------------------+--------------------+
; Option                                                           ; Setting            ; Default Value      ;
+------------------------------------------------------------------+--------------------+--------------------+
; Device                                                           ; EP4CE115F29C7      ;                    ;
; Top-level entity name                                            ; topSRAM            ; topSRAM            ;
; Family name                                                      ; Cyclone IV E       ; Cyclone V          ;
; Use smart compilation                                            ; Off                ; Off                ;
; Enable parallel Assembler and Timing Analyzer during compilation ; On                 ; On                 ;
; Enable compact report table                                      ; Off                ; Off                ;
; Restructure Multiplexers                                         ; Auto               ; Auto               ;
; Create Debugging Nodes for IP Cores                              ; Off                ; Off                ;
; Preserve fewer node names                                        ; On                 ; On                 ;
; Intel FPGA IP Evaluation Mode                                    ; Enable             ; Enable             ;
; Verilog Version                                                  ; Verilog_2001       ; Verilog_2001       ;
; VHDL Version                                                     ; VHDL_1993          ; VHDL_1993          ;
; State Machine Processing                                         ; Auto               ; Auto               ;
; Safe State Machine                                               ; Off                ; Off                ;
; Extract Verilog State Machines                                   ; On                 ; On                 ;
; Extract VHDL State Machines                                      ; On                 ; On                 ;
; Ignore Verilog initial constructs                                ; Off                ; Off                ;
; Iteration limit for constant Verilog loops                       ; 5000               ; 5000               ;
; Iteration limit for non-constant Verilog loops                   ; 250                ; 250                ;
; Add Pass-Through Logic to Inferred RAMs                          ; On                 ; On                 ;
; Infer RAMs from Raw Logic                                        ; On                 ; On                 ;
; Parallel Synthesis                                               ; On                 ; On                 ;
; DSP Block Balancing                                              ; Auto               ; Auto               ;
; NOT Gate Push-Back                                               ; On                 ; On                 ;
; Power-Up Don't Care                                              ; On                 ; On                 ;
; Remove Redundant Logic Cells                                     ; Off                ; Off                ;
; Remove Duplicate Registers                                       ; On                 ; On                 ;
; Ignore CARRY Buffers                                             ; Off                ; Off                ;
; Ignore CASCADE Buffers                                           ; Off                ; Off                ;
; Ignore GLOBAL Buffers                                            ; Off                ; Off                ;
; Ignore ROW GLOBAL Buffers                                        ; Off                ; Off                ;
; Ignore LCELL Buffers                                             ; Off                ; Off                ;
; Ignore SOFT Buffers                                              ; On                 ; On                 ;
; Limit AHDL Integers to 32 Bits                                   ; Off                ; Off                ;
; Optimization Technique                                           ; Balanced           ; Balanced           ;
; Carry Chain Length                                               ; 70                 ; 70                 ;
; Auto Carry Chains                                                ; On                 ; On                 ;
; Auto Open-Drain Pins                                             ; On                 ; On                 ;
; Perform WYSIWYG Primitive Resynthesis                            ; Off                ; Off                ;
; Auto ROM Replacement                                             ; On                 ; On                 ;
; Auto RAM Replacement                                             ; On                 ; On                 ;
; Auto DSP Block Replacement                                       ; On                 ; On                 ;
; Auto Shift Register Replacement                                  ; Auto               ; Auto               ;
; Allow Shift Register Merging across Hierarchies                  ; Auto               ; Auto               ;
; Auto Clock Enable Replacement                                    ; On                 ; On                 ;
; Strict RAM Replacement                                           ; Off                ; Off                ;
; Allow Synchronous Control Signals                                ; On                 ; On                 ;
; Force Use of Synchronous Clear Signals                           ; Off                ; Off                ;
; Auto RAM Block Balancing                                         ; On                 ; On                 ;
; Auto RAM to Logic Cell Conversion                                ; Off                ; Off                ;
; Auto Resource Sharing                                            ; Off                ; Off                ;
; Allow Any RAM Size For Recognition                               ; Off                ; Off                ;
; Allow Any ROM Size For Recognition                               ; Off                ; Off                ;
; Allow Any Shift Register Size For Recognition                    ; Off                ; Off                ;
; Use LogicLock Constraints during Resource Balancing              ; On                 ; On                 ;
; Ignore translate_off and synthesis_off directives                ; Off                ; Off                ;
; Timing-Driven Synthesis                                          ; On                 ; On                 ;
; Report Parameter Settings                                        ; On                 ; On                 ;
; Report Source Assignments                                        ; On                 ; On                 ;
; Report Connectivity Checks                                       ; On                 ; On                 ;
; Ignore Maximum Fan-Out Assignments                               ; Off                ; Off                ;
; Synchronization Register Chain Length                            ; 2                  ; 2                  ;
; Power Optimization During Synthesis                              ; Normal compilation ; Normal compilation ;
; HDL message level                                                ; Level2             ; Level2             ;
; Suppress Register Optimization Related Messages                  ; Off                ; Off                ;
; Number of Removed Registers Reported in Synthesis Report         ; 5000               ; 5000               ;
; Number of Swept Nodes Reported in Synthesis Report               ; 5000               ; 5000               ;
; Number of Inverted Registers Reported in Synthesis Report        ; 100                ; 100                ;
; Clock MUX Protection                                             ; On                 ; On                 ;
; Auto Gated Clock Conversion                                      ; Off                ; Off                ;
; Block Design Naming                                              ; Auto               ; Auto               ;
; SDC constraint protection                                        ; Off                ; Off                ;
; Synthesis Effort                                                 ; Auto               ; Auto               ;
; Shift Register Replacement - Allow Asynchronous Clear Signal     ; On                 ; On                 ;
; Pre-Mapping Resynthesis Optimization                             ; Off                ; Off                ;
; Analysis & Synthesis Message Level                               ; Medium             ; Medium             ;
; Disable Register Merging Across Hierarchies                      ; Auto               ; Auto               ;
; Resource Aware Inference For Block RAM                           ; On                 ; On                 ;
+------------------------------------------------------------------+--------------------+--------------------+


+------------------------------------------+
; Parallel Compilation                     ;
+----------------------------+-------------+
; Processors                 ; Number      ;
+----------------------------+-------------+
; Number detected on machine ; 8           ;
; Maximum allowed            ; 4           ;
;                            ;             ;
; Average used               ; 1.00        ;
; Maximum used               ; 4           ;
;                            ;             ;
; Usage by Processor         ; % Time Used ;
;     Processor 1            ; 100.0%      ;
;     Processors 2-4         ;   0.0%      ;
+----------------------------+-------------+


+-----------------------------------------------------------------------------------------------------------------------------------+
; Analysis & Synthesis Source Files Read                                                                                            ;
+----------------------------------+-----------------+------------------------+-------------------------------------------+---------+
; File Name with User-Entered Path ; Used in Netlist ; File Type              ; File Name with Absolute Path              ; Library ;
+----------------------------------+-----------------+------------------------+-------------------------------------------+---------+
; topSRAM.v                        ; yes             ; User Verilog HDL File  ; D:/2024/FPGA/codeFPGAL_LIB/SRAM/topSRAM.v ;         ;
+----------------------------------+-----------------+------------------------+-------------------------------------------+---------+


+-----------------------------------------------------------------+
; Analysis & Synthesis Resource Usage Summary                     ;
+---------------------------------------------+-------------------+
; Resource                                    ; Usage             ;
+---------------------------------------------+-------------------+
; Estimated Total logic elements              ; 68                ;
;                                             ;                   ;
; Total combinational functions               ; 27                ;
; Logic element usage by number of LUT inputs ;                   ;
;     -- 4 input functions                    ; 1                 ;
;     -- 3 input functions                    ; 6                 ;
;     -- <=2 input functions                  ; 20                ;
;                                             ;                   ;
; Logic elements by mode                      ;                   ;
;     -- normal mode                          ; 27                ;
;     -- arithmetic mode                      ; 0                 ;
;                                             ;                   ;
; Total registers                             ; 65                ;
;     -- Dedicated logic registers            ; 65                ;
;     -- I/O registers                        ; 0                 ;
;                                             ;                   ;
; I/O pins                                    ; 79                ;
;                                             ;                   ;
; Embedded Multiplier 9-bit elements          ; 0                 ;
;                                             ;                   ;
; Maximum fan-out node                        ; clock_50mhz~input ;
; Maximum fan-out                             ; 65                ;
; Total fan-out                               ; 391               ;
; Average fan-out                             ; 1.47              ;
+---------------------------------------------+-------------------+


+----------------------------------------------------------------------------------------------------------------------------------------------------------------------------------------------------------+
; Analysis & Synthesis Resource Utilization by Entity                                                                                                                                                      ;
+----------------------------+---------------------+---------------------------+-------------+--------------+---------+-----------+------+--------------+---------------------+-------------+--------------+
; Compilation Hierarchy Node ; Combinational ALUTs ; Dedicated Logic Registers ; Memory Bits ; DSP Elements ; DSP 9x9 ; DSP 18x18 ; Pins ; Virtual Pins ; Full Hierarchy Name ; Entity Name ; Library Name ;
+----------------------------+---------------------+---------------------------+-------------+--------------+---------+-----------+------+--------------+---------------------+-------------+--------------+
; |topSRAM                   ; 27 (27)             ; 65 (65)                   ; 0           ; 0            ; 0       ; 0         ; 79   ; 0            ; |topSRAM            ; topSRAM     ; work         ;
+----------------------------+---------------------+---------------------------+-------------+--------------+---------+-----------+------+--------------+---------------------+-------------+--------------+
Note: For table entries with two numbers listed, the numbers in parentheses indicate the number of resources of the given type used by the specific entity alone. The numbers listed outside of parentheses indicate the total resources of the given type used by the specific entity and all of its sub-entities in the hierarchy.


Encoding Type:  One-Hot
+--------------------------------------------------------------------------------------------------------+
; State Machine - |topSRAM|sttRead                                                                       ;
+--------------+--------------+--------------+--------------+--------------+--------------+--------------+
; Name         ; sttRead.0000 ; sttRead.0100 ; sttRead.0011 ; sttRead.0010 ; sttRead.0001 ; sttRead.0101 ;
+--------------+--------------+--------------+--------------+--------------+--------------+--------------+
; sttRead.0101 ; 0            ; 0            ; 0            ; 0            ; 0            ; 0            ;
; sttRead.0001 ; 0            ; 0            ; 0            ; 0            ; 1            ; 1            ;
; sttRead.0010 ; 0            ; 0            ; 0            ; 1            ; 0            ; 1            ;
; sttRead.0011 ; 0            ; 0            ; 1            ; 0            ; 0            ; 1            ;
; sttRead.0100 ; 0            ; 1            ; 0            ; 0            ; 0            ; 1            ;
; sttRead.0000 ; 1            ; 0            ; 0            ; 0            ; 0            ; 1            ;
+--------------+--------------+--------------+--------------+--------------+--------------+--------------+


Encoding Type:  One-Hot
+-----------------------------------------------------------------------------------------------+
; State Machine - |topSRAM|sttWrite                                                             ;
+---------------+---------------+---------------+---------------+---------------+---------------+
; Name          ; sttWrite.0000 ; sttWrite.0011 ; sttWrite.0010 ; sttWrite.0001 ; sttWrite.0100 ;
+---------------+---------------+---------------+---------------+---------------+---------------+
; sttWrite.0100 ; 0             ; 0             ; 0             ; 0             ; 0             ;
; sttWrite.0001 ; 0             ; 0             ; 0             ; 1             ; 1             ;
; sttWrite.0010 ; 0             ; 0             ; 1             ; 0             ; 1             ;
; sttWrite.0011 ; 0             ; 1             ; 0             ; 0             ; 1             ;
; sttWrite.0000 ; 1             ; 0             ; 0             ; 0             ; 1             ;
+---------------+---------------+---------------+---------------+---------------+---------------+


+---------------------------------------------------------------------------------+
; Registers Removed During Synthesis                                              ;
+----------------------------------------+----------------------------------------+
; Register name                          ; Reason for Removal                     ;
+----------------------------------------+----------------------------------------+
; addr[4..19]                            ; Stuck at GND due to stuck port data_in ;
; addr[3]                                ; Stuck at VCC due to stuck port data_in ;
; LB                                     ; Merged with CE                         ;
; UB                                     ; Merged with CE                         ;
; sttRead~9                              ; Lost fanout                            ;
; sttRead~10                             ; Lost fanout                            ;
; sttRead~11                             ; Lost fanout                            ;
; sttRead~12                             ; Lost fanout                            ;
; sttWrite~8                             ; Lost fanout                            ;
; sttWrite~9                             ; Lost fanout                            ;
; sttWrite~11                            ; Lost fanout                            ;
; Total Number of Removed Registers = 26 ;                                        ;
+----------------------------------------+----------------------------------------+


+------------------------------------------------------+
; General Register Statistics                          ;
+----------------------------------------------+-------+
; Statistic                                    ; Value ;
+----------------------------------------------+-------+
; Total registers                              ; 65    ;
; Number of registers using Synchronous Clear  ; 0     ;
; Number of registers using Synchronous Load   ; 0     ;
; Number of registers using Asynchronous Clear ; 14    ;
; Number of registers using Asynchronous Load  ; 0     ;
; Number of registers using Clock Enable       ; 51    ;
; Number of registers using Preset             ; 0     ;
+----------------------------------------------+-------+


+--------------------------------------------------+
; Inverted Register Statistics                     ;
+----------------------------------------+---------+
; Inverted Register                      ; Fan out ;
+----------------------------------------+---------+
; CE                                     ; 4       ;
; OE                                     ; 2       ;
; WE                                     ; 2       ;
; Total number of inverted registers = 3 ;         ;
+----------------------------------------+---------+


+-----------------------------------------------------+
; Post-Synthesis Netlist Statistics for Top Partition ;
+-----------------------+-----------------------------+
; Type                  ; Count                       ;
+-----------------------+-----------------------------+
; boundary_port         ; 79                          ;
; cycloneiii_ff         ; 65                          ;
;     CLR               ; 14                          ;
;     ENA               ; 51                          ;
; cycloneiii_io_obuf    ; 16                          ;
; cycloneiii_lcell_comb ; 32                          ;
;     normal            ; 32                          ;
;         0 data inputs ; 2                           ;
;         1 data inputs ; 20                          ;
;         2 data inputs ; 3                           ;
;         3 data inputs ; 6                           ;
;         4 data inputs ; 1                           ;
;                       ;                             ;
; Max LUT depth         ; 2.00                        ;
; Average LUT depth     ; 0.34                        ;
+-----------------------+-----------------------------+


+-------------------------------+
; Elapsed Time Per Partition    ;
+----------------+--------------+
; Partition Name ; Elapsed Time ;
+----------------+--------------+
; Top            ; 00:00:00     ;
+----------------+--------------+


+-------------------------------+
; Analysis & Synthesis Messages ;
+-------------------------------+
Info: *******************************************************************
Info: Running Quartus Prime Analysis & Synthesis
    Info: Version 22.1std.0 Build 915 10/25/2022 SC Lite Edition
    Info: Processing started: Fri Jul  5 08:20:11 2024
Info: Command: quartus_map --read_settings_files=on --write_settings_files=off topSRAM -c topSRAM
Warning (18236): Number of processors has not been specified which may cause overloading on shared machines.  Set the global assignment NUM_PARALLEL_PROCESSORS in your QSF to an appropriate value for best performance.
Info (20030): Parallel compilation is enabled and will use 4 of the 4 processors detected
Info (12021): Found 1 design units, including 1 entities, in source file topsram.v
    Info (12023): Found entity 1: topSRAM File: D:/2024/FPGA/codeFPGAL_LIB/SRAM/topSRAM.v Line: 1
Info (12127): Elaborating entity "topSRAM" for the top level hierarchy
Info (10264): Verilog HDL Case Statement information at topSRAM.v(56): all case item expressions in this case statement are onehot File: D:/2024/FPGA/codeFPGAL_LIB/SRAM/topSRAM.v Line: 56
Info (10264): Verilog HDL Case Statement information at topSRAM.v(66): all case item expressions in this case statement are onehot File: D:/2024/FPGA/codeFPGAL_LIB/SRAM/topSRAM.v Line: 66
Info (13000): Registers with preset signals will power-up high File: D:/2024/FPGA/codeFPGAL_LIB/SRAM/topSRAM.v Line: 55
Info (13003): DEV_CLRn pin will set, and not reset, register with preset signal due to NOT Gate Push-Back
Warning (13024): Output pins are stuck at VCC or GND
    Warning (13410): Pin "pinAddr[3]" is stuck at VCC File: D:/2024/FPGA/codeFPGAL_LIB/SRAM/topSRAM.v Line: 18
    Warning (13410): Pin "pinAddr[4]" is stuck at GND File: D:/2024/FPGA/codeFPGAL_LIB/SRAM/topSRAM.v Line: 18
    Warning (13410): Pin "pinAddr[5]" is stuck at GND File: D:/2024/FPGA/codeFPGAL_LIB/SRAM/topSRAM.v Line: 18
    Warning (13410): Pin "pinAddr[6]" is stuck at GND File: D:/2024/FPGA/codeFPGAL_LIB/SRAM/topSRAM.v Line: 18
    Warning (13410): Pin "pinAddr[7]" is stuck at GND File: D:/2024/FPGA/codeFPGAL_LIB/SRAM/topSRAM.v Line: 18
    Warning (13410): Pin "pinAddr[8]" is stuck at GND File: D:/2024/FPGA/codeFPGAL_LIB/SRAM/topSRAM.v Line: 18
    Warning (13410): Pin "pinAddr[9]" is stuck at GND File: D:/2024/FPGA/codeFPGAL_LIB/SRAM/topSRAM.v Line: 18
    Warning (13410): Pin "pinAddr[10]" is stuck at GND File: D:/2024/FPGA/codeFPGAL_LIB/SRAM/topSRAM.v Line: 18
    Warning (13410): Pin "pinAddr[11]" is stuck at GND File: D:/2024/FPGA/codeFPGAL_LIB/SRAM/topSRAM.v Line: 18
    Warning (13410): Pin "pinAddr[12]" is stuck at GND File: D:/2024/FPGA/codeFPGAL_LIB/SRAM/topSRAM.v Line: 18
    Warning (13410): Pin "pinAddr[13]" is stuck at GND File: D:/2024/FPGA/codeFPGAL_LIB/SRAM/topSRAM.v Line: 18
    Warning (13410): Pin "pinAddr[14]" is stuck at GND File: D:/2024/FPGA/codeFPGAL_LIB/SRAM/topSRAM.v Line: 18
    Warning (13410): Pin "pinAddr[15]" is stuck at GND File: D:/2024/FPGA/codeFPGAL_LIB/SRAM/topSRAM.v Line: 18
    Warning (13410): Pin "pinAddr[16]" is stuck at GND File: D:/2024/FPGA/codeFPGAL_LIB/SRAM/topSRAM.v Line: 18
    Warning (13410): Pin "pinAddr[17]" is stuck at GND File: D:/2024/FPGA/codeFPGAL_LIB/SRAM/topSRAM.v Line: 18
    Warning (13410): Pin "pinAddr[18]" is stuck at GND File: D:/2024/FPGA/codeFPGAL_LIB/SRAM/topSRAM.v Line: 18
    Warning (13410): Pin "pinAddr[19]" is stuck at GND File: D:/2024/FPGA/codeFPGAL_LIB/SRAM/topSRAM.v Line: 18
Info (286030): Timing-Driven Synthesis is running
Info (17049): 7 registers lost all their fanouts during netlist optimizations.
Info (16010): Generating hard_block partition "hard_block:auto_generated_inst"
    Info (16011): Adding 0 node(s), including 0 DDIO, 0 PLL, 0 transceiver and 0 LCELL
Info (21057): Implemented 147 device resources after synthesis - the final resource count might be different
    Info (21058): Implemented 22 input pins
    Info (21059): Implemented 41 output pins
    Info (21060): Implemented 16 bidirectional pins
    Info (21061): Implemented 68 logic cells
Info: Quartus Prime Analysis & Synthesis was successful. 0 errors, 19 warnings
    Info: Peak virtual memory: 4786 megabytes
    Info: Processing ended: Fri Jul  5 08:20:30 2024
    Info: Elapsed time: 00:00:19
    Info: Total CPU time (on all processors): 00:00:08


