16:18:25 **** Incremental Build of configuration Nios II for project lm35_bsp ****
make all 
[BSP build complete]
16:18:29 **** Build of configuration Nios II for project lm35 ****
make all 
Info: Building ../lm35_bsp/
D:/FPGA/nios2eds/bin/gnu/H-x86_64-mingw32/bin/make --no-print-directory -C ../lm35_bsp/
[BSP build complete]
[lm35 build complete]
16:18:45 **** Incremental Build of configuration Nios II for project lm35 ****
make all 
Info: Building ../lm35_bsp/
D:/FPGA/nios2eds/bin/gnu/H-x86_64-mingw32/bin/make --no-print-directory -C ../lm35_bsp/
[BSP build complete]
Info: Compiling hello_world.c to obj/default/hello_world.o
nios2-elf-gcc -xc -MP -MMD -c -I../lm35_bsp//HAL/inc -I../lm35_bsp/ -I../lm35_bsp//drivers/inc  -pipe -D__hal__ -DALT_NO_INSTRUCTION_EMULATION -DALT_SINGLE_THREADED    -O0 -g -Wall   -mno-hw-div -mno-hw-mul -mno-hw-mulx -mgpopt=global  -o obj/default/hello_world.o hello_world.c
Info: Linking lm35.elf
nios2-elf-g++  -T'../lm35_bsp//linker.x' -msys-crt0='../lm35_bsp//obj/HAL/src/crt0.o' -msys-lib=hal_bsp -L../lm35_bsp/   -Wl,-Map=lm35.map   -O0 -g -Wall   -mno-hw-div -mno-hw-mul -mno-hw-mulx -mgpopt=global  -o lm35.elf obj/default/hello_world.o -lm -msys-lib=m
nios2-elf-insert lm35.elf --thread_model hal --cpu_name CPU --qsys true --simulation_enabled false --id 0 --sidp 0x81118 --timestamp 1730797485 --stderr_dev DEBUG --stdin_dev DEBUG --stdout_dev DEBUG --sopc_system_name I2C --quartus_project_dir "D:/2024/FPGA/codeFPGA_NIOS2/Bai6-I2C-ADS1115-BLUE" --jdi ../..//output_files/I2C.jdi --sopcinfo D:/2024/FPGA/codeFPGA_NIOS2/Bai6-I2C-ADS1115-BLUE/software/lm35_bsp/../../I2C.sopcinfo
Info: (lm35.elf) 96 KBytes program size (code + initialized data).
Info:            96 KBytes free for stack + heap.
Info: Creating lm35.objdump
nios2-elf-objdump --disassemble --syms --all-header --source lm35.elf >lm35.objdump
[lm35 build complete]
16:28:42 **** Incremental Build of configuration Nios II for project lm35 ****
make all 
Info: Building ../lm35_bsp/
D:/FPGA/nios2eds/bin/gnu/H-x86_64-mingw32/bin/make --no-print-directory -C ../lm35_bsp/
[BSP build complete]
Info: Compiling hello_world.c to obj/default/hello_world.o
nios2-elf-gcc -xc -MP -MMD -c -I../lm35_bsp//HAL/inc -I../lm35_bsp/ -I../lm35_bsp//drivers/inc  -pipe -D__hal__ -DALT_NO_INSTRUCTION_EMULATION -DALT_SINGLE_THREADED    -O0 -g -Wall   -mno-hw-div -mno-hw-mul -mno-hw-mulx -mgpopt=global  -o obj/default/hello_world.o hello_world.c
hello_world.c:69:1: error: unknown type name 'alt_up_rs232_dev'
 alt_up_rs232_dev* rs232_dev;
 ^
hello_world.c: In function 'main':
hello_world.c:88:14: warning: implicit declaration of function 'alt_up_rs232_open_dev' [-Wimplicit-function-declaration]
  rs232_dev = alt_up_rs232_open_dev("/dev/RS232");
              ^
hello_world.c:88:12: warning: assignment makes pointer from integer without a cast [-Wint-conversion]
  rs232_dev = alt_up_rs232_open_dev("/dev/RS232");
            ^
hello_world.c:116:19: error: expected expression before '%' token
   sprintf(reciver,%f,ADC_A0);
                   ^
hello_world.c:117:19: warning: passing argument 1 of 'rs232_write_str' from incompatible pointer type [-Wincompatible-pointer-types]
   rs232_write_str(rs232_dev, reciver, 5);
                   ^
hello_world.c:25:6: note: expected 'alt_fd * {aka struct alt_fd_s *}' but argument is of type 'int *'
 void rs232_write_str(alt_fd* fd, char *ptr, int len);
      ^
hello_world.c: In function 'rs232_read_str':
hello_world.c:143:7: warning: implicit declaration of function 'alt_up_rs232_read_data' [-Wimplicit-function-declaration]
   if (alt_up_rs232_read_data(fd, (alt_u8 *)ptr++, &parity_error)==0)
       ^
hello_world.c: In function 'rs232_write_str':
hello_world.c:161:7: warning: implicit declaration of function 'alt_up_rs232_write_data' [-Wimplicit-function-declaration]
   if (alt_up_rs232_write_data(fd, *ptr)==0)
       ^
make: *** [obj/default/hello_world.o] Error 1
16:29:30 **** Incremental Build of configuration Nios II for project lm35 ****
make all 
Info: Building ../lm35_bsp/
D:/FPGA/nios2eds/bin/gnu/H-x86_64-mingw32/bin/make --no-print-directory -C ../lm35_bsp/
[BSP build complete]
Info: Compiling hello_world.c to obj/default/hello_world.o
nios2-elf-gcc -xc -MP -MMD -c -I../lm35_bsp//HAL/inc -I../lm35_bsp/ -I../lm35_bsp//drivers/inc  -pipe -D__hal__ -DALT_NO_INSTRUCTION_EMULATION -DALT_SINGLE_THREADED    -O0 -g -Wall   -mno-hw-div -mno-hw-mul -mno-hw-mulx -mgpopt=global  -o obj/default/hello_world.o hello_world.c
hello_world.c: In function 'main':
hello_world.c:116:19: error: expected expression before '%' token
   sprintf(reciver,%f,ADC_A0);
                   ^
hello_world.c:117:19: warning: passing argument 1 of 'rs232_write_str' from incompatible pointer type [-Wincompatible-pointer-types]
   rs232_write_str(rs232_dev, reciver, 5);
                   ^
hello_world.c:25:6: note: expected 'alt_fd * {aka struct alt_fd_s *}' but argument is of type 'alt_up_rs232_dev * {aka struct alt_up_rs232_dev *}'
 void rs232_write_str(alt_fd* fd, char *ptr, int len);
      ^
hello_world.c: In function 'rs232_read_str':
hello_world.c:143:30: warning: passing argument 1 of 'alt_up_rs232_read_data' from incompatible pointer type [-Wincompatible-pointer-types]
   if (alt_up_rs232_read_data(fd, (alt_u8 *)ptr++, &parity_error)==0)
                              ^
In file included from hello_world.c:22:0:
../lm35_bsp//drivers/inc/altera_up_avalon_rs232.h:129:5: note: expected 'alt_up_rs232_dev * {aka struct alt_up_rs232_dev *}' but argument is of type 'alt_fd * {aka struct alt_fd_s *}'
 int alt_up_rs232_read_data(alt_up_rs232_dev *rs232, alt_u8 *data, alt_u8 *parity_error);
     ^
hello_world.c: In function 'rs232_write_str':
hello_world.c:161:31: warning: passing argument 1 of 'alt_up_rs232_write_data' from incompatible pointer type [-Wincompatible-pointer-types]
   if (alt_up_rs232_write_data(fd, *ptr)==0)
                               ^
In file included from hello_world.c:22:0:
../lm35_bsp//drivers/inc/altera_up_avalon_rs232.h:114:5: note: expected 'alt_up_rs232_dev * {aka struct alt_up_rs232_dev *}' but argument is of type 'alt_fd * {aka struct alt_fd_s *}'
 int alt_up_rs232_write_data(alt_up_rs232_dev *rs232, alt_u8 data);
     ^
make: *** [obj/default/hello_world.o] Error 1
16:30:36 **** Incremental Build of configuration Nios II for project lm35 ****
make all 
Info: Building ../lm35_bsp/
D:/FPGA/nios2eds/bin/gnu/H-x86_64-mingw32/bin/make --no-print-directory -C ../lm35_bsp/
[BSP build complete]
Info: Compiling hello_world.c to obj/default/hello_world.o
nios2-elf-gcc -xc -MP -MMD -c -I../lm35_bsp//HAL/inc -I../lm35_bsp/ -I../lm35_bsp//drivers/inc  -pipe -D__hal__ -DALT_NO_INSTRUCTION_EMULATION -DALT_SINGLE_THREADED    -O0 -g -Wall   -mno-hw-div -mno-hw-mul -mno-hw-mulx -mgpopt=global  -o obj/default/hello_world.o hello_world.c
hello_world.c: In function 'main':
hello_world.c:127:19: warning: passing argument 1 of 'rs232_write_str' from incompatible pointer type [-Wincompatible-pointer-types]
   rs232_write_str(rs232_dev, finaloutput, 5);
                   ^
hello_world.c:25:6: note: expected 'alt_fd * {aka struct alt_fd_s *}' but argument is of type 'alt_up_rs232_dev * {aka struct alt_up_rs232_dev *}'
 void rs232_write_str(alt_fd* fd, char *ptr, int len);
      ^
hello_world.c: In function 'rs232_read_str':
hello_world.c:141:30: warning: passing argument 1 of 'alt_up_rs232_read_data' from incompatible pointer type [-Wincompatible-pointer-types]
   if (alt_up_rs232_read_data(fd, (alt_u8 *)ptr++, &parity_error)==0)
                              ^
In file included from hello_world.c:22:0:
../lm35_bsp//drivers/inc/altera_up_avalon_rs232.h:129:5: note: expected 'alt_up_rs232_dev * {aka struct alt_up_rs232_dev *}' but argument is of type 'alt_fd * {aka struct alt_fd_s *}'
 int alt_up_rs232_read_data(alt_up_rs232_dev *rs232, alt_u8 *data, alt_u8 *parity_error);
     ^
hello_world.c: In function 'rs232_write_str':
hello_world.c:159:31: warning: passing argument 1 of 'alt_up_rs232_write_data' from incompatible pointer type [-Wincompatible-pointer-types]
   if (alt_up_rs232_write_data(fd, *ptr)==0)
                               ^
In file included from hello_world.c:22:0:
../lm35_bsp//drivers/inc/altera_up_avalon_rs232.h:114:5: note: expected 'alt_up_rs232_dev * {aka struct alt_up_rs232_dev *}' but argument is of type 'alt_fd * {aka struct alt_fd_s *}'
 int alt_up_rs232_write_data(alt_up_rs232_dev *rs232, alt_u8 data);
     ^
Info: Linking lm35.elf
nios2-elf-g++  -T'../lm35_bsp//linker.x' -msys-crt0='../lm35_bsp//obj/HAL/src/crt0.o' -msys-lib=hal_bsp -L../lm35_bsp/   -Wl,-Map=lm35.map   -O0 -g -Wall   -mno-hw-div -mno-hw-mul -mno-hw-mulx -mgpopt=global  -o lm35.elf obj/default/hello_world.o -lm -msys-lib=m
nios2-elf-insert lm35.elf --thread_model hal --cpu_name CPU --qsys true --simulation_enabled false --id 0 --sidp 0x81118 --timestamp 1730797485 --stderr_dev DEBUG --stdin_dev DEBUG --stdout_dev DEBUG --sopc_system_name I2C --quartus_project_dir "D:/2024/FPGA/codeFPGA_NIOS2/Bai6-I2C-ADS1115-BLUE" --jdi ../..//output_files/I2C.jdi --sopcinfo D:/2024/FPGA/codeFPGA_NIOS2/Bai6-I2C-ADS1115-BLUE/software/lm35_bsp/../../I2C.sopcinfo
Info: (lm35.elf) 96 KBytes program size (code + initialized data).
Info:            96 KBytes free for stack + heap.
Info: Creating lm35.objdump
nios2-elf-objdump --disassemble --syms --all-header --source lm35.elf >lm35.objdump
[lm35 build complete]
16:31:36 **** Incremental Build of configuration Nios II for project lm35 ****
make all 
Info: Building ../lm35_bsp/
D:/FPGA/nios2eds/bin/gnu/H-x86_64-mingw32/bin/make --no-print-directory -C ../lm35_bsp/
[BSP build complete]
Info: Compiling hello_world.c to obj/default/hello_world.o
nios2-elf-gcc -xc -MP -MMD -c -I../lm35_bsp//HAL/inc -I../lm35_bsp/ -I../lm35_bsp//drivers/inc  -pipe -D__hal__ -DALT_NO_INSTRUCTION_EMULATION -DALT_SINGLE_THREADED    -O0 -g -Wall   -mno-hw-div -mno-hw-mul -mno-hw-mulx -mgpopt=global  -o obj/default/hello_world.o hello_world.c
hello_world.c: In function 'main':
hello_world.c:127:19: warning: passing argument 1 of 'rs232_write_str' from incompatible pointer type [-Wincompatible-pointer-types]
   rs232_write_str(rs232_dev, finaloutput, 5);
                   ^
hello_world.c:25:6: note: expected 'alt_fd * {aka struct alt_fd_s *}' but argument is of type 'alt_up_rs232_dev * {aka struct alt_up_rs232_dev *}'
 void rs232_write_str(alt_fd* fd, char *ptr, int len);
      ^
hello_world.c: In function 'rs232_read_str':
hello_world.c:141:30: warning: passing argument 1 of 'alt_up_rs232_read_data' from incompatible pointer type [-Wincompatible-pointer-types]
   if (alt_up_rs232_read_data(fd, (alt_u8 *)ptr++, &parity_error)==0)
                              ^
In file included from hello_world.c:22:0:
../lm35_bsp//drivers/inc/altera_up_avalon_rs232.h:129:5: note: expected 'alt_up_rs232_dev * {aka struct alt_up_rs232_dev *}' but argument is of type 'alt_fd * {aka struct alt_fd_s *}'
 int alt_up_rs232_read_data(alt_up_rs232_dev *rs232, alt_u8 *data, alt_u8 *parity_error);
     ^
hello_world.c: In function 'rs232_write_str':
hello_world.c:159:31: warning: passing argument 1 of 'alt_up_rs232_write_data' from incompatible pointer type [-Wincompatible-pointer-types]
   if (alt_up_rs232_write_data(fd, *ptr)==0)
                               ^
In file included from hello_world.c:22:0:
../lm35_bsp//drivers/inc/altera_up_avalon_rs232.h:114:5: note: expected 'alt_up_rs232_dev * {aka struct alt_up_rs232_dev *}' but argument is of type 'alt_fd * {aka struct alt_fd_s *}'
 int alt_up_rs232_write_data(alt_up_rs232_dev *rs232, alt_u8 data);
     ^
Info: Linking lm35.elf
nios2-elf-g++  -T'../lm35_bsp//linker.x' -msys-crt0='../lm35_bsp//obj/HAL/src/crt0.o' -msys-lib=hal_bsp -L../lm35_bsp/   -Wl,-Map=lm35.map   -O0 -g -Wall   -mno-hw-div -mno-hw-mul -mno-hw-mulx -mgpopt=global  -o lm35.elf obj/default/hello_world.o -lm -msys-lib=m
nios2-elf-insert lm35.elf --thread_model hal --cpu_name CPU --qsys true --simulation_enabled false --id 0 --sidp 0x81118 --timestamp 1730797485 --stderr_dev DEBUG --stdin_dev DEBUG --stdout_dev DEBUG --sopc_system_name I2C --quartus_project_dir "D:/2024/FPGA/codeFPGA_NIOS2/Bai6-I2C-ADS1115-BLUE" --jdi ../..//output_files/I2C.jdi --sopcinfo D:/2024/FPGA/codeFPGA_NIOS2/Bai6-I2C-ADS1115-BLUE/software/lm35_bsp/../../I2C.sopcinfo
Info: (lm35.elf) 96 KBytes program size (code + initialized data).
Info:            96 KBytes free for stack + heap.
Info: Creating lm35.objdump
nios2-elf-objdump --disassemble --syms --all-header --source lm35.elf >lm35.objdump
[lm35 build complete]
16:31:55 **** Incremental Build of configuration Nios II for project lm35 ****
make all 
Info: Building ../lm35_bsp/
D:/FPGA/nios2eds/bin/gnu/H-x86_64-mingw32/bin/make --no-print-directory -C ../lm35_bsp/
[BSP build complete]
Info: Compiling hello_world.c to obj/default/hello_world.o
nios2-elf-gcc -xc -MP -MMD -c -I../lm35_bsp//HAL/inc -I../lm35_bsp/ -I../lm35_bsp//drivers/inc  -pipe -D__hal__ -DALT_NO_INSTRUCTION_EMULATION -DALT_SINGLE_THREADED    -O0 -g -Wall   -mno-hw-div -mno-hw-mul -mno-hw-mulx -mgpopt=global  -o obj/default/hello_world.o hello_world.c
hello_world.c: In function 'main':
hello_world.c:127:19: warning: passing argument 1 of 'rs232_write_str' from incompatible pointer type [-Wincompatible-pointer-types]
   rs232_write_str(rs232_dev, finaloutput, 5);
                   ^
hello_world.c:25:6: note: expected 'alt_fd * {aka struct alt_fd_s *}' but argument is of type 'alt_up_rs232_dev * {aka struct alt_up_rs232_dev *}'
 void rs232_write_str(alt_fd* fd, char *ptr, int len);
      ^
hello_world.c: In function 'rs232_read_str':
hello_world.c:141:30: warning: passing argument 1 of 'alt_up_rs232_read_data' from incompatible pointer type [-Wincompatible-pointer-types]
   if (alt_up_rs232_read_data(fd, (alt_u8 *)ptr++, &parity_error)==0)
                              ^
In file included from hello_world.c:22:0:
../lm35_bsp//drivers/inc/altera_up_avalon_rs232.h:129:5: note: expected 'alt_up_rs232_dev * {aka struct alt_up_rs232_dev *}' but argument is of type 'alt_fd * {aka struct alt_fd_s *}'
 int alt_up_rs232_read_data(alt_up_rs232_dev *rs232, alt_u8 *data, alt_u8 *parity_error);
     ^
hello_world.c: In function 'rs232_write_str':
hello_world.c:159:31: warning: passing argument 1 of 'alt_up_rs232_write_data' from incompatible pointer type [-Wincompatible-pointer-types]
   if (alt_up_rs232_write_data(fd, *ptr)==0)
                               ^
In file included from hello_world.c:22:0:
../lm35_bsp//drivers/inc/altera_up_avalon_rs232.h:114:5: note: expected 'alt_up_rs232_dev * {aka struct alt_up_rs232_dev *}' but argument is of type 'alt_fd * {aka struct alt_fd_s *}'
 int alt_up_rs232_write_data(alt_up_rs232_dev *rs232, alt_u8 data);
     ^
Info: Linking lm35.elf
nios2-elf-g++  -T'../lm35_bsp//linker.x' -msys-crt0='../lm35_bsp//obj/HAL/src/crt0.o' -msys-lib=hal_bsp -L../lm35_bsp/   -Wl,-Map=lm35.map   -O0 -g -Wall   -mno-hw-div -mno-hw-mul -mno-hw-mulx -mgpopt=global  -o lm35.elf obj/default/hello_world.o -lm -msys-lib=m
nios2-elf-insert lm35.elf --thread_model hal --cpu_name CPU --qsys true --simulation_enabled false --id 0 --sidp 0x81118 --timestamp 1730797485 --stderr_dev DEBUG --stdin_dev DEBUG --stdout_dev DEBUG --sopc_system_name I2C --quartus_project_dir "D:/2024/FPGA/codeFPGA_NIOS2/Bai6-I2C-ADS1115-BLUE" --jdi ../..//output_files/I2C.jdi --sopcinfo D:/2024/FPGA/codeFPGA_NIOS2/Bai6-I2C-ADS1115-BLUE/software/lm35_bsp/../../I2C.sopcinfo
Info: (lm35.elf) 98 KBytes program size (code + initialized data).
Info:            95 KBytes free for stack + heap.
Info: Creating lm35.objdump
nios2-elf-objdump --disassemble --syms --all-header --source lm35.elf >lm35.objdump
[lm35 build complete]
16:32:40 **** Incremental Build of configuration Nios II for project lm35 ****
make all 
Info: Building ../lm35_bsp/
D:/FPGA/nios2eds/bin/gnu/H-x86_64-mingw32/bin/make --no-print-directory -C ../lm35_bsp/
[BSP build complete]
Info: Compiling hello_world.c to obj/default/hello_world.o
nios2-elf-gcc -xc -MP -MMD -c -I../lm35_bsp//HAL/inc -I../lm35_bsp/ -I../lm35_bsp//drivers/inc  -pipe -D__hal__ -DALT_NO_INSTRUCTION_EMULATION -DALT_SINGLE_THREADED    -O0 -g -Wall   -mno-hw-div -mno-hw-mul -mno-hw-mulx -mgpopt=global  -o obj/default/hello_world.o hello_world.c
hello_world.c: In function 'main':
hello_world.c:127:19: warning: passing argument 1 of 'rs232_write_str' from incompatible pointer type [-Wincompatible-pointer-types]
   rs232_write_str(rs232_dev, finaloutput, 5);
                   ^
hello_world.c:25:6: note: expected 'alt_fd * {aka struct alt_fd_s *}' but argument is of type 'alt_up_rs232_dev * {aka struct alt_up_rs232_dev *}'
 void rs232_write_str(alt_fd* fd, char *ptr, int len);
      ^
hello_world.c: In function 'rs232_read_str':
hello_world.c:141:30: warning: passing argument 1 of 'alt_up_rs232_read_data' from incompatible pointer type [-Wincompatible-pointer-types]
   if (alt_up_rs232_read_data(fd, (alt_u8 *)ptr++, &parity_error)==0)
                              ^
In file included from hello_world.c:22:0:
../lm35_bsp//drivers/inc/altera_up_avalon_rs232.h:129:5: note: expected 'alt_up_rs232_dev * {aka struct alt_up_rs232_dev *}' but argument is of type 'alt_fd * {aka struct alt_fd_s *}'
 int alt_up_rs232_read_data(alt_up_rs232_dev *rs232, alt_u8 *data, alt_u8 *parity_error);
     ^
hello_world.c: In function 'rs232_write_str':
hello_world.c:159:31: warning: passing argument 1 of 'alt_up_rs232_write_data' from incompatible pointer type [-Wincompatible-pointer-types]
   if (alt_up_rs232_write_data(fd, *ptr)==0)
                               ^
In file included from hello_world.c:22:0:
../lm35_bsp//drivers/inc/altera_up_avalon_rs232.h:114:5: note: expected 'alt_up_rs232_dev * {aka struct alt_up_rs232_dev *}' but argument is of type 'alt_fd * {aka struct alt_fd_s *}'
 int alt_up_rs232_write_data(alt_up_rs232_dev *rs232, alt_u8 data);
     ^
Info: Linking lm35.elf
nios2-elf-g++  -T'../lm35_bsp//linker.x' -msys-crt0='../lm35_bsp//obj/HAL/src/crt0.o' -msys-lib=hal_bsp -L../lm35_bsp/   -Wl,-Map=lm35.map   -O0 -g -Wall   -mno-hw-div -mno-hw-mul -mno-hw-mulx -mgpopt=global  -o lm35.elf obj/default/hello_world.o -lm -msys-lib=m
nios2-elf-insert lm35.elf --thread_model hal --cpu_name CPU --qsys true --simulation_enabled false --id 0 --sidp 0x81118 --timestamp 1730797485 --stderr_dev DEBUG --stdin_dev DEBUG --stdout_dev DEBUG --sopc_system_name I2C --quartus_project_dir "D:/2024/FPGA/codeFPGA_NIOS2/Bai6-I2C-ADS1115-BLUE" --jdi ../..//output_files/I2C.jdi --sopcinfo D:/2024/FPGA/codeFPGA_NIOS2/Bai6-I2C-ADS1115-BLUE/software/lm35_bsp/../../I2C.sopcinfo
Info: (lm35.elf) 98 KBytes program size (code + initialized data).
Info:            95 KBytes free for stack + heap.
Info: Creating lm35.objdump
nios2-elf-objdump --disassemble --syms --all-header --source lm35.elf >lm35.objdump
[lm35 build complete]
16:32:59 **** Incremental Build of configuration Nios II for project lm35 ****
make all 
Info: Building ../lm35_bsp/
D:/FPGA/nios2eds/bin/gnu/H-x86_64-mingw32/bin/make --no-print-directory -C ../lm35_bsp/
[BSP build complete]
Info: Compiling hello_world.c to obj/default/hello_world.o
nios2-elf-gcc -xc -MP -MMD -c -I../lm35_bsp//HAL/inc -I../lm35_bsp/ -I../lm35_bsp//drivers/inc  -pipe -D__hal__ -DALT_NO_INSTRUCTION_EMULATION -DALT_SINGLE_THREADED    -O0 -g -Wall   -mno-hw-div -mno-hw-mul -mno-hw-mulx -mgpopt=global  -o obj/default/hello_world.o hello_world.c
hello_world.c: In function 'main':
hello_world.c:127:19: warning: passing argument 1 of 'rs232_write_str' from incompatible pointer type [-Wincompatible-pointer-types]
   rs232_write_str(rs232_dev, finaloutput, 6);
                   ^
hello_world.c:25:6: note: expected 'alt_fd * {aka struct alt_fd_s *}' but argument is of type 'alt_up_rs232_dev * {aka struct alt_up_rs232_dev *}'
 void rs232_write_str(alt_fd* fd, char *ptr, int len);
      ^
hello_world.c: In function 'rs232_read_str':
hello_world.c:141:30: warning: passing argument 1 of 'alt_up_rs232_read_data' from incompatible pointer type [-Wincompatible-pointer-types]
   if (alt_up_rs232_read_data(fd, (alt_u8 *)ptr++, &parity_error)==0)
                              ^
In file included from hello_world.c:22:0:
../lm35_bsp//drivers/inc/altera_up_avalon_rs232.h:129:5: note: expected 'alt_up_rs232_dev * {aka struct alt_up_rs232_dev *}' but argument is of type 'alt_fd * {aka struct alt_fd_s *}'
 int alt_up_rs232_read_data(alt_up_rs232_dev *rs232, alt_u8 *data, alt_u8 *parity_error);
     ^
hello_world.c: In function 'rs232_write_str':
hello_world.c:159:31: warning: passing argument 1 of 'alt_up_rs232_write_data' from incompatible pointer type [-Wincompatible-pointer-types]
   if (alt_up_rs232_write_data(fd, *ptr)==0)
                               ^
In file included from hello_world.c:22:0:
../lm35_bsp//drivers/inc/altera_up_avalon_rs232.h:114:5: note: expected 'alt_up_rs232_dev * {aka struct alt_up_rs232_dev *}' but argument is of type 'alt_fd * {aka struct alt_fd_s *}'
 int alt_up_rs232_write_data(alt_up_rs232_dev *rs232, alt_u8 data);
     ^
Info: Linking lm35.elf
nios2-elf-g++  -T'../lm35_bsp//linker.x' -msys-crt0='../lm35_bsp//obj/HAL/src/crt0.o' -msys-lib=hal_bsp -L../lm35_bsp/   -Wl,-Map=lm35.map   -O0 -g -Wall   -mno-hw-div -mno-hw-mul -mno-hw-mulx -mgpopt=global  -o lm35.elf obj/default/hello_world.o -lm -msys-lib=m
nios2-elf-insert lm35.elf --thread_model hal --cpu_name CPU --qsys true --simulation_enabled false --id 0 --sidp 0x81118 --timestamp 1730797485 --stderr_dev DEBUG --stdin_dev DEBUG --stdout_dev DEBUG --sopc_system_name I2C --quartus_project_dir "D:/2024/FPGA/codeFPGA_NIOS2/Bai6-I2C-ADS1115-BLUE" --jdi ../..//output_files/I2C.jdi --sopcinfo D:/2024/FPGA/codeFPGA_NIOS2/Bai6-I2C-ADS1115-BLUE/software/lm35_bsp/../../I2C.sopcinfo
Info: (lm35.elf) 98 KBytes program size (code + initialized data).
Info:            95 KBytes free for stack + heap.
Info: Creating lm35.objdump
nios2-elf-objdump --disassemble --syms --all-header --source lm35.elf >lm35.objdump
[lm35 build complete]
16:33:58 **** Incremental Build of configuration Nios II for project lm35 ****
make all 
Info: Building ../lm35_bsp/
D:/FPGA/nios2eds/bin/gnu/H-x86_64-mingw32/bin/make --no-print-directory -C ../lm35_bsp/
[BSP build complete]
Info: Compiling hello_world.c to obj/default/hello_world.o
nios2-elf-gcc -xc -MP -MMD -c -I../lm35_bsp//HAL/inc -I../lm35_bsp/ -I../lm35_bsp//drivers/inc  -pipe -D__hal__ -DALT_NO_INSTRUCTION_EMULATION -DALT_SINGLE_THREADED    -O0 -g -Wall   -mno-hw-div -mno-hw-mul -mno-hw-mulx -mgpopt=global  -o obj/default/hello_world.o hello_world.c
hello_world.c: In function 'main':
hello_world.c:127:19: warning: passing argument 1 of 'rs232_write_str' from incompatible pointer type [-Wincompatible-pointer-types]
   rs232_write_str(rs232_dev, finaloutput, 8);
                   ^
hello_world.c:25:6: note: expected 'alt_fd * {aka struct alt_fd_s *}' but argument is of type 'alt_up_rs232_dev * {aka struct alt_up_rs232_dev *}'
 void rs232_write_str(alt_fd* fd, char *ptr, int len);
      ^
hello_world.c: In function 'rs232_read_str':
hello_world.c:141:30: warning: passing argument 1 of 'alt_up_rs232_read_data' from incompatible pointer type [-Wincompatible-pointer-types]
   if (alt_up_rs232_read_data(fd, (alt_u8 *)ptr++, &parity_error)==0)
                              ^
In file included from hello_world.c:22:0:
../lm35_bsp//drivers/inc/altera_up_avalon_rs232.h:129:5: note: expected 'alt_up_rs232_dev * {aka struct alt_up_rs232_dev *}' but argument is of type 'alt_fd * {aka struct alt_fd_s *}'
 int alt_up_rs232_read_data(alt_up_rs232_dev *rs232, alt_u8 *data, alt_u8 *parity_error);
     ^
hello_world.c: In function 'rs232_write_str':
hello_world.c:159:31: warning: passing argument 1 of 'alt_up_rs232_write_data' from incompatible pointer type [-Wincompatible-pointer-types]
   if (alt_up_rs232_write_data(fd, *ptr)==0)
                               ^
In file included from hello_world.c:22:0:
../lm35_bsp//drivers/inc/altera_up_avalon_rs232.h:114:5: note: expected 'alt_up_rs232_dev * {aka struct alt_up_rs232_dev *}' but argument is of type 'alt_fd * {aka struct alt_fd_s *}'
 int alt_up_rs232_write_data(alt_up_rs232_dev *rs232, alt_u8 data);
     ^
Info: Linking lm35.elf
nios2-elf-g++  -T'../lm35_bsp//linker.x' -msys-crt0='../lm35_bsp//obj/HAL/src/crt0.o' -msys-lib=hal_bsp -L../lm35_bsp/   -Wl,-Map=lm35.map   -O0 -g -Wall   -mno-hw-div -mno-hw-mul -mno-hw-mulx -mgpopt=global  -o lm35.elf obj/default/hello_world.o -lm -msys-lib=m
nios2-elf-insert lm35.elf --thread_model hal --cpu_name CPU --qsys true --simulation_enabled false --id 0 --sidp 0x81118 --timestamp 1730797485 --stderr_dev DEBUG --stdin_dev DEBUG --stdout_dev DEBUG --sopc_system_name I2C --quartus_project_dir "D:/2024/FPGA/codeFPGA_NIOS2/Bai6-I2C-ADS1115-BLUE" --jdi ../..//output_files/I2C.jdi --sopcinfo D:/2024/FPGA/codeFPGA_NIOS2/Bai6-I2C-ADS1115-BLUE/software/lm35_bsp/../../I2C.sopcinfo
Info: (lm35.elf) 98 KBytes program size (code + initialized data).
Info:            95 KBytes free for stack + heap.
Info: Creating lm35.objdump
nios2-elf-objdump --disassemble --syms --all-header --source lm35.elf >lm35.objdump
[lm35 build complete]
07:46:09 **** Build of configuration Nios II for project lm35 ****
make all 
Info: Building ../lm35_bsp/
D:/FPGA/nios2eds/bin/gnu/H-x86_64-mingw32/bin/make --no-print-directory -C ../lm35_bsp/
[BSP build complete]
Info: Compiling hello_world.c to obj/default/hello_world.o
nios2-elf-gcc -xc -MP -MMD -c -I../lm35_bsp//HAL/inc -I../lm35_bsp/ -I../lm35_bsp//drivers/inc  -pipe -D__hal__ -DALT_NO_INSTRUCTION_EMULATION -DALT_SINGLE_THREADED    -O0 -g -Wall   -mno-hw-div -mno-hw-mul -mno-hw-mulx -mgpopt=global  -o obj/default/hello_world.o hello_world.c
hello_world.c: In function 'main':
hello_world.c:127:19: warning: passing argument 1 of 'rs232_write_str' from incompatible pointer type [-Wincompatible-pointer-types]
   rs232_write_str(rs232_dev, finaloutput, 8);
                   ^
hello_world.c:25:6: note: expected 'alt_fd * {aka struct alt_fd_s *}' but argument is of type 'alt_up_rs232_dev * {aka struct alt_up_rs232_dev *}'
 void rs232_write_str(alt_fd* fd, char *ptr, int len);
      ^
hello_world.c: In function 'rs232_read_str':
hello_world.c:142:30: warning: passing argument 1 of 'alt_up_rs232_read_data' from incompatible pointer type [-Wincompatible-pointer-types]
   if (alt_up_rs232_read_data(fd, (alt_u8 *)ptr++, &parity_error)==0)
                              ^
In file included from hello_world.c:22:0:
../lm35_bsp//drivers/inc/altera_up_avalon_rs232.h:129:5: note: expected 'alt_up_rs232_dev * {aka struct alt_up_rs232_dev *}' but argument is of type 'alt_fd * {aka struct alt_fd_s *}'
 int alt_up_rs232_read_data(alt_up_rs232_dev *rs232, alt_u8 *data, alt_u8 *parity_error);
     ^
hello_world.c: In function 'rs232_write_str':
hello_world.c:160:31: warning: passing argument 1 of 'alt_up_rs232_write_data' from incompatible pointer type [-Wincompatible-pointer-types]
   if (alt_up_rs232_write_data(fd, *ptr)==0)
                               ^
In file included from hello_world.c:22:0:
../lm35_bsp//drivers/inc/altera_up_avalon_rs232.h:114:5: note: expected 'alt_up_rs232_dev * {aka struct alt_up_rs232_dev *}' but argument is of type 'alt_fd * {aka struct alt_fd_s *}'
 int alt_up_rs232_write_data(alt_up_rs232_dev *rs232, alt_u8 data);
     ^
Info: Linking lm35.elf
nios2-elf-g++  -T'../lm35_bsp//linker.x' -msys-crt0='../lm35_bsp//obj/HAL/src/crt0.o' -msys-lib=hal_bsp -L../lm35_bsp/   -Wl,-Map=lm35.map   -O0 -g -Wall   -mno-hw-div -mno-hw-mul -mno-hw-mulx -mgpopt=global  -o lm35.elf obj/default/hello_world.o -lm -msys-lib=m
nios2-elf-insert lm35.elf --thread_model hal --cpu_name CPU --qsys true --simulation_enabled false --id 0 --sidp 0x81118 --timestamp 1730797485 --stderr_dev DEBUG --stdin_dev DEBUG --stdout_dev DEBUG --sopc_system_name I2C --quartus_project_dir "D:/2024/FPGA/codeFPGA_NIOS2/Bai6-I2C-ADS1115-BLUE" --jdi ../..//output_files/I2C.jdi --sopcinfo D:/2024/FPGA/codeFPGA_NIOS2/Bai6-I2C-ADS1115-BLUE/software/lm35_bsp/../../I2C.sopcinfo
Info: (lm35.elf) 98 KBytes program size (code + initialized data).
Info:            95 KBytes free for stack + heap.
Info: Creating lm35.objdump
nios2-elf-objdump --disassemble --syms --all-header --source lm35.elf >lm35.objdump
[lm35 build complete]
07:46:16 **** Incremental Build of configuration Nios II for project lm35 ****
make all 
Info: Building ../lm35_bsp/
D:/FPGA/nios2eds/bin/gnu/H-x86_64-mingw32/bin/make --no-print-directory -C ../lm35_bsp/
[BSP build complete]
[lm35 build complete]
07:50:28 **** Incremental Build of configuration Nios II for project lm35 ****
make all 
Info: Building ../lm35_bsp/
D:/FPGA/nios2eds/bin/gnu/H-x86_64-mingw32/bin/make --no-print-directory -C ../lm35_bsp/
[BSP build complete]
Info: Compiling hello_world.c to obj/default/hello_world.o
nios2-elf-gcc -xc -MP -MMD -c -I../lm35_bsp//HAL/inc -I../lm35_bsp/ -I../lm35_bsp//drivers/inc  -pipe -D__hal__ -DALT_NO_INSTRUCTION_EMULATION -DALT_SINGLE_THREADED    -O0 -g -Wall   -mno-hw-div -mno-hw-mul -mno-hw-mulx -mgpopt=global  -o obj/default/hello_world.o hello_world.c
hello_world.c: In function 'main':
hello_world.c:129:19: warning: passing argument 1 of 'rs232_write_str' from incompatible pointer type [-Wincompatible-pointer-types]
   rs232_write_str(rs232_dev, finaloutput, 8);
                   ^
hello_world.c:25:6: note: expected 'alt_fd * {aka struct alt_fd_s *}' but argument is of type 'alt_up_rs232_dev * {aka struct alt_up_rs232_dev *}'
 void rs232_write_str(alt_fd* fd, char *ptr, int len);
      ^
hello_world.c: In function 'rs232_read_str':
hello_world.c:144:30: warning: passing argument 1 of 'alt_up_rs232_read_data' from incompatible pointer type [-Wincompatible-pointer-types]
   if (alt_up_rs232_read_data(fd, (alt_u8 *)ptr++, &parity_error)==0)
                              ^
In file included from hello_world.c:22:0:
../lm35_bsp//drivers/inc/altera_up_avalon_rs232.h:129:5: note: expected 'alt_up_rs232_dev * {aka struct alt_up_rs232_dev *}' but argument is of type 'alt_fd * {aka struct alt_fd_s *}'
 int alt_up_rs232_read_data(alt_up_rs232_dev *rs232, alt_u8 *data, alt_u8 *parity_error);
     ^
hello_world.c: In function 'rs232_write_str':
hello_world.c:162:31: warning: passing argument 1 of 'alt_up_rs232_write_data' from incompatible pointer type [-Wincompatible-pointer-types]
   if (alt_up_rs232_write_data(fd, *ptr)==0)
                               ^
In file included from hello_world.c:22:0:
../lm35_bsp//drivers/inc/altera_up_avalon_rs232.h:114:5: note: expected 'alt_up_rs232_dev * {aka struct alt_up_rs232_dev *}' but argument is of type 'alt_fd * {aka struct alt_fd_s *}'
 int alt_up_rs232_write_data(alt_up_rs232_dev *rs232, alt_u8 data);
     ^
Info: Linking lm35.elf
nios2-elf-g++  -T'../lm35_bsp//linker.x' -msys-crt0='../lm35_bsp//obj/HAL/src/crt0.o' -msys-lib=hal_bsp -L../lm35_bsp/   -Wl,-Map=lm35.map   -O0 -g -Wall   -mno-hw-div -mno-hw-mul -mno-hw-mulx -mgpopt=global  -o lm35.elf obj/default/hello_world.o -lm -msys-lib=m
nios2-elf-insert lm35.elf --thread_model hal --cpu_name CPU --qsys true --simulation_enabled false --id 0 --sidp 0x81118 --timestamp 1730797485 --stderr_dev DEBUG --stdin_dev DEBUG --stdout_dev DEBUG --sopc_system_name I2C --quartus_project_dir "D:/2024/FPGA/codeFPGA_NIOS2/Bai6-I2C-ADS1115-BLUE" --jdi ../..//output_files/I2C.jdi --sopcinfo D:/2024/FPGA/codeFPGA_NIOS2/Bai6-I2C-ADS1115-BLUE/software/lm35_bsp/../../I2C.sopcinfo
Info: (lm35.elf) 98 KBytes program size (code + initialized data).
Info:            95 KBytes free for stack + heap.
Info: Creating lm35.objdump
nios2-elf-objdump --disassemble --syms --all-header --source lm35.elf >lm35.objdump
[lm35 build complete]
