Info: Starting: Create block symbol file (.bsf)
Info: qsys-generate C:\Users\DELL\Desktop\SDCard-Audio\cpu.qsys --block-symbol-file --output-directory=C:\Users\DELL\Desktop\SDCard-Audio\cpu --family="Cyclone IV E" --part=EP4CE115F29C7
Progress: Loading SDCard-Audio/cpu.qsys
Progress: Reading input file
Progress: Adding CPU [altera_nios2_gen2 17.1]
Progress: Parameterizing module CPU
Progress: Adding DEBUG [altera_avalon_jtag_uart 17.1]
Progress: Parameterizing module DEBUG
Progress: Adding FIFO [altera_avalon_fifo 17.1]
Progress: Parameterizing module FIFO
Progress: Adding RAM [altera_avalon_onchip_memory2 17.1]
Progress: Parameterizing module RAM
Progress: Adding SDCard [Altera_UP_SD_Card_Avalon_Interface 17.1]
Progress: Parameterizing module SDCard
Progress: Adding clk_0 [clock_source 17.1]
Progress: Parameterizing module clk_0
Progress: Adding clock_bridge_0 [altera_clock_bridge 17.1]
Progress: Parameterizing module clock_bridge_0
Progress: Building connections
Progress: Parameterizing connections
Progress: Validating
Progress: Done reading input file
Info: cpu.DEBUG: JTAG UART IP input clock need to be at least double (2x) the operating frequency of JTAG TCK on board
Info: cpu.FIFO: For Avalon-ST and Avalon-MM combinations, data width is 32 bits.
Info: qsys-generate succeeded.
Info: Finished: Create block symbol file (.bsf)
Info: 
Info: Starting: Create HDL design files for synthesis
Info: qsys-generate C:\Users\DELL\Desktop\SDCard-Audio\cpu.qsys --synthesis=VERILOG --output-directory=C:\Users\DELL\Desktop\SDCard-Audio\cpu\synthesis --family="Cyclone IV E" --part=EP4CE115F29C7
Progress: Loading SDCard-Audio/cpu.qsys
Progress: Reading input file
Progress: Adding CPU [altera_nios2_gen2 17.1]
Progress: Parameterizing module CPU
Progress: Adding DEBUG [altera_avalon_jtag_uart 17.1]
Progress: Parameterizing module DEBUG
Progress: Adding FIFO [altera_avalon_fifo 17.1]
Progress: Parameterizing module FIFO
Progress: Adding RAM [altera_avalon_onchip_memory2 17.1]
Progress: Parameterizing module RAM
Progress: Adding SDCard [Altera_UP_SD_Card_Avalon_Interface 17.1]
Progress: Parameterizing module SDCard
Progress: Adding clk_0 [clock_source 17.1]
Progress: Parameterizing module clk_0
Progress: Adding clock_bridge_0 [altera_clock_bridge 17.1]
Progress: Parameterizing module clock_bridge_0
Progress: Building connections
Progress: Parameterizing connections
Progress: Validating
Progress: Done reading input file
Info: cpu.DEBUG: JTAG UART IP input clock need to be at least double (2x) the operating frequency of JTAG TCK on board
Info: cpu.FIFO: For Avalon-ST and Avalon-MM combinations, data width is 32 bits.
Info: cpu: Generating cpu "cpu" for QUARTUS_SYNTH
Info: Inserting clock-crossing logic between cmd_demux.src5 and cmd_mux_005.sink0
Info: Inserting clock-crossing logic between rsp_demux_005.src0 and rsp_mux.sink5
Info: CPU: "cpu" instantiated altera_nios2_gen2 "CPU"
Info: DEBUG: Starting RTL generation for module 'cpu_DEBUG'
Info: DEBUG:   Generation command is [exec C:/intelfpga_lite/17.1/quartus/bin64/perl/bin/perl.exe -I C:/intelfpga_lite/17.1/quartus/bin64/perl/lib -I C:/intelfpga_lite/17.1/quartus/sopc_builder/bin/europa -I C:/intelfpga_lite/17.1/quartus/sopc_builder/bin/perl_lib -I C:/intelfpga_lite/17.1/quartus/sopc_builder/bin -I C:/intelfpga_lite/17.1/quartus/../ip/altera/sopc_builder_ip/common -I C:/intelfpga_lite/17.1/quartus/../ip/altera/sopc_builder_ip/altera_avalon_jtag_uart -- C:/intelfpga_lite/17.1/quartus/../ip/altera/sopc_builder_ip/altera_avalon_jtag_uart/generate_rtl.pl --name=cpu_DEBUG --dir=C:/Users/DELL/AppData/Local/Temp/alt0536_6748911031245997808.dir/0006_DEBUG_gen/ --quartus_dir=C:/intelfpga_lite/17.1/quartus --verilog --config=C:/Users/DELL/AppData/Local/Temp/alt0536_6748911031245997808.dir/0006_DEBUG_gen//cpu_DEBUG_component_configuration.pl  --do_build_sim=0  ]
Info: DEBUG: Done RTL generation for module 'cpu_DEBUG'
Info: DEBUG: "cpu" instantiated altera_avalon_jtag_uart "DEBUG"
Info: FIFO: Starting RTL generation for module 'cpu_FIFO'
Info: FIFO:   Generation command is [exec C:/intelfpga_lite/17.1/quartus/bin64/perl/bin/perl.exe -I C:/intelfpga_lite/17.1/quartus/bin64/perl/lib -I C:/intelfpga_lite/17.1/quartus/sopc_builder/bin/europa -I C:/intelfpga_lite/17.1/quartus/sopc_builder/bin/perl_lib -I C:/intelfpga_lite/17.1/quartus/sopc_builder/bin -I C:/intelfpga_lite/17.1/quartus/../ip/altera/sopc_builder_ip/common -I C:/intelfpga_lite/17.1/quartus/../ip/altera/sopc_builder_ip/altera_avalon_fifo -- C:/intelfpga_lite/17.1/quartus/../ip/altera/sopc_builder_ip/altera_avalon_fifo/generate_rtl.pl --name=cpu_FIFO --dir=C:/Users/DELL/AppData/Local/Temp/alt0536_6748911031245997808.dir/0007_FIFO_gen/ --quartus_dir=C:/intelfpga_lite/17.1/quartus --verilog --config=C:/Users/DELL/AppData/Local/Temp/alt0536_6748911031245997808.dir/0007_FIFO_gen//cpu_FIFO_component_configuration.pl  --do_build_sim=0  ]
Info: FIFO: Done RTL generation for module 'cpu_FIFO'
Info: FIFO: "cpu" instantiated altera_avalon_fifo "FIFO"
Info: RAM: Starting RTL generation for module 'cpu_RAM'
Info: RAM:   Generation command is [exec C:/intelfpga_lite/17.1/quartus/bin64/perl/bin/perl.exe -I C:/intelfpga_lite/17.1/quartus/bin64/perl/lib -I C:/intelfpga_lite/17.1/quartus/sopc_builder/bin/europa -I C:/intelfpga_lite/17.1/quartus/sopc_builder/bin/perl_lib -I C:/intelfpga_lite/17.1/quartus/sopc_builder/bin -I C:/intelfpga_lite/17.1/quartus/../ip/altera/sopc_builder_ip/common -I C:/intelfpga_lite/17.1/quartus/../ip/altera/sopc_builder_ip/altera_avalon_onchip_memory2 -- C:/intelfpga_lite/17.1/quartus/../ip/altera/sopc_builder_ip/altera_avalon_onchip_memory2/generate_rtl.pl --name=cpu_RAM --dir=C:/Users/DELL/AppData/Local/Temp/alt0536_6748911031245997808.dir/0008_RAM_gen/ --quartus_dir=C:/intelfpga_lite/17.1/quartus --verilog --config=C:/Users/DELL/AppData/Local/Temp/alt0536_6748911031245997808.dir/0008_RAM_gen//cpu_RAM_component_configuration.pl  --do_build_sim=0  ]
Info: RAM: Done RTL generation for module 'cpu_RAM'
Info: RAM: "cpu" instantiated altera_avalon_onchip_memory2 "RAM"
Info: SDCard: "cpu" instantiated Altera_UP_SD_Card_Avalon_Interface "SDCard"
Info: avalon_st_adapter: Inserting error_adapter: error_adapter_0
Info: avalon_st_adapter_001: Inserting error_adapter: error_adapter_0
Info: avalon_st_adapter_002: Inserting error_adapter: error_adapter_0
Info: avalon_st_adapter_003: Inserting error_adapter: error_adapter_0
Info: avalon_st_adapter_004: Inserting error_adapter: error_adapter_0
Info: avalon_st_adapter_005: Inserting error_adapter: error_adapter_0
Info: avalon_st_adapter_006: Inserting error_adapter: error_adapter_0
Info: mm_interconnect_0: "cpu" instantiated altera_mm_interconnect "mm_interconnect_0"
Info: irq_mapper: "cpu" instantiated altera_irq_mapper "irq_mapper"
Info: rst_controller: "cpu" instantiated altera_reset_controller "rst_controller"
Info: cpu: Starting RTL generation for module 'cpu_CPU_cpu'
Info: cpu:   Generation command is [exec C:/intelFPGA_lite/17.1/quartus/bin64//eperlcmd.exe -I C:/intelFPGA_lite/17.1/quartus/bin64//perl/lib -I C:/intelfpga_lite/17.1/quartus/sopc_builder/bin/europa -I C:/intelfpga_lite/17.1/quartus/sopc_builder/bin/perl_lib -I C:/intelfpga_lite/17.1/quartus/sopc_builder/bin -I C:/intelfpga_lite/17.1/quartus/../ip/altera/nios2_ip/altera_nios2_gen2/cpu_lib -I C:/intelfpga_lite/17.1/quartus/../ip/altera/nios2_ip/altera_nios2_gen2/nios_lib -I C:/intelfpga_lite/17.1/quartus/../ip/altera/nios2_ip/altera_nios2_gen2 -I C:/intelfpga_lite/17.1/quartus/../ip/altera/nios2_ip/altera_nios2_gen2 -- C:/intelfpga_lite/17.1/quartus/../ip/altera/nios2_ip/altera_nios2_gen2/generate_rtl.epl --name=cpu_CPU_cpu --dir=C:/Users/DELL/AppData/Local/Temp/alt0536_6748911031245997808.dir/0011_cpu_gen/ --quartus_bindir=C:/intelFPGA_lite/17.1/quartus/bin64/ --verilog --config=C:/Users/DELL/AppData/Local/Temp/alt0536_6748911031245997808.dir/0011_cpu_gen//cpu_CPU_cpu_processor_configuration.pl  --do_build_sim=0  ]
Info: cpu: # 2026.03.24 15:10:25 (*) Starting Nios II generation
Info: cpu: # 2026.03.24 15:10:25 (*)   Checking for plaintext license.
Info: cpu: # 2026.03.24 15:10:25 (*)   Couldn't query license setup in Quartus directory C:/intelFPGA_lite/17.1/quartus/bin64/
Info: cpu: # 2026.03.24 15:10:25 (*)   Defaulting to contents of LM_LICENSE_FILE environment variable
Info: cpu: # 2026.03.24 15:10:25 (*)   LM_LICENSE_FILE environment variable is empty
Info: cpu: # 2026.03.24 15:10:25 (*)   Plaintext license not found.
Info: cpu: # 2026.03.24 15:10:25 (*)   No license required to generate encrypted Nios II/e.
Info: cpu: # 2026.03.24 15:10:25 (*)   Elaborating CPU configuration settings
Info: cpu: # 2026.03.24 15:10:25 (*)   Creating all objects for CPU
Info: cpu: # 2026.03.24 15:10:26 (*)   Generating RTL from CPU objects
Info: cpu: # 2026.03.24 15:10:26 (*)   Creating plain-text RTL
Info: cpu: # 2026.03.24 15:10:27 (*) Done Nios II generation
Info: cpu: Done RTL generation for module 'cpu_CPU_cpu'
Info: cpu: "CPU" instantiated altera_nios2_gen2_unit "cpu"
Info: CPU_data_master_translator: "mm_interconnect_0" instantiated altera_merlin_master_translator "CPU_data_master_translator"
Info: DEBUG_avalon_jtag_slave_translator: "mm_interconnect_0" instantiated altera_merlin_slave_translator "DEBUG_avalon_jtag_slave_translator"
Info: CPU_data_master_agent: "mm_interconnect_0" instantiated altera_merlin_master_agent "CPU_data_master_agent"
Info: DEBUG_avalon_jtag_slave_agent: "mm_interconnect_0" instantiated altera_merlin_slave_agent "DEBUG_avalon_jtag_slave_agent"
Info: DEBUG_avalon_jtag_slave_agent_rsp_fifo: "mm_interconnect_0" instantiated altera_avalon_sc_fifo "DEBUG_avalon_jtag_slave_agent_rsp_fifo"
Info: router: "mm_interconnect_0" instantiated altera_merlin_router "router"
Info: router_001: "mm_interconnect_0" instantiated altera_merlin_router "router_001"
Info: router_002: "mm_interconnect_0" instantiated altera_merlin_router "router_002"
Info: router_003: "mm_interconnect_0" instantiated altera_merlin_router "router_003"
Info: cmd_demux: "mm_interconnect_0" instantiated altera_merlin_demultiplexer "cmd_demux"
Info: cmd_demux_001: "mm_interconnect_0" instantiated altera_merlin_demultiplexer "cmd_demux_001"
Info: cmd_mux: "mm_interconnect_0" instantiated altera_merlin_multiplexer "cmd_mux"
Info: cmd_mux_001: "mm_interconnect_0" instantiated altera_merlin_multiplexer "cmd_mux_001"
Info: Reusing file C:/Users/DELL/Desktop/SDCard-Audio/cpu/synthesis/submodules/altera_merlin_arbitrator.sv
Info: rsp_demux: "mm_interconnect_0" instantiated altera_merlin_demultiplexer "rsp_demux"
Info: rsp_demux_001: "mm_interconnect_0" instantiated altera_merlin_demultiplexer "rsp_demux_001"
Info: rsp_demux_005: "mm_interconnect_0" instantiated altera_merlin_demultiplexer "rsp_demux_005"
Info: rsp_mux: "mm_interconnect_0" instantiated altera_merlin_multiplexer "rsp_mux"
Info: Reusing file C:/Users/DELL/Desktop/SDCard-Audio/cpu/synthesis/submodules/altera_merlin_arbitrator.sv
Info: rsp_mux_001: "mm_interconnect_0" instantiated altera_merlin_multiplexer "rsp_mux_001"
Info: Reusing file C:/Users/DELL/Desktop/SDCard-Audio/cpu/synthesis/submodules/altera_merlin_arbitrator.sv
Info: crosser: "mm_interconnect_0" instantiated altera_avalon_st_handshake_clock_crosser "crosser"
Info: avalon_st_adapter: "mm_interconnect_0" instantiated altera_avalon_st_adapter "avalon_st_adapter"
Info: error_adapter_0: "avalon_st_adapter" instantiated error_adapter "error_adapter_0"
Info: cpu: Done "cpu" with 31 modules, 59 files
Info: qsys-generate succeeded.
Info: Finished: Create HDL design files for synthesis
