Flow report for sdCardControl
Thu Oct 24 10:21:52 2024
Quartus Prime Version 17.1.0 Build 590 10/25/2017 SJ Lite Edition


---------------------
; Table of Contents ;
---------------------
  1. Legal Notice
  2. Flow Summary
  3. Flow Settings
  4. Flow Non-Default Global Settings
  5. Flow Elapsed Time
  6. Flow OS Summary
  7. Flow Log
  8. Flow Messages
  9. Flow Suppressed Messages



----------------
; Legal Notice ;
----------------
Copyright (C) 2017  Intel Corporation. All rights reserved.
Your use of Intel Corporation's design tools, logic functions 
and other software and tools, and its AMPP partner logic 
functions, and any output files from any of the foregoing 
(including device programming or simulation files), and any 
associated documentation or information are expressly subject 
to the terms and conditions of the Intel Program License 
Subscription Agreement, the Intel Quartus Prime License Agreement,
the Intel FPGA IP License Agreement, or other applicable license
agreement, including, without limitation, that your use is for
the sole purpose of programming logic devices manufactured by
Intel and sold by Intel or its authorized distributors.  Please
refer to the applicable agreement for further details.



+----------------------------------------------------------------------------------+
; Flow Summary                                                                     ;
+------------------------------------+---------------------------------------------+
; Flow Status                        ; Successful - Thu Oct 24 10:21:48 2024       ;
; Quartus Prime Version              ; 17.1.0 Build 590 10/25/2017 SJ Lite Edition ;
; Revision Name                      ; sdCardControl                               ;
; Top-level Entity Name              ; sdCardControl                               ;
; Family                             ; Cyclone IV E                                ;
; Device                             ; EP4CE115F29C7                               ;
; Timing Models                      ; Final                                       ;
; Total logic elements               ; 3,311 / 114,480 ( 3 % )                     ;
;     Total combinational functions  ; 2,999 / 114,480 ( 3 % )                     ;
;     Dedicated logic registers      ; 1,799 / 114,480 ( 2 % )                     ;
; Total registers                    ; 1799                                        ;
; Total pins                         ; 6 / 529 ( 1 % )                             ;
; Total virtual pins                 ; 0                                           ;
; Total memory bits                  ; 1,653,760 / 3,981,312 ( 42 % )              ;
; Embedded Multiplier 9-bit elements ; 0 / 532 ( 0 % )                             ;
; Total PLLs                         ; 0 / 4 ( 0 % )                               ;
+------------------------------------+---------------------------------------------+


+-----------------------------------------+
; Flow Settings                           ;
+-------------------+---------------------+
; Option            ; Setting             ;
+-------------------+---------------------+
; Start date & time ; 10/24/2024 10:20:29 ;
; Main task         ; Compilation         ;
; Revision Name     ; sdCardControl       ;
+-------------------+---------------------+


+-------------------------------------------------------------------------------------------------------------------------------------------+
; Flow Non-Default Global Settings                                                                                                          ;
+-------------------------------------+----------------------------------------------------------+---------------+-------------+------------+
; Assignment Name                     ; Value                                                    ; Default Value ; Entity Name ; Section Id ;
+-------------------------------------+----------------------------------------------------------+---------------+-------------+------------+
; COMPILER_SIGNATURE_ID               ; 2545931656683.172974002907536                            ; --            ; --          ; --         ;
; MAX_CORE_JUNCTION_TEMP              ; 85                                                       ; --            ; --          ; --         ;
; MIN_CORE_JUNCTION_TEMP              ; 0                                                        ; --            ; --          ; --         ;
; MISC_FILE                           ; SDCard/synthesis/../SDCard.cmp                           ; --            ; --          ; --         ;
; MISC_FILE                           ; SDCard/synthesis/../../SDCard.qsys                       ; --            ; --          ; --         ;
; NOMINAL_CORE_SUPPLY_VOLTAGE         ; 1.2V                                                     ; --            ; --          ; --         ;
; PARTITION_COLOR                     ; -- (Not supported for targeted family)                   ; --            ; --          ; Top        ;
; PARTITION_FITTER_PRESERVATION_LEVEL ; -- (Not supported for targeted family)                   ; --            ; --          ; Top        ;
; PARTITION_NETLIST_TYPE              ; -- (Not supported for targeted family)                   ; --            ; --          ; Top        ;
; POWER_BOARD_THERMAL_MODEL           ; None (CONSERVATIVE)                                      ; --            ; --          ; --         ;
; POWER_PRESET_COOLING_SOLUTION       ; 23 MM HEAT SINK WITH 200 LFPM AIRFLOW                    ; --            ; --          ; --         ;
; PROJECT_OUTPUT_DIRECTORY            ; output_files                                             ; --            ; --          ; --         ;
; SLD_FILE                            ; SDCard/synthesis/SDCard.regmap                           ; --            ; --          ; --         ;
; SLD_FILE                            ; SDCard/synthesis/SDCard.debuginfo                        ; --            ; --          ; --         ;
; SLD_INFO                            ; QSYS_NAME SDCard HAS_SOPCINFO 1 GENERATION_ID 1729738736 ; --            ; SDCard      ; --         ;
; SOPCINFO_FILE                       ; SDCard/synthesis/../../SDCard.sopcinfo                   ; --            ; --          ; --         ;
; SYNTHESIS_ONLY_QIP                  ; On                                                       ; --            ; --          ; --         ;
+-------------------------------------+----------------------------------------------------------+---------------+-------------+------------+


+-------------------------------------------------------------------------------------------------------------------------------+
; Flow Elapsed Time                                                                                                             ;
+---------------------------+--------------+-------------------------+---------------------+------------------------------------+
; Module Name               ; Elapsed Time ; Average Processors Used ; Peak Virtual Memory ; Total CPU Time (on all processors) ;
+---------------------------+--------------+-------------------------+---------------------+------------------------------------+
; Analysis & Synthesis      ; 00:00:58     ; 1.0                     ; 4914 MB             ; 00:00:36                           ;
; Fitter                    ; 00:00:15     ; 1.1                     ; 5774 MB             ; 00:00:13                           ;
; Assembler                 ; 00:00:03     ; 1.0                     ; 4708 MB             ; 00:00:02                           ;
; TimeQuest Timing Analyzer ; 00:00:03     ; 1.2                     ; 4893 MB             ; 00:00:02                           ;
; Total                     ; 00:01:19     ; --                      ; --                  ; 00:00:53                           ;
+---------------------------+--------------+-------------------------+---------------------+------------------------------------+


+-----------------------------------------------------------------------------------------+
; Flow OS Summary                                                                         ;
+---------------------------+------------------+------------+------------+----------------+
; Module Name               ; Machine Hostname ; OS Name    ; OS Version ; Processor type ;
+---------------------------+------------------+------------+------------+----------------+
; Analysis & Synthesis      ; DESKTOP-GR64V7Q  ; Windows 10 ; 10.0       ; x86_64         ;
; Fitter                    ; DESKTOP-GR64V7Q  ; Windows 10 ; 10.0       ; x86_64         ;
; Assembler                 ; DESKTOP-GR64V7Q  ; Windows 10 ; 10.0       ; x86_64         ;
; TimeQuest Timing Analyzer ; DESKTOP-GR64V7Q  ; Windows 10 ; 10.0       ; x86_64         ;
+---------------------------+------------------+------------+------------+----------------+


------------
; Flow Log ;
------------
quartus_map --read_settings_files=on --write_settings_files=off sdCardControl -c sdCardControl
quartus_fit --read_settings_files=off --write_settings_files=off sdCardControl -c sdCardControl
quartus_asm --read_settings_files=off --write_settings_files=off sdCardControl -c sdCardControl
quartus_sta sdCardControl -c sdCardControl



