Info: Starting: Create block symbol file (.bsf)
Info: qsys-generate D:\2024\FPGA-TEST\NIOS2-INTERRUPT\interrupt.qsys --block-symbol-file --output-directory=D:\2024\FPGA-TEST\NIOS2-INTERRUPT\interrupt --family="Cyclone IV E" --part=EP4CE115F29C7
Progress: Loading NIOS2-INTERRUPT/interrupt.qsys
Progress: Reading input file
Progress: Adding CPU [altera_nios2_gen2 17.1]
Progress: Parameterizing module CPU
Progress: Adding RAM [altera_avalon_onchip_memory2 17.1]
Progress: Parameterizing module RAM
Progress: Adding button [altera_avalon_pio 17.1]
Progress: Parameterizing module button
Progress: Adding clk_0 [clock_source 17.1]
Progress: Parameterizing module clk_0
Progress: Adding debug [altera_avalon_jtag_uart 17.1]
Progress: Parameterizing module debug
Progress: Adding led [altera_avalon_pio 17.1]
Progress: Parameterizing module led
Progress: Building connections
Progress: Parameterizing connections
Progress: Validating
Progress: Done reading input file
Info: interrupt.button: PIO inputs are not hardwired in test bench. Undefined values will be read from PIO inputs during simulation.
Info: interrupt.debug: JTAG UART IP input clock need to be at least double (2x) the operating frequency of JTAG TCK on board
Info: qsys-generate succeeded.
Info: Finished: Create block symbol file (.bsf)
Info: 
Info: Starting: Create HDL design files for synthesis
Info: qsys-generate D:\2024\FPGA-TEST\NIOS2-INTERRUPT\interrupt.qsys --synthesis=VERILOG --output-directory=D:\2024\FPGA-TEST\NIOS2-INTERRUPT\interrupt\synthesis --family="Cyclone IV E" --part=EP4CE115F29C7
Progress: Loading NIOS2-INTERRUPT/interrupt.qsys
Progress: Reading input file
Progress: Adding CPU [altera_nios2_gen2 17.1]
Progress: Parameterizing module CPU
Progress: Adding RAM [altera_avalon_onchip_memory2 17.1]
Progress: Parameterizing module RAM
Progress: Adding button [altera_avalon_pio 17.1]
Progress: Parameterizing module button
Progress: Adding clk_0 [clock_source 17.1]
Progress: Parameterizing module clk_0
Progress: Adding debug [altera_avalon_jtag_uart 17.1]
Progress: Parameterizing module debug
Progress: Adding led [altera_avalon_pio 17.1]
Progress: Parameterizing module led
Progress: Building connections
Progress: Parameterizing connections
Progress: Validating
Progress: Done reading input file
Info: interrupt.button: PIO inputs are not hardwired in test bench. Undefined values will be read from PIO inputs during simulation.
Info: interrupt.debug: JTAG UART IP input clock need to be at least double (2x) the operating frequency of JTAG TCK on board
Info: interrupt: Generating interrupt "interrupt" for QUARTUS_SYNTH
Info: CPU: "interrupt" instantiated altera_nios2_gen2 "CPU"
Info: RAM: Starting RTL generation for module 'interrupt_RAM'
Info: RAM:   Generation command is [exec D:/fpga/quartus/bin64/perl/bin/perl.exe -I D:/fpga/quartus/bin64/perl/lib -I D:/fpga/quartus/sopc_builder/bin/europa -I D:/fpga/quartus/sopc_builder/bin/perl_lib -I D:/fpga/quartus/sopc_builder/bin -I D:/fpga/quartus/../ip/altera/sopc_builder_ip/common -I D:/fpga/quartus/../ip/altera/sopc_builder_ip/altera_avalon_onchip_memory2 -- D:/fpga/quartus/../ip/altera/sopc_builder_ip/altera_avalon_onchip_memory2/generate_rtl.pl --name=interrupt_RAM --dir=C:/Users/DELL/AppData/Local/Temp/alt0033_5733745297195182341.dir/0002_RAM_gen/ --quartus_dir=D:/fpga/quartus --verilog --config=C:/Users/DELL/AppData/Local/Temp/alt0033_5733745297195182341.dir/0002_RAM_gen//interrupt_RAM_component_configuration.pl  --do_build_sim=0  ]
Info: RAM: Done RTL generation for module 'interrupt_RAM'
Info: RAM: "interrupt" instantiated altera_avalon_onchip_memory2 "RAM"
Info: button: Starting RTL generation for module 'interrupt_button'
Info: button:   Generation command is [exec D:/fpga/quartus/bin64/perl/bin/perl.exe -I D:/fpga/quartus/bin64/perl/lib -I D:/fpga/quartus/sopc_builder/bin/europa -I D:/fpga/quartus/sopc_builder/bin/perl_lib -I D:/fpga/quartus/sopc_builder/bin -I D:/fpga/quartus/../ip/altera/sopc_builder_ip/common -I D:/fpga/quartus/../ip/altera/sopc_builder_ip/altera_avalon_pio -- D:/fpga/quartus/../ip/altera/sopc_builder_ip/altera_avalon_pio/generate_rtl.pl --name=interrupt_button --dir=C:/Users/DELL/AppData/Local/Temp/alt0033_5733745297195182341.dir/0003_button_gen/ --quartus_dir=D:/fpga/quartus --verilog --config=C:/Users/DELL/AppData/Local/Temp/alt0033_5733745297195182341.dir/0003_button_gen//interrupt_button_component_configuration.pl  --do_build_sim=0  ]
Info: button: Done RTL generation for module 'interrupt_button'
Info: button: "interrupt" instantiated altera_avalon_pio "button"
Info: debug: Starting RTL generation for module 'interrupt_debug'
Info: debug:   Generation command is [exec D:/fpga/quartus/bin64/perl/bin/perl.exe -I D:/fpga/quartus/bin64/perl/lib -I D:/fpga/quartus/sopc_builder/bin/europa -I D:/fpga/quartus/sopc_builder/bin/perl_lib -I D:/fpga/quartus/sopc_builder/bin -I D:/fpga/quartus/../ip/altera/sopc_builder_ip/common -I D:/fpga/quartus/../ip/altera/sopc_builder_ip/altera_avalon_jtag_uart -- D:/fpga/quartus/../ip/altera/sopc_builder_ip/altera_avalon_jtag_uart/generate_rtl.pl --name=interrupt_debug --dir=C:/Users/DELL/AppData/Local/Temp/alt0033_5733745297195182341.dir/0004_debug_gen/ --quartus_dir=D:/fpga/quartus --verilog --config=C:/Users/DELL/AppData/Local/Temp/alt0033_5733745297195182341.dir/0004_debug_gen//interrupt_debug_component_configuration.pl  --do_build_sim=0  ]
Info: debug: Done RTL generation for module 'interrupt_debug'
Info: debug: "interrupt" instantiated altera_avalon_jtag_uart "debug"
Info: led: Starting RTL generation for module 'interrupt_led'
Info: led:   Generation command is [exec D:/fpga/quartus/bin64/perl/bin/perl.exe -I D:/fpga/quartus/bin64/perl/lib -I D:/fpga/quartus/sopc_builder/bin/europa -I D:/fpga/quartus/sopc_builder/bin/perl_lib -I D:/fpga/quartus/sopc_builder/bin -I D:/fpga/quartus/../ip/altera/sopc_builder_ip/common -I D:/fpga/quartus/../ip/altera/sopc_builder_ip/altera_avalon_pio -- D:/fpga/quartus/../ip/altera/sopc_builder_ip/altera_avalon_pio/generate_rtl.pl --name=interrupt_led --dir=C:/Users/DELL/AppData/Local/Temp/alt0033_5733745297195182341.dir/0005_led_gen/ --quartus_dir=D:/fpga/quartus --verilog --config=C:/Users/DELL/AppData/Local/Temp/alt0033_5733745297195182341.dir/0005_led_gen//interrupt_led_component_configuration.pl  --do_build_sim=0  ]
Info: led: Done RTL generation for module 'interrupt_led'
Info: led: "interrupt" instantiated altera_avalon_pio "led"
Info: avalon_st_adapter: Inserting error_adapter: error_adapter_0
Info: avalon_st_adapter_001: Inserting error_adapter: error_adapter_0
Info: avalon_st_adapter_002: Inserting error_adapter: error_adapter_0
Info: avalon_st_adapter_003: Inserting error_adapter: error_adapter_0
Info: avalon_st_adapter_004: Inserting error_adapter: error_adapter_0
Info: mm_interconnect_0: "interrupt" instantiated altera_mm_interconnect "mm_interconnect_0"
Info: irq_mapper: "interrupt" instantiated altera_irq_mapper "irq_mapper"
Info: rst_controller: "interrupt" instantiated altera_reset_controller "rst_controller"
Info: cpu: Starting RTL generation for module 'interrupt_CPU_cpu'
Info: cpu:   Generation command is [exec D:/FPGA/quartus/bin64//eperlcmd.exe -I D:/FPGA/quartus/bin64//perl/lib -I D:/fpga/quartus/sopc_builder/bin/europa -I D:/fpga/quartus/sopc_builder/bin/perl_lib -I D:/fpga/quartus/sopc_builder/bin -I D:/fpga/quartus/../ip/altera/nios2_ip/altera_nios2_gen2/cpu_lib -I D:/fpga/quartus/../ip/altera/nios2_ip/altera_nios2_gen2/nios_lib -I D:/fpga/quartus/../ip/altera/nios2_ip/altera_nios2_gen2 -I D:/fpga/quartus/../ip/altera/nios2_ip/altera_nios2_gen2 -- D:/fpga/quartus/../ip/altera/nios2_ip/altera_nios2_gen2/generate_rtl.epl --name=interrupt_CPU_cpu --dir=C:/Users/DELL/AppData/Local/Temp/alt0033_5733745297195182341.dir/0008_cpu_gen/ --quartus_bindir=D:/FPGA/quartus/bin64/ --verilog --config=C:/Users/DELL/AppData/Local/Temp/alt0033_5733745297195182341.dir/0008_cpu_gen//interrupt_CPU_cpu_processor_configuration.pl  --do_build_sim=0  ]
Info: cpu: # 2024.11.06 08:12:03 (*) Starting Nios II generation
Info: cpu: # 2024.11.06 08:12:03 (*)   Checking for plaintext license.
Info: cpu: # 2024.11.06 08:12:04 (*)   Plaintext license not found.
Info: cpu: # 2024.11.06 08:12:04 (*)   No license required to generate encrypted Nios II/e.
Info: cpu: # 2024.11.06 08:12:04 (*)   Elaborating CPU configuration settings
Info: cpu: # 2024.11.06 08:12:04 (*)   Creating all objects for CPU
Info: cpu: # 2024.11.06 08:12:05 (*)   Generating RTL from CPU objects
Info: cpu: # 2024.11.06 08:12:05 (*)   Creating plain-text RTL
Info: cpu: # 2024.11.06 08:12:05 (*) Done Nios II generation
Info: cpu: Done RTL generation for module 'interrupt_CPU_cpu'
Info: cpu: "CPU" instantiated altera_nios2_gen2_unit "cpu"
Info: CPU_data_master_translator: "mm_interconnect_0" instantiated altera_merlin_master_translator "CPU_data_master_translator"
Info: debug_avalon_jtag_slave_translator: "mm_interconnect_0" instantiated altera_merlin_slave_translator "debug_avalon_jtag_slave_translator"
Info: CPU_data_master_agent: "mm_interconnect_0" instantiated altera_merlin_master_agent "CPU_data_master_agent"
Info: debug_avalon_jtag_slave_agent: "mm_interconnect_0" instantiated altera_merlin_slave_agent "debug_avalon_jtag_slave_agent"
Info: debug_avalon_jtag_slave_agent_rsp_fifo: "mm_interconnect_0" instantiated altera_avalon_sc_fifo "debug_avalon_jtag_slave_agent_rsp_fifo"
Info: router: "mm_interconnect_0" instantiated altera_merlin_router "router"
Info: router_002: "mm_interconnect_0" instantiated altera_merlin_router "router_002"
Info: cmd_demux: "mm_interconnect_0" instantiated altera_merlin_demultiplexer "cmd_demux"
Info: cmd_mux: "mm_interconnect_0" instantiated altera_merlin_multiplexer "cmd_mux"
Info: rsp_demux: "mm_interconnect_0" instantiated altera_merlin_demultiplexer "rsp_demux"
Info: rsp_mux: "mm_interconnect_0" instantiated altera_merlin_multiplexer "rsp_mux"
Info: Reusing file D:/2024/FPGA-TEST/NIOS2-INTERRUPT/interrupt/synthesis/submodules/altera_merlin_arbitrator.sv
Info: avalon_st_adapter: "mm_interconnect_0" instantiated altera_avalon_st_adapter "avalon_st_adapter"
Info: error_adapter_0: "avalon_st_adapter" instantiated error_adapter "error_adapter_0"
Info: interrupt: Done "interrupt" with 23 modules, 36 files
Info: qsys-generate succeeded.
Info: Finished: Create HDL design files for synthesis
