Info: Starting: Create block symbol file (.bsf)
Info: qsys-generate D:\2024\FPGA\codeFPGA_NIOS2\Bai3\led_blink.qsys --block-symbol-file --output-directory=D:\2024\FPGA\codeFPGA_NIOS2\Bai3\led_blink --family="Cyclone IV E" --part=EP4CE115F29C7
Progress: Loading Bai3/led_blink.qsys
Progress: Reading input file
Progress: Adding button [altera_avalon_pio 17.1]
Progress: Parameterizing module button
Progress: Adding clk_0 [clock_source 17.1]
Progress: Parameterizing module clk_0
Progress: Adding jtag_uart_0 [altera_avalon_jtag_uart 17.1]
Progress: Parameterizing module jtag_uart_0
Progress: Adding lcd [altera_up_avalon_character_lcd 17.1]
Progress: Parameterizing module lcd
Progress: Adding nios2_gen2_0 [altera_nios2_gen2 17.1]
Progress: Parameterizing module nios2_gen2_0
Progress: Adding onchip_memory2_0 [altera_avalon_onchip_memory2 17.1]
Progress: Parameterizing module onchip_memory2_0
Progress: Adding pio_0 [altera_avalon_pio 17.1]
Progress: Parameterizing module pio_0
Progress: Building connections
Progress: Parameterizing connections
Progress: Validating
Progress: Done reading input file
Info: led_blink.button: PIO inputs are not hardwired in test bench. Undefined values will be read from PIO inputs during simulation.
Info: led_blink.jtag_uart_0: JTAG UART IP input clock need to be at least double (2x) the operating frequency of JTAG TCK on board
Info: qsys-generate succeeded.
Info: Finished: Create block symbol file (.bsf)
Info: 
Info: Starting: Create HDL design files for synthesis
Info: qsys-generate D:\2024\FPGA\codeFPGA_NIOS2\Bai3\led_blink.qsys --synthesis=VERILOG --output-directory=D:\2024\FPGA\codeFPGA_NIOS2\Bai3\led_blink\synthesis --family="Cyclone IV E" --part=EP4CE115F29C7
Progress: Loading Bai3/led_blink.qsys
Progress: Reading input file
Progress: Adding button [altera_avalon_pio 17.1]
Progress: Parameterizing module button
Progress: Adding clk_0 [clock_source 17.1]
Progress: Parameterizing module clk_0
Progress: Adding jtag_uart_0 [altera_avalon_jtag_uart 17.1]
Progress: Parameterizing module jtag_uart_0
Progress: Adding lcd [altera_up_avalon_character_lcd 17.1]
Progress: Parameterizing module lcd
Progress: Adding nios2_gen2_0 [altera_nios2_gen2 17.1]
Progress: Parameterizing module nios2_gen2_0
Progress: Adding onchip_memory2_0 [altera_avalon_onchip_memory2 17.1]
Progress: Parameterizing module onchip_memory2_0
Progress: Adding pio_0 [altera_avalon_pio 17.1]
Progress: Parameterizing module pio_0
Progress: Building connections
Progress: Parameterizing connections
Progress: Validating
Progress: Done reading input file
Info: led_blink.button: PIO inputs are not hardwired in test bench. Undefined values will be read from PIO inputs during simulation.
Info: led_blink.jtag_uart_0: JTAG UART IP input clock need to be at least double (2x) the operating frequency of JTAG TCK on board
Info: led_blink: Generating led_blink "led_blink" for QUARTUS_SYNTH
Info: button: Starting RTL generation for module 'led_blink_button'
Info: button:   Generation command is [exec D:/fpga/quartus/bin64/perl/bin/perl.exe -I D:/fpga/quartus/bin64/perl/lib -I D:/fpga/quartus/sopc_builder/bin/europa -I D:/fpga/quartus/sopc_builder/bin/perl_lib -I D:/fpga/quartus/sopc_builder/bin -I D:/fpga/quartus/../ip/altera/sopc_builder_ip/common -I D:/fpga/quartus/../ip/altera/sopc_builder_ip/altera_avalon_pio -- D:/fpga/quartus/../ip/altera/sopc_builder_ip/altera_avalon_pio/generate_rtl.pl --name=led_blink_button --dir=C:/Users/DELL/AppData/Local/Temp/alt0006_4842256582458161683.dir/0002_button_gen/ --quartus_dir=D:/fpga/quartus --verilog --config=C:/Users/DELL/AppData/Local/Temp/alt0006_4842256582458161683.dir/0002_button_gen//led_blink_button_component_configuration.pl  --do_build_sim=0  ]
Info: button: Done RTL generation for module 'led_blink_button'
Info: button: "led_blink" instantiated altera_avalon_pio "button"
Info: jtag_uart_0: Starting RTL generation for module 'led_blink_jtag_uart_0'
Info: jtag_uart_0:   Generation command is [exec D:/fpga/quartus/bin64/perl/bin/perl.exe -I D:/fpga/quartus/bin64/perl/lib -I D:/fpga/quartus/sopc_builder/bin/europa -I D:/fpga/quartus/sopc_builder/bin/perl_lib -I D:/fpga/quartus/sopc_builder/bin -I D:/fpga/quartus/../ip/altera/sopc_builder_ip/common -I D:/fpga/quartus/../ip/altera/sopc_builder_ip/altera_avalon_jtag_uart -- D:/fpga/quartus/../ip/altera/sopc_builder_ip/altera_avalon_jtag_uart/generate_rtl.pl --name=led_blink_jtag_uart_0 --dir=C:/Users/DELL/AppData/Local/Temp/alt0006_4842256582458161683.dir/0003_jtag_uart_0_gen/ --quartus_dir=D:/fpga/quartus --verilog --config=C:/Users/DELL/AppData/Local/Temp/alt0006_4842256582458161683.dir/0003_jtag_uart_0_gen//led_blink_jtag_uart_0_component_configuration.pl  --do_build_sim=0  ]
Info: jtag_uart_0: Done RTL generation for module 'led_blink_jtag_uart_0'
Info: jtag_uart_0: "led_blink" instantiated altera_avalon_jtag_uart "jtag_uart_0"
Info: lcd: Starting Generation of Character LCD
Info: lcd: "led_blink" instantiated altera_up_avalon_character_lcd "lcd"
Info: nios2_gen2_0: "led_blink" instantiated altera_nios2_gen2 "nios2_gen2_0"
Info: onchip_memory2_0: Starting RTL generation for module 'led_blink_onchip_memory2_0'
Info: onchip_memory2_0:   Generation command is [exec D:/fpga/quartus/bin64/perl/bin/perl.exe -I D:/fpga/quartus/bin64/perl/lib -I D:/fpga/quartus/sopc_builder/bin/europa -I D:/fpga/quartus/sopc_builder/bin/perl_lib -I D:/fpga/quartus/sopc_builder/bin -I D:/fpga/quartus/../ip/altera/sopc_builder_ip/common -I D:/fpga/quartus/../ip/altera/sopc_builder_ip/altera_avalon_onchip_memory2 -- D:/fpga/quartus/../ip/altera/sopc_builder_ip/altera_avalon_onchip_memory2/generate_rtl.pl --name=led_blink_onchip_memory2_0 --dir=C:/Users/DELL/AppData/Local/Temp/alt0006_4842256582458161683.dir/0005_onchip_memory2_0_gen/ --quartus_dir=D:/fpga/quartus --verilog --config=C:/Users/DELL/AppData/Local/Temp/alt0006_4842256582458161683.dir/0005_onchip_memory2_0_gen//led_blink_onchip_memory2_0_component_configuration.pl  --do_build_sim=0  ]
Info: onchip_memory2_0: Done RTL generation for module 'led_blink_onchip_memory2_0'
Info: onchip_memory2_0: "led_blink" instantiated altera_avalon_onchip_memory2 "onchip_memory2_0"
Info: pio_0: Starting RTL generation for module 'led_blink_pio_0'
Info: pio_0:   Generation command is [exec D:/fpga/quartus/bin64/perl/bin/perl.exe -I D:/fpga/quartus/bin64/perl/lib -I D:/fpga/quartus/sopc_builder/bin/europa -I D:/fpga/quartus/sopc_builder/bin/perl_lib -I D:/fpga/quartus/sopc_builder/bin -I D:/fpga/quartus/../ip/altera/sopc_builder_ip/common -I D:/fpga/quartus/../ip/altera/sopc_builder_ip/altera_avalon_pio -- D:/fpga/quartus/../ip/altera/sopc_builder_ip/altera_avalon_pio/generate_rtl.pl --name=led_blink_pio_0 --dir=C:/Users/DELL/AppData/Local/Temp/alt0006_4842256582458161683.dir/0006_pio_0_gen/ --quartus_dir=D:/fpga/quartus --verilog --config=C:/Users/DELL/AppData/Local/Temp/alt0006_4842256582458161683.dir/0006_pio_0_gen//led_blink_pio_0_component_configuration.pl  --do_build_sim=0  ]
Info: pio_0: Done RTL generation for module 'led_blink_pio_0'
Info: pio_0: "led_blink" instantiated altera_avalon_pio "pio_0"
Info: avalon_st_adapter: Inserting error_adapter: error_adapter_0
Info: avalon_st_adapter_001: Inserting error_adapter: error_adapter_0
Info: avalon_st_adapter_002: Inserting error_adapter: error_adapter_0
Info: avalon_st_adapter_003: Inserting error_adapter: error_adapter_0
Info: avalon_st_adapter_004: Inserting error_adapter: error_adapter_0
Info: avalon_st_adapter_005: Inserting error_adapter: error_adapter_0
Info: mm_interconnect_0: "led_blink" instantiated altera_mm_interconnect "mm_interconnect_0"
Info: irq_mapper: "led_blink" instantiated altera_irq_mapper "irq_mapper"
Info: rst_controller: "led_blink" instantiated altera_reset_controller "rst_controller"
Info: cpu: Starting RTL generation for module 'led_blink_nios2_gen2_0_cpu'
Info: cpu:   Generation command is [exec D:/FPGA/quartus/bin64//eperlcmd.exe -I D:/FPGA/quartus/bin64//perl/lib -I D:/fpga/quartus/sopc_builder/bin/europa -I D:/fpga/quartus/sopc_builder/bin/perl_lib -I D:/fpga/quartus/sopc_builder/bin -I D:/fpga/quartus/../ip/altera/nios2_ip/altera_nios2_gen2/cpu_lib -I D:/fpga/quartus/../ip/altera/nios2_ip/altera_nios2_gen2/nios_lib -I D:/fpga/quartus/../ip/altera/nios2_ip/altera_nios2_gen2 -I D:/fpga/quartus/../ip/altera/nios2_ip/altera_nios2_gen2 -- D:/fpga/quartus/../ip/altera/nios2_ip/altera_nios2_gen2/generate_rtl.epl --name=led_blink_nios2_gen2_0_cpu --dir=C:/Users/DELL/AppData/Local/Temp/alt0006_4842256582458161683.dir/0009_cpu_gen/ --quartus_bindir=D:/FPGA/quartus/bin64/ --verilog --config=C:/Users/DELL/AppData/Local/Temp/alt0006_4842256582458161683.dir/0009_cpu_gen//led_blink_nios2_gen2_0_cpu_processor_configuration.pl  --do_build_sim=0  ]
Info: cpu: # 2024.10.10 16:21:21 (*) Starting Nios II generation
Info: cpu: # 2024.10.10 16:21:21 (*)   Checking for plaintext license.
Info: cpu: # 2024.10.10 16:21:22 (*)   Plaintext license not found.
Info: cpu: # 2024.10.10 16:21:22 (*)   No license required to generate encrypted Nios II/e.
Info: cpu: # 2024.10.10 16:21:22 (*)   Elaborating CPU configuration settings
Info: cpu: # 2024.10.10 16:21:22 (*)   Creating all objects for CPU
Info: cpu: # 2024.10.10 16:21:23 (*)   Generating RTL from CPU objects
Info: cpu: # 2024.10.10 16:21:23 (*)   Creating plain-text RTL
Info: cpu: # 2024.10.10 16:21:23 (*) Done Nios II generation
Info: cpu: Done RTL generation for module 'led_blink_nios2_gen2_0_cpu'
Info: cpu: "nios2_gen2_0" instantiated altera_nios2_gen2_unit "cpu"
Info: nios2_gen2_0_data_master_translator: "mm_interconnect_0" instantiated altera_merlin_master_translator "nios2_gen2_0_data_master_translator"
Info: jtag_uart_0_avalon_jtag_slave_translator: "mm_interconnect_0" instantiated altera_merlin_slave_translator "jtag_uart_0_avalon_jtag_slave_translator"
Info: nios2_gen2_0_data_master_agent: "mm_interconnect_0" instantiated altera_merlin_master_agent "nios2_gen2_0_data_master_agent"
Info: jtag_uart_0_avalon_jtag_slave_agent: "mm_interconnect_0" instantiated altera_merlin_slave_agent "jtag_uart_0_avalon_jtag_slave_agent"
Info: jtag_uart_0_avalon_jtag_slave_agent_rsp_fifo: "mm_interconnect_0" instantiated altera_avalon_sc_fifo "jtag_uart_0_avalon_jtag_slave_agent_rsp_fifo"
Info: router: "mm_interconnect_0" instantiated altera_merlin_router "router"
Info: router_001: "mm_interconnect_0" instantiated altera_merlin_router "router_001"
Info: router_002: "mm_interconnect_0" instantiated altera_merlin_router "router_002"
Info: router_003: "mm_interconnect_0" instantiated altera_merlin_router "router_003"
Info: router_005: "mm_interconnect_0" instantiated altera_merlin_router "router_005"
Info: lcd_avalon_lcd_slave_burst_adapter: "mm_interconnect_0" instantiated altera_merlin_burst_adapter "lcd_avalon_lcd_slave_burst_adapter"
Info: cmd_demux: "mm_interconnect_0" instantiated altera_merlin_demultiplexer "cmd_demux"
Info: cmd_demux_001: "mm_interconnect_0" instantiated altera_merlin_demultiplexer "cmd_demux_001"
Info: cmd_mux: "mm_interconnect_0" instantiated altera_merlin_multiplexer "cmd_mux"
Info: cmd_mux_001: "mm_interconnect_0" instantiated altera_merlin_multiplexer "cmd_mux_001"
Info: Reusing file D:/2024/FPGA/codeFPGA_NIOS2/Bai3/led_blink/synthesis/submodules/altera_merlin_arbitrator.sv
Info: rsp_demux: "mm_interconnect_0" instantiated altera_merlin_demultiplexer "rsp_demux"
Info: rsp_demux_001: "mm_interconnect_0" instantiated altera_merlin_demultiplexer "rsp_demux_001"
Info: rsp_mux: "mm_interconnect_0" instantiated altera_merlin_multiplexer "rsp_mux"
Info: Reusing file D:/2024/FPGA/codeFPGA_NIOS2/Bai3/led_blink/synthesis/submodules/altera_merlin_arbitrator.sv
Info: rsp_mux_001: "mm_interconnect_0" instantiated altera_merlin_multiplexer "rsp_mux_001"
Info: Reusing file D:/2024/FPGA/codeFPGA_NIOS2/Bai3/led_blink/synthesis/submodules/altera_merlin_arbitrator.sv
Info: lcd_avalon_lcd_slave_rsp_width_adapter: "mm_interconnect_0" instantiated altera_merlin_width_adapter "lcd_avalon_lcd_slave_rsp_width_adapter"
Info: Reusing file D:/2024/FPGA/codeFPGA_NIOS2/Bai3/led_blink/synthesis/submodules/altera_merlin_address_alignment.sv
Info: Reusing file D:/2024/FPGA/codeFPGA_NIOS2/Bai3/led_blink/synthesis/submodules/altera_merlin_burst_uncompressor.sv
Info: avalon_st_adapter: "mm_interconnect_0" instantiated altera_avalon_st_adapter "avalon_st_adapter"
Info: avalon_st_adapter_001: "mm_interconnect_0" instantiated altera_avalon_st_adapter "avalon_st_adapter_001"
Info: error_adapter_0: "avalon_st_adapter" instantiated error_adapter "error_adapter_0"
Info: error_adapter_0: "avalon_st_adapter_001" instantiated error_adapter "error_adapter_0"
Info: led_blink: Done "led_blink" with 35 modules, 59 files
Info: qsys-generate succeeded.
Info: Finished: Create HDL design files for synthesis
